Discrepancy Report Results

Summary
FATAL: MISSING_PROTEIN_ID:72 proteins have invalid IDs.
DISC_SOURCE_QUALS_ASNDISC:strain (all present, all same)
DISC_SOURCE_QUALS_ASNDISC:taxname (all present, all same)
DISC_FEATURE_COUNT:CDS: 72 present
DISC_FEATURE_COUNT:tRNA: 9 present
DISC_FEATURE_COUNT:rRNA: 12 present
DISC_COUNT_NUCLEOTIDES:73 nucleotide Bioseqs are present
FEATURE_LOCATION_CONFLICT:93 features have inconsistent gene locations.
SHORT_CONTIG:4 contigs are shorter than 200 nt.
NO_ANNOTATION:23 bioseqs have no features
DISC_QUALITY_SCORES:Quality scores are missing on all sequences.
FATAL: DISC_SUSPECT_RRNA_PRODUCTS:4 rRNA product names contain suspect phrase
FATAL: DISC_SHORT_RRNA:4 rRNA features are too short
ONCALLER_COMMENT_PRESENT:73 comment descriptors were found (all same)
SHORT_PROT_SEQUENCES:4 protein sequences are shorter than 50 aa.
MISSING_GENOMEASSEMBLY_COMMENTS:73 bioseqs are missing GenomeAssembly structured comments
SHORT_SEQUENCES_200:4 sequences are shorter than 200 bp.
MOLTYPE_NOT_MRNA:73 molecule types are not set as mRNA.
TECHNIQUE_NOT_TSA:73 technique are not set as TSA
MISSING_STRUCTURED_COMMENT:73 sequences do not include structured comments.
MISSING_PROJECT:145 sequences do not include project.
FATAL: RRNA_NAME_CONFLICTS:4 rRNA product names are not standard. Correct the names to the standard format, eg "16S ribosomal RNA"
DISC_INCONSISTENT_MOLINFO_TECH:Molinfo Technique Report (some missing, all same)


Detailed Report

FATAL: DiscRep_ALL:MISSING_PROTEIN_ID::72 proteins have invalid IDs.
Pae21_results/genesprediction/Pae21.predictedgenes:Pae21_21080:21868_1 (length 83)
Pae21_results/genesprediction/Pae21.predictedgenes:Pae21_57719:62530_1 (length 123)
Pae21_results/genesprediction/Pae21.predictedgenes:Pae21_57719:62530_2 (length 1058)
Pae21_results/genesprediction/Pae21.predictedgenes:Pae21_237993:240960_1 (length 632)
Pae21_results/genesprediction/Pae21.predictedgenes:Pae21_237993:240960_2 (length 79)
Pae21_results/genesprediction/Pae21.predictedgenes:Pae21_237993:240960_3 (length 108)
Pae21_results/genesprediction/Pae21.predictedgenes:Pae21_262617:264073_1 (length 456)
Pae21_results/genesprediction/Pae21.predictedgenes:Pae21_297900:299356_1 (length 456)
Pae21_results/genesprediction/Pae21.predictedgenes:Pae21_387777:389233_1 (length 456)
Pae21_results/genesprediction/Pae21.predictedgenes:Pae21_526751:528216_1 (length 456)
Pae21_results/genesprediction/Pae21.predictedgenes:Pae21_733386:738569_1 (length 214)
Pae21_results/genesprediction/Pae21.predictedgenes:Pae21_733386:738569_2 (length 278)
Pae21_results/genesprediction/Pae21.predictedgenes:Pae21_733386:738569_3 (length 627)
Pae21_results/genesprediction/Pae21.predictedgenes:Pae21_733386:738569_4 (length 207)
Pae21_results/genesprediction/Pae21.predictedgenes:Pae21_733386:738569_5 (length 378)
Pae21_results/genesprediction/Pae21.predictedgenes:Pae21_816147:820525_1 (length 316)
Pae21_results/genesprediction/Pae21.predictedgenes:Pae21_816147:820525_2 (length 719)
Pae21_results/genesprediction/Pae21.predictedgenes:Pae21_816147:820525_3 (length 239)
Pae21_results/genesprediction/Pae21.predictedgenes:Pae21_1054975:1056444_1 (length 456)
Pae21_results/genesprediction/Pae21.predictedgenes:Pae21_1235029:1236497_1 (length 456)
Pae21_results/genesprediction/Pae21.predictedgenes:Pae21_1239350:1240817_1 (length 456)
Pae21_results/genesprediction/Pae21.predictedgenes:Pae21_1454072:1455535_1 (length 456)
Pae21_results/genesprediction/Pae21.predictedgenes:Pae21_1600793:1602018_1 (length 70)
Pae21_results/genesprediction/Pae21.predictedgenes:Pae21_1600793:1602018_2 (length 288)
Pae21_results/genesprediction/Pae21.predictedgenes:Pae21_1998089:1999550_1 (length 456)
Pae21_results/genesprediction/Pae21.predictedgenes:Pae21_2120965:2122423_1 (length 456)
Pae21_results/genesprediction/Pae21.predictedgenes:Pae21_2422426:2423893_1 (length 456)
Pae21_results/genesprediction/Pae21.predictedgenes:Pae21_2448223:2449685_1 (length 456)
Pae21_results/genesprediction/Pae21.predictedgenes:Pae21_2681816:2683284_1 (length 456)
Pae21_results/genesprediction/Pae21.predictedgenes:Pae21_2706163:2707626_1 (length 456)
Pae21_results/genesprediction/Pae21.predictedgenes:Pae21_2882684:2887215_1 (length 316)
Pae21_results/genesprediction/Pae21.predictedgenes:Pae21_2882684:2887215_2 (length 719)
Pae21_results/genesprediction/Pae21.predictedgenes:Pae21_2882684:2887215_3 (length 351)
Pae21_results/genesprediction/Pae21.predictedgenes:Pae21_2915764:2918739_1 (length 399)
Pae21_results/genesprediction/Pae21.predictedgenes:Pae21_2915764:2918739_2 (length 357)
Pae21_results/genesprediction/Pae21.predictedgenes:Pae21_2974721:2976190_1 (length 456)
Pae21_results/genesprediction/Pae21.predictedgenes:Pae21_3267991:3269452_1 (length 456)
Pae21_results/genesprediction/Pae21.predictedgenes:Pae21_3416279:3417745_1 (length 456)
Pae21_results/genesprediction/Pae21.predictedgenes:Pae21_3555567:3556803_1 (length 288)
Pae21_results/genesprediction/Pae21.predictedgenes:Pae21_3555567:3556803_2 (length 70)
Pae21_results/genesprediction/Pae21.predictedgenes:Pae21_3624268:3625788_1 (length 184)
Pae21_results/genesprediction/Pae21.predictedgenes:Pae21_3624268:3625788_2 (length 255)
Pae21_results/genesprediction/Pae21.predictedgenes:Pae21_3674035:3678491_1 (length 214)
Pae21_results/genesprediction/Pae21.predictedgenes:Pae21_3674035:3678491_2 (length 278)
Pae21_results/genesprediction/Pae21.predictedgenes:Pae21_3674035:3678491_3 (length 627)
Pae21_results/genesprediction/Pae21.predictedgenes:Pae21_3674035:3678491_4 (length 207)
Pae21_results/genesprediction/Pae21.predictedgenes:Pae21_3674035:3678491_5 (length 134)
Pae21_results/genesprediction/Pae21.predictedgenes:Pae21_3746319:3747774_1 (length 456)
Pae21_results/genesprediction/Pae21.predictedgenes:Pae21_4157610:4159071_1 (length 456)
Pae21_results/genesprediction/Pae21.predictedgenes:Pae21_4163066:4164685_1 (length 42)
Pae21_results/genesprediction/Pae21.predictedgenes:Pae21_4163066:4164685_2 (length 223)
Pae21_results/genesprediction/Pae21.predictedgenes:Pae21_4163066:4164685_3 (length 159)
Pae21_results/genesprediction/Pae21.predictedgenes:Pae21_4718106:4719061_1 (length 41)
Pae21_results/genesprediction/Pae21.predictedgenes:Pae21_4725061:4726161_1 (length 83)
Pae21_results/genesprediction/Pae21.predictedgenes:Pae21_4725061:4726161_2 (length 208)
Pae21_results/genesprediction/Pae21.predictedgenes:Pae21_4828001:4829237_1 (length 288)
Pae21_results/genesprediction/Pae21.predictedgenes:Pae21_4828001:4829237_2 (length 70)
Pae21_results/genesprediction/Pae21.predictedgenes:Pae21_4852182:4853639_1 (length 456)
Pae21_results/genesprediction/Pae21.predictedgenes:Pae21_4884016:4885070_1 (length 67)
Pae21_results/genesprediction/Pae21.predictedgenes:Pae21_5076338:5083544_1 (length 456)
Pae21_results/genesprediction/Pae21.predictedgenes:Pae21_5076338:5083544_2 (length 85)
Pae21_results/genesprediction/Pae21.predictedgenes:Pae21_5076338:5083544_3 (length 30)
Pae21_results/genesprediction/Pae21.predictedgenes:Pae21_5125842:5126380_1 (length 158)
Pae21_results/genesprediction/Pae21.predictedgenes:Pae21_5127698:5128470_1 (length 205)
Pae21_results/genesprediction/Pae21.predictedgenes:Pae21_5282877:5284197_1 (length 153)
Pae21_results/genesprediction/Pae21.predictedgenes:Pae21_5438792:5439756_1 (length 41)
Pae21_results/genesprediction/Pae21.predictedgenes:Pae21_5455698:5457160_1 (length 456)
Pae21_results/genesprediction/Pae21.predictedgenes:Pae21_5466566:5468036_1 (length 456)
Pae21_results/genesprediction/Pae21.predictedgenes:Pae21_5645471:5647163_1 (length 330)
Pae21_results/genesprediction/Pae21.predictedgenes:Pae21_5757402:5758628_1 (length 288)
Pae21_results/genesprediction/Pae21.predictedgenes:Pae21_5757402:5758628_2 (length 70)
Pae21_results/genesprediction/Pae21.predictedgenes:Pae21_5864947:5866280_1 (length 153)

DiscRep_ALL:DISC_SOURCE_QUALS_ASNDISC::strain (all present, all same)
DiscRep_SUB:DISC_SOURCE_QUALS_ASNDISC::73 sources have 'strain' for strain
DiscRep_ALL:DISC_SOURCE_QUALS_ASNDISC::taxname (all present, all same)
DiscRep_SUB:DISC_SOURCE_QUALS_ASNDISC::73 sources have 'Genus species' for taxname
DiscRep_ALL:DISC_FEATURE_COUNT::CDS: 72 present
DiscRep_ALL:DISC_FEATURE_COUNT::tRNA: 9 present
DiscRep_ALL:DISC_FEATURE_COUNT::rRNA: 12 present
DiscRep_ALL:DISC_COUNT_NUCLEOTIDES::73 nucleotide Bioseqs are present
Pae21_results/genesprediction/Pae21.predictedgenes:Pae21_19331:19467 (length 136)
Pae21_results/genesprediction/Pae21.predictedgenes:Pae21_21080:21868 (length 788)
Pae21_results/genesprediction/Pae21.predictedgenes:Pae21_57719:62530 (length 4811)
Pae21_results/genesprediction/Pae21.predictedgenes:Pae21_237993:240960 (length 2967)
Pae21_results/genesprediction/Pae21.predictedgenes:Pae21_262617:264073 (length 1456)
Pae21_results/genesprediction/Pae21.predictedgenes:Pae21_297900:299356 (length 1456)
Pae21_results/genesprediction/Pae21.predictedgenes:Pae21_387777:389233 (length 1456)
Pae21_results/genesprediction/Pae21.predictedgenes:Pae21_526751:528216 (length 1465)
Pae21_results/genesprediction/Pae21.predictedgenes:Pae21_659546:664936 (length 5390)
Pae21_results/genesprediction/Pae21.predictedgenes:Pae21_668133:669141 (length 1008)
Pae21_results/genesprediction/Pae21.predictedgenes:Pae21_684757:685158 (length 401)
Pae21_results/genesprediction/Pae21.predictedgenes:Pae21_733386:738569 (length 5183)
Pae21_results/genesprediction/Pae21.predictedgenes:Pae21_739365:739503 (length 138)
Pae21_results/genesprediction/Pae21.predictedgenes:Pae21_780572:780681 (length 109)
Pae21_results/genesprediction/Pae21.predictedgenes:Pae21_816147:820525 (length 4378)
Pae21_results/genesprediction/Pae21.predictedgenes:Pae21_1054975:1056444 (length 1469)
Pae21_results/genesprediction/Pae21.predictedgenes:Pae21_1120258:1120981 (length 723)
Pae21_results/genesprediction/Pae21.predictedgenes:Pae21_1235029:1236497 (length 1468)
Pae21_results/genesprediction/Pae21.predictedgenes:Pae21_1239350:1240817 (length 1467)
Pae21_results/genesprediction/Pae21.predictedgenes:Pae21_1454072:1455535 (length 1463)
Pae21_results/genesprediction/Pae21.predictedgenes:Pae21_1600793:1602018 (length 1225)
Pae21_results/genesprediction/Pae21.predictedgenes:Pae21_1699686:1700294 (length 608)
Pae21_results/genesprediction/Pae21.predictedgenes:Pae21_1998089:1999550 (length 1461)
Pae21_results/genesprediction/Pae21.predictedgenes:Pae21_2120965:2122423 (length 1458)
Pae21_results/genesprediction/Pae21.predictedgenes:Pae21_2422426:2423893 (length 1467)
Pae21_results/genesprediction/Pae21.predictedgenes:Pae21_2448223:2449685 (length 1462)
Pae21_results/genesprediction/Pae21.predictedgenes:Pae21_2681816:2683284 (length 1468)
Pae21_results/genesprediction/Pae21.predictedgenes:Pae21_2689471:2689872 (length 401)
Pae21_results/genesprediction/Pae21.predictedgenes:Pae21_2706163:2707626 (length 1463)
Pae21_results/genesprediction/Pae21.predictedgenes:Pae21_2882684:2887215 (length 4531)
Pae21_results/genesprediction/Pae21.predictedgenes:Pae21_2915764:2918739 (length 2975)
Pae21_results/genesprediction/Pae21.predictedgenes:Pae21_2920496:2921225 (length 729)
Pae21_results/genesprediction/Pae21.predictedgenes:Pae21_2927151:2928878 (length 1727)
Pae21_results/genesprediction/Pae21.predictedgenes:Pae21_2945966:2946488 (length 522)
Pae21_results/genesprediction/Pae21.predictedgenes:Pae21_2947044:2947717 (length 673)
Pae21_results/genesprediction/Pae21.predictedgenes:Pae21_2962732:2963128 (length 396)
Pae21_results/genesprediction/Pae21.predictedgenes:Pae21_2974721:2976190 (length 1469)
Pae21_results/genesprediction/Pae21.predictedgenes:Pae21_3033146:3034156 (length 1010)
Pae21_results/genesprediction/Pae21.predictedgenes:Pae21_3039165:3040360 (length 1195)
Pae21_results/genesprediction/Pae21.predictedgenes:Pae21_3147955:3148180 (length 225)
Pae21_results/genesprediction/Pae21.predictedgenes:Pae21_3182500:3183525 (length 1025)
Pae21_results/genesprediction/Pae21.predictedgenes:Pae21_3267991:3269452 (length 1461)
Pae21_results/genesprediction/Pae21.predictedgenes:Pae21_3416279:3417745 (length 1466)
Pae21_results/genesprediction/Pae21.predictedgenes:Pae21_3555567:3556803 (length 1236)
Pae21_results/genesprediction/Pae21.predictedgenes:Pae21_3624268:3625788 (length 1520)
Pae21_results/genesprediction/Pae21.predictedgenes:Pae21_3674035:3678491 (length 4456)
Pae21_results/genesprediction/Pae21.predictedgenes:Pae21_3746319:3747774 (length 1455)
Pae21_results/genesprediction/Pae21.predictedgenes:Pae21_4157610:4159071 (length 1461)
Pae21_results/genesprediction/Pae21.predictedgenes:Pae21_4163066:4164685 (length 1619)
Pae21_results/genesprediction/Pae21.predictedgenes:Pae21_4251192:4251907 (length 715)
Pae21_results/genesprediction/Pae21.predictedgenes:Pae21_4718106:4719061 (length 955)
Pae21_results/genesprediction/Pae21.predictedgenes:Pae21_4725061:4726161 (length 1100)
Pae21_results/genesprediction/Pae21.predictedgenes:Pae21_4795676:4795865 (length 189)
Pae21_results/genesprediction/Pae21.predictedgenes:Pae21_4828001:4829237 (length 1236)
Pae21_results/genesprediction/Pae21.predictedgenes:Pae21_4852182:4853639 (length 1457)
Pae21_results/genesprediction/Pae21.predictedgenes:Pae21_4884016:4885070 (length 1054)
Pae21_results/genesprediction/Pae21.predictedgenes:Pae21_5076338:5083544 (length 7206)
Pae21_results/genesprediction/Pae21.predictedgenes:Pae21_5125842:5126380 (length 538)
Pae21_results/genesprediction/Pae21.predictedgenes:Pae21_5127698:5128470 (length 772)
Pae21_results/genesprediction/Pae21.predictedgenes:Pae21_5282877:5284197 (length 1320)
Pae21_results/genesprediction/Pae21.predictedgenes:Pae21_5393129:5393452 (length 323)
Pae21_results/genesprediction/Pae21.predictedgenes:Pae21_5438792:5439756 (length 964)
Pae21_results/genesprediction/Pae21.predictedgenes:Pae21_5455698:5457160 (length 1462)
Pae21_results/genesprediction/Pae21.predictedgenes:Pae21_5457648:5458372 (length 724)
Pae21_results/genesprediction/Pae21.predictedgenes:Pae21_5466566:5468036 (length 1470)
Pae21_results/genesprediction/Pae21.predictedgenes:Pae21_5572580:5572822 (length 242)
Pae21_results/genesprediction/Pae21.predictedgenes:Pae21_5572912:5574627 (length 1715)
Pae21_results/genesprediction/Pae21.predictedgenes:Pae21_5645471:5647163 (length 1692)
Pae21_results/genesprediction/Pae21.predictedgenes:Pae21_5649124:5654751 (length 5627)
Pae21_results/genesprediction/Pae21.predictedgenes:Pae21_5757402:5758628 (length 1226)
Pae21_results/genesprediction/Pae21.predictedgenes:Pae21_5864947:5866280 (length 1333)
Pae21_results/genesprediction/Pae21.predictedgenes:Pae21_6428102:6433473 (length 5371)
Pae21_results/genesprediction/Pae21.predictedgenes:Pae21_6482669:6483125 (length 456)

DiscRep_ALL:FEATURE_LOCATION_CONFLICT::93 features have inconsistent gene locations.
DiscRep_SUB:FEATURE_LOCATION_CONFLICT::Coding region xref gene does not exist
Pae21_results/genesprediction/Pae21.predictedgenes:CDS	IS3 family transposase IS222	Pae21_21080:21868:c743-492	OMDBFACO_00001

DiscRep_SUB:FEATURE_LOCATION_CONFLICT::Coding region xref gene does not exist
Pae21_results/genesprediction/Pae21.predictedgenes:CDS	hypothetical protein	Pae21_57719:62530:34-405	OMDBFACO_00002

DiscRep_SUB:FEATURE_LOCATION_CONFLICT::Coding region xref gene does not exist
Pae21_results/genesprediction/Pae21.predictedgenes:CDS	hypothetical protein	Pae21_57719:62530:c4632-1456	OMDBFACO_00003

DiscRep_SUB:FEATURE_LOCATION_CONFLICT::Coding region xref gene does not exist
Pae21_results/genesprediction/Pae21.predictedgenes:CDS	hypothetical protein	Pae21_237993:240960:11-1909	OMDBFACO_00004

DiscRep_SUB:FEATURE_LOCATION_CONFLICT::Coding region xref gene does not exist
Pae21_results/genesprediction/Pae21.predictedgenes:CDS	Major exported protein	Pae21_237993:240960:c2594-2355	OMDBFACO_00005

DiscRep_SUB:FEATURE_LOCATION_CONFLICT::Coding region xref gene does not exist
Pae21_results/genesprediction/Pae21.predictedgenes:CDS	hypothetical protein	Pae21_237993:240960:c2944-2618	OMDBFACO_00006

DiscRep_SUB:FEATURE_LOCATION_CONFLICT::Coding region xref gene does not exist
Pae21_results/genesprediction/Pae21.predictedgenes:CDS	IS1182 family transposase ISCfr1	Pae21_262617:264073:c1454-84	OMDBFACO_00007

DiscRep_SUB:FEATURE_LOCATION_CONFLICT::Coding region xref gene does not exist
Pae21_results/genesprediction/Pae21.predictedgenes:CDS	IS1182 family transposase ISCfr1	Pae21_297900:299356:2-1372	OMDBFACO_00008

DiscRep_SUB:FEATURE_LOCATION_CONFLICT::Coding region xref gene does not exist
Pae21_results/genesprediction/Pae21.predictedgenes:CDS	IS1182 family transposase ISCfr1	Pae21_387777:389233:c1454-84	OMDBFACO_00009

DiscRep_SUB:FEATURE_LOCATION_CONFLICT::Coding region xref gene does not exist
Pae21_results/genesprediction/Pae21.predictedgenes:CDS	IS1182 family transposase ISCfr1	Pae21_526751:528216:5-1375	OMDBFACO_00010

DiscRep_SUB:FEATURE_LOCATION_CONFLICT::RNA feature xref gene does not exist
Pae21_results/genesprediction/Pae21.predictedgenes:rRNA	16S ribosomal RNA	Pae21_659546:664936:263-1793	OMDBFACO_00011

DiscRep_SUB:FEATURE_LOCATION_CONFLICT::RNA feature xref gene does not exist
Pae21_results/genesprediction/Pae21.predictedgenes:tRNA	Ile	Pae21_659546:664936:1859-1935	OMDBFACO_00012

DiscRep_SUB:FEATURE_LOCATION_CONFLICT::RNA feature xref gene does not exist
Pae21_results/genesprediction/Pae21.predictedgenes:tRNA	Ala	Pae21_659546:664936:1964-2039	OMDBFACO_00013

DiscRep_SUB:FEATURE_LOCATION_CONFLICT::RNA feature xref gene does not exist
Pae21_results/genesprediction/Pae21.predictedgenes:rRNA	23S ribosomal RNA	Pae21_659546:664936:2267-5154	OMDBFACO_00014

DiscRep_SUB:FEATURE_LOCATION_CONFLICT::RNA feature xref gene does not exist
Pae21_results/genesprediction/Pae21.predictedgenes:rRNA	5S ribosomal RNA (partial)	Pae21_659546:664936:5301-5384	OMDBFACO_00015

DiscRep_SUB:FEATURE_LOCATION_CONFLICT::Coding region xref gene does not exist
Pae21_results/genesprediction/Pae21.predictedgenes:CDS	Phenazine biosynthesis protein PhzG	Pae21_733386:738569:c665-21	OMDBFACO_00016

DiscRep_SUB:FEATURE_LOCATION_CONFLICT::Coding region xref gene does not exist
Pae21_results/genesprediction/Pae21.predictedgenes:CDS	Trans-2,3-dihydro-3-hydroxyanthranilate isomerase	Pae21_733386:738569:c1527-691	OMDBFACO_00017

DiscRep_SUB:FEATURE_LOCATION_CONFLICT::Coding region xref gene does not exist
Pae21_results/genesprediction/Pae21.predictedgenes:CDS	Isochorismate synthase MenF	Pae21_733386:738569:c3424-1541	OMDBFACO_00018

DiscRep_SUB:FEATURE_LOCATION_CONFLICT::Coding region xref gene does not exist
Pae21_results/genesprediction/Pae21.predictedgenes:CDS	Phenazine biosynthesis protein PhzD2	Pae21_733386:738569:c4044-3421	OMDBFACO_00019

DiscRep_SUB:FEATURE_LOCATION_CONFLICT::Coding region xref gene does not exist
Pae21_results/genesprediction/Pae21.predictedgenes:CDS	Phospho-2-dehydro-3-deoxyheptonate aldolase	Pae21_733386:738569:c5177-4041	OMDBFACO_00020

DiscRep_SUB:FEATURE_LOCATION_CONFLICT::Coding region xref gene does not exist
Pae21_results/genesprediction/Pae21.predictedgenes:CDS	hypothetical protein	Pae21_816147:820525:c1266-316	OMDBFACO_00021

DiscRep_SUB:FEATURE_LOCATION_CONFLICT::Coding region xref gene does not exist
Pae21_results/genesprediction/Pae21.predictedgenes:CDS	Toxin RTX-I translocation ATP-binding protein	Pae21_816147:820525:c3448-1289	OMDBFACO_00022

DiscRep_SUB:FEATURE_LOCATION_CONFLICT::Coding region xref gene does not exist
Pae21_results/genesprediction/Pae21.predictedgenes:CDS	Colicin V secretion protein CvaA	Pae21_816147:820525:c4177-3458	OMDBFACO_00023

DiscRep_SUB:FEATURE_LOCATION_CONFLICT::Coding region xref gene does not exist
Pae21_results/genesprediction/Pae21.predictedgenes:CDS	IS1182 family transposase ISCfr1	Pae21_1054975:1056444:8-1378	OMDBFACO_00024

DiscRep_SUB:FEATURE_LOCATION_CONFLICT::Coding region xref gene does not exist
Pae21_results/genesprediction/Pae21.predictedgenes:CDS	IS1182 family transposase ISCfr1	Pae21_1235029:1236497:c1461-91	OMDBFACO_00025

DiscRep_SUB:FEATURE_LOCATION_CONFLICT::Coding region xref gene does not exist
Pae21_results/genesprediction/Pae21.predictedgenes:CDS	IS1182 family transposase ISCfr1	Pae21_1239350:1240817:c1459-89	OMDBFACO_00026

DiscRep_SUB:FEATURE_LOCATION_CONFLICT::Coding region xref gene does not exist
Pae21_results/genesprediction/Pae21.predictedgenes:CDS	IS1182 family transposase ISCfr1	Pae21_1454072:1455535:4-1374	OMDBFACO_00027

DiscRep_SUB:FEATURE_LOCATION_CONFLICT::Coding region xref gene does not exist
Pae21_results/genesprediction/Pae21.predictedgenes:CDS	hypothetical protein	Pae21_1600793:1602018:2-214	OMDBFACO_00028

DiscRep_SUB:FEATURE_LOCATION_CONFLICT::Coding region xref gene does not exist
Pae21_results/genesprediction/Pae21.predictedgenes:CDS	IS110 family transposase ISPa11	Pae21_1600793:1602018:c1065-199	OMDBFACO_00029

DiscRep_SUB:FEATURE_LOCATION_CONFLICT::Coding region xref gene does not exist
Pae21_results/genesprediction/Pae21.predictedgenes:CDS	IS1182 family transposase ISCfr1	Pae21_1998089:1999550:7-1377	OMDBFACO_00030

DiscRep_SUB:FEATURE_LOCATION_CONFLICT::Coding region xref gene does not exist
Pae21_results/genesprediction/Pae21.predictedgenes:CDS	IS1182 family transposase ISCfr1	Pae21_2120965:2122423:3-1373	OMDBFACO_00031

DiscRep_SUB:FEATURE_LOCATION_CONFLICT::Coding region xref gene does not exist
Pae21_results/genesprediction/Pae21.predictedgenes:CDS	IS1182 family transposase ISCfr1	Pae21_2422426:2423893:c1460-90	OMDBFACO_00032

DiscRep_SUB:FEATURE_LOCATION_CONFLICT::Coding region xref gene does not exist
Pae21_results/genesprediction/Pae21.predictedgenes:CDS	IS1182 family transposase ISCfr1	Pae21_2448223:2449685:c1458-88	OMDBFACO_00033

DiscRep_SUB:FEATURE_LOCATION_CONFLICT::Coding region xref gene does not exist
Pae21_results/genesprediction/Pae21.predictedgenes:CDS	IS1182 family transposase ISCfr1	Pae21_2681816:2683284:8-1378	OMDBFACO_00034

DiscRep_SUB:FEATURE_LOCATION_CONFLICT::Coding region xref gene does not exist
Pae21_results/genesprediction/Pae21.predictedgenes:CDS	IS1182 family transposase ISCfr1	Pae21_2706163:2707626:c1459-89	OMDBFACO_00035

DiscRep_SUB:FEATURE_LOCATION_CONFLICT::Coding region xref gene does not exist
Pae21_results/genesprediction/Pae21.predictedgenes:CDS	hypothetical protein	Pae21_2882684:2887215:c1263-313	OMDBFACO_00036

DiscRep_SUB:FEATURE_LOCATION_CONFLICT::Coding region xref gene does not exist
Pae21_results/genesprediction/Pae21.predictedgenes:CDS	Toxin RTX-I translocation ATP-binding protein	Pae21_2882684:2887215:c3445-1286	OMDBFACO_00037

DiscRep_SUB:FEATURE_LOCATION_CONFLICT::Coding region xref gene does not exist
Pae21_results/genesprediction/Pae21.predictedgenes:CDS	Colicin V secretion protein CvaA	Pae21_2882684:2887215:c4510-3455	OMDBFACO_00038

DiscRep_SUB:FEATURE_LOCATION_CONFLICT::Coding region xref gene does not exist
Pae21_results/genesprediction/Pae21.predictedgenes:CDS	hypothetical protein	Pae21_2915764:2918739:366-1565	OMDBFACO_00039

DiscRep_SUB:FEATURE_LOCATION_CONFLICT::Coding region xref gene does not exist
Pae21_results/genesprediction/Pae21.predictedgenes:CDS	hypothetical protein	Pae21_2915764:2918739:c2712-1639	OMDBFACO_00040

DiscRep_SUB:FEATURE_LOCATION_CONFLICT::Coding region xref gene does not exist
Pae21_results/genesprediction/Pae21.predictedgenes:CDS	IS1182 family transposase ISCfr1	Pae21_2974721:2976190:9-1379	OMDBFACO_00041

DiscRep_SUB:FEATURE_LOCATION_CONFLICT::Coding region xref gene does not exist
Pae21_results/genesprediction/Pae21.predictedgenes:CDS	IS1182 family transposase ISCfr1	Pae21_3267991:3269452:c1458-88	OMDBFACO_00042

DiscRep_SUB:FEATURE_LOCATION_CONFLICT::Coding region xref gene does not exist
Pae21_results/genesprediction/Pae21.predictedgenes:CDS	IS1182 family transposase ISCfr1	Pae21_3416279:3417745:7-1377	OMDBFACO_00043

DiscRep_SUB:FEATURE_LOCATION_CONFLICT::Coding region xref gene does not exist
Pae21_results/genesprediction/Pae21.predictedgenes:CDS	IS110 family transposase ISPa11	Pae21_3555567:3556803:159-1025	OMDBFACO_00044

DiscRep_SUB:FEATURE_LOCATION_CONFLICT::Coding region xref gene does not exist
Pae21_results/genesprediction/Pae21.predictedgenes:CDS	hypothetical protein	Pae21_3555567:3556803:c1222-1010	OMDBFACO_00045

DiscRep_SUB:FEATURE_LOCATION_CONFLICT::Coding region xref gene does not exist
Pae21_results/genesprediction/Pae21.predictedgenes:CDS	IS1182 family transposase ISCfr1	Pae21_3624268:3625788:33-587	OMDBFACO_00046

DiscRep_SUB:FEATURE_LOCATION_CONFLICT::Coding region xref gene does not exist
Pae21_results/genesprediction/Pae21.predictedgenes:CDS	IS1182 family transposase ISCfr1	Pae21_3624268:3625788:648-1415	OMDBFACO_00047

DiscRep_SUB:FEATURE_LOCATION_CONFLICT::Coding region xref gene does not exist
Pae21_results/genesprediction/Pae21.predictedgenes:CDS	Phenazine biosynthesis protein PhzG	Pae21_3674035:3678491:c665-21	OMDBFACO_00048

DiscRep_SUB:FEATURE_LOCATION_CONFLICT::Coding region xref gene does not exist
Pae21_results/genesprediction/Pae21.predictedgenes:CDS	Trans-2,3-dihydro-3-hydroxyanthranilate isomerase	Pae21_3674035:3678491:c1527-691	OMDBFACO_00049

DiscRep_SUB:FEATURE_LOCATION_CONFLICT::Coding region xref gene does not exist
Pae21_results/genesprediction/Pae21.predictedgenes:CDS	Isochorismate synthase MenF	Pae21_3674035:3678491:c3424-1541	OMDBFACO_00050

DiscRep_SUB:FEATURE_LOCATION_CONFLICT::Coding region xref gene does not exist
Pae21_results/genesprediction/Pae21.predictedgenes:CDS	Phenazine biosynthesis protein PhzD2	Pae21_3674035:3678491:c4044-3421	OMDBFACO_00051

DiscRep_SUB:FEATURE_LOCATION_CONFLICT::Coding region xref gene does not exist
Pae21_results/genesprediction/Pae21.predictedgenes:CDS	Phospho-2-dehydro-3-deoxyheptonate aldolase	Pae21_3674035:3678491:c4445-4041	OMDBFACO_00052

DiscRep_SUB:FEATURE_LOCATION_CONFLICT::Coding region xref gene does not exist
Pae21_results/genesprediction/Pae21.predictedgenes:CDS	IS1182 family transposase ISCfr1	Pae21_3746319:3747774:1-1371	OMDBFACO_00053

DiscRep_SUB:FEATURE_LOCATION_CONFLICT::Coding region xref gene does not exist
Pae21_results/genesprediction/Pae21.predictedgenes:CDS	IS1182 family transposase ISCfr1	Pae21_4157610:4159071:2-1372	OMDBFACO_00054

DiscRep_SUB:FEATURE_LOCATION_CONFLICT::Coding region xref gene does not exist
Pae21_results/genesprediction/Pae21.predictedgenes:CDS	hypothetical protein	Pae21_4163066:4164685:c219-91	OMDBFACO_00055

DiscRep_SUB:FEATURE_LOCATION_CONFLICT::Coding region xref gene does not exist
Pae21_results/genesprediction/Pae21.predictedgenes:CDS	hypothetical protein	Pae21_4163066:4164685:c844-173	OMDBFACO_00056

DiscRep_SUB:FEATURE_LOCATION_CONFLICT::Coding region xref gene does not exist
Pae21_results/genesprediction/Pae21.predictedgenes:CDS	hypothetical protein	Pae21_4163066:4164685:c1457-978	OMDBFACO_00057

DiscRep_SUB:FEATURE_LOCATION_CONFLICT::Coding region xref gene does not exist
Pae21_results/genesprediction/Pae21.predictedgenes:CDS	hypothetical protein	Pae21_4718106:4719061:c955-830	OMDBFACO_00058

DiscRep_SUB:FEATURE_LOCATION_CONFLICT::Coding region xref gene does not exist
Pae21_results/genesprediction/Pae21.predictedgenes:CDS	IS3 family transposase IS222	Pae21_4725061:4726161:46-297	OMDBFACO_00059

DiscRep_SUB:FEATURE_LOCATION_CONFLICT::Coding region xref gene does not exist
Pae21_results/genesprediction/Pae21.predictedgenes:CDS	IS3 family transposase IS222	Pae21_4725061:4726161:306-932	OMDBFACO_00060

DiscRep_SUB:FEATURE_LOCATION_CONFLICT::RNA feature xref gene does not exist
Pae21_results/genesprediction/Pae21.predictedgenes:tRNA	Arg	Pae21_4795676:4795865:c79-3	OMDBFACO_00061

DiscRep_SUB:FEATURE_LOCATION_CONFLICT::Coding region xref gene does not exist
Pae21_results/genesprediction/Pae21.predictedgenes:CDS	IS110 family transposase ISPa11	Pae21_4828001:4829237:159-1025	OMDBFACO_00062

DiscRep_SUB:FEATURE_LOCATION_CONFLICT::Coding region xref gene does not exist
Pae21_results/genesprediction/Pae21.predictedgenes:CDS	hypothetical protein	Pae21_4828001:4829237:c1222-1010	OMDBFACO_00063

DiscRep_SUB:FEATURE_LOCATION_CONFLICT::Coding region xref gene does not exist
Pae21_results/genesprediction/Pae21.predictedgenes:CDS	IS1182 family transposase ISCfr1	Pae21_4852182:4853639:3-1373	OMDBFACO_00064

DiscRep_SUB:FEATURE_LOCATION_CONFLICT::Coding region xref gene does not exist
Pae21_results/genesprediction/Pae21.predictedgenes:CDS	IS3 family transposase ISPa32	Pae21_4884016:4885070:22-225	OMDBFACO_00065

DiscRep_SUB:FEATURE_LOCATION_CONFLICT::Coding region xref gene does not exist
Pae21_results/genesprediction/Pae21.predictedgenes:CDS	IS1182 family transposase ISCfr1	Pae21_5076338:5083544:c3643-2273	OMDBFACO_00068

DiscRep_SUB:FEATURE_LOCATION_CONFLICT::Coding region xref gene does not exist
Pae21_results/genesprediction/Pae21.predictedgenes:CDS	hypothetical protein	Pae21_5076338:5083544:4196-4453	OMDBFACO_00069

DiscRep_SUB:FEATURE_LOCATION_CONFLICT::Coding region xref gene does not exist
Pae21_results/genesprediction/Pae21.predictedgenes:CDS	hypothetical protein	Pae21_5076338:5083544:4584-4676	OMDBFACO_00070

DiscRep_SUB:FEATURE_LOCATION_CONFLICT::RNA feature xref gene does not exist
Pae21_results/genesprediction/Pae21.predictedgenes:rRNA	5S ribosomal RNA (partial)	Pae21_5076338:5083544:c68-4	OMDBFACO_00066

DiscRep_SUB:FEATURE_LOCATION_CONFLICT::RNA feature xref gene does not exist
Pae21_results/genesprediction/Pae21.predictedgenes:rRNA	23S ribosomal RNA (partial)	Pae21_5076338:5083544:c2112-215	OMDBFACO_00067

DiscRep_SUB:FEATURE_LOCATION_CONFLICT::RNA feature xref gene does not exist
Pae21_results/genesprediction/Pae21.predictedgenes:tRNA	Ala	Pae21_5076338:5083544:c5016-4941	OMDBFACO_00071

DiscRep_SUB:FEATURE_LOCATION_CONFLICT::RNA feature xref gene does not exist
Pae21_results/genesprediction/Pae21.predictedgenes:tRNA	Ile	Pae21_5076338:5083544:c5121-5045	OMDBFACO_00072

DiscRep_SUB:FEATURE_LOCATION_CONFLICT::RNA feature xref gene does not exist
Pae21_results/genesprediction/Pae21.predictedgenes:rRNA	16S ribosomal RNA	Pae21_5076338:5083544:c6717-5187	OMDBFACO_00073

DiscRep_SUB:FEATURE_LOCATION_CONFLICT::Coding region xref gene does not exist
Pae21_results/genesprediction/Pae21.predictedgenes:CDS	IS66 family transposase ISPsy43	Pae21_5125842:5126380:30-506	OMDBFACO_00074

DiscRep_SUB:FEATURE_LOCATION_CONFLICT::Coding region xref gene does not exist
Pae21_results/genesprediction/Pae21.predictedgenes:CDS	hypothetical protein	Pae21_5127698:5128470:23-640	OMDBFACO_00075

DiscRep_SUB:FEATURE_LOCATION_CONFLICT::Coding region xref gene does not exist
Pae21_results/genesprediction/Pae21.predictedgenes:CDS	hypothetical protein	Pae21_5282877:5284197:459-920	OMDBFACO_00076

DiscRep_SUB:FEATURE_LOCATION_CONFLICT::Coding region xref gene does not exist
Pae21_results/genesprediction/Pae21.predictedgenes:CDS	hypothetical protein	Pae21_5438792:5439756:48-173	OMDBFACO_00077

DiscRep_SUB:FEATURE_LOCATION_CONFLICT::Coding region xref gene does not exist
Pae21_results/genesprediction/Pae21.predictedgenes:CDS	IS1182 family transposase ISCfr1	Pae21_5455698:5457160:c1457-87	OMDBFACO_00078

DiscRep_SUB:FEATURE_LOCATION_CONFLICT::Coding region xref gene does not exist
Pae21_results/genesprediction/Pae21.predictedgenes:CDS	IS1182 family transposase ISCfr1	Pae21_5466566:5468036:9-1379	OMDBFACO_00079

DiscRep_SUB:FEATURE_LOCATION_CONFLICT::Coding region xref gene does not exist
Pae21_results/genesprediction/Pae21.predictedgenes:CDS	hypothetical protein	Pae21_5645471:5647163:624-1616	OMDBFACO_00080

DiscRep_SUB:FEATURE_LOCATION_CONFLICT::RNA feature xref gene does not exist
Pae21_results/genesprediction/Pae21.predictedgenes:rRNA	5S ribosomal RNA	Pae21_5649124:5654751:c97-2	OMDBFACO_00081

DiscRep_SUB:FEATURE_LOCATION_CONFLICT::RNA feature xref gene does not exist
Pae21_results/genesprediction/Pae21.predictedgenes:rRNA	23S ribosomal RNA	Pae21_5649124:5654751:c3131-244	OMDBFACO_00082

DiscRep_SUB:FEATURE_LOCATION_CONFLICT::RNA feature xref gene does not exist
Pae21_results/genesprediction/Pae21.predictedgenes:tRNA	Ala	Pae21_5649124:5654751:c3434-3359	OMDBFACO_00083

DiscRep_SUB:FEATURE_LOCATION_CONFLICT::RNA feature xref gene does not exist
Pae21_results/genesprediction/Pae21.predictedgenes:tRNA	Ile	Pae21_5649124:5654751:c3539-3463	OMDBFACO_00084

DiscRep_SUB:FEATURE_LOCATION_CONFLICT::RNA feature xref gene does not exist
Pae21_results/genesprediction/Pae21.predictedgenes:rRNA	16S ribosomal RNA	Pae21_5649124:5654751:c5135-3605	OMDBFACO_00085

DiscRep_SUB:FEATURE_LOCATION_CONFLICT::Coding region xref gene does not exist
Pae21_results/genesprediction/Pae21.predictedgenes:CDS	IS110 family transposase ISPa11	Pae21_5757402:5758628:161-1027	OMDBFACO_00086

DiscRep_SUB:FEATURE_LOCATION_CONFLICT::Coding region xref gene does not exist
Pae21_results/genesprediction/Pae21.predictedgenes:CDS	hypothetical protein	Pae21_5757402:5758628:c1224-1012	OMDBFACO_00087

DiscRep_SUB:FEATURE_LOCATION_CONFLICT::Coding region xref gene does not exist
Pae21_results/genesprediction/Pae21.predictedgenes:CDS	hypothetical protein	Pae21_5864947:5866280:c876-415	OMDBFACO_00088

DiscRep_SUB:FEATURE_LOCATION_CONFLICT::RNA feature xref gene does not exist
Pae21_results/genesprediction/Pae21.predictedgenes:rRNA	5S ribosomal RNA (partial)	Pae21_6428102:6433473:c71-3	OMDBFACO_00089

DiscRep_SUB:FEATURE_LOCATION_CONFLICT::RNA feature xref gene does not exist
Pae21_results/genesprediction/Pae21.predictedgenes:rRNA	23S ribosomal RNA	Pae21_6428102:6433473:c3105-218	OMDBFACO_00090

DiscRep_SUB:FEATURE_LOCATION_CONFLICT::RNA feature xref gene does not exist
Pae21_results/genesprediction/Pae21.predictedgenes:tRNA	Ala	Pae21_6428102:6433473:c3408-3333	OMDBFACO_00091

DiscRep_SUB:FEATURE_LOCATION_CONFLICT::RNA feature xref gene does not exist
Pae21_results/genesprediction/Pae21.predictedgenes:tRNA	Ile	Pae21_6428102:6433473:c3513-3437	OMDBFACO_00092

DiscRep_SUB:FEATURE_LOCATION_CONFLICT::RNA feature xref gene does not exist
Pae21_results/genesprediction/Pae21.predictedgenes:rRNA	16S ribosomal RNA	Pae21_6428102:6433473:c5109-3579	OMDBFACO_00093

DiscRep_ALL:SHORT_CONTIG::4 contigs are shorter than 200 nt.
Pae21_results/genesprediction/Pae21.predictedgenes:Pae21_19331:19467 (length 136)
Pae21_results/genesprediction/Pae21.predictedgenes:Pae21_739365:739503 (length 138)
Pae21_results/genesprediction/Pae21.predictedgenes:Pae21_780572:780681 (length 109)
Pae21_results/genesprediction/Pae21.predictedgenes:Pae21_4795676:4795865 (length 189)

DiscRep_ALL:NO_ANNOTATION::23 bioseqs have no features
Pae21_results/genesprediction/Pae21.predictedgenes:Pae21_19331:19467 (length 136)
Pae21_results/genesprediction/Pae21.predictedgenes:Pae21_668133:669141 (length 1008)
Pae21_results/genesprediction/Pae21.predictedgenes:Pae21_684757:685158 (length 401)
Pae21_results/genesprediction/Pae21.predictedgenes:Pae21_739365:739503 (length 138)
Pae21_results/genesprediction/Pae21.predictedgenes:Pae21_780572:780681 (length 109)
Pae21_results/genesprediction/Pae21.predictedgenes:Pae21_1120258:1120981 (length 723)
Pae21_results/genesprediction/Pae21.predictedgenes:Pae21_1699686:1700294 (length 608)
Pae21_results/genesprediction/Pae21.predictedgenes:Pae21_2689471:2689872 (length 401)
Pae21_results/genesprediction/Pae21.predictedgenes:Pae21_2920496:2921225 (length 729)
Pae21_results/genesprediction/Pae21.predictedgenes:Pae21_2927151:2928878 (length 1727)
Pae21_results/genesprediction/Pae21.predictedgenes:Pae21_2945966:2946488 (length 522)
Pae21_results/genesprediction/Pae21.predictedgenes:Pae21_2947044:2947717 (length 673)
Pae21_results/genesprediction/Pae21.predictedgenes:Pae21_2962732:2963128 (length 396)
Pae21_results/genesprediction/Pae21.predictedgenes:Pae21_3033146:3034156 (length 1010)
Pae21_results/genesprediction/Pae21.predictedgenes:Pae21_3039165:3040360 (length 1195)
Pae21_results/genesprediction/Pae21.predictedgenes:Pae21_3147955:3148180 (length 225)
Pae21_results/genesprediction/Pae21.predictedgenes:Pae21_3182500:3183525 (length 1025)
Pae21_results/genesprediction/Pae21.predictedgenes:Pae21_4251192:4251907 (length 715)
Pae21_results/genesprediction/Pae21.predictedgenes:Pae21_5393129:5393452 (length 323)
Pae21_results/genesprediction/Pae21.predictedgenes:Pae21_5457648:5458372 (length 724)
Pae21_results/genesprediction/Pae21.predictedgenes:Pae21_5572580:5572822 (length 242)
Pae21_results/genesprediction/Pae21.predictedgenes:Pae21_5572912:5574627 (length 1715)
Pae21_results/genesprediction/Pae21.predictedgenes:Pae21_6482669:6483125 (length 456)

DiscRep_ALL:DISC_QUALITY_SCORES::Quality scores are missing on all sequences.

FATAL: DiscRep_ALL:DISC_SUSPECT_RRNA_PRODUCTS::4 rRNA product names contain suspect phrase
FATAL: DiscRep_SUB:DISC_SUSPECT_RRNA_PRODUCTS::4 rRNA product names contains 'partial'
Pae21_results/genesprediction/Pae21.predictedgenes:rRNA	5S ribosomal RNA (partial)	Pae21_659546:664936:5301-5384	OMDBFACO_00015
Pae21_results/genesprediction/Pae21.predictedgenes:rRNA	5S ribosomal RNA (partial)	Pae21_5076338:5083544:c68-4	OMDBFACO_00066
Pae21_results/genesprediction/Pae21.predictedgenes:rRNA	23S ribosomal RNA (partial)	Pae21_5076338:5083544:c2112-215	OMDBFACO_00067
Pae21_results/genesprediction/Pae21.predictedgenes:rRNA	5S ribosomal RNA (partial)	Pae21_6428102:6433473:c71-3	OMDBFACO_00089

FATAL: DiscRep_ALL:DISC_SHORT_RRNA::4 rRNA features are too short
Pae21_results/genesprediction/Pae21.predictedgenes:rRNA	5S ribosomal RNA (partial)	Pae21_659546:664936:5301-5384	OMDBFACO_00015
Pae21_results/genesprediction/Pae21.predictedgenes:rRNA	5S ribosomal RNA (partial)	Pae21_5076338:5083544:c68-4	OMDBFACO_00066
Pae21_results/genesprediction/Pae21.predictedgenes:rRNA	23S ribosomal RNA (partial)	Pae21_5076338:5083544:c2112-215	OMDBFACO_00067
Pae21_results/genesprediction/Pae21.predictedgenes:rRNA	5S ribosomal RNA (partial)	Pae21_6428102:6433473:c71-3	OMDBFACO_00089

DiscRep_ALL:ONCALLER_COMMENT_PRESENT::73 comment descriptors were found (all same)
Pae21_results/genesprediction/Pae21.predictedgenes:Pae21_19331:19467:Annotated using prokka 1.14.5 from https://github.com/tseemann/prokka
Pae21_results/genesprediction/Pae21.predictedgenes:Pae21_21080:21868:Annotated using prokka 1.14.5 from https://github.com/tseemann/prokka
Pae21_results/genesprediction/Pae21.predictedgenes:Pae21_57719:62530:Annotated using prokka 1.14.5 from https://github.com/tseemann/prokka
Pae21_results/genesprediction/Pae21.predictedgenes:Pae21_237993:240960:Annotated using prokka 1.14.5 from https://github.com/tseemann/prokka
Pae21_results/genesprediction/Pae21.predictedgenes:Pae21_262617:264073:Annotated using prokka 1.14.5 from https://github.com/tseemann/prokka
Pae21_results/genesprediction/Pae21.predictedgenes:Pae21_297900:299356:Annotated using prokka 1.14.5 from https://github.com/tseemann/prokka
Pae21_results/genesprediction/Pae21.predictedgenes:Pae21_387777:389233:Annotated using prokka 1.14.5 from https://github.com/tseemann/prokka
Pae21_results/genesprediction/Pae21.predictedgenes:Pae21_526751:528216:Annotated using prokka 1.14.5 from https://github.com/tseemann/prokka
Pae21_results/genesprediction/Pae21.predictedgenes:Pae21_659546:664936:Annotated using prokka 1.14.5 from https://github.com/tseemann/prokka
Pae21_results/genesprediction/Pae21.predictedgenes:Pae21_668133:669141:Annotated using prokka 1.14.5 from https://github.com/tseemann/prokka
Pae21_results/genesprediction/Pae21.predictedgenes:Pae21_684757:685158:Annotated using prokka 1.14.5 from https://github.com/tseemann/prokka
Pae21_results/genesprediction/Pae21.predictedgenes:Pae21_733386:738569:Annotated using prokka 1.14.5 from https://github.com/tseemann/prokka
Pae21_results/genesprediction/Pae21.predictedgenes:Pae21_739365:739503:Annotated using prokka 1.14.5 from https://github.com/tseemann/prokka
Pae21_results/genesprediction/Pae21.predictedgenes:Pae21_780572:780681:Annotated using prokka 1.14.5 from https://github.com/tseemann/prokka
Pae21_results/genesprediction/Pae21.predictedgenes:Pae21_816147:820525:Annotated using prokka 1.14.5 from https://github.com/tseemann/prokka
Pae21_results/genesprediction/Pae21.predictedgenes:Pae21_1054975:1056444:Annotated using prokka 1.14.5 from https://github.com/tseemann/prokka
Pae21_results/genesprediction/Pae21.predictedgenes:Pae21_1120258:1120981:Annotated using prokka 1.14.5 from https://github.com/tseemann/prokka
Pae21_results/genesprediction/Pae21.predictedgenes:Pae21_1235029:1236497:Annotated using prokka 1.14.5 from https://github.com/tseemann/prokka
Pae21_results/genesprediction/Pae21.predictedgenes:Pae21_1239350:1240817:Annotated using prokka 1.14.5 from https://github.com/tseemann/prokka
Pae21_results/genesprediction/Pae21.predictedgenes:Pae21_1454072:1455535:Annotated using prokka 1.14.5 from https://github.com/tseemann/prokka
Pae21_results/genesprediction/Pae21.predictedgenes:Pae21_1600793:1602018:Annotated using prokka 1.14.5 from https://github.com/tseemann/prokka
Pae21_results/genesprediction/Pae21.predictedgenes:Pae21_1699686:1700294:Annotated using prokka 1.14.5 from https://github.com/tseemann/prokka
Pae21_results/genesprediction/Pae21.predictedgenes:Pae21_1998089:1999550:Annotated using prokka 1.14.5 from https://github.com/tseemann/prokka
Pae21_results/genesprediction/Pae21.predictedgenes:Pae21_2120965:2122423:Annotated using prokka 1.14.5 from https://github.com/tseemann/prokka
Pae21_results/genesprediction/Pae21.predictedgenes:Pae21_2422426:2423893:Annotated using prokka 1.14.5 from https://github.com/tseemann/prokka
Pae21_results/genesprediction/Pae21.predictedgenes:Pae21_2448223:2449685:Annotated using prokka 1.14.5 from https://github.com/tseemann/prokka
Pae21_results/genesprediction/Pae21.predictedgenes:Pae21_2681816:2683284:Annotated using prokka 1.14.5 from https://github.com/tseemann/prokka
Pae21_results/genesprediction/Pae21.predictedgenes:Pae21_2689471:2689872:Annotated using prokka 1.14.5 from https://github.com/tseemann/prokka
Pae21_results/genesprediction/Pae21.predictedgenes:Pae21_2706163:2707626:Annotated using prokka 1.14.5 from https://github.com/tseemann/prokka
Pae21_results/genesprediction/Pae21.predictedgenes:Pae21_2882684:2887215:Annotated using prokka 1.14.5 from https://github.com/tseemann/prokka
Pae21_results/genesprediction/Pae21.predictedgenes:Pae21_2915764:2918739:Annotated using prokka 1.14.5 from https://github.com/tseemann/prokka
Pae21_results/genesprediction/Pae21.predictedgenes:Pae21_2920496:2921225:Annotated using prokka 1.14.5 from https://github.com/tseemann/prokka
Pae21_results/genesprediction/Pae21.predictedgenes:Pae21_2927151:2928878:Annotated using prokka 1.14.5 from https://github.com/tseemann/prokka
Pae21_results/genesprediction/Pae21.predictedgenes:Pae21_2945966:2946488:Annotated using prokka 1.14.5 from https://github.com/tseemann/prokka
Pae21_results/genesprediction/Pae21.predictedgenes:Pae21_2947044:2947717:Annotated using prokka 1.14.5 from https://github.com/tseemann/prokka
Pae21_results/genesprediction/Pae21.predictedgenes:Pae21_2962732:2963128:Annotated using prokka 1.14.5 from https://github.com/tseemann/prokka
Pae21_results/genesprediction/Pae21.predictedgenes:Pae21_2974721:2976190:Annotated using prokka 1.14.5 from https://github.com/tseemann/prokka
Pae21_results/genesprediction/Pae21.predictedgenes:Pae21_3033146:3034156:Annotated using prokka 1.14.5 from https://github.com/tseemann/prokka
Pae21_results/genesprediction/Pae21.predictedgenes:Pae21_3039165:3040360:Annotated using prokka 1.14.5 from https://github.com/tseemann/prokka
Pae21_results/genesprediction/Pae21.predictedgenes:Pae21_3147955:3148180:Annotated using prokka 1.14.5 from https://github.com/tseemann/prokka
Pae21_results/genesprediction/Pae21.predictedgenes:Pae21_3182500:3183525:Annotated using prokka 1.14.5 from https://github.com/tseemann/prokka
Pae21_results/genesprediction/Pae21.predictedgenes:Pae21_3267991:3269452:Annotated using prokka 1.14.5 from https://github.com/tseemann/prokka
Pae21_results/genesprediction/Pae21.predictedgenes:Pae21_3416279:3417745:Annotated using prokka 1.14.5 from https://github.com/tseemann/prokka
Pae21_results/genesprediction/Pae21.predictedgenes:Pae21_3555567:3556803:Annotated using prokka 1.14.5 from https://github.com/tseemann/prokka
Pae21_results/genesprediction/Pae21.predictedgenes:Pae21_3624268:3625788:Annotated using prokka 1.14.5 from https://github.com/tseemann/prokka
Pae21_results/genesprediction/Pae21.predictedgenes:Pae21_3674035:3678491:Annotated using prokka 1.14.5 from https://github.com/tseemann/prokka
Pae21_results/genesprediction/Pae21.predictedgenes:Pae21_3746319:3747774:Annotated using prokka 1.14.5 from https://github.com/tseemann/prokka
Pae21_results/genesprediction/Pae21.predictedgenes:Pae21_4157610:4159071:Annotated using prokka 1.14.5 from https://github.com/tseemann/prokka
Pae21_results/genesprediction/Pae21.predictedgenes:Pae21_4163066:4164685:Annotated using prokka 1.14.5 from https://github.com/tseemann/prokka
Pae21_results/genesprediction/Pae21.predictedgenes:Pae21_4251192:4251907:Annotated using prokka 1.14.5 from https://github.com/tseemann/prokka
Pae21_results/genesprediction/Pae21.predictedgenes:Pae21_4718106:4719061:Annotated using prokka 1.14.5 from https://github.com/tseemann/prokka
Pae21_results/genesprediction/Pae21.predictedgenes:Pae21_4725061:4726161:Annotated using prokka 1.14.5 from https://github.com/tseemann/prokka
Pae21_results/genesprediction/Pae21.predictedgenes:Pae21_4795676:4795865:Annotated using prokka 1.14.5 from https://github.com/tseemann/prokka
Pae21_results/genesprediction/Pae21.predictedgenes:Pae21_4828001:4829237:Annotated using prokka 1.14.5 from https://github.com/tseemann/prokka
Pae21_results/genesprediction/Pae21.predictedgenes:Pae21_4852182:4853639:Annotated using prokka 1.14.5 from https://github.com/tseemann/prokka
Pae21_results/genesprediction/Pae21.predictedgenes:Pae21_4884016:4885070:Annotated using prokka 1.14.5 from https://github.com/tseemann/prokka
Pae21_results/genesprediction/Pae21.predictedgenes:Pae21_5076338:5083544:Annotated using prokka 1.14.5 from https://github.com/tseemann/prokka
Pae21_results/genesprediction/Pae21.predictedgenes:Pae21_5125842:5126380:Annotated using prokka 1.14.5 from https://github.com/tseemann/prokka
Pae21_results/genesprediction/Pae21.predictedgenes:Pae21_5127698:5128470:Annotated using prokka 1.14.5 from https://github.com/tseemann/prokka
Pae21_results/genesprediction/Pae21.predictedgenes:Pae21_5282877:5284197:Annotated using prokka 1.14.5 from https://github.com/tseemann/prokka
Pae21_results/genesprediction/Pae21.predictedgenes:Pae21_5393129:5393452:Annotated using prokka 1.14.5 from https://github.com/tseemann/prokka
Pae21_results/genesprediction/Pae21.predictedgenes:Pae21_5438792:5439756:Annotated using prokka 1.14.5 from https://github.com/tseemann/prokka
Pae21_results/genesprediction/Pae21.predictedgenes:Pae21_5455698:5457160:Annotated using prokka 1.14.5 from https://github.com/tseemann/prokka
Pae21_results/genesprediction/Pae21.predictedgenes:Pae21_5457648:5458372:Annotated using prokka 1.14.5 from https://github.com/tseemann/prokka
Pae21_results/genesprediction/Pae21.predictedgenes:Pae21_5466566:5468036:Annotated using prokka 1.14.5 from https://github.com/tseemann/prokka
Pae21_results/genesprediction/Pae21.predictedgenes:Pae21_5572580:5572822:Annotated using prokka 1.14.5 from https://github.com/tseemann/prokka
Pae21_results/genesprediction/Pae21.predictedgenes:Pae21_5572912:5574627:Annotated using prokka 1.14.5 from https://github.com/tseemann/prokka
Pae21_results/genesprediction/Pae21.predictedgenes:Pae21_5645471:5647163:Annotated using prokka 1.14.5 from https://github.com/tseemann/prokka
Pae21_results/genesprediction/Pae21.predictedgenes:Pae21_5649124:5654751:Annotated using prokka 1.14.5 from https://github.com/tseemann/prokka
Pae21_results/genesprediction/Pae21.predictedgenes:Pae21_5757402:5758628:Annotated using prokka 1.14.5 from https://github.com/tseemann/prokka
Pae21_results/genesprediction/Pae21.predictedgenes:Pae21_5864947:5866280:Annotated using prokka 1.14.5 from https://github.com/tseemann/prokka
Pae21_results/genesprediction/Pae21.predictedgenes:Pae21_6428102:6433473:Annotated using prokka 1.14.5 from https://github.com/tseemann/prokka
Pae21_results/genesprediction/Pae21.predictedgenes:Pae21_6482669:6483125:Annotated using prokka 1.14.5 from https://github.com/tseemann/prokka

DiscRep_ALL:SHORT_PROT_SEQUENCES::4 protein sequences are shorter than 50 aa.
Pae21_results/genesprediction/Pae21.predictedgenes:Pae21_4163066:4164685_1 (length 42)
Pae21_results/genesprediction/Pae21.predictedgenes:Pae21_4718106:4719061_1 (length 41)
Pae21_results/genesprediction/Pae21.predictedgenes:Pae21_5076338:5083544_3 (length 30)
Pae21_results/genesprediction/Pae21.predictedgenes:Pae21_5438792:5439756_1 (length 41)

DiscRep_ALL:MISSING_GENOMEASSEMBLY_COMMENTS::73 bioseqs are missing GenomeAssembly structured comments
Pae21_results/genesprediction/Pae21.predictedgenes:Pae21_19331:19467 (length 136)
Pae21_results/genesprediction/Pae21.predictedgenes:Pae21_21080:21868 (length 788)
Pae21_results/genesprediction/Pae21.predictedgenes:Pae21_57719:62530 (length 4811)
Pae21_results/genesprediction/Pae21.predictedgenes:Pae21_237993:240960 (length 2967)
Pae21_results/genesprediction/Pae21.predictedgenes:Pae21_262617:264073 (length 1456)
Pae21_results/genesprediction/Pae21.predictedgenes:Pae21_297900:299356 (length 1456)
Pae21_results/genesprediction/Pae21.predictedgenes:Pae21_387777:389233 (length 1456)
Pae21_results/genesprediction/Pae21.predictedgenes:Pae21_526751:528216 (length 1465)
Pae21_results/genesprediction/Pae21.predictedgenes:Pae21_659546:664936 (length 5390)
Pae21_results/genesprediction/Pae21.predictedgenes:Pae21_668133:669141 (length 1008)
Pae21_results/genesprediction/Pae21.predictedgenes:Pae21_684757:685158 (length 401)
Pae21_results/genesprediction/Pae21.predictedgenes:Pae21_733386:738569 (length 5183)
Pae21_results/genesprediction/Pae21.predictedgenes:Pae21_739365:739503 (length 138)
Pae21_results/genesprediction/Pae21.predictedgenes:Pae21_780572:780681 (length 109)
Pae21_results/genesprediction/Pae21.predictedgenes:Pae21_816147:820525 (length 4378)
Pae21_results/genesprediction/Pae21.predictedgenes:Pae21_1054975:1056444 (length 1469)
Pae21_results/genesprediction/Pae21.predictedgenes:Pae21_1120258:1120981 (length 723)
Pae21_results/genesprediction/Pae21.predictedgenes:Pae21_1235029:1236497 (length 1468)
Pae21_results/genesprediction/Pae21.predictedgenes:Pae21_1239350:1240817 (length 1467)
Pae21_results/genesprediction/Pae21.predictedgenes:Pae21_1454072:1455535 (length 1463)
Pae21_results/genesprediction/Pae21.predictedgenes:Pae21_1600793:1602018 (length 1225)
Pae21_results/genesprediction/Pae21.predictedgenes:Pae21_1699686:1700294 (length 608)
Pae21_results/genesprediction/Pae21.predictedgenes:Pae21_1998089:1999550 (length 1461)
Pae21_results/genesprediction/Pae21.predictedgenes:Pae21_2120965:2122423 (length 1458)
Pae21_results/genesprediction/Pae21.predictedgenes:Pae21_2422426:2423893 (length 1467)
Pae21_results/genesprediction/Pae21.predictedgenes:Pae21_2448223:2449685 (length 1462)
Pae21_results/genesprediction/Pae21.predictedgenes:Pae21_2681816:2683284 (length 1468)
Pae21_results/genesprediction/Pae21.predictedgenes:Pae21_2689471:2689872 (length 401)
Pae21_results/genesprediction/Pae21.predictedgenes:Pae21_2706163:2707626 (length 1463)
Pae21_results/genesprediction/Pae21.predictedgenes:Pae21_2882684:2887215 (length 4531)
Pae21_results/genesprediction/Pae21.predictedgenes:Pae21_2915764:2918739 (length 2975)
Pae21_results/genesprediction/Pae21.predictedgenes:Pae21_2920496:2921225 (length 729)
Pae21_results/genesprediction/Pae21.predictedgenes:Pae21_2927151:2928878 (length 1727)
Pae21_results/genesprediction/Pae21.predictedgenes:Pae21_2945966:2946488 (length 522)
Pae21_results/genesprediction/Pae21.predictedgenes:Pae21_2947044:2947717 (length 673)
Pae21_results/genesprediction/Pae21.predictedgenes:Pae21_2962732:2963128 (length 396)
Pae21_results/genesprediction/Pae21.predictedgenes:Pae21_2974721:2976190 (length 1469)
Pae21_results/genesprediction/Pae21.predictedgenes:Pae21_3033146:3034156 (length 1010)
Pae21_results/genesprediction/Pae21.predictedgenes:Pae21_3039165:3040360 (length 1195)
Pae21_results/genesprediction/Pae21.predictedgenes:Pae21_3147955:3148180 (length 225)
Pae21_results/genesprediction/Pae21.predictedgenes:Pae21_3182500:3183525 (length 1025)
Pae21_results/genesprediction/Pae21.predictedgenes:Pae21_3267991:3269452 (length 1461)
Pae21_results/genesprediction/Pae21.predictedgenes:Pae21_3416279:3417745 (length 1466)
Pae21_results/genesprediction/Pae21.predictedgenes:Pae21_3555567:3556803 (length 1236)
Pae21_results/genesprediction/Pae21.predictedgenes:Pae21_3624268:3625788 (length 1520)
Pae21_results/genesprediction/Pae21.predictedgenes:Pae21_3674035:3678491 (length 4456)
Pae21_results/genesprediction/Pae21.predictedgenes:Pae21_3746319:3747774 (length 1455)
Pae21_results/genesprediction/Pae21.predictedgenes:Pae21_4157610:4159071 (length 1461)
Pae21_results/genesprediction/Pae21.predictedgenes:Pae21_4163066:4164685 (length 1619)
Pae21_results/genesprediction/Pae21.predictedgenes:Pae21_4251192:4251907 (length 715)
Pae21_results/genesprediction/Pae21.predictedgenes:Pae21_4718106:4719061 (length 955)
Pae21_results/genesprediction/Pae21.predictedgenes:Pae21_4725061:4726161 (length 1100)
Pae21_results/genesprediction/Pae21.predictedgenes:Pae21_4795676:4795865 (length 189)
Pae21_results/genesprediction/Pae21.predictedgenes:Pae21_4828001:4829237 (length 1236)
Pae21_results/genesprediction/Pae21.predictedgenes:Pae21_4852182:4853639 (length 1457)
Pae21_results/genesprediction/Pae21.predictedgenes:Pae21_4884016:4885070 (length 1054)
Pae21_results/genesprediction/Pae21.predictedgenes:Pae21_5076338:5083544 (length 7206)
Pae21_results/genesprediction/Pae21.predictedgenes:Pae21_5125842:5126380 (length 538)
Pae21_results/genesprediction/Pae21.predictedgenes:Pae21_5127698:5128470 (length 772)
Pae21_results/genesprediction/Pae21.predictedgenes:Pae21_5282877:5284197 (length 1320)
Pae21_results/genesprediction/Pae21.predictedgenes:Pae21_5393129:5393452 (length 323)
Pae21_results/genesprediction/Pae21.predictedgenes:Pae21_5438792:5439756 (length 964)
Pae21_results/genesprediction/Pae21.predictedgenes:Pae21_5455698:5457160 (length 1462)
Pae21_results/genesprediction/Pae21.predictedgenes:Pae21_5457648:5458372 (length 724)
Pae21_results/genesprediction/Pae21.predictedgenes:Pae21_5466566:5468036 (length 1470)
Pae21_results/genesprediction/Pae21.predictedgenes:Pae21_5572580:5572822 (length 242)
Pae21_results/genesprediction/Pae21.predictedgenes:Pae21_5572912:5574627 (length 1715)
Pae21_results/genesprediction/Pae21.predictedgenes:Pae21_5645471:5647163 (length 1692)
Pae21_results/genesprediction/Pae21.predictedgenes:Pae21_5649124:5654751 (length 5627)
Pae21_results/genesprediction/Pae21.predictedgenes:Pae21_5757402:5758628 (length 1226)
Pae21_results/genesprediction/Pae21.predictedgenes:Pae21_5864947:5866280 (length 1333)
Pae21_results/genesprediction/Pae21.predictedgenes:Pae21_6428102:6433473 (length 5371)
Pae21_results/genesprediction/Pae21.predictedgenes:Pae21_6482669:6483125 (length 456)

DiscRep_ALL:SHORT_SEQUENCES_200::4 sequences are shorter than 200 bp.
Pae21_results/genesprediction/Pae21.predictedgenes:Pae21_19331:19467 (length 136)
Pae21_results/genesprediction/Pae21.predictedgenes:Pae21_739365:739503 (length 138)
Pae21_results/genesprediction/Pae21.predictedgenes:Pae21_780572:780681 (length 109)
Pae21_results/genesprediction/Pae21.predictedgenes:Pae21_4795676:4795865 (length 189)

DiscRep_ALL:MOLTYPE_NOT_MRNA::73 molecule types are not set as mRNA.
Pae21_results/genesprediction/Pae21.predictedgenes:Pae21_19331:19467 (length 136)
Pae21_results/genesprediction/Pae21.predictedgenes:Pae21_21080:21868 (length 788)
Pae21_results/genesprediction/Pae21.predictedgenes:Pae21_57719:62530 (length 4811)
Pae21_results/genesprediction/Pae21.predictedgenes:Pae21_237993:240960 (length 2967)
Pae21_results/genesprediction/Pae21.predictedgenes:Pae21_262617:264073 (length 1456)
Pae21_results/genesprediction/Pae21.predictedgenes:Pae21_297900:299356 (length 1456)
Pae21_results/genesprediction/Pae21.predictedgenes:Pae21_387777:389233 (length 1456)
Pae21_results/genesprediction/Pae21.predictedgenes:Pae21_526751:528216 (length 1465)
Pae21_results/genesprediction/Pae21.predictedgenes:Pae21_659546:664936 (length 5390)
Pae21_results/genesprediction/Pae21.predictedgenes:Pae21_668133:669141 (length 1008)
Pae21_results/genesprediction/Pae21.predictedgenes:Pae21_684757:685158 (length 401)
Pae21_results/genesprediction/Pae21.predictedgenes:Pae21_733386:738569 (length 5183)
Pae21_results/genesprediction/Pae21.predictedgenes:Pae21_739365:739503 (length 138)
Pae21_results/genesprediction/Pae21.predictedgenes:Pae21_780572:780681 (length 109)
Pae21_results/genesprediction/Pae21.predictedgenes:Pae21_816147:820525 (length 4378)
Pae21_results/genesprediction/Pae21.predictedgenes:Pae21_1054975:1056444 (length 1469)
Pae21_results/genesprediction/Pae21.predictedgenes:Pae21_1120258:1120981 (length 723)
Pae21_results/genesprediction/Pae21.predictedgenes:Pae21_1235029:1236497 (length 1468)
Pae21_results/genesprediction/Pae21.predictedgenes:Pae21_1239350:1240817 (length 1467)
Pae21_results/genesprediction/Pae21.predictedgenes:Pae21_1454072:1455535 (length 1463)
Pae21_results/genesprediction/Pae21.predictedgenes:Pae21_1600793:1602018 (length 1225)
Pae21_results/genesprediction/Pae21.predictedgenes:Pae21_1699686:1700294 (length 608)
Pae21_results/genesprediction/Pae21.predictedgenes:Pae21_1998089:1999550 (length 1461)
Pae21_results/genesprediction/Pae21.predictedgenes:Pae21_2120965:2122423 (length 1458)
Pae21_results/genesprediction/Pae21.predictedgenes:Pae21_2422426:2423893 (length 1467)
Pae21_results/genesprediction/Pae21.predictedgenes:Pae21_2448223:2449685 (length 1462)
Pae21_results/genesprediction/Pae21.predictedgenes:Pae21_2681816:2683284 (length 1468)
Pae21_results/genesprediction/Pae21.predictedgenes:Pae21_2689471:2689872 (length 401)
Pae21_results/genesprediction/Pae21.predictedgenes:Pae21_2706163:2707626 (length 1463)
Pae21_results/genesprediction/Pae21.predictedgenes:Pae21_2882684:2887215 (length 4531)
Pae21_results/genesprediction/Pae21.predictedgenes:Pae21_2915764:2918739 (length 2975)
Pae21_results/genesprediction/Pae21.predictedgenes:Pae21_2920496:2921225 (length 729)
Pae21_results/genesprediction/Pae21.predictedgenes:Pae21_2927151:2928878 (length 1727)
Pae21_results/genesprediction/Pae21.predictedgenes:Pae21_2945966:2946488 (length 522)
Pae21_results/genesprediction/Pae21.predictedgenes:Pae21_2947044:2947717 (length 673)
Pae21_results/genesprediction/Pae21.predictedgenes:Pae21_2962732:2963128 (length 396)
Pae21_results/genesprediction/Pae21.predictedgenes:Pae21_2974721:2976190 (length 1469)
Pae21_results/genesprediction/Pae21.predictedgenes:Pae21_3033146:3034156 (length 1010)
Pae21_results/genesprediction/Pae21.predictedgenes:Pae21_3039165:3040360 (length 1195)
Pae21_results/genesprediction/Pae21.predictedgenes:Pae21_3147955:3148180 (length 225)
Pae21_results/genesprediction/Pae21.predictedgenes:Pae21_3182500:3183525 (length 1025)
Pae21_results/genesprediction/Pae21.predictedgenes:Pae21_3267991:3269452 (length 1461)
Pae21_results/genesprediction/Pae21.predictedgenes:Pae21_3416279:3417745 (length 1466)
Pae21_results/genesprediction/Pae21.predictedgenes:Pae21_3555567:3556803 (length 1236)
Pae21_results/genesprediction/Pae21.predictedgenes:Pae21_3624268:3625788 (length 1520)
Pae21_results/genesprediction/Pae21.predictedgenes:Pae21_3674035:3678491 (length 4456)
Pae21_results/genesprediction/Pae21.predictedgenes:Pae21_3746319:3747774 (length 1455)
Pae21_results/genesprediction/Pae21.predictedgenes:Pae21_4157610:4159071 (length 1461)
Pae21_results/genesprediction/Pae21.predictedgenes:Pae21_4163066:4164685 (length 1619)
Pae21_results/genesprediction/Pae21.predictedgenes:Pae21_4251192:4251907 (length 715)
Pae21_results/genesprediction/Pae21.predictedgenes:Pae21_4718106:4719061 (length 955)
Pae21_results/genesprediction/Pae21.predictedgenes:Pae21_4725061:4726161 (length 1100)
Pae21_results/genesprediction/Pae21.predictedgenes:Pae21_4795676:4795865 (length 189)
Pae21_results/genesprediction/Pae21.predictedgenes:Pae21_4828001:4829237 (length 1236)
Pae21_results/genesprediction/Pae21.predictedgenes:Pae21_4852182:4853639 (length 1457)
Pae21_results/genesprediction/Pae21.predictedgenes:Pae21_4884016:4885070 (length 1054)
Pae21_results/genesprediction/Pae21.predictedgenes:Pae21_5076338:5083544 (length 7206)
Pae21_results/genesprediction/Pae21.predictedgenes:Pae21_5125842:5126380 (length 538)
Pae21_results/genesprediction/Pae21.predictedgenes:Pae21_5127698:5128470 (length 772)
Pae21_results/genesprediction/Pae21.predictedgenes:Pae21_5282877:5284197 (length 1320)
Pae21_results/genesprediction/Pae21.predictedgenes:Pae21_5393129:5393452 (length 323)
Pae21_results/genesprediction/Pae21.predictedgenes:Pae21_5438792:5439756 (length 964)
Pae21_results/genesprediction/Pae21.predictedgenes:Pae21_5455698:5457160 (length 1462)
Pae21_results/genesprediction/Pae21.predictedgenes:Pae21_5457648:5458372 (length 724)
Pae21_results/genesprediction/Pae21.predictedgenes:Pae21_5466566:5468036 (length 1470)
Pae21_results/genesprediction/Pae21.predictedgenes:Pae21_5572580:5572822 (length 242)
Pae21_results/genesprediction/Pae21.predictedgenes:Pae21_5572912:5574627 (length 1715)
Pae21_results/genesprediction/Pae21.predictedgenes:Pae21_5645471:5647163 (length 1692)
Pae21_results/genesprediction/Pae21.predictedgenes:Pae21_5649124:5654751 (length 5627)
Pae21_results/genesprediction/Pae21.predictedgenes:Pae21_5757402:5758628 (length 1226)
Pae21_results/genesprediction/Pae21.predictedgenes:Pae21_5864947:5866280 (length 1333)
Pae21_results/genesprediction/Pae21.predictedgenes:Pae21_6428102:6433473 (length 5371)
Pae21_results/genesprediction/Pae21.predictedgenes:Pae21_6482669:6483125 (length 456)

DiscRep_ALL:TECHNIQUE_NOT_TSA::73 technique are not set as TSA
Pae21_results/genesprediction/Pae21.predictedgenes:Pae21_19331:19467 (length 136)
Pae21_results/genesprediction/Pae21.predictedgenes:Pae21_21080:21868 (length 788)
Pae21_results/genesprediction/Pae21.predictedgenes:Pae21_57719:62530 (length 4811)
Pae21_results/genesprediction/Pae21.predictedgenes:Pae21_237993:240960 (length 2967)
Pae21_results/genesprediction/Pae21.predictedgenes:Pae21_262617:264073 (length 1456)
Pae21_results/genesprediction/Pae21.predictedgenes:Pae21_297900:299356 (length 1456)
Pae21_results/genesprediction/Pae21.predictedgenes:Pae21_387777:389233 (length 1456)
Pae21_results/genesprediction/Pae21.predictedgenes:Pae21_526751:528216 (length 1465)
Pae21_results/genesprediction/Pae21.predictedgenes:Pae21_659546:664936 (length 5390)
Pae21_results/genesprediction/Pae21.predictedgenes:Pae21_668133:669141 (length 1008)
Pae21_results/genesprediction/Pae21.predictedgenes:Pae21_684757:685158 (length 401)
Pae21_results/genesprediction/Pae21.predictedgenes:Pae21_733386:738569 (length 5183)
Pae21_results/genesprediction/Pae21.predictedgenes:Pae21_739365:739503 (length 138)
Pae21_results/genesprediction/Pae21.predictedgenes:Pae21_780572:780681 (length 109)
Pae21_results/genesprediction/Pae21.predictedgenes:Pae21_816147:820525 (length 4378)
Pae21_results/genesprediction/Pae21.predictedgenes:Pae21_1054975:1056444 (length 1469)
Pae21_results/genesprediction/Pae21.predictedgenes:Pae21_1120258:1120981 (length 723)
Pae21_results/genesprediction/Pae21.predictedgenes:Pae21_1235029:1236497 (length 1468)
Pae21_results/genesprediction/Pae21.predictedgenes:Pae21_1239350:1240817 (length 1467)
Pae21_results/genesprediction/Pae21.predictedgenes:Pae21_1454072:1455535 (length 1463)
Pae21_results/genesprediction/Pae21.predictedgenes:Pae21_1600793:1602018 (length 1225)
Pae21_results/genesprediction/Pae21.predictedgenes:Pae21_1699686:1700294 (length 608)
Pae21_results/genesprediction/Pae21.predictedgenes:Pae21_1998089:1999550 (length 1461)
Pae21_results/genesprediction/Pae21.predictedgenes:Pae21_2120965:2122423 (length 1458)
Pae21_results/genesprediction/Pae21.predictedgenes:Pae21_2422426:2423893 (length 1467)
Pae21_results/genesprediction/Pae21.predictedgenes:Pae21_2448223:2449685 (length 1462)
Pae21_results/genesprediction/Pae21.predictedgenes:Pae21_2681816:2683284 (length 1468)
Pae21_results/genesprediction/Pae21.predictedgenes:Pae21_2689471:2689872 (length 401)
Pae21_results/genesprediction/Pae21.predictedgenes:Pae21_2706163:2707626 (length 1463)
Pae21_results/genesprediction/Pae21.predictedgenes:Pae21_2882684:2887215 (length 4531)
Pae21_results/genesprediction/Pae21.predictedgenes:Pae21_2915764:2918739 (length 2975)
Pae21_results/genesprediction/Pae21.predictedgenes:Pae21_2920496:2921225 (length 729)
Pae21_results/genesprediction/Pae21.predictedgenes:Pae21_2927151:2928878 (length 1727)
Pae21_results/genesprediction/Pae21.predictedgenes:Pae21_2945966:2946488 (length 522)
Pae21_results/genesprediction/Pae21.predictedgenes:Pae21_2947044:2947717 (length 673)
Pae21_results/genesprediction/Pae21.predictedgenes:Pae21_2962732:2963128 (length 396)
Pae21_results/genesprediction/Pae21.predictedgenes:Pae21_2974721:2976190 (length 1469)
Pae21_results/genesprediction/Pae21.predictedgenes:Pae21_3033146:3034156 (length 1010)
Pae21_results/genesprediction/Pae21.predictedgenes:Pae21_3039165:3040360 (length 1195)
Pae21_results/genesprediction/Pae21.predictedgenes:Pae21_3147955:3148180 (length 225)
Pae21_results/genesprediction/Pae21.predictedgenes:Pae21_3182500:3183525 (length 1025)
Pae21_results/genesprediction/Pae21.predictedgenes:Pae21_3267991:3269452 (length 1461)
Pae21_results/genesprediction/Pae21.predictedgenes:Pae21_3416279:3417745 (length 1466)
Pae21_results/genesprediction/Pae21.predictedgenes:Pae21_3555567:3556803 (length 1236)
Pae21_results/genesprediction/Pae21.predictedgenes:Pae21_3624268:3625788 (length 1520)
Pae21_results/genesprediction/Pae21.predictedgenes:Pae21_3674035:3678491 (length 4456)
Pae21_results/genesprediction/Pae21.predictedgenes:Pae21_3746319:3747774 (length 1455)
Pae21_results/genesprediction/Pae21.predictedgenes:Pae21_4157610:4159071 (length 1461)
Pae21_results/genesprediction/Pae21.predictedgenes:Pae21_4163066:4164685 (length 1619)
Pae21_results/genesprediction/Pae21.predictedgenes:Pae21_4251192:4251907 (length 715)
Pae21_results/genesprediction/Pae21.predictedgenes:Pae21_4718106:4719061 (length 955)
Pae21_results/genesprediction/Pae21.predictedgenes:Pae21_4725061:4726161 (length 1100)
Pae21_results/genesprediction/Pae21.predictedgenes:Pae21_4795676:4795865 (length 189)
Pae21_results/genesprediction/Pae21.predictedgenes:Pae21_4828001:4829237 (length 1236)
Pae21_results/genesprediction/Pae21.predictedgenes:Pae21_4852182:4853639 (length 1457)
Pae21_results/genesprediction/Pae21.predictedgenes:Pae21_4884016:4885070 (length 1054)
Pae21_results/genesprediction/Pae21.predictedgenes:Pae21_5076338:5083544 (length 7206)
Pae21_results/genesprediction/Pae21.predictedgenes:Pae21_5125842:5126380 (length 538)
Pae21_results/genesprediction/Pae21.predictedgenes:Pae21_5127698:5128470 (length 772)
Pae21_results/genesprediction/Pae21.predictedgenes:Pae21_5282877:5284197 (length 1320)
Pae21_results/genesprediction/Pae21.predictedgenes:Pae21_5393129:5393452 (length 323)
Pae21_results/genesprediction/Pae21.predictedgenes:Pae21_5438792:5439756 (length 964)
Pae21_results/genesprediction/Pae21.predictedgenes:Pae21_5455698:5457160 (length 1462)
Pae21_results/genesprediction/Pae21.predictedgenes:Pae21_5457648:5458372 (length 724)
Pae21_results/genesprediction/Pae21.predictedgenes:Pae21_5466566:5468036 (length 1470)
Pae21_results/genesprediction/Pae21.predictedgenes:Pae21_5572580:5572822 (length 242)
Pae21_results/genesprediction/Pae21.predictedgenes:Pae21_5572912:5574627 (length 1715)
Pae21_results/genesprediction/Pae21.predictedgenes:Pae21_5645471:5647163 (length 1692)
Pae21_results/genesprediction/Pae21.predictedgenes:Pae21_5649124:5654751 (length 5627)
Pae21_results/genesprediction/Pae21.predictedgenes:Pae21_5757402:5758628 (length 1226)
Pae21_results/genesprediction/Pae21.predictedgenes:Pae21_5864947:5866280 (length 1333)
Pae21_results/genesprediction/Pae21.predictedgenes:Pae21_6428102:6433473 (length 5371)
Pae21_results/genesprediction/Pae21.predictedgenes:Pae21_6482669:6483125 (length 456)

DiscRep_ALL:MISSING_STRUCTURED_COMMENT::73 sequences do not include structured comments.
Pae21_results/genesprediction/Pae21.predictedgenes:Pae21_19331:19467 (length 136)
Pae21_results/genesprediction/Pae21.predictedgenes:Pae21_21080:21868 (length 788)
Pae21_results/genesprediction/Pae21.predictedgenes:Pae21_57719:62530 (length 4811)
Pae21_results/genesprediction/Pae21.predictedgenes:Pae21_237993:240960 (length 2967)
Pae21_results/genesprediction/Pae21.predictedgenes:Pae21_262617:264073 (length 1456)
Pae21_results/genesprediction/Pae21.predictedgenes:Pae21_297900:299356 (length 1456)
Pae21_results/genesprediction/Pae21.predictedgenes:Pae21_387777:389233 (length 1456)
Pae21_results/genesprediction/Pae21.predictedgenes:Pae21_526751:528216 (length 1465)
Pae21_results/genesprediction/Pae21.predictedgenes:Pae21_659546:664936 (length 5390)
Pae21_results/genesprediction/Pae21.predictedgenes:Pae21_668133:669141 (length 1008)
Pae21_results/genesprediction/Pae21.predictedgenes:Pae21_684757:685158 (length 401)
Pae21_results/genesprediction/Pae21.predictedgenes:Pae21_733386:738569 (length 5183)
Pae21_results/genesprediction/Pae21.predictedgenes:Pae21_739365:739503 (length 138)
Pae21_results/genesprediction/Pae21.predictedgenes:Pae21_780572:780681 (length 109)
Pae21_results/genesprediction/Pae21.predictedgenes:Pae21_816147:820525 (length 4378)
Pae21_results/genesprediction/Pae21.predictedgenes:Pae21_1054975:1056444 (length 1469)
Pae21_results/genesprediction/Pae21.predictedgenes:Pae21_1120258:1120981 (length 723)
Pae21_results/genesprediction/Pae21.predictedgenes:Pae21_1235029:1236497 (length 1468)
Pae21_results/genesprediction/Pae21.predictedgenes:Pae21_1239350:1240817 (length 1467)
Pae21_results/genesprediction/Pae21.predictedgenes:Pae21_1454072:1455535 (length 1463)
Pae21_results/genesprediction/Pae21.predictedgenes:Pae21_1600793:1602018 (length 1225)
Pae21_results/genesprediction/Pae21.predictedgenes:Pae21_1699686:1700294 (length 608)
Pae21_results/genesprediction/Pae21.predictedgenes:Pae21_1998089:1999550 (length 1461)
Pae21_results/genesprediction/Pae21.predictedgenes:Pae21_2120965:2122423 (length 1458)
Pae21_results/genesprediction/Pae21.predictedgenes:Pae21_2422426:2423893 (length 1467)
Pae21_results/genesprediction/Pae21.predictedgenes:Pae21_2448223:2449685 (length 1462)
Pae21_results/genesprediction/Pae21.predictedgenes:Pae21_2681816:2683284 (length 1468)
Pae21_results/genesprediction/Pae21.predictedgenes:Pae21_2689471:2689872 (length 401)
Pae21_results/genesprediction/Pae21.predictedgenes:Pae21_2706163:2707626 (length 1463)
Pae21_results/genesprediction/Pae21.predictedgenes:Pae21_2882684:2887215 (length 4531)
Pae21_results/genesprediction/Pae21.predictedgenes:Pae21_2915764:2918739 (length 2975)
Pae21_results/genesprediction/Pae21.predictedgenes:Pae21_2920496:2921225 (length 729)
Pae21_results/genesprediction/Pae21.predictedgenes:Pae21_2927151:2928878 (length 1727)
Pae21_results/genesprediction/Pae21.predictedgenes:Pae21_2945966:2946488 (length 522)
Pae21_results/genesprediction/Pae21.predictedgenes:Pae21_2947044:2947717 (length 673)
Pae21_results/genesprediction/Pae21.predictedgenes:Pae21_2962732:2963128 (length 396)
Pae21_results/genesprediction/Pae21.predictedgenes:Pae21_2974721:2976190 (length 1469)
Pae21_results/genesprediction/Pae21.predictedgenes:Pae21_3033146:3034156 (length 1010)
Pae21_results/genesprediction/Pae21.predictedgenes:Pae21_3039165:3040360 (length 1195)
Pae21_results/genesprediction/Pae21.predictedgenes:Pae21_3147955:3148180 (length 225)
Pae21_results/genesprediction/Pae21.predictedgenes:Pae21_3182500:3183525 (length 1025)
Pae21_results/genesprediction/Pae21.predictedgenes:Pae21_3267991:3269452 (length 1461)
Pae21_results/genesprediction/Pae21.predictedgenes:Pae21_3416279:3417745 (length 1466)
Pae21_results/genesprediction/Pae21.predictedgenes:Pae21_3555567:3556803 (length 1236)
Pae21_results/genesprediction/Pae21.predictedgenes:Pae21_3624268:3625788 (length 1520)
Pae21_results/genesprediction/Pae21.predictedgenes:Pae21_3674035:3678491 (length 4456)
Pae21_results/genesprediction/Pae21.predictedgenes:Pae21_3746319:3747774 (length 1455)
Pae21_results/genesprediction/Pae21.predictedgenes:Pae21_4157610:4159071 (length 1461)
Pae21_results/genesprediction/Pae21.predictedgenes:Pae21_4163066:4164685 (length 1619)
Pae21_results/genesprediction/Pae21.predictedgenes:Pae21_4251192:4251907 (length 715)
Pae21_results/genesprediction/Pae21.predictedgenes:Pae21_4718106:4719061 (length 955)
Pae21_results/genesprediction/Pae21.predictedgenes:Pae21_4725061:4726161 (length 1100)
Pae21_results/genesprediction/Pae21.predictedgenes:Pae21_4795676:4795865 (length 189)
Pae21_results/genesprediction/Pae21.predictedgenes:Pae21_4828001:4829237 (length 1236)
Pae21_results/genesprediction/Pae21.predictedgenes:Pae21_4852182:4853639 (length 1457)
Pae21_results/genesprediction/Pae21.predictedgenes:Pae21_4884016:4885070 (length 1054)
Pae21_results/genesprediction/Pae21.predictedgenes:Pae21_5076338:5083544 (length 7206)
Pae21_results/genesprediction/Pae21.predictedgenes:Pae21_5125842:5126380 (length 538)
Pae21_results/genesprediction/Pae21.predictedgenes:Pae21_5127698:5128470 (length 772)
Pae21_results/genesprediction/Pae21.predictedgenes:Pae21_5282877:5284197 (length 1320)
Pae21_results/genesprediction/Pae21.predictedgenes:Pae21_5393129:5393452 (length 323)
Pae21_results/genesprediction/Pae21.predictedgenes:Pae21_5438792:5439756 (length 964)
Pae21_results/genesprediction/Pae21.predictedgenes:Pae21_5455698:5457160 (length 1462)
Pae21_results/genesprediction/Pae21.predictedgenes:Pae21_5457648:5458372 (length 724)
Pae21_results/genesprediction/Pae21.predictedgenes:Pae21_5466566:5468036 (length 1470)
Pae21_results/genesprediction/Pae21.predictedgenes:Pae21_5572580:5572822 (length 242)
Pae21_results/genesprediction/Pae21.predictedgenes:Pae21_5572912:5574627 (length 1715)
Pae21_results/genesprediction/Pae21.predictedgenes:Pae21_5645471:5647163 (length 1692)
Pae21_results/genesprediction/Pae21.predictedgenes:Pae21_5649124:5654751 (length 5627)
Pae21_results/genesprediction/Pae21.predictedgenes:Pae21_5757402:5758628 (length 1226)
Pae21_results/genesprediction/Pae21.predictedgenes:Pae21_5864947:5866280 (length 1333)
Pae21_results/genesprediction/Pae21.predictedgenes:Pae21_6428102:6433473 (length 5371)
Pae21_results/genesprediction/Pae21.predictedgenes:Pae21_6482669:6483125 (length 456)

DiscRep_ALL:MISSING_PROJECT::145 sequences do not include project.
Pae21_results/genesprediction/Pae21.predictedgenes:Pae21_19331:19467 (length 136)
Pae21_results/genesprediction/Pae21.predictedgenes:Pae21_21080:21868 (length 788)
Pae21_results/genesprediction/Pae21.predictedgenes:Pae21_21080:21868_1 (length 83)
Pae21_results/genesprediction/Pae21.predictedgenes:Pae21_57719:62530 (length 4811)
Pae21_results/genesprediction/Pae21.predictedgenes:Pae21_57719:62530_1 (length 123)
Pae21_results/genesprediction/Pae21.predictedgenes:Pae21_57719:62530_2 (length 1058)
Pae21_results/genesprediction/Pae21.predictedgenes:Pae21_237993:240960 (length 2967)
Pae21_results/genesprediction/Pae21.predictedgenes:Pae21_237993:240960_1 (length 632)
Pae21_results/genesprediction/Pae21.predictedgenes:Pae21_237993:240960_2 (length 79)
Pae21_results/genesprediction/Pae21.predictedgenes:Pae21_237993:240960_3 (length 108)
Pae21_results/genesprediction/Pae21.predictedgenes:Pae21_262617:264073 (length 1456)
Pae21_results/genesprediction/Pae21.predictedgenes:Pae21_262617:264073_1 (length 456)
Pae21_results/genesprediction/Pae21.predictedgenes:Pae21_297900:299356 (length 1456)
Pae21_results/genesprediction/Pae21.predictedgenes:Pae21_297900:299356_1 (length 456)
Pae21_results/genesprediction/Pae21.predictedgenes:Pae21_387777:389233 (length 1456)
Pae21_results/genesprediction/Pae21.predictedgenes:Pae21_387777:389233_1 (length 456)
Pae21_results/genesprediction/Pae21.predictedgenes:Pae21_526751:528216 (length 1465)
Pae21_results/genesprediction/Pae21.predictedgenes:Pae21_526751:528216_1 (length 456)
Pae21_results/genesprediction/Pae21.predictedgenes:Pae21_659546:664936 (length 5390)
Pae21_results/genesprediction/Pae21.predictedgenes:Pae21_668133:669141 (length 1008)
Pae21_results/genesprediction/Pae21.predictedgenes:Pae21_684757:685158 (length 401)
Pae21_results/genesprediction/Pae21.predictedgenes:Pae21_733386:738569 (length 5183)
Pae21_results/genesprediction/Pae21.predictedgenes:Pae21_733386:738569_1 (length 214)
Pae21_results/genesprediction/Pae21.predictedgenes:Pae21_733386:738569_2 (length 278)
Pae21_results/genesprediction/Pae21.predictedgenes:Pae21_733386:738569_3 (length 627)
Pae21_results/genesprediction/Pae21.predictedgenes:Pae21_733386:738569_4 (length 207)
Pae21_results/genesprediction/Pae21.predictedgenes:Pae21_733386:738569_5 (length 378)
Pae21_results/genesprediction/Pae21.predictedgenes:Pae21_739365:739503 (length 138)
Pae21_results/genesprediction/Pae21.predictedgenes:Pae21_780572:780681 (length 109)
Pae21_results/genesprediction/Pae21.predictedgenes:Pae21_816147:820525 (length 4378)
Pae21_results/genesprediction/Pae21.predictedgenes:Pae21_816147:820525_1 (length 316)
Pae21_results/genesprediction/Pae21.predictedgenes:Pae21_816147:820525_2 (length 719)
Pae21_results/genesprediction/Pae21.predictedgenes:Pae21_816147:820525_3 (length 239)
Pae21_results/genesprediction/Pae21.predictedgenes:Pae21_1054975:1056444 (length 1469)
Pae21_results/genesprediction/Pae21.predictedgenes:Pae21_1054975:1056444_1 (length 456)
Pae21_results/genesprediction/Pae21.predictedgenes:Pae21_1120258:1120981 (length 723)
Pae21_results/genesprediction/Pae21.predictedgenes:Pae21_1235029:1236497 (length 1468)
Pae21_results/genesprediction/Pae21.predictedgenes:Pae21_1235029:1236497_1 (length 456)
Pae21_results/genesprediction/Pae21.predictedgenes:Pae21_1239350:1240817 (length 1467)
Pae21_results/genesprediction/Pae21.predictedgenes:Pae21_1239350:1240817_1 (length 456)
Pae21_results/genesprediction/Pae21.predictedgenes:Pae21_1454072:1455535 (length 1463)
Pae21_results/genesprediction/Pae21.predictedgenes:Pae21_1454072:1455535_1 (length 456)
Pae21_results/genesprediction/Pae21.predictedgenes:Pae21_1600793:1602018 (length 1225)
Pae21_results/genesprediction/Pae21.predictedgenes:Pae21_1600793:1602018_1 (length 70)
Pae21_results/genesprediction/Pae21.predictedgenes:Pae21_1600793:1602018_2 (length 288)
Pae21_results/genesprediction/Pae21.predictedgenes:Pae21_1699686:1700294 (length 608)
Pae21_results/genesprediction/Pae21.predictedgenes:Pae21_1998089:1999550 (length 1461)
Pae21_results/genesprediction/Pae21.predictedgenes:Pae21_1998089:1999550_1 (length 456)
Pae21_results/genesprediction/Pae21.predictedgenes:Pae21_2120965:2122423 (length 1458)
Pae21_results/genesprediction/Pae21.predictedgenes:Pae21_2120965:2122423_1 (length 456)
Pae21_results/genesprediction/Pae21.predictedgenes:Pae21_2422426:2423893 (length 1467)
Pae21_results/genesprediction/Pae21.predictedgenes:Pae21_2422426:2423893_1 (length 456)
Pae21_results/genesprediction/Pae21.predictedgenes:Pae21_2448223:2449685 (length 1462)
Pae21_results/genesprediction/Pae21.predictedgenes:Pae21_2448223:2449685_1 (length 456)
Pae21_results/genesprediction/Pae21.predictedgenes:Pae21_2681816:2683284 (length 1468)
Pae21_results/genesprediction/Pae21.predictedgenes:Pae21_2681816:2683284_1 (length 456)
Pae21_results/genesprediction/Pae21.predictedgenes:Pae21_2689471:2689872 (length 401)
Pae21_results/genesprediction/Pae21.predictedgenes:Pae21_2706163:2707626 (length 1463)
Pae21_results/genesprediction/Pae21.predictedgenes:Pae21_2706163:2707626_1 (length 456)
Pae21_results/genesprediction/Pae21.predictedgenes:Pae21_2882684:2887215 (length 4531)
Pae21_results/genesprediction/Pae21.predictedgenes:Pae21_2882684:2887215_1 (length 316)
Pae21_results/genesprediction/Pae21.predictedgenes:Pae21_2882684:2887215_2 (length 719)
Pae21_results/genesprediction/Pae21.predictedgenes:Pae21_2882684:2887215_3 (length 351)
Pae21_results/genesprediction/Pae21.predictedgenes:Pae21_2915764:2918739 (length 2975)
Pae21_results/genesprediction/Pae21.predictedgenes:Pae21_2915764:2918739_1 (length 399)
Pae21_results/genesprediction/Pae21.predictedgenes:Pae21_2915764:2918739_2 (length 357)
Pae21_results/genesprediction/Pae21.predictedgenes:Pae21_2920496:2921225 (length 729)
Pae21_results/genesprediction/Pae21.predictedgenes:Pae21_2927151:2928878 (length 1727)
Pae21_results/genesprediction/Pae21.predictedgenes:Pae21_2945966:2946488 (length 522)
Pae21_results/genesprediction/Pae21.predictedgenes:Pae21_2947044:2947717 (length 673)
Pae21_results/genesprediction/Pae21.predictedgenes:Pae21_2962732:2963128 (length 396)
Pae21_results/genesprediction/Pae21.predictedgenes:Pae21_2974721:2976190 (length 1469)
Pae21_results/genesprediction/Pae21.predictedgenes:Pae21_2974721:2976190_1 (length 456)
Pae21_results/genesprediction/Pae21.predictedgenes:Pae21_3033146:3034156 (length 1010)
Pae21_results/genesprediction/Pae21.predictedgenes:Pae21_3039165:3040360 (length 1195)
Pae21_results/genesprediction/Pae21.predictedgenes:Pae21_3147955:3148180 (length 225)
Pae21_results/genesprediction/Pae21.predictedgenes:Pae21_3182500:3183525 (length 1025)
Pae21_results/genesprediction/Pae21.predictedgenes:Pae21_3267991:3269452 (length 1461)
Pae21_results/genesprediction/Pae21.predictedgenes:Pae21_3267991:3269452_1 (length 456)
Pae21_results/genesprediction/Pae21.predictedgenes:Pae21_3416279:3417745 (length 1466)
Pae21_results/genesprediction/Pae21.predictedgenes:Pae21_3416279:3417745_1 (length 456)
Pae21_results/genesprediction/Pae21.predictedgenes:Pae21_3555567:3556803 (length 1236)
Pae21_results/genesprediction/Pae21.predictedgenes:Pae21_3555567:3556803_1 (length 288)
Pae21_results/genesprediction/Pae21.predictedgenes:Pae21_3555567:3556803_2 (length 70)
Pae21_results/genesprediction/Pae21.predictedgenes:Pae21_3624268:3625788 (length 1520)
Pae21_results/genesprediction/Pae21.predictedgenes:Pae21_3624268:3625788_1 (length 184)
Pae21_results/genesprediction/Pae21.predictedgenes:Pae21_3624268:3625788_2 (length 255)
Pae21_results/genesprediction/Pae21.predictedgenes:Pae21_3674035:3678491 (length 4456)
Pae21_results/genesprediction/Pae21.predictedgenes:Pae21_3674035:3678491_1 (length 214)
Pae21_results/genesprediction/Pae21.predictedgenes:Pae21_3674035:3678491_2 (length 278)
Pae21_results/genesprediction/Pae21.predictedgenes:Pae21_3674035:3678491_3 (length 627)
Pae21_results/genesprediction/Pae21.predictedgenes:Pae21_3674035:3678491_4 (length 207)
Pae21_results/genesprediction/Pae21.predictedgenes:Pae21_3674035:3678491_5 (length 134)
Pae21_results/genesprediction/Pae21.predictedgenes:Pae21_3746319:3747774 (length 1455)
Pae21_results/genesprediction/Pae21.predictedgenes:Pae21_3746319:3747774_1 (length 456)
Pae21_results/genesprediction/Pae21.predictedgenes:Pae21_4157610:4159071 (length 1461)
Pae21_results/genesprediction/Pae21.predictedgenes:Pae21_4157610:4159071_1 (length 456)
Pae21_results/genesprediction/Pae21.predictedgenes:Pae21_4163066:4164685 (length 1619)
Pae21_results/genesprediction/Pae21.predictedgenes:Pae21_4163066:4164685_1 (length 42)
Pae21_results/genesprediction/Pae21.predictedgenes:Pae21_4163066:4164685_2 (length 223)
Pae21_results/genesprediction/Pae21.predictedgenes:Pae21_4163066:4164685_3 (length 159)
Pae21_results/genesprediction/Pae21.predictedgenes:Pae21_4251192:4251907 (length 715)
Pae21_results/genesprediction/Pae21.predictedgenes:Pae21_4718106:4719061 (length 955)
Pae21_results/genesprediction/Pae21.predictedgenes:Pae21_4718106:4719061_1 (length 41)
Pae21_results/genesprediction/Pae21.predictedgenes:Pae21_4725061:4726161 (length 1100)
Pae21_results/genesprediction/Pae21.predictedgenes:Pae21_4725061:4726161_1 (length 83)
Pae21_results/genesprediction/Pae21.predictedgenes:Pae21_4725061:4726161_2 (length 208)
Pae21_results/genesprediction/Pae21.predictedgenes:Pae21_4795676:4795865 (length 189)
Pae21_results/genesprediction/Pae21.predictedgenes:Pae21_4828001:4829237 (length 1236)
Pae21_results/genesprediction/Pae21.predictedgenes:Pae21_4828001:4829237_1 (length 288)
Pae21_results/genesprediction/Pae21.predictedgenes:Pae21_4828001:4829237_2 (length 70)
Pae21_results/genesprediction/Pae21.predictedgenes:Pae21_4852182:4853639 (length 1457)
Pae21_results/genesprediction/Pae21.predictedgenes:Pae21_4852182:4853639_1 (length 456)
Pae21_results/genesprediction/Pae21.predictedgenes:Pae21_4884016:4885070 (length 1054)
Pae21_results/genesprediction/Pae21.predictedgenes:Pae21_4884016:4885070_1 (length 67)
Pae21_results/genesprediction/Pae21.predictedgenes:Pae21_5076338:5083544 (length 7206)
Pae21_results/genesprediction/Pae21.predictedgenes:Pae21_5076338:5083544_1 (length 456)
Pae21_results/genesprediction/Pae21.predictedgenes:Pae21_5076338:5083544_2 (length 85)
Pae21_results/genesprediction/Pae21.predictedgenes:Pae21_5076338:5083544_3 (length 30)
Pae21_results/genesprediction/Pae21.predictedgenes:Pae21_5125842:5126380 (length 538)
Pae21_results/genesprediction/Pae21.predictedgenes:Pae21_5125842:5126380_1 (length 158)
Pae21_results/genesprediction/Pae21.predictedgenes:Pae21_5127698:5128470 (length 772)
Pae21_results/genesprediction/Pae21.predictedgenes:Pae21_5127698:5128470_1 (length 205)
Pae21_results/genesprediction/Pae21.predictedgenes:Pae21_5282877:5284197 (length 1320)
Pae21_results/genesprediction/Pae21.predictedgenes:Pae21_5282877:5284197_1 (length 153)
Pae21_results/genesprediction/Pae21.predictedgenes:Pae21_5393129:5393452 (length 323)
Pae21_results/genesprediction/Pae21.predictedgenes:Pae21_5438792:5439756 (length 964)
Pae21_results/genesprediction/Pae21.predictedgenes:Pae21_5438792:5439756_1 (length 41)
Pae21_results/genesprediction/Pae21.predictedgenes:Pae21_5455698:5457160 (length 1462)
Pae21_results/genesprediction/Pae21.predictedgenes:Pae21_5455698:5457160_1 (length 456)
Pae21_results/genesprediction/Pae21.predictedgenes:Pae21_5457648:5458372 (length 724)
Pae21_results/genesprediction/Pae21.predictedgenes:Pae21_5466566:5468036 (length 1470)
Pae21_results/genesprediction/Pae21.predictedgenes:Pae21_5466566:5468036_1 (length 456)
Pae21_results/genesprediction/Pae21.predictedgenes:Pae21_5572580:5572822 (length 242)
Pae21_results/genesprediction/Pae21.predictedgenes:Pae21_5572912:5574627 (length 1715)
Pae21_results/genesprediction/Pae21.predictedgenes:Pae21_5645471:5647163 (length 1692)
Pae21_results/genesprediction/Pae21.predictedgenes:Pae21_5645471:5647163_1 (length 330)
Pae21_results/genesprediction/Pae21.predictedgenes:Pae21_5649124:5654751 (length 5627)
Pae21_results/genesprediction/Pae21.predictedgenes:Pae21_5757402:5758628 (length 1226)
Pae21_results/genesprediction/Pae21.predictedgenes:Pae21_5757402:5758628_1 (length 288)
Pae21_results/genesprediction/Pae21.predictedgenes:Pae21_5757402:5758628_2 (length 70)
Pae21_results/genesprediction/Pae21.predictedgenes:Pae21_5864947:5866280 (length 1333)
Pae21_results/genesprediction/Pae21.predictedgenes:Pae21_5864947:5866280_1 (length 153)
Pae21_results/genesprediction/Pae21.predictedgenes:Pae21_6428102:6433473 (length 5371)
Pae21_results/genesprediction/Pae21.predictedgenes:Pae21_6482669:6483125 (length 456)

FATAL: DiscRep_ALL:RRNA_NAME_CONFLICTS::4 rRNA product names are not standard. Correct the names to the standard format, eg "16S ribosomal RNA"
Pae21_results/genesprediction/Pae21.predictedgenes:rRNA	5S ribosomal RNA (partial)	Pae21_659546:664936:5301-5384	OMDBFACO_00015
Pae21_results/genesprediction/Pae21.predictedgenes:rRNA	5S ribosomal RNA (partial)	Pae21_5076338:5083544:c68-4	OMDBFACO_00066
Pae21_results/genesprediction/Pae21.predictedgenes:rRNA	23S ribosomal RNA (partial)	Pae21_5076338:5083544:c2112-215	OMDBFACO_00067
Pae21_results/genesprediction/Pae21.predictedgenes:rRNA	5S ribosomal RNA (partial)	Pae21_6428102:6433473:c71-3	OMDBFACO_00089

DiscRep_ALL:DISC_INCONSISTENT_MOLINFO_TECH::Molinfo Technique Report (some missing, all same)
DiscRep_SUB:DISC_INCONSISTENT_MOLINFO_TECH::technique (all missing)
DiscRep_SUB:DISC_INCONSISTENT_MOLINFO_TECH::73 Molinfos are missing field technique
Pae21_results/genesprediction/Pae21.predictedgenes:Pae21_19331:19467 (length 136)
Pae21_results/genesprediction/Pae21.predictedgenes:Pae21_21080:21868 (length 788)
Pae21_results/genesprediction/Pae21.predictedgenes:Pae21_57719:62530 (length 4811)
Pae21_results/genesprediction/Pae21.predictedgenes:Pae21_237993:240960 (length 2967)
Pae21_results/genesprediction/Pae21.predictedgenes:Pae21_262617:264073 (length 1456)
Pae21_results/genesprediction/Pae21.predictedgenes:Pae21_297900:299356 (length 1456)
Pae21_results/genesprediction/Pae21.predictedgenes:Pae21_387777:389233 (length 1456)
Pae21_results/genesprediction/Pae21.predictedgenes:Pae21_526751:528216 (length 1465)
Pae21_results/genesprediction/Pae21.predictedgenes:Pae21_659546:664936 (length 5390)
Pae21_results/genesprediction/Pae21.predictedgenes:Pae21_668133:669141 (length 1008)
Pae21_results/genesprediction/Pae21.predictedgenes:Pae21_684757:685158 (length 401)
Pae21_results/genesprediction/Pae21.predictedgenes:Pae21_733386:738569 (length 5183)
Pae21_results/genesprediction/Pae21.predictedgenes:Pae21_739365:739503 (length 138)
Pae21_results/genesprediction/Pae21.predictedgenes:Pae21_780572:780681 (length 109)
Pae21_results/genesprediction/Pae21.predictedgenes:Pae21_816147:820525 (length 4378)
Pae21_results/genesprediction/Pae21.predictedgenes:Pae21_1054975:1056444 (length 1469)
Pae21_results/genesprediction/Pae21.predictedgenes:Pae21_1120258:1120981 (length 723)
Pae21_results/genesprediction/Pae21.predictedgenes:Pae21_1235029:1236497 (length 1468)
Pae21_results/genesprediction/Pae21.predictedgenes:Pae21_1239350:1240817 (length 1467)
Pae21_results/genesprediction/Pae21.predictedgenes:Pae21_1454072:1455535 (length 1463)
Pae21_results/genesprediction/Pae21.predictedgenes:Pae21_1600793:1602018 (length 1225)
Pae21_results/genesprediction/Pae21.predictedgenes:Pae21_1699686:1700294 (length 608)
Pae21_results/genesprediction/Pae21.predictedgenes:Pae21_1998089:1999550 (length 1461)
Pae21_results/genesprediction/Pae21.predictedgenes:Pae21_2120965:2122423 (length 1458)
Pae21_results/genesprediction/Pae21.predictedgenes:Pae21_2422426:2423893 (length 1467)
Pae21_results/genesprediction/Pae21.predictedgenes:Pae21_2448223:2449685 (length 1462)
Pae21_results/genesprediction/Pae21.predictedgenes:Pae21_2681816:2683284 (length 1468)
Pae21_results/genesprediction/Pae21.predictedgenes:Pae21_2689471:2689872 (length 401)
Pae21_results/genesprediction/Pae21.predictedgenes:Pae21_2706163:2707626 (length 1463)
Pae21_results/genesprediction/Pae21.predictedgenes:Pae21_2882684:2887215 (length 4531)
Pae21_results/genesprediction/Pae21.predictedgenes:Pae21_2915764:2918739 (length 2975)
Pae21_results/genesprediction/Pae21.predictedgenes:Pae21_2920496:2921225 (length 729)
Pae21_results/genesprediction/Pae21.predictedgenes:Pae21_2927151:2928878 (length 1727)
Pae21_results/genesprediction/Pae21.predictedgenes:Pae21_2945966:2946488 (length 522)
Pae21_results/genesprediction/Pae21.predictedgenes:Pae21_2947044:2947717 (length 673)
Pae21_results/genesprediction/Pae21.predictedgenes:Pae21_2962732:2963128 (length 396)
Pae21_results/genesprediction/Pae21.predictedgenes:Pae21_2974721:2976190 (length 1469)
Pae21_results/genesprediction/Pae21.predictedgenes:Pae21_3033146:3034156 (length 1010)
Pae21_results/genesprediction/Pae21.predictedgenes:Pae21_3039165:3040360 (length 1195)
Pae21_results/genesprediction/Pae21.predictedgenes:Pae21_3147955:3148180 (length 225)
Pae21_results/genesprediction/Pae21.predictedgenes:Pae21_3182500:3183525 (length 1025)
Pae21_results/genesprediction/Pae21.predictedgenes:Pae21_3267991:3269452 (length 1461)
Pae21_results/genesprediction/Pae21.predictedgenes:Pae21_3416279:3417745 (length 1466)
Pae21_results/genesprediction/Pae21.predictedgenes:Pae21_3555567:3556803 (length 1236)
Pae21_results/genesprediction/Pae21.predictedgenes:Pae21_3624268:3625788 (length 1520)
Pae21_results/genesprediction/Pae21.predictedgenes:Pae21_3674035:3678491 (length 4456)
Pae21_results/genesprediction/Pae21.predictedgenes:Pae21_3746319:3747774 (length 1455)
Pae21_results/genesprediction/Pae21.predictedgenes:Pae21_4157610:4159071 (length 1461)
Pae21_results/genesprediction/Pae21.predictedgenes:Pae21_4163066:4164685 (length 1619)
Pae21_results/genesprediction/Pae21.predictedgenes:Pae21_4251192:4251907 (length 715)
Pae21_results/genesprediction/Pae21.predictedgenes:Pae21_4718106:4719061 (length 955)
Pae21_results/genesprediction/Pae21.predictedgenes:Pae21_4725061:4726161 (length 1100)
Pae21_results/genesprediction/Pae21.predictedgenes:Pae21_4795676:4795865 (length 189)
Pae21_results/genesprediction/Pae21.predictedgenes:Pae21_4828001:4829237 (length 1236)
Pae21_results/genesprediction/Pae21.predictedgenes:Pae21_4852182:4853639 (length 1457)
Pae21_results/genesprediction/Pae21.predictedgenes:Pae21_4884016:4885070 (length 1054)
Pae21_results/genesprediction/Pae21.predictedgenes:Pae21_5076338:5083544 (length 7206)
Pae21_results/genesprediction/Pae21.predictedgenes:Pae21_5125842:5126380 (length 538)
Pae21_results/genesprediction/Pae21.predictedgenes:Pae21_5127698:5128470 (length 772)
Pae21_results/genesprediction/Pae21.predictedgenes:Pae21_5282877:5284197 (length 1320)
Pae21_results/genesprediction/Pae21.predictedgenes:Pae21_5393129:5393452 (length 323)
Pae21_results/genesprediction/Pae21.predictedgenes:Pae21_5438792:5439756 (length 964)
Pae21_results/genesprediction/Pae21.predictedgenes:Pae21_5455698:5457160 (length 1462)
Pae21_results/genesprediction/Pae21.predictedgenes:Pae21_5457648:5458372 (length 724)
Pae21_results/genesprediction/Pae21.predictedgenes:Pae21_5466566:5468036 (length 1470)
Pae21_results/genesprediction/Pae21.predictedgenes:Pae21_5572580:5572822 (length 242)
Pae21_results/genesprediction/Pae21.predictedgenes:Pae21_5572912:5574627 (length 1715)
Pae21_results/genesprediction/Pae21.predictedgenes:Pae21_5645471:5647163 (length 1692)
Pae21_results/genesprediction/Pae21.predictedgenes:Pae21_5649124:5654751 (length 5627)
Pae21_results/genesprediction/Pae21.predictedgenes:Pae21_5757402:5758628 (length 1226)
Pae21_results/genesprediction/Pae21.predictedgenes:Pae21_5864947:5866280 (length 1333)
Pae21_results/genesprediction/Pae21.predictedgenes:Pae21_6428102:6433473 (length 5371)
Pae21_results/genesprediction/Pae21.predictedgenes:Pae21_6482669:6483125 (length 456)

