Discrepancy Report Results

Summary
FATAL: MISSING_PROTEIN_ID:63 proteins have invalid IDs.
DISC_SOURCE_QUALS_ASNDISC:strain (all present, all same)
DISC_SOURCE_QUALS_ASNDISC:taxname (all present, all same)
DISC_FEATURE_COUNT:CDS: 63 present
DISC_FEATURE_COUNT:tRNA: 14 present
DISC_FEATURE_COUNT:rRNA: 18 present
DISC_COUNT_NUCLEOTIDES:64 nucleotide Bioseqs are present
FEATURE_LOCATION_CONFLICT:95 features have inconsistent gene locations.
SHORT_CONTIG:5 contigs are shorter than 200 nt.
SUSPECT_PRODUCT_NAMES:2 product_names contain suspect phrase or characters
	May contain database identifier more appropriate in note; remove from product name
		2 features contains three or more numbers together that may be identifiers more appropriate in note
DISC_LONG_NO_ANNOTATION:1 bioseqs are longer than 5000nt and have no features
NO_ANNOTATION:40 bioseqs have no features
DISC_QUALITY_SCORES:Quality scores are missing on all sequences.
FATAL: DISC_SUSPECT_RRNA_PRODUCTS:3 rRNA product names contain suspect phrase
FATAL: DISC_SHORT_RRNA:3 rRNA features are too short
ONCALLER_COMMENT_PRESENT:64 comment descriptors were found (all same)
MISSING_GENOMEASSEMBLY_COMMENTS:64 bioseqs are missing GenomeAssembly structured comments
SHORT_SEQUENCES_200:5 sequences are shorter than 200 bp.
MOLTYPE_NOT_MRNA:64 molecule types are not set as mRNA.
TECHNIQUE_NOT_TSA:64 technique are not set as TSA
MISSING_STRUCTURED_COMMENT:64 sequences do not include structured comments.
MISSING_PROJECT:127 sequences do not include project.
FATAL: RRNA_NAME_CONFLICTS:3 rRNA product names are not standard. Correct the names to the standard format, eg "16S ribosomal RNA"
DISC_INCONSISTENT_MOLINFO_TECH:Molinfo Technique Report (some missing, all same)


Detailed Report

FATAL: DiscRep_ALL:MISSING_PROTEIN_ID::63 proteins have invalid IDs.
Aba1_folder/genesprediction/Aba1.predictedgenes:Aba1_464857:465791_1 (length 143)
Aba1_folder/genesprediction/Aba1.predictedgenes:Aba1_464857:465791_2 (length 69)
Aba1_folder/genesprediction/Aba1.predictedgenes:Aba1_914715:915844_1 (length 62)
Aba1_folder/genesprediction/Aba1.predictedgenes:Aba1_954745:966592_1 (length 252)
Aba1_folder/genesprediction/Aba1.predictedgenes:Aba1_954745:966592_2 (length 636)
Aba1_folder/genesprediction/Aba1.predictedgenes:Aba1_954745:966592_3 (length 306)
Aba1_folder/genesprediction/Aba1.predictedgenes:Aba1_954745:966592_4 (length 336)
Aba1_folder/genesprediction/Aba1.predictedgenes:Aba1_954745:966592_5 (length 53)
Aba1_folder/genesprediction/Aba1.predictedgenes:Aba1_954745:966592_6 (length 304)
Aba1_folder/genesprediction/Aba1.predictedgenes:Aba1_954745:966592_7 (length 123)
Aba1_folder/genesprediction/Aba1.predictedgenes:Aba1_954745:966592_8 (length 99)
Aba1_folder/genesprediction/Aba1.predictedgenes:Aba1_954745:966592_9 (length 283)
Aba1_folder/genesprediction/Aba1.predictedgenes:Aba1_954745:966592_10 (length 495)
Aba1_folder/genesprediction/Aba1.predictedgenes:Aba1_954745:966592_11 (length 598)
Aba1_folder/genesprediction/Aba1.predictedgenes:Aba1_1272651:1273163_1 (length 69)
Aba1_folder/genesprediction/Aba1.predictedgenes:Aba1_1698739:1701068_1 (length 284)
Aba1_folder/genesprediction/Aba1.predictedgenes:Aba1_1698739:1701068_2 (length 62)
Aba1_folder/genesprediction/Aba1.predictedgenes:Aba1_1739369:1740304_1 (length 69)
Aba1_folder/genesprediction/Aba1.predictedgenes:Aba1_1739369:1740304_2 (length 143)
Aba1_folder/genesprediction/Aba1.predictedgenes:Aba1_1932679:1933801_1 (length 62)
Aba1_folder/genesprediction/Aba1.predictedgenes:Aba1_1996957:2000682_1 (length 405)
Aba1_folder/genesprediction/Aba1.predictedgenes:Aba1_1996957:2000682_2 (length 64)
Aba1_folder/genesprediction/Aba1.predictedgenes:Aba1_1996957:2000682_3 (length 90)
Aba1_folder/genesprediction/Aba1.predictedgenes:Aba1_1996957:2000682_4 (length 405)
Aba1_folder/genesprediction/Aba1.predictedgenes:Aba1_2737792:2738790_1 (length 69)
Aba1_folder/genesprediction/Aba1.predictedgenes:Aba1_2757731:2758167_1 (length 69)
Aba1_folder/genesprediction/Aba1.predictedgenes:Aba1_2815156:2827005_1 (length 252)
Aba1_folder/genesprediction/Aba1.predictedgenes:Aba1_2815156:2827005_2 (length 636)
Aba1_folder/genesprediction/Aba1.predictedgenes:Aba1_2815156:2827005_3 (length 306)
Aba1_folder/genesprediction/Aba1.predictedgenes:Aba1_2815156:2827005_4 (length 336)
Aba1_folder/genesprediction/Aba1.predictedgenes:Aba1_2815156:2827005_5 (length 53)
Aba1_folder/genesprediction/Aba1.predictedgenes:Aba1_2815156:2827005_6 (length 304)
Aba1_folder/genesprediction/Aba1.predictedgenes:Aba1_2815156:2827005_7 (length 123)
Aba1_folder/genesprediction/Aba1.predictedgenes:Aba1_2815156:2827005_8 (length 99)
Aba1_folder/genesprediction/Aba1.predictedgenes:Aba1_2815156:2827005_9 (length 283)
Aba1_folder/genesprediction/Aba1.predictedgenes:Aba1_2815156:2827005_10 (length 495)
Aba1_folder/genesprediction/Aba1.predictedgenes:Aba1_2815156:2827005_11 (length 598)
Aba1_folder/genesprediction/Aba1.predictedgenes:Aba1_3032234:3044081_1 (length 598)
Aba1_folder/genesprediction/Aba1.predictedgenes:Aba1_3032234:3044081_2 (length 495)
Aba1_folder/genesprediction/Aba1.predictedgenes:Aba1_3032234:3044081_3 (length 283)
Aba1_folder/genesprediction/Aba1.predictedgenes:Aba1_3032234:3044081_4 (length 99)
Aba1_folder/genesprediction/Aba1.predictedgenes:Aba1_3032234:3044081_5 (length 123)
Aba1_folder/genesprediction/Aba1.predictedgenes:Aba1_3032234:3044081_6 (length 304)
Aba1_folder/genesprediction/Aba1.predictedgenes:Aba1_3032234:3044081_7 (length 53)
Aba1_folder/genesprediction/Aba1.predictedgenes:Aba1_3032234:3044081_8 (length 336)
Aba1_folder/genesprediction/Aba1.predictedgenes:Aba1_3032234:3044081_9 (length 306)
Aba1_folder/genesprediction/Aba1.predictedgenes:Aba1_3032234:3044081_10 (length 636)
Aba1_folder/genesprediction/Aba1.predictedgenes:Aba1_3032234:3044081_11 (length 252)
Aba1_folder/genesprediction/Aba1.predictedgenes:Aba1_3838649:3850497_1 (length 598)
Aba1_folder/genesprediction/Aba1.predictedgenes:Aba1_3838649:3850497_2 (length 495)
Aba1_folder/genesprediction/Aba1.predictedgenes:Aba1_3838649:3850497_3 (length 283)
Aba1_folder/genesprediction/Aba1.predictedgenes:Aba1_3838649:3850497_4 (length 99)
Aba1_folder/genesprediction/Aba1.predictedgenes:Aba1_3838649:3850497_5 (length 123)
Aba1_folder/genesprediction/Aba1.predictedgenes:Aba1_3838649:3850497_6 (length 304)
Aba1_folder/genesprediction/Aba1.predictedgenes:Aba1_3838649:3850497_7 (length 53)
Aba1_folder/genesprediction/Aba1.predictedgenes:Aba1_3838649:3850497_8 (length 336)
Aba1_folder/genesprediction/Aba1.predictedgenes:Aba1_3838649:3850497_9 (length 306)
Aba1_folder/genesprediction/Aba1.predictedgenes:Aba1_3838649:3850497_10 (length 636)
Aba1_folder/genesprediction/Aba1.predictedgenes:Aba1_3838649:3850497_11 (length 252)
Aba1_folder/genesprediction/Aba1.predictedgenes:Aba1_4159433:4160285_1 (length 62)
Aba1_folder/genesprediction/Aba1.predictedgenes:Aba1_4183086:4184710_1 (length 196)
Aba1_folder/genesprediction/Aba1.predictedgenes:Aba1_4190690:4192392_1 (length 196)
Aba1_folder/genesprediction/Aba1.predictedgenes:Aba1_4190690:4192392_2 (length 279)

DiscRep_ALL:DISC_SOURCE_QUALS_ASNDISC::strain (all present, all same)
DiscRep_SUB:DISC_SOURCE_QUALS_ASNDISC::64 sources have 'strain' for strain
DiscRep_ALL:DISC_SOURCE_QUALS_ASNDISC::taxname (all present, all same)
DiscRep_SUB:DISC_SOURCE_QUALS_ASNDISC::64 sources have 'Genus species' for taxname
DiscRep_ALL:DISC_FEATURE_COUNT::CDS: 63 present
DiscRep_ALL:DISC_FEATURE_COUNT::tRNA: 14 present
DiscRep_ALL:DISC_FEATURE_COUNT::rRNA: 18 present
DiscRep_ALL:DISC_COUNT_NUCLEOTIDES::64 nucleotide Bioseqs are present
Aba1_folder/genesprediction/Aba1.predictedgenes:Aba1_17812:23446 (length 5634)
Aba1_folder/genesprediction/Aba1.predictedgenes:Aba1_34275:35216 (length 941)
Aba1_folder/genesprediction/Aba1.predictedgenes:Aba1_131048:131986 (length 938)
Aba1_folder/genesprediction/Aba1.predictedgenes:Aba1_211273:212211 (length 938)
Aba1_folder/genesprediction/Aba1.predictedgenes:Aba1_461301:461420 (length 119)
Aba1_folder/genesprediction/Aba1.predictedgenes:Aba1_464857:465791 (length 934)
Aba1_folder/genesprediction/Aba1.predictedgenes:Aba1_488032:493712 (length 5680)
Aba1_folder/genesprediction/Aba1.predictedgenes:Aba1_522903:528541 (length 5638)
Aba1_folder/genesprediction/Aba1.predictedgenes:Aba1_700899:701838 (length 939)
Aba1_folder/genesprediction/Aba1.predictedgenes:Aba1_704329:705576 (length 1247)
Aba1_folder/genesprediction/Aba1.predictedgenes:Aba1_711428:711552 (length 124)
Aba1_folder/genesprediction/Aba1.predictedgenes:Aba1_711696:711917 (length 221)
Aba1_folder/genesprediction/Aba1.predictedgenes:Aba1_831025:843507 (length 12482)
Aba1_folder/genesprediction/Aba1.predictedgenes:Aba1_883334:884506 (length 1172)
Aba1_folder/genesprediction/Aba1.predictedgenes:Aba1_914715:915844 (length 1129)
Aba1_folder/genesprediction/Aba1.predictedgenes:Aba1_954745:966592 (length 11847)
Aba1_folder/genesprediction/Aba1.predictedgenes:Aba1_984274:985212 (length 938)
Aba1_folder/genesprediction/Aba1.predictedgenes:Aba1_1040079:1041018 (length 939)
Aba1_folder/genesprediction/Aba1.predictedgenes:Aba1_1067298:1068240 (length 942)
Aba1_folder/genesprediction/Aba1.predictedgenes:Aba1_1193832:1194772 (length 940)
Aba1_folder/genesprediction/Aba1.predictedgenes:Aba1_1196979:1197921 (length 942)
Aba1_folder/genesprediction/Aba1.predictedgenes:Aba1_1272651:1273163 (length 512)
Aba1_folder/genesprediction/Aba1.predictedgenes:Aba1_1449269:1450436 (length 1167)
Aba1_folder/genesprediction/Aba1.predictedgenes:Aba1_1470214:1471161 (length 947)
Aba1_folder/genesprediction/Aba1.predictedgenes:Aba1_1506873:1507812 (length 939)
Aba1_folder/genesprediction/Aba1.predictedgenes:Aba1_1558839:1560012 (length 1173)
Aba1_folder/genesprediction/Aba1.predictedgenes:Aba1_1698739:1701068 (length 2329)
Aba1_folder/genesprediction/Aba1.predictedgenes:Aba1_1739369:1740304 (length 935)
Aba1_folder/genesprediction/Aba1.predictedgenes:Aba1_1919734:1920574 (length 840)
Aba1_folder/genesprediction/Aba1.predictedgenes:Aba1_1932679:1933801 (length 1122)
Aba1_folder/genesprediction/Aba1.predictedgenes:Aba1_1948678:1949619 (length 941)
Aba1_folder/genesprediction/Aba1.predictedgenes:Aba1_1996957:2000682 (length 3725)
Aba1_folder/genesprediction/Aba1.predictedgenes:Aba1_2056612:2057243 (length 631)
Aba1_folder/genesprediction/Aba1.predictedgenes:Aba1_2267858:2268700 (length 842)
Aba1_folder/genesprediction/Aba1.predictedgenes:Aba1_2362374:2363312 (length 938)
Aba1_folder/genesprediction/Aba1.predictedgenes:Aba1_2450795:2451731 (length 936)
Aba1_folder/genesprediction/Aba1.predictedgenes:Aba1_2519872:2520810 (length 938)
Aba1_folder/genesprediction/Aba1.predictedgenes:Aba1_2528425:2529362 (length 937)
Aba1_folder/genesprediction/Aba1.predictedgenes:Aba1_2560170:2561114 (length 944)
Aba1_folder/genesprediction/Aba1.predictedgenes:Aba1_2575179:2576121 (length 942)
Aba1_folder/genesprediction/Aba1.predictedgenes:Aba1_2737792:2738790 (length 998)
Aba1_folder/genesprediction/Aba1.predictedgenes:Aba1_2757731:2758167 (length 436)
Aba1_folder/genesprediction/Aba1.predictedgenes:Aba1_2815156:2827005 (length 11849)
Aba1_folder/genesprediction/Aba1.predictedgenes:Aba1_2847836:2848773 (length 937)
Aba1_folder/genesprediction/Aba1.predictedgenes:Aba1_2850127:2850597 (length 470)
Aba1_folder/genesprediction/Aba1.predictedgenes:Aba1_2851018:2851954 (length 936)
Aba1_folder/genesprediction/Aba1.predictedgenes:Aba1_3032234:3044081 (length 11847)
Aba1_folder/genesprediction/Aba1.predictedgenes:Aba1_3125017:3125320 (length 303)
Aba1_folder/genesprediction/Aba1.predictedgenes:Aba1_3174198:3175250 (length 1052)
Aba1_folder/genesprediction/Aba1.predictedgenes:Aba1_3209473:3209641 (length 168)
Aba1_folder/genesprediction/Aba1.predictedgenes:Aba1_3384613:3390021 (length 5408)
Aba1_folder/genesprediction/Aba1.predictedgenes:Aba1_3475104:3475225 (length 121)
Aba1_folder/genesprediction/Aba1.predictedgenes:Aba1_3780687:3781572 (length 885)
Aba1_folder/genesprediction/Aba1.predictedgenes:Aba1_3838649:3850497 (length 11848)
Aba1_folder/genesprediction/Aba1.predictedgenes:Aba1_3882334:3888002 (length 5668)
Aba1_folder/genesprediction/Aba1.predictedgenes:Aba1_4051734:4057153 (length 5419)
Aba1_folder/genesprediction/Aba1.predictedgenes:Aba1_4059861:4061020 (length 1159)
Aba1_folder/genesprediction/Aba1.predictedgenes:Aba1_4116660:4117832 (length 1172)
Aba1_folder/genesprediction/Aba1.predictedgenes:Aba1_4142794:4143960 (length 1166)
Aba1_folder/genesprediction/Aba1.predictedgenes:Aba1_4159433:4160285 (length 852)
Aba1_folder/genesprediction/Aba1.predictedgenes:Aba1_4160420:4160558 (length 138)
Aba1_folder/genesprediction/Aba1.predictedgenes:Aba1_4161756:4162643 (length 887)
Aba1_folder/genesprediction/Aba1.predictedgenes:Aba1_4183086:4184710 (length 1624)
Aba1_folder/genesprediction/Aba1.predictedgenes:Aba1_4190690:4192392 (length 1702)

DiscRep_ALL:FEATURE_LOCATION_CONFLICT::95 features have inconsistent gene locations.
DiscRep_SUB:FEATURE_LOCATION_CONFLICT::RNA feature xref gene does not exist
Aba1_folder/genesprediction/Aba1.predictedgenes:rRNA	16S ribosomal RNA	Aba1_17812:23446:330-1862	MAKOMOPK_00001

DiscRep_SUB:FEATURE_LOCATION_CONFLICT::RNA feature xref gene does not exist
Aba1_folder/genesprediction/Aba1.predictedgenes:tRNA	Ile	Aba1_17812:23446:1923-1999	MAKOMOPK_00002

DiscRep_SUB:FEATURE_LOCATION_CONFLICT::RNA feature xref gene does not exist
Aba1_folder/genesprediction/Aba1.predictedgenes:tRNA	Ala	Aba1_17812:23446:2055-2130	MAKOMOPK_00003

DiscRep_SUB:FEATURE_LOCATION_CONFLICT::RNA feature xref gene does not exist
Aba1_folder/genesprediction/Aba1.predictedgenes:rRNA	23S ribosomal RNA	Aba1_17812:23446:2473-5361	MAKOMOPK_00004

DiscRep_SUB:FEATURE_LOCATION_CONFLICT::RNA feature xref gene does not exist
Aba1_folder/genesprediction/Aba1.predictedgenes:rRNA	5S ribosomal RNA (partial)	Aba1_17812:23446:5549-5628	MAKOMOPK_00005

DiscRep_SUB:FEATURE_LOCATION_CONFLICT::RNA feature xref gene does not exist
Aba1_folder/genesprediction/Aba1.predictedgenes:tRNA	Arg	Aba1_461301:461420:40-116	MAKOMOPK_00006

DiscRep_SUB:FEATURE_LOCATION_CONFLICT::Coding region xref gene does not exist
Aba1_folder/genesprediction/Aba1.predictedgenes:CDS	hypothetical protein	Aba1_464857:465791:37-468	MAKOMOPK_00007

DiscRep_SUB:FEATURE_LOCATION_CONFLICT::Coding region xref gene does not exist
Aba1_folder/genesprediction/Aba1.predictedgenes:CDS	IS30 family transposase ISAba125	Aba1_464857:465791:602-811	MAKOMOPK_00008

DiscRep_SUB:FEATURE_LOCATION_CONFLICT::RNA feature xref gene does not exist
Aba1_folder/genesprediction/Aba1.predictedgenes:rRNA	16S ribosomal RNA	Aba1_488032:493712:300-1832	MAKOMOPK_00009

DiscRep_SUB:FEATURE_LOCATION_CONFLICT::RNA feature xref gene does not exist
Aba1_folder/genesprediction/Aba1.predictedgenes:tRNA	Ile	Aba1_488032:493712:1893-1969	MAKOMOPK_00010

DiscRep_SUB:FEATURE_LOCATION_CONFLICT::RNA feature xref gene does not exist
Aba1_folder/genesprediction/Aba1.predictedgenes:tRNA	Ala	Aba1_488032:493712:2025-2100	MAKOMOPK_00011

DiscRep_SUB:FEATURE_LOCATION_CONFLICT::RNA feature xref gene does not exist
Aba1_folder/genesprediction/Aba1.predictedgenes:rRNA	23S ribosomal RNA	Aba1_488032:493712:2443-5331	MAKOMOPK_00012

DiscRep_SUB:FEATURE_LOCATION_CONFLICT::RNA feature xref gene does not exist
Aba1_folder/genesprediction/Aba1.predictedgenes:rRNA	5S ribosomal RNA	Aba1_488032:493712:5520-5630	MAKOMOPK_00013

DiscRep_SUB:FEATURE_LOCATION_CONFLICT::RNA feature xref gene does not exist
Aba1_folder/genesprediction/Aba1.predictedgenes:rRNA	16S ribosomal RNA	Aba1_522903:528541:330-1862	MAKOMOPK_00014

DiscRep_SUB:FEATURE_LOCATION_CONFLICT::RNA feature xref gene does not exist
Aba1_folder/genesprediction/Aba1.predictedgenes:tRNA	Ile	Aba1_522903:528541:1923-1999	MAKOMOPK_00015

DiscRep_SUB:FEATURE_LOCATION_CONFLICT::RNA feature xref gene does not exist
Aba1_folder/genesprediction/Aba1.predictedgenes:tRNA	Ala	Aba1_522903:528541:2055-2130	MAKOMOPK_00016

DiscRep_SUB:FEATURE_LOCATION_CONFLICT::RNA feature xref gene does not exist
Aba1_folder/genesprediction/Aba1.predictedgenes:rRNA	23S ribosomal RNA	Aba1_522903:528541:2473-5361	MAKOMOPK_00017

DiscRep_SUB:FEATURE_LOCATION_CONFLICT::RNA feature xref gene does not exist
Aba1_folder/genesprediction/Aba1.predictedgenes:rRNA	5S ribosomal RNA (partial)	Aba1_522903:528541:5550-5630	MAKOMOPK_00018

DiscRep_SUB:FEATURE_LOCATION_CONFLICT::RNA feature xref gene does not exist
Aba1_folder/genesprediction/Aba1.predictedgenes:tRNA	Asp	Aba1_711696:711917:40-116	MAKOMOPK_00019

DiscRep_SUB:FEATURE_LOCATION_CONFLICT::Coding region xref gene does not exist
Aba1_folder/genesprediction/Aba1.predictedgenes:CDS	IS3 family transposase ISAba22	Aba1_914715:915844:106-294	MAKOMOPK_00020

DiscRep_SUB:FEATURE_LOCATION_CONFLICT::Coding region xref gene does not exist
Aba1_folder/genesprediction/Aba1.predictedgenes:CDS	hypothetical protein	Aba1_954745:966592:33-791	MAKOMOPK_00021

DiscRep_SUB:FEATURE_LOCATION_CONFLICT::Coding region xref gene does not exist
Aba1_folder/genesprediction/Aba1.predictedgenes:CDS	hypothetical protein	Aba1_954745:966592:792-2702	MAKOMOPK_00022

DiscRep_SUB:FEATURE_LOCATION_CONFLICT::Coding region xref gene does not exist
Aba1_folder/genesprediction/Aba1.predictedgenes:CDS	hypothetical protein	Aba1_954745:966592:2707-3627	MAKOMOPK_00023

DiscRep_SUB:FEATURE_LOCATION_CONFLICT::Coding region xref gene does not exist
Aba1_folder/genesprediction/Aba1.predictedgenes:CDS	hypothetical protein	Aba1_954745:966592:3762-4772	MAKOMOPK_00024

DiscRep_SUB:FEATURE_LOCATION_CONFLICT::Coding region xref gene does not exist
Aba1_folder/genesprediction/Aba1.predictedgenes:CDS	hypothetical protein	Aba1_954745:966592:5123-5284	MAKOMOPK_00025

DiscRep_SUB:FEATURE_LOCATION_CONFLICT::Coding region xref gene does not exist
Aba1_folder/genesprediction/Aba1.predictedgenes:CDS	hypothetical protein	Aba1_954745:966592:5281-6195	MAKOMOPK_00026

DiscRep_SUB:FEATURE_LOCATION_CONFLICT::Coding region xref gene does not exist
Aba1_folder/genesprediction/Aba1.predictedgenes:CDS	hypothetical protein	Aba1_954745:966592:c6941-6570	MAKOMOPK_00027

DiscRep_SUB:FEATURE_LOCATION_CONFLICT::Coding region xref gene does not exist
Aba1_folder/genesprediction/Aba1.predictedgenes:CDS	hypothetical protein	Aba1_954745:966592:c7313-7014	MAKOMOPK_00028

DiscRep_SUB:FEATURE_LOCATION_CONFLICT::Coding region xref gene does not exist
Aba1_folder/genesprediction/Aba1.predictedgenes:CDS	hypothetical protein	Aba1_954745:966592:c8232-7381	MAKOMOPK_00029

DiscRep_SUB:FEATURE_LOCATION_CONFLICT::Coding region xref gene does not exist
Aba1_folder/genesprediction/Aba1.predictedgenes:CDS	Bicarbonate transporter BicA	Aba1_954745:966592:c9732-8245	MAKOMOPK_00030

DiscRep_SUB:FEATURE_LOCATION_CONFLICT::Coding region xref gene does not exist
Aba1_folder/genesprediction/Aba1.predictedgenes:CDS	hypothetical protein	Aba1_954745:966592:c11823-10027	MAKOMOPK_00031

DiscRep_SUB:FEATURE_LOCATION_CONFLICT::Coding region xref gene does not exist
Aba1_folder/genesprediction/Aba1.predictedgenes:CDS	hypothetical protein	Aba1_1272651:1273163:13-222	MAKOMOPK_00032

DiscRep_SUB:FEATURE_LOCATION_CONFLICT::Coding region xref gene does not exist
Aba1_folder/genesprediction/Aba1.predictedgenes:CDS	IS3 family transposase ISAba22	Aba1_1698739:1701068:c2024-1170	MAKOMOPK_00033

DiscRep_SUB:FEATURE_LOCATION_CONFLICT::Coding region xref gene does not exist
Aba1_folder/genesprediction/Aba1.predictedgenes:CDS	IS3 family transposase ISAba22	Aba1_1698739:1701068:c2224-2036	MAKOMOPK_00034

DiscRep_SUB:FEATURE_LOCATION_CONFLICT::Coding region xref gene does not exist
Aba1_folder/genesprediction/Aba1.predictedgenes:CDS	IS30 family transposase ISAba125	Aba1_1739369:1740304:c332-123	MAKOMOPK_00035

DiscRep_SUB:FEATURE_LOCATION_CONFLICT::Coding region xref gene does not exist
Aba1_folder/genesprediction/Aba1.predictedgenes:CDS	hypothetical protein	Aba1_1739369:1740304:c897-466	MAKOMOPK_00036

DiscRep_SUB:FEATURE_LOCATION_CONFLICT::Coding region xref gene does not exist
Aba1_folder/genesprediction/Aba1.predictedgenes:CDS	IS3 family transposase ISAba22	Aba1_1932679:1933801:c1020-832	MAKOMOPK_00037

DiscRep_SUB:FEATURE_LOCATION_CONFLICT::Coding region xref gene does not exist
Aba1_folder/genesprediction/Aba1.predictedgenes:CDS	hypothetical protein	Aba1_1996957:2000682:c1465-248	MAKOMOPK_00038

DiscRep_SUB:FEATURE_LOCATION_CONFLICT::Coding region xref gene does not exist
Aba1_folder/genesprediction/Aba1.predictedgenes:CDS	hypothetical protein	Aba1_1996957:2000682:1587-1781	MAKOMOPK_00039

DiscRep_SUB:FEATURE_LOCATION_CONFLICT::Coding region xref gene does not exist
Aba1_folder/genesprediction/Aba1.predictedgenes:CDS	hypothetical protein	Aba1_1996957:2000682:c2259-1987	MAKOMOPK_00040

DiscRep_SUB:FEATURE_LOCATION_CONFLICT::Coding region xref gene does not exist
Aba1_folder/genesprediction/Aba1.predictedgenes:CDS	hypothetical protein	Aba1_1996957:2000682:c3479-2262	MAKOMOPK_00041

DiscRep_SUB:FEATURE_LOCATION_CONFLICT::Coding region xref gene does not exist
Aba1_folder/genesprediction/Aba1.predictedgenes:CDS	hypothetical protein	Aba1_2737792:2738790:c986-777	MAKOMOPK_00042

DiscRep_SUB:FEATURE_LOCATION_CONFLICT::Coding region xref gene does not exist
Aba1_folder/genesprediction/Aba1.predictedgenes:CDS	hypothetical protein	Aba1_2757731:2758167:102-311	MAKOMOPK_00043

DiscRep_SUB:FEATURE_LOCATION_CONFLICT::Coding region xref gene does not exist
Aba1_folder/genesprediction/Aba1.predictedgenes:CDS	hypothetical protein	Aba1_2815156:2827005:34-792	MAKOMOPK_00044

DiscRep_SUB:FEATURE_LOCATION_CONFLICT::Coding region xref gene does not exist
Aba1_folder/genesprediction/Aba1.predictedgenes:CDS	hypothetical protein	Aba1_2815156:2827005:793-2703	MAKOMOPK_00045

DiscRep_SUB:FEATURE_LOCATION_CONFLICT::Coding region xref gene does not exist
Aba1_folder/genesprediction/Aba1.predictedgenes:CDS	hypothetical protein	Aba1_2815156:2827005:2708-3628	MAKOMOPK_00046

DiscRep_SUB:FEATURE_LOCATION_CONFLICT::Coding region xref gene does not exist
Aba1_folder/genesprediction/Aba1.predictedgenes:CDS	hypothetical protein	Aba1_2815156:2827005:3763-4773	MAKOMOPK_00047

DiscRep_SUB:FEATURE_LOCATION_CONFLICT::Coding region xref gene does not exist
Aba1_folder/genesprediction/Aba1.predictedgenes:CDS	hypothetical protein	Aba1_2815156:2827005:5124-5285	MAKOMOPK_00048

DiscRep_SUB:FEATURE_LOCATION_CONFLICT::Coding region xref gene does not exist
Aba1_folder/genesprediction/Aba1.predictedgenes:CDS	hypothetical protein	Aba1_2815156:2827005:5282-6196	MAKOMOPK_00049

DiscRep_SUB:FEATURE_LOCATION_CONFLICT::Coding region xref gene does not exist
Aba1_folder/genesprediction/Aba1.predictedgenes:CDS	hypothetical protein	Aba1_2815156:2827005:c6942-6571	MAKOMOPK_00050

DiscRep_SUB:FEATURE_LOCATION_CONFLICT::Coding region xref gene does not exist
Aba1_folder/genesprediction/Aba1.predictedgenes:CDS	hypothetical protein	Aba1_2815156:2827005:c7314-7015	MAKOMOPK_00051

DiscRep_SUB:FEATURE_LOCATION_CONFLICT::Coding region xref gene does not exist
Aba1_folder/genesprediction/Aba1.predictedgenes:CDS	hypothetical protein	Aba1_2815156:2827005:c8233-7382	MAKOMOPK_00052

DiscRep_SUB:FEATURE_LOCATION_CONFLICT::Coding region xref gene does not exist
Aba1_folder/genesprediction/Aba1.predictedgenes:CDS	Bicarbonate transporter BicA	Aba1_2815156:2827005:c9733-8246	MAKOMOPK_00053

DiscRep_SUB:FEATURE_LOCATION_CONFLICT::Coding region xref gene does not exist
Aba1_folder/genesprediction/Aba1.predictedgenes:CDS	hypothetical protein	Aba1_2815156:2827005:c11824-10028	MAKOMOPK_00054

DiscRep_SUB:FEATURE_LOCATION_CONFLICT::Coding region xref gene does not exist
Aba1_folder/genesprediction/Aba1.predictedgenes:CDS	hypothetical protein	Aba1_3032234:3044081:26-1822	MAKOMOPK_00055

DiscRep_SUB:FEATURE_LOCATION_CONFLICT::Coding region xref gene does not exist
Aba1_folder/genesprediction/Aba1.predictedgenes:CDS	Bicarbonate transporter BicA	Aba1_3032234:3044081:2117-3604	MAKOMOPK_00056

DiscRep_SUB:FEATURE_LOCATION_CONFLICT::Coding region xref gene does not exist
Aba1_folder/genesprediction/Aba1.predictedgenes:CDS	hypothetical protein	Aba1_3032234:3044081:3617-4468	MAKOMOPK_00057

DiscRep_SUB:FEATURE_LOCATION_CONFLICT::Coding region xref gene does not exist
Aba1_folder/genesprediction/Aba1.predictedgenes:CDS	hypothetical protein	Aba1_3032234:3044081:4536-4835	MAKOMOPK_00058

DiscRep_SUB:FEATURE_LOCATION_CONFLICT::Coding region xref gene does not exist
Aba1_folder/genesprediction/Aba1.predictedgenes:CDS	hypothetical protein	Aba1_3032234:3044081:4908-5279	MAKOMOPK_00059

DiscRep_SUB:FEATURE_LOCATION_CONFLICT::Coding region xref gene does not exist
Aba1_folder/genesprediction/Aba1.predictedgenes:CDS	hypothetical protein	Aba1_3032234:3044081:c6568-5654	MAKOMOPK_00060

DiscRep_SUB:FEATURE_LOCATION_CONFLICT::Coding region xref gene does not exist
Aba1_folder/genesprediction/Aba1.predictedgenes:CDS	hypothetical protein	Aba1_3032234:3044081:c6726-6565	MAKOMOPK_00061

DiscRep_SUB:FEATURE_LOCATION_CONFLICT::Coding region xref gene does not exist
Aba1_folder/genesprediction/Aba1.predictedgenes:CDS	hypothetical protein	Aba1_3032234:3044081:c8087-7077	MAKOMOPK_00062

DiscRep_SUB:FEATURE_LOCATION_CONFLICT::Coding region xref gene does not exist
Aba1_folder/genesprediction/Aba1.predictedgenes:CDS	hypothetical protein	Aba1_3032234:3044081:c9142-8222	MAKOMOPK_00063

DiscRep_SUB:FEATURE_LOCATION_CONFLICT::Coding region xref gene does not exist
Aba1_folder/genesprediction/Aba1.predictedgenes:CDS	hypothetical protein	Aba1_3032234:3044081:c11057-9147	MAKOMOPK_00064

DiscRep_SUB:FEATURE_LOCATION_CONFLICT::Coding region xref gene does not exist
Aba1_folder/genesprediction/Aba1.predictedgenes:CDS	hypothetical protein	Aba1_3032234:3044081:c11816-11058	MAKOMOPK_00065

DiscRep_SUB:FEATURE_LOCATION_CONFLICT::RNA feature xref gene does not exist
Aba1_folder/genesprediction/Aba1.predictedgenes:rRNA	5S ribosomal RNA (partial)	Aba1_3384613:3390021:c87-8	MAKOMOPK_00066

DiscRep_SUB:FEATURE_LOCATION_CONFLICT::RNA feature xref gene does not exist
Aba1_folder/genesprediction/Aba1.predictedgenes:rRNA	23S ribosomal RNA	Aba1_3384613:3390021:c3163-275	MAKOMOPK_00067

DiscRep_SUB:FEATURE_LOCATION_CONFLICT::RNA feature xref gene does not exist
Aba1_folder/genesprediction/Aba1.predictedgenes:tRNA	Ala	Aba1_3384613:3390021:c3581-3506	MAKOMOPK_00068

DiscRep_SUB:FEATURE_LOCATION_CONFLICT::RNA feature xref gene does not exist
Aba1_folder/genesprediction/Aba1.predictedgenes:tRNA	Ile	Aba1_3384613:3390021:c3713-3637	MAKOMOPK_00069

DiscRep_SUB:FEATURE_LOCATION_CONFLICT::RNA feature xref gene does not exist
Aba1_folder/genesprediction/Aba1.predictedgenes:rRNA	16S ribosomal RNA	Aba1_3384613:3390021:c5306-3774	MAKOMOPK_00070

DiscRep_SUB:FEATURE_LOCATION_CONFLICT::Coding region xref gene does not exist
Aba1_folder/genesprediction/Aba1.predictedgenes:CDS	hypothetical protein	Aba1_3838649:3850497:26-1822	MAKOMOPK_00071

DiscRep_SUB:FEATURE_LOCATION_CONFLICT::Coding region xref gene does not exist
Aba1_folder/genesprediction/Aba1.predictedgenes:CDS	Bicarbonate transporter BicA	Aba1_3838649:3850497:2117-3604	MAKOMOPK_00072

DiscRep_SUB:FEATURE_LOCATION_CONFLICT::Coding region xref gene does not exist
Aba1_folder/genesprediction/Aba1.predictedgenes:CDS	hypothetical protein	Aba1_3838649:3850497:3617-4468	MAKOMOPK_00073

DiscRep_SUB:FEATURE_LOCATION_CONFLICT::Coding region xref gene does not exist
Aba1_folder/genesprediction/Aba1.predictedgenes:CDS	hypothetical protein	Aba1_3838649:3850497:4536-4835	MAKOMOPK_00074

DiscRep_SUB:FEATURE_LOCATION_CONFLICT::Coding region xref gene does not exist
Aba1_folder/genesprediction/Aba1.predictedgenes:CDS	hypothetical protein	Aba1_3838649:3850497:4908-5279	MAKOMOPK_00075

DiscRep_SUB:FEATURE_LOCATION_CONFLICT::Coding region xref gene does not exist
Aba1_folder/genesprediction/Aba1.predictedgenes:CDS	hypothetical protein	Aba1_3838649:3850497:c6568-5654	MAKOMOPK_00076

DiscRep_SUB:FEATURE_LOCATION_CONFLICT::Coding region xref gene does not exist
Aba1_folder/genesprediction/Aba1.predictedgenes:CDS	hypothetical protein	Aba1_3838649:3850497:c6726-6565	MAKOMOPK_00077

DiscRep_SUB:FEATURE_LOCATION_CONFLICT::Coding region xref gene does not exist
Aba1_folder/genesprediction/Aba1.predictedgenes:CDS	hypothetical protein	Aba1_3838649:3850497:c8087-7077	MAKOMOPK_00078

DiscRep_SUB:FEATURE_LOCATION_CONFLICT::Coding region xref gene does not exist
Aba1_folder/genesprediction/Aba1.predictedgenes:CDS	hypothetical protein	Aba1_3838649:3850497:c9142-8222	MAKOMOPK_00079

DiscRep_SUB:FEATURE_LOCATION_CONFLICT::Coding region xref gene does not exist
Aba1_folder/genesprediction/Aba1.predictedgenes:CDS	hypothetical protein	Aba1_3838649:3850497:c11057-9147	MAKOMOPK_00080

DiscRep_SUB:FEATURE_LOCATION_CONFLICT::Coding region xref gene does not exist
Aba1_folder/genesprediction/Aba1.predictedgenes:CDS	hypothetical protein	Aba1_3838649:3850497:c11816-11058	MAKOMOPK_00081

DiscRep_SUB:FEATURE_LOCATION_CONFLICT::RNA feature xref gene does not exist
Aba1_folder/genesprediction/Aba1.predictedgenes:rRNA	5S ribosomal RNA	Aba1_3882334:3888002:c117-7	MAKOMOPK_00082

DiscRep_SUB:FEATURE_LOCATION_CONFLICT::RNA feature xref gene does not exist
Aba1_folder/genesprediction/Aba1.predictedgenes:rRNA	23S ribosomal RNA	Aba1_3882334:3888002:c3194-306	MAKOMOPK_00083

DiscRep_SUB:FEATURE_LOCATION_CONFLICT::RNA feature xref gene does not exist
Aba1_folder/genesprediction/Aba1.predictedgenes:tRNA	Ala	Aba1_3882334:3888002:c3612-3537	MAKOMOPK_00084

DiscRep_SUB:FEATURE_LOCATION_CONFLICT::RNA feature xref gene does not exist
Aba1_folder/genesprediction/Aba1.predictedgenes:tRNA	Ile	Aba1_3882334:3888002:c3744-3668	MAKOMOPK_00085

DiscRep_SUB:FEATURE_LOCATION_CONFLICT::RNA feature xref gene does not exist
Aba1_folder/genesprediction/Aba1.predictedgenes:rRNA	16S ribosomal RNA	Aba1_3882334:3888002:c5337-3805	MAKOMOPK_00086

DiscRep_SUB:FEATURE_LOCATION_CONFLICT::RNA feature xref gene does not exist
Aba1_folder/genesprediction/Aba1.predictedgenes:rRNA	5S ribosomal RNA	Aba1_4051734:4057153:c98-4	MAKOMOPK_00087

DiscRep_SUB:FEATURE_LOCATION_CONFLICT::RNA feature xref gene does not exist
Aba1_folder/genesprediction/Aba1.predictedgenes:rRNA	23S ribosomal RNA	Aba1_4051734:4057153:c3174-286	MAKOMOPK_00088

DiscRep_SUB:FEATURE_LOCATION_CONFLICT::RNA feature xref gene does not exist
Aba1_folder/genesprediction/Aba1.predictedgenes:tRNA	Ala	Aba1_4051734:4057153:c3592-3517	MAKOMOPK_00089

DiscRep_SUB:FEATURE_LOCATION_CONFLICT::RNA feature xref gene does not exist
Aba1_folder/genesprediction/Aba1.predictedgenes:tRNA	Ile	Aba1_4051734:4057153:c3724-3648	MAKOMOPK_00090

DiscRep_SUB:FEATURE_LOCATION_CONFLICT::RNA feature xref gene does not exist
Aba1_folder/genesprediction/Aba1.predictedgenes:rRNA	16S ribosomal RNA	Aba1_4051734:4057153:c5317-3785	MAKOMOPK_00091

DiscRep_SUB:FEATURE_LOCATION_CONFLICT::Coding region xref gene does not exist
Aba1_folder/genesprediction/Aba1.predictedgenes:CDS	IS3 family transposase ISAba22	Aba1_4159433:4160285:105-293	MAKOMOPK_00092

DiscRep_SUB:FEATURE_LOCATION_CONFLICT::Coding region xref gene does not exist
Aba1_folder/genesprediction/Aba1.predictedgenes:CDS	putative HTH-type transcriptional regulator	Aba1_4183086:4184710:895-1485	MAKOMOPK_00093

DiscRep_SUB:FEATURE_LOCATION_CONFLICT::Coding region xref gene does not exist
Aba1_folder/genesprediction/Aba1.predictedgenes:CDS	putative HTH-type transcriptional regulator	Aba1_4190690:4192392:c729-139	MAKOMOPK_00094

DiscRep_SUB:FEATURE_LOCATION_CONFLICT::Coding region xref gene does not exist
Aba1_folder/genesprediction/Aba1.predictedgenes:CDS	hypothetical protein	Aba1_4190690:4192392:822-1661	MAKOMOPK_00095

DiscRep_ALL:SHORT_CONTIG::5 contigs are shorter than 200 nt.
Aba1_folder/genesprediction/Aba1.predictedgenes:Aba1_461301:461420 (length 119)
Aba1_folder/genesprediction/Aba1.predictedgenes:Aba1_711428:711552 (length 124)
Aba1_folder/genesprediction/Aba1.predictedgenes:Aba1_3209473:3209641 (length 168)
Aba1_folder/genesprediction/Aba1.predictedgenes:Aba1_3475104:3475225 (length 121)
Aba1_folder/genesprediction/Aba1.predictedgenes:Aba1_4160420:4160558 (length 138)

DiscRep_ALL:SUSPECT_PRODUCT_NAMES::2 product_names contain suspect phrase or characters
DiscRep_SUB:SUSPECT_PRODUCT_NAMES::May contain database identifier more appropriate in note; remove from product name
DiscRep_SUB:SUSPECT_PRODUCT_NAMES::2 features contains three or more numbers together that may be identifiers more appropriate in note
Aba1_folder/genesprediction/Aba1.predictedgenes:CDS	IS30 family transposase ISAba125	Aba1_464857:465791:602-811	MAKOMOPK_00008
Aba1_folder/genesprediction/Aba1.predictedgenes:CDS	IS30 family transposase ISAba125	Aba1_1739369:1740304:c332-123	MAKOMOPK_00035

DiscRep_ALL:DISC_LONG_NO_ANNOTATION::1 bioseqs are longer than 5000nt and have no features
Aba1_folder/genesprediction/Aba1.predictedgenes:Aba1_831025:843507 (length 12482)

DiscRep_ALL:NO_ANNOTATION::40 bioseqs have no features
Aba1_folder/genesprediction/Aba1.predictedgenes:Aba1_34275:35216 (length 941)
Aba1_folder/genesprediction/Aba1.predictedgenes:Aba1_131048:131986 (length 938)
Aba1_folder/genesprediction/Aba1.predictedgenes:Aba1_211273:212211 (length 938)
Aba1_folder/genesprediction/Aba1.predictedgenes:Aba1_700899:701838 (length 939)
Aba1_folder/genesprediction/Aba1.predictedgenes:Aba1_704329:705576 (length 1247)
Aba1_folder/genesprediction/Aba1.predictedgenes:Aba1_711428:711552 (length 124)
Aba1_folder/genesprediction/Aba1.predictedgenes:Aba1_831025:843507 (length 12482)
Aba1_folder/genesprediction/Aba1.predictedgenes:Aba1_883334:884506 (length 1172)
Aba1_folder/genesprediction/Aba1.predictedgenes:Aba1_984274:985212 (length 938)
Aba1_folder/genesprediction/Aba1.predictedgenes:Aba1_1040079:1041018 (length 939)
Aba1_folder/genesprediction/Aba1.predictedgenes:Aba1_1067298:1068240 (length 942)
Aba1_folder/genesprediction/Aba1.predictedgenes:Aba1_1193832:1194772 (length 940)
Aba1_folder/genesprediction/Aba1.predictedgenes:Aba1_1196979:1197921 (length 942)
Aba1_folder/genesprediction/Aba1.predictedgenes:Aba1_1449269:1450436 (length 1167)
Aba1_folder/genesprediction/Aba1.predictedgenes:Aba1_1470214:1471161 (length 947)
Aba1_folder/genesprediction/Aba1.predictedgenes:Aba1_1506873:1507812 (length 939)
Aba1_folder/genesprediction/Aba1.predictedgenes:Aba1_1558839:1560012 (length 1173)
Aba1_folder/genesprediction/Aba1.predictedgenes:Aba1_1919734:1920574 (length 840)
Aba1_folder/genesprediction/Aba1.predictedgenes:Aba1_1948678:1949619 (length 941)
Aba1_folder/genesprediction/Aba1.predictedgenes:Aba1_2056612:2057243 (length 631)
Aba1_folder/genesprediction/Aba1.predictedgenes:Aba1_2267858:2268700 (length 842)
Aba1_folder/genesprediction/Aba1.predictedgenes:Aba1_2362374:2363312 (length 938)
Aba1_folder/genesprediction/Aba1.predictedgenes:Aba1_2450795:2451731 (length 936)
Aba1_folder/genesprediction/Aba1.predictedgenes:Aba1_2519872:2520810 (length 938)
Aba1_folder/genesprediction/Aba1.predictedgenes:Aba1_2528425:2529362 (length 937)
Aba1_folder/genesprediction/Aba1.predictedgenes:Aba1_2560170:2561114 (length 944)
Aba1_folder/genesprediction/Aba1.predictedgenes:Aba1_2575179:2576121 (length 942)
Aba1_folder/genesprediction/Aba1.predictedgenes:Aba1_2847836:2848773 (length 937)
Aba1_folder/genesprediction/Aba1.predictedgenes:Aba1_2850127:2850597 (length 470)
Aba1_folder/genesprediction/Aba1.predictedgenes:Aba1_2851018:2851954 (length 936)
Aba1_folder/genesprediction/Aba1.predictedgenes:Aba1_3125017:3125320 (length 303)
Aba1_folder/genesprediction/Aba1.predictedgenes:Aba1_3174198:3175250 (length 1052)
Aba1_folder/genesprediction/Aba1.predictedgenes:Aba1_3209473:3209641 (length 168)
Aba1_folder/genesprediction/Aba1.predictedgenes:Aba1_3475104:3475225 (length 121)
Aba1_folder/genesprediction/Aba1.predictedgenes:Aba1_3780687:3781572 (length 885)
Aba1_folder/genesprediction/Aba1.predictedgenes:Aba1_4059861:4061020 (length 1159)
Aba1_folder/genesprediction/Aba1.predictedgenes:Aba1_4116660:4117832 (length 1172)
Aba1_folder/genesprediction/Aba1.predictedgenes:Aba1_4142794:4143960 (length 1166)
Aba1_folder/genesprediction/Aba1.predictedgenes:Aba1_4160420:4160558 (length 138)
Aba1_folder/genesprediction/Aba1.predictedgenes:Aba1_4161756:4162643 (length 887)

DiscRep_ALL:DISC_QUALITY_SCORES::Quality scores are missing on all sequences.

FATAL: DiscRep_ALL:DISC_SUSPECT_RRNA_PRODUCTS::3 rRNA product names contain suspect phrase
FATAL: DiscRep_SUB:DISC_SUSPECT_RRNA_PRODUCTS::3 rRNA product names contains 'partial'
Aba1_folder/genesprediction/Aba1.predictedgenes:rRNA	5S ribosomal RNA (partial)	Aba1_17812:23446:5549-5628	MAKOMOPK_00005
Aba1_folder/genesprediction/Aba1.predictedgenes:rRNA	5S ribosomal RNA (partial)	Aba1_522903:528541:5550-5630	MAKOMOPK_00018
Aba1_folder/genesprediction/Aba1.predictedgenes:rRNA	5S ribosomal RNA (partial)	Aba1_3384613:3390021:c87-8	MAKOMOPK_00066

FATAL: DiscRep_ALL:DISC_SHORT_RRNA::3 rRNA features are too short
Aba1_folder/genesprediction/Aba1.predictedgenes:rRNA	5S ribosomal RNA (partial)	Aba1_17812:23446:5549-5628	MAKOMOPK_00005
Aba1_folder/genesprediction/Aba1.predictedgenes:rRNA	5S ribosomal RNA (partial)	Aba1_522903:528541:5550-5630	MAKOMOPK_00018
Aba1_folder/genesprediction/Aba1.predictedgenes:rRNA	5S ribosomal RNA (partial)	Aba1_3384613:3390021:c87-8	MAKOMOPK_00066

DiscRep_ALL:ONCALLER_COMMENT_PRESENT::64 comment descriptors were found (all same)
Aba1_folder/genesprediction/Aba1.predictedgenes:Aba1_17812:23446:Annotated using prokka 1.14.5 from https://github.com/tseemann/prokka
Aba1_folder/genesprediction/Aba1.predictedgenes:Aba1_34275:35216:Annotated using prokka 1.14.5 from https://github.com/tseemann/prokka
Aba1_folder/genesprediction/Aba1.predictedgenes:Aba1_131048:131986:Annotated using prokka 1.14.5 from https://github.com/tseemann/prokka
Aba1_folder/genesprediction/Aba1.predictedgenes:Aba1_211273:212211:Annotated using prokka 1.14.5 from https://github.com/tseemann/prokka
Aba1_folder/genesprediction/Aba1.predictedgenes:Aba1_461301:461420:Annotated using prokka 1.14.5 from https://github.com/tseemann/prokka
Aba1_folder/genesprediction/Aba1.predictedgenes:Aba1_464857:465791:Annotated using prokka 1.14.5 from https://github.com/tseemann/prokka
Aba1_folder/genesprediction/Aba1.predictedgenes:Aba1_488032:493712:Annotated using prokka 1.14.5 from https://github.com/tseemann/prokka
Aba1_folder/genesprediction/Aba1.predictedgenes:Aba1_522903:528541:Annotated using prokka 1.14.5 from https://github.com/tseemann/prokka
Aba1_folder/genesprediction/Aba1.predictedgenes:Aba1_700899:701838:Annotated using prokka 1.14.5 from https://github.com/tseemann/prokka
Aba1_folder/genesprediction/Aba1.predictedgenes:Aba1_704329:705576:Annotated using prokka 1.14.5 from https://github.com/tseemann/prokka
Aba1_folder/genesprediction/Aba1.predictedgenes:Aba1_711428:711552:Annotated using prokka 1.14.5 from https://github.com/tseemann/prokka
Aba1_folder/genesprediction/Aba1.predictedgenes:Aba1_711696:711917:Annotated using prokka 1.14.5 from https://github.com/tseemann/prokka
Aba1_folder/genesprediction/Aba1.predictedgenes:Aba1_831025:843507:Annotated using prokka 1.14.5 from https://github.com/tseemann/prokka
Aba1_folder/genesprediction/Aba1.predictedgenes:Aba1_883334:884506:Annotated using prokka 1.14.5 from https://github.com/tseemann/prokka
Aba1_folder/genesprediction/Aba1.predictedgenes:Aba1_914715:915844:Annotated using prokka 1.14.5 from https://github.com/tseemann/prokka
Aba1_folder/genesprediction/Aba1.predictedgenes:Aba1_954745:966592:Annotated using prokka 1.14.5 from https://github.com/tseemann/prokka
Aba1_folder/genesprediction/Aba1.predictedgenes:Aba1_984274:985212:Annotated using prokka 1.14.5 from https://github.com/tseemann/prokka
Aba1_folder/genesprediction/Aba1.predictedgenes:Aba1_1040079:1041018:Annotated using prokka 1.14.5 from https://github.com/tseemann/prokka
Aba1_folder/genesprediction/Aba1.predictedgenes:Aba1_1067298:1068240:Annotated using prokka 1.14.5 from https://github.com/tseemann/prokka
Aba1_folder/genesprediction/Aba1.predictedgenes:Aba1_1193832:1194772:Annotated using prokka 1.14.5 from https://github.com/tseemann/prokka
Aba1_folder/genesprediction/Aba1.predictedgenes:Aba1_1196979:1197921:Annotated using prokka 1.14.5 from https://github.com/tseemann/prokka
Aba1_folder/genesprediction/Aba1.predictedgenes:Aba1_1272651:1273163:Annotated using prokka 1.14.5 from https://github.com/tseemann/prokka
Aba1_folder/genesprediction/Aba1.predictedgenes:Aba1_1449269:1450436:Annotated using prokka 1.14.5 from https://github.com/tseemann/prokka
Aba1_folder/genesprediction/Aba1.predictedgenes:Aba1_1470214:1471161:Annotated using prokka 1.14.5 from https://github.com/tseemann/prokka
Aba1_folder/genesprediction/Aba1.predictedgenes:Aba1_1506873:1507812:Annotated using prokka 1.14.5 from https://github.com/tseemann/prokka
Aba1_folder/genesprediction/Aba1.predictedgenes:Aba1_1558839:1560012:Annotated using prokka 1.14.5 from https://github.com/tseemann/prokka
Aba1_folder/genesprediction/Aba1.predictedgenes:Aba1_1698739:1701068:Annotated using prokka 1.14.5 from https://github.com/tseemann/prokka
Aba1_folder/genesprediction/Aba1.predictedgenes:Aba1_1739369:1740304:Annotated using prokka 1.14.5 from https://github.com/tseemann/prokka
Aba1_folder/genesprediction/Aba1.predictedgenes:Aba1_1919734:1920574:Annotated using prokka 1.14.5 from https://github.com/tseemann/prokka
Aba1_folder/genesprediction/Aba1.predictedgenes:Aba1_1932679:1933801:Annotated using prokka 1.14.5 from https://github.com/tseemann/prokka
Aba1_folder/genesprediction/Aba1.predictedgenes:Aba1_1948678:1949619:Annotated using prokka 1.14.5 from https://github.com/tseemann/prokka
Aba1_folder/genesprediction/Aba1.predictedgenes:Aba1_1996957:2000682:Annotated using prokka 1.14.5 from https://github.com/tseemann/prokka
Aba1_folder/genesprediction/Aba1.predictedgenes:Aba1_2056612:2057243:Annotated using prokka 1.14.5 from https://github.com/tseemann/prokka
Aba1_folder/genesprediction/Aba1.predictedgenes:Aba1_2267858:2268700:Annotated using prokka 1.14.5 from https://github.com/tseemann/prokka
Aba1_folder/genesprediction/Aba1.predictedgenes:Aba1_2362374:2363312:Annotated using prokka 1.14.5 from https://github.com/tseemann/prokka
Aba1_folder/genesprediction/Aba1.predictedgenes:Aba1_2450795:2451731:Annotated using prokka 1.14.5 from https://github.com/tseemann/prokka
Aba1_folder/genesprediction/Aba1.predictedgenes:Aba1_2519872:2520810:Annotated using prokka 1.14.5 from https://github.com/tseemann/prokka
Aba1_folder/genesprediction/Aba1.predictedgenes:Aba1_2528425:2529362:Annotated using prokka 1.14.5 from https://github.com/tseemann/prokka
Aba1_folder/genesprediction/Aba1.predictedgenes:Aba1_2560170:2561114:Annotated using prokka 1.14.5 from https://github.com/tseemann/prokka
Aba1_folder/genesprediction/Aba1.predictedgenes:Aba1_2575179:2576121:Annotated using prokka 1.14.5 from https://github.com/tseemann/prokka
Aba1_folder/genesprediction/Aba1.predictedgenes:Aba1_2737792:2738790:Annotated using prokka 1.14.5 from https://github.com/tseemann/prokka
Aba1_folder/genesprediction/Aba1.predictedgenes:Aba1_2757731:2758167:Annotated using prokka 1.14.5 from https://github.com/tseemann/prokka
Aba1_folder/genesprediction/Aba1.predictedgenes:Aba1_2815156:2827005:Annotated using prokka 1.14.5 from https://github.com/tseemann/prokka
Aba1_folder/genesprediction/Aba1.predictedgenes:Aba1_2847836:2848773:Annotated using prokka 1.14.5 from https://github.com/tseemann/prokka
Aba1_folder/genesprediction/Aba1.predictedgenes:Aba1_2850127:2850597:Annotated using prokka 1.14.5 from https://github.com/tseemann/prokka
Aba1_folder/genesprediction/Aba1.predictedgenes:Aba1_2851018:2851954:Annotated using prokka 1.14.5 from https://github.com/tseemann/prokka
Aba1_folder/genesprediction/Aba1.predictedgenes:Aba1_3032234:3044081:Annotated using prokka 1.14.5 from https://github.com/tseemann/prokka
Aba1_folder/genesprediction/Aba1.predictedgenes:Aba1_3125017:3125320:Annotated using prokka 1.14.5 from https://github.com/tseemann/prokka
Aba1_folder/genesprediction/Aba1.predictedgenes:Aba1_3174198:3175250:Annotated using prokka 1.14.5 from https://github.com/tseemann/prokka
Aba1_folder/genesprediction/Aba1.predictedgenes:Aba1_3209473:3209641:Annotated using prokka 1.14.5 from https://github.com/tseemann/prokka
Aba1_folder/genesprediction/Aba1.predictedgenes:Aba1_3384613:3390021:Annotated using prokka 1.14.5 from https://github.com/tseemann/prokka
Aba1_folder/genesprediction/Aba1.predictedgenes:Aba1_3475104:3475225:Annotated using prokka 1.14.5 from https://github.com/tseemann/prokka
Aba1_folder/genesprediction/Aba1.predictedgenes:Aba1_3780687:3781572:Annotated using prokka 1.14.5 from https://github.com/tseemann/prokka
Aba1_folder/genesprediction/Aba1.predictedgenes:Aba1_3838649:3850497:Annotated using prokka 1.14.5 from https://github.com/tseemann/prokka
Aba1_folder/genesprediction/Aba1.predictedgenes:Aba1_3882334:3888002:Annotated using prokka 1.14.5 from https://github.com/tseemann/prokka
Aba1_folder/genesprediction/Aba1.predictedgenes:Aba1_4051734:4057153:Annotated using prokka 1.14.5 from https://github.com/tseemann/prokka
Aba1_folder/genesprediction/Aba1.predictedgenes:Aba1_4059861:4061020:Annotated using prokka 1.14.5 from https://github.com/tseemann/prokka
Aba1_folder/genesprediction/Aba1.predictedgenes:Aba1_4116660:4117832:Annotated using prokka 1.14.5 from https://github.com/tseemann/prokka
Aba1_folder/genesprediction/Aba1.predictedgenes:Aba1_4142794:4143960:Annotated using prokka 1.14.5 from https://github.com/tseemann/prokka
Aba1_folder/genesprediction/Aba1.predictedgenes:Aba1_4159433:4160285:Annotated using prokka 1.14.5 from https://github.com/tseemann/prokka
Aba1_folder/genesprediction/Aba1.predictedgenes:Aba1_4160420:4160558:Annotated using prokka 1.14.5 from https://github.com/tseemann/prokka
Aba1_folder/genesprediction/Aba1.predictedgenes:Aba1_4161756:4162643:Annotated using prokka 1.14.5 from https://github.com/tseemann/prokka
Aba1_folder/genesprediction/Aba1.predictedgenes:Aba1_4183086:4184710:Annotated using prokka 1.14.5 from https://github.com/tseemann/prokka
Aba1_folder/genesprediction/Aba1.predictedgenes:Aba1_4190690:4192392:Annotated using prokka 1.14.5 from https://github.com/tseemann/prokka

DiscRep_ALL:MISSING_GENOMEASSEMBLY_COMMENTS::64 bioseqs are missing GenomeAssembly structured comments
Aba1_folder/genesprediction/Aba1.predictedgenes:Aba1_17812:23446 (length 5634)
Aba1_folder/genesprediction/Aba1.predictedgenes:Aba1_34275:35216 (length 941)
Aba1_folder/genesprediction/Aba1.predictedgenes:Aba1_131048:131986 (length 938)
Aba1_folder/genesprediction/Aba1.predictedgenes:Aba1_211273:212211 (length 938)
Aba1_folder/genesprediction/Aba1.predictedgenes:Aba1_461301:461420 (length 119)
Aba1_folder/genesprediction/Aba1.predictedgenes:Aba1_464857:465791 (length 934)
Aba1_folder/genesprediction/Aba1.predictedgenes:Aba1_488032:493712 (length 5680)
Aba1_folder/genesprediction/Aba1.predictedgenes:Aba1_522903:528541 (length 5638)
Aba1_folder/genesprediction/Aba1.predictedgenes:Aba1_700899:701838 (length 939)
Aba1_folder/genesprediction/Aba1.predictedgenes:Aba1_704329:705576 (length 1247)
Aba1_folder/genesprediction/Aba1.predictedgenes:Aba1_711428:711552 (length 124)
Aba1_folder/genesprediction/Aba1.predictedgenes:Aba1_711696:711917 (length 221)
Aba1_folder/genesprediction/Aba1.predictedgenes:Aba1_831025:843507 (length 12482)
Aba1_folder/genesprediction/Aba1.predictedgenes:Aba1_883334:884506 (length 1172)
Aba1_folder/genesprediction/Aba1.predictedgenes:Aba1_914715:915844 (length 1129)
Aba1_folder/genesprediction/Aba1.predictedgenes:Aba1_954745:966592 (length 11847)
Aba1_folder/genesprediction/Aba1.predictedgenes:Aba1_984274:985212 (length 938)
Aba1_folder/genesprediction/Aba1.predictedgenes:Aba1_1040079:1041018 (length 939)
Aba1_folder/genesprediction/Aba1.predictedgenes:Aba1_1067298:1068240 (length 942)
Aba1_folder/genesprediction/Aba1.predictedgenes:Aba1_1193832:1194772 (length 940)
Aba1_folder/genesprediction/Aba1.predictedgenes:Aba1_1196979:1197921 (length 942)
Aba1_folder/genesprediction/Aba1.predictedgenes:Aba1_1272651:1273163 (length 512)
Aba1_folder/genesprediction/Aba1.predictedgenes:Aba1_1449269:1450436 (length 1167)
Aba1_folder/genesprediction/Aba1.predictedgenes:Aba1_1470214:1471161 (length 947)
Aba1_folder/genesprediction/Aba1.predictedgenes:Aba1_1506873:1507812 (length 939)
Aba1_folder/genesprediction/Aba1.predictedgenes:Aba1_1558839:1560012 (length 1173)
Aba1_folder/genesprediction/Aba1.predictedgenes:Aba1_1698739:1701068 (length 2329)
Aba1_folder/genesprediction/Aba1.predictedgenes:Aba1_1739369:1740304 (length 935)
Aba1_folder/genesprediction/Aba1.predictedgenes:Aba1_1919734:1920574 (length 840)
Aba1_folder/genesprediction/Aba1.predictedgenes:Aba1_1932679:1933801 (length 1122)
Aba1_folder/genesprediction/Aba1.predictedgenes:Aba1_1948678:1949619 (length 941)
Aba1_folder/genesprediction/Aba1.predictedgenes:Aba1_1996957:2000682 (length 3725)
Aba1_folder/genesprediction/Aba1.predictedgenes:Aba1_2056612:2057243 (length 631)
Aba1_folder/genesprediction/Aba1.predictedgenes:Aba1_2267858:2268700 (length 842)
Aba1_folder/genesprediction/Aba1.predictedgenes:Aba1_2362374:2363312 (length 938)
Aba1_folder/genesprediction/Aba1.predictedgenes:Aba1_2450795:2451731 (length 936)
Aba1_folder/genesprediction/Aba1.predictedgenes:Aba1_2519872:2520810 (length 938)
Aba1_folder/genesprediction/Aba1.predictedgenes:Aba1_2528425:2529362 (length 937)
Aba1_folder/genesprediction/Aba1.predictedgenes:Aba1_2560170:2561114 (length 944)
Aba1_folder/genesprediction/Aba1.predictedgenes:Aba1_2575179:2576121 (length 942)
Aba1_folder/genesprediction/Aba1.predictedgenes:Aba1_2737792:2738790 (length 998)
Aba1_folder/genesprediction/Aba1.predictedgenes:Aba1_2757731:2758167 (length 436)
Aba1_folder/genesprediction/Aba1.predictedgenes:Aba1_2815156:2827005 (length 11849)
Aba1_folder/genesprediction/Aba1.predictedgenes:Aba1_2847836:2848773 (length 937)
Aba1_folder/genesprediction/Aba1.predictedgenes:Aba1_2850127:2850597 (length 470)
Aba1_folder/genesprediction/Aba1.predictedgenes:Aba1_2851018:2851954 (length 936)
Aba1_folder/genesprediction/Aba1.predictedgenes:Aba1_3032234:3044081 (length 11847)
Aba1_folder/genesprediction/Aba1.predictedgenes:Aba1_3125017:3125320 (length 303)
Aba1_folder/genesprediction/Aba1.predictedgenes:Aba1_3174198:3175250 (length 1052)
Aba1_folder/genesprediction/Aba1.predictedgenes:Aba1_3209473:3209641 (length 168)
Aba1_folder/genesprediction/Aba1.predictedgenes:Aba1_3384613:3390021 (length 5408)
Aba1_folder/genesprediction/Aba1.predictedgenes:Aba1_3475104:3475225 (length 121)
Aba1_folder/genesprediction/Aba1.predictedgenes:Aba1_3780687:3781572 (length 885)
Aba1_folder/genesprediction/Aba1.predictedgenes:Aba1_3838649:3850497 (length 11848)
Aba1_folder/genesprediction/Aba1.predictedgenes:Aba1_3882334:3888002 (length 5668)
Aba1_folder/genesprediction/Aba1.predictedgenes:Aba1_4051734:4057153 (length 5419)
Aba1_folder/genesprediction/Aba1.predictedgenes:Aba1_4059861:4061020 (length 1159)
Aba1_folder/genesprediction/Aba1.predictedgenes:Aba1_4116660:4117832 (length 1172)
Aba1_folder/genesprediction/Aba1.predictedgenes:Aba1_4142794:4143960 (length 1166)
Aba1_folder/genesprediction/Aba1.predictedgenes:Aba1_4159433:4160285 (length 852)
Aba1_folder/genesprediction/Aba1.predictedgenes:Aba1_4160420:4160558 (length 138)
Aba1_folder/genesprediction/Aba1.predictedgenes:Aba1_4161756:4162643 (length 887)
Aba1_folder/genesprediction/Aba1.predictedgenes:Aba1_4183086:4184710 (length 1624)
Aba1_folder/genesprediction/Aba1.predictedgenes:Aba1_4190690:4192392 (length 1702)

DiscRep_ALL:SHORT_SEQUENCES_200::5 sequences are shorter than 200 bp.
Aba1_folder/genesprediction/Aba1.predictedgenes:Aba1_461301:461420 (length 119)
Aba1_folder/genesprediction/Aba1.predictedgenes:Aba1_711428:711552 (length 124)
Aba1_folder/genesprediction/Aba1.predictedgenes:Aba1_3209473:3209641 (length 168)
Aba1_folder/genesprediction/Aba1.predictedgenes:Aba1_3475104:3475225 (length 121)
Aba1_folder/genesprediction/Aba1.predictedgenes:Aba1_4160420:4160558 (length 138)

DiscRep_ALL:MOLTYPE_NOT_MRNA::64 molecule types are not set as mRNA.
Aba1_folder/genesprediction/Aba1.predictedgenes:Aba1_17812:23446 (length 5634)
Aba1_folder/genesprediction/Aba1.predictedgenes:Aba1_34275:35216 (length 941)
Aba1_folder/genesprediction/Aba1.predictedgenes:Aba1_131048:131986 (length 938)
Aba1_folder/genesprediction/Aba1.predictedgenes:Aba1_211273:212211 (length 938)
Aba1_folder/genesprediction/Aba1.predictedgenes:Aba1_461301:461420 (length 119)
Aba1_folder/genesprediction/Aba1.predictedgenes:Aba1_464857:465791 (length 934)
Aba1_folder/genesprediction/Aba1.predictedgenes:Aba1_488032:493712 (length 5680)
Aba1_folder/genesprediction/Aba1.predictedgenes:Aba1_522903:528541 (length 5638)
Aba1_folder/genesprediction/Aba1.predictedgenes:Aba1_700899:701838 (length 939)
Aba1_folder/genesprediction/Aba1.predictedgenes:Aba1_704329:705576 (length 1247)
Aba1_folder/genesprediction/Aba1.predictedgenes:Aba1_711428:711552 (length 124)
Aba1_folder/genesprediction/Aba1.predictedgenes:Aba1_711696:711917 (length 221)
Aba1_folder/genesprediction/Aba1.predictedgenes:Aba1_831025:843507 (length 12482)
Aba1_folder/genesprediction/Aba1.predictedgenes:Aba1_883334:884506 (length 1172)
Aba1_folder/genesprediction/Aba1.predictedgenes:Aba1_914715:915844 (length 1129)
Aba1_folder/genesprediction/Aba1.predictedgenes:Aba1_954745:966592 (length 11847)
Aba1_folder/genesprediction/Aba1.predictedgenes:Aba1_984274:985212 (length 938)
Aba1_folder/genesprediction/Aba1.predictedgenes:Aba1_1040079:1041018 (length 939)
Aba1_folder/genesprediction/Aba1.predictedgenes:Aba1_1067298:1068240 (length 942)
Aba1_folder/genesprediction/Aba1.predictedgenes:Aba1_1193832:1194772 (length 940)
Aba1_folder/genesprediction/Aba1.predictedgenes:Aba1_1196979:1197921 (length 942)
Aba1_folder/genesprediction/Aba1.predictedgenes:Aba1_1272651:1273163 (length 512)
Aba1_folder/genesprediction/Aba1.predictedgenes:Aba1_1449269:1450436 (length 1167)
Aba1_folder/genesprediction/Aba1.predictedgenes:Aba1_1470214:1471161 (length 947)
Aba1_folder/genesprediction/Aba1.predictedgenes:Aba1_1506873:1507812 (length 939)
Aba1_folder/genesprediction/Aba1.predictedgenes:Aba1_1558839:1560012 (length 1173)
Aba1_folder/genesprediction/Aba1.predictedgenes:Aba1_1698739:1701068 (length 2329)
Aba1_folder/genesprediction/Aba1.predictedgenes:Aba1_1739369:1740304 (length 935)
Aba1_folder/genesprediction/Aba1.predictedgenes:Aba1_1919734:1920574 (length 840)
Aba1_folder/genesprediction/Aba1.predictedgenes:Aba1_1932679:1933801 (length 1122)
Aba1_folder/genesprediction/Aba1.predictedgenes:Aba1_1948678:1949619 (length 941)
Aba1_folder/genesprediction/Aba1.predictedgenes:Aba1_1996957:2000682 (length 3725)
Aba1_folder/genesprediction/Aba1.predictedgenes:Aba1_2056612:2057243 (length 631)
Aba1_folder/genesprediction/Aba1.predictedgenes:Aba1_2267858:2268700 (length 842)
Aba1_folder/genesprediction/Aba1.predictedgenes:Aba1_2362374:2363312 (length 938)
Aba1_folder/genesprediction/Aba1.predictedgenes:Aba1_2450795:2451731 (length 936)
Aba1_folder/genesprediction/Aba1.predictedgenes:Aba1_2519872:2520810 (length 938)
Aba1_folder/genesprediction/Aba1.predictedgenes:Aba1_2528425:2529362 (length 937)
Aba1_folder/genesprediction/Aba1.predictedgenes:Aba1_2560170:2561114 (length 944)
Aba1_folder/genesprediction/Aba1.predictedgenes:Aba1_2575179:2576121 (length 942)
Aba1_folder/genesprediction/Aba1.predictedgenes:Aba1_2737792:2738790 (length 998)
Aba1_folder/genesprediction/Aba1.predictedgenes:Aba1_2757731:2758167 (length 436)
Aba1_folder/genesprediction/Aba1.predictedgenes:Aba1_2815156:2827005 (length 11849)
Aba1_folder/genesprediction/Aba1.predictedgenes:Aba1_2847836:2848773 (length 937)
Aba1_folder/genesprediction/Aba1.predictedgenes:Aba1_2850127:2850597 (length 470)
Aba1_folder/genesprediction/Aba1.predictedgenes:Aba1_2851018:2851954 (length 936)
Aba1_folder/genesprediction/Aba1.predictedgenes:Aba1_3032234:3044081 (length 11847)
Aba1_folder/genesprediction/Aba1.predictedgenes:Aba1_3125017:3125320 (length 303)
Aba1_folder/genesprediction/Aba1.predictedgenes:Aba1_3174198:3175250 (length 1052)
Aba1_folder/genesprediction/Aba1.predictedgenes:Aba1_3209473:3209641 (length 168)
Aba1_folder/genesprediction/Aba1.predictedgenes:Aba1_3384613:3390021 (length 5408)
Aba1_folder/genesprediction/Aba1.predictedgenes:Aba1_3475104:3475225 (length 121)
Aba1_folder/genesprediction/Aba1.predictedgenes:Aba1_3780687:3781572 (length 885)
Aba1_folder/genesprediction/Aba1.predictedgenes:Aba1_3838649:3850497 (length 11848)
Aba1_folder/genesprediction/Aba1.predictedgenes:Aba1_3882334:3888002 (length 5668)
Aba1_folder/genesprediction/Aba1.predictedgenes:Aba1_4051734:4057153 (length 5419)
Aba1_folder/genesprediction/Aba1.predictedgenes:Aba1_4059861:4061020 (length 1159)
Aba1_folder/genesprediction/Aba1.predictedgenes:Aba1_4116660:4117832 (length 1172)
Aba1_folder/genesprediction/Aba1.predictedgenes:Aba1_4142794:4143960 (length 1166)
Aba1_folder/genesprediction/Aba1.predictedgenes:Aba1_4159433:4160285 (length 852)
Aba1_folder/genesprediction/Aba1.predictedgenes:Aba1_4160420:4160558 (length 138)
Aba1_folder/genesprediction/Aba1.predictedgenes:Aba1_4161756:4162643 (length 887)
Aba1_folder/genesprediction/Aba1.predictedgenes:Aba1_4183086:4184710 (length 1624)
Aba1_folder/genesprediction/Aba1.predictedgenes:Aba1_4190690:4192392 (length 1702)

DiscRep_ALL:TECHNIQUE_NOT_TSA::64 technique are not set as TSA
Aba1_folder/genesprediction/Aba1.predictedgenes:Aba1_17812:23446 (length 5634)
Aba1_folder/genesprediction/Aba1.predictedgenes:Aba1_34275:35216 (length 941)
Aba1_folder/genesprediction/Aba1.predictedgenes:Aba1_131048:131986 (length 938)
Aba1_folder/genesprediction/Aba1.predictedgenes:Aba1_211273:212211 (length 938)
Aba1_folder/genesprediction/Aba1.predictedgenes:Aba1_461301:461420 (length 119)
Aba1_folder/genesprediction/Aba1.predictedgenes:Aba1_464857:465791 (length 934)
Aba1_folder/genesprediction/Aba1.predictedgenes:Aba1_488032:493712 (length 5680)
Aba1_folder/genesprediction/Aba1.predictedgenes:Aba1_522903:528541 (length 5638)
Aba1_folder/genesprediction/Aba1.predictedgenes:Aba1_700899:701838 (length 939)
Aba1_folder/genesprediction/Aba1.predictedgenes:Aba1_704329:705576 (length 1247)
Aba1_folder/genesprediction/Aba1.predictedgenes:Aba1_711428:711552 (length 124)
Aba1_folder/genesprediction/Aba1.predictedgenes:Aba1_711696:711917 (length 221)
Aba1_folder/genesprediction/Aba1.predictedgenes:Aba1_831025:843507 (length 12482)
Aba1_folder/genesprediction/Aba1.predictedgenes:Aba1_883334:884506 (length 1172)
Aba1_folder/genesprediction/Aba1.predictedgenes:Aba1_914715:915844 (length 1129)
Aba1_folder/genesprediction/Aba1.predictedgenes:Aba1_954745:966592 (length 11847)
Aba1_folder/genesprediction/Aba1.predictedgenes:Aba1_984274:985212 (length 938)
Aba1_folder/genesprediction/Aba1.predictedgenes:Aba1_1040079:1041018 (length 939)
Aba1_folder/genesprediction/Aba1.predictedgenes:Aba1_1067298:1068240 (length 942)
Aba1_folder/genesprediction/Aba1.predictedgenes:Aba1_1193832:1194772 (length 940)
Aba1_folder/genesprediction/Aba1.predictedgenes:Aba1_1196979:1197921 (length 942)
Aba1_folder/genesprediction/Aba1.predictedgenes:Aba1_1272651:1273163 (length 512)
Aba1_folder/genesprediction/Aba1.predictedgenes:Aba1_1449269:1450436 (length 1167)
Aba1_folder/genesprediction/Aba1.predictedgenes:Aba1_1470214:1471161 (length 947)
Aba1_folder/genesprediction/Aba1.predictedgenes:Aba1_1506873:1507812 (length 939)
Aba1_folder/genesprediction/Aba1.predictedgenes:Aba1_1558839:1560012 (length 1173)
Aba1_folder/genesprediction/Aba1.predictedgenes:Aba1_1698739:1701068 (length 2329)
Aba1_folder/genesprediction/Aba1.predictedgenes:Aba1_1739369:1740304 (length 935)
Aba1_folder/genesprediction/Aba1.predictedgenes:Aba1_1919734:1920574 (length 840)
Aba1_folder/genesprediction/Aba1.predictedgenes:Aba1_1932679:1933801 (length 1122)
Aba1_folder/genesprediction/Aba1.predictedgenes:Aba1_1948678:1949619 (length 941)
Aba1_folder/genesprediction/Aba1.predictedgenes:Aba1_1996957:2000682 (length 3725)
Aba1_folder/genesprediction/Aba1.predictedgenes:Aba1_2056612:2057243 (length 631)
Aba1_folder/genesprediction/Aba1.predictedgenes:Aba1_2267858:2268700 (length 842)
Aba1_folder/genesprediction/Aba1.predictedgenes:Aba1_2362374:2363312 (length 938)
Aba1_folder/genesprediction/Aba1.predictedgenes:Aba1_2450795:2451731 (length 936)
Aba1_folder/genesprediction/Aba1.predictedgenes:Aba1_2519872:2520810 (length 938)
Aba1_folder/genesprediction/Aba1.predictedgenes:Aba1_2528425:2529362 (length 937)
Aba1_folder/genesprediction/Aba1.predictedgenes:Aba1_2560170:2561114 (length 944)
Aba1_folder/genesprediction/Aba1.predictedgenes:Aba1_2575179:2576121 (length 942)
Aba1_folder/genesprediction/Aba1.predictedgenes:Aba1_2737792:2738790 (length 998)
Aba1_folder/genesprediction/Aba1.predictedgenes:Aba1_2757731:2758167 (length 436)
Aba1_folder/genesprediction/Aba1.predictedgenes:Aba1_2815156:2827005 (length 11849)
Aba1_folder/genesprediction/Aba1.predictedgenes:Aba1_2847836:2848773 (length 937)
Aba1_folder/genesprediction/Aba1.predictedgenes:Aba1_2850127:2850597 (length 470)
Aba1_folder/genesprediction/Aba1.predictedgenes:Aba1_2851018:2851954 (length 936)
Aba1_folder/genesprediction/Aba1.predictedgenes:Aba1_3032234:3044081 (length 11847)
Aba1_folder/genesprediction/Aba1.predictedgenes:Aba1_3125017:3125320 (length 303)
Aba1_folder/genesprediction/Aba1.predictedgenes:Aba1_3174198:3175250 (length 1052)
Aba1_folder/genesprediction/Aba1.predictedgenes:Aba1_3209473:3209641 (length 168)
Aba1_folder/genesprediction/Aba1.predictedgenes:Aba1_3384613:3390021 (length 5408)
Aba1_folder/genesprediction/Aba1.predictedgenes:Aba1_3475104:3475225 (length 121)
Aba1_folder/genesprediction/Aba1.predictedgenes:Aba1_3780687:3781572 (length 885)
Aba1_folder/genesprediction/Aba1.predictedgenes:Aba1_3838649:3850497 (length 11848)
Aba1_folder/genesprediction/Aba1.predictedgenes:Aba1_3882334:3888002 (length 5668)
Aba1_folder/genesprediction/Aba1.predictedgenes:Aba1_4051734:4057153 (length 5419)
Aba1_folder/genesprediction/Aba1.predictedgenes:Aba1_4059861:4061020 (length 1159)
Aba1_folder/genesprediction/Aba1.predictedgenes:Aba1_4116660:4117832 (length 1172)
Aba1_folder/genesprediction/Aba1.predictedgenes:Aba1_4142794:4143960 (length 1166)
Aba1_folder/genesprediction/Aba1.predictedgenes:Aba1_4159433:4160285 (length 852)
Aba1_folder/genesprediction/Aba1.predictedgenes:Aba1_4160420:4160558 (length 138)
Aba1_folder/genesprediction/Aba1.predictedgenes:Aba1_4161756:4162643 (length 887)
Aba1_folder/genesprediction/Aba1.predictedgenes:Aba1_4183086:4184710 (length 1624)
Aba1_folder/genesprediction/Aba1.predictedgenes:Aba1_4190690:4192392 (length 1702)

DiscRep_ALL:MISSING_STRUCTURED_COMMENT::64 sequences do not include structured comments.
Aba1_folder/genesprediction/Aba1.predictedgenes:Aba1_17812:23446 (length 5634)
Aba1_folder/genesprediction/Aba1.predictedgenes:Aba1_34275:35216 (length 941)
Aba1_folder/genesprediction/Aba1.predictedgenes:Aba1_131048:131986 (length 938)
Aba1_folder/genesprediction/Aba1.predictedgenes:Aba1_211273:212211 (length 938)
Aba1_folder/genesprediction/Aba1.predictedgenes:Aba1_461301:461420 (length 119)
Aba1_folder/genesprediction/Aba1.predictedgenes:Aba1_464857:465791 (length 934)
Aba1_folder/genesprediction/Aba1.predictedgenes:Aba1_488032:493712 (length 5680)
Aba1_folder/genesprediction/Aba1.predictedgenes:Aba1_522903:528541 (length 5638)
Aba1_folder/genesprediction/Aba1.predictedgenes:Aba1_700899:701838 (length 939)
Aba1_folder/genesprediction/Aba1.predictedgenes:Aba1_704329:705576 (length 1247)
Aba1_folder/genesprediction/Aba1.predictedgenes:Aba1_711428:711552 (length 124)
Aba1_folder/genesprediction/Aba1.predictedgenes:Aba1_711696:711917 (length 221)
Aba1_folder/genesprediction/Aba1.predictedgenes:Aba1_831025:843507 (length 12482)
Aba1_folder/genesprediction/Aba1.predictedgenes:Aba1_883334:884506 (length 1172)
Aba1_folder/genesprediction/Aba1.predictedgenes:Aba1_914715:915844 (length 1129)
Aba1_folder/genesprediction/Aba1.predictedgenes:Aba1_954745:966592 (length 11847)
Aba1_folder/genesprediction/Aba1.predictedgenes:Aba1_984274:985212 (length 938)
Aba1_folder/genesprediction/Aba1.predictedgenes:Aba1_1040079:1041018 (length 939)
Aba1_folder/genesprediction/Aba1.predictedgenes:Aba1_1067298:1068240 (length 942)
Aba1_folder/genesprediction/Aba1.predictedgenes:Aba1_1193832:1194772 (length 940)
Aba1_folder/genesprediction/Aba1.predictedgenes:Aba1_1196979:1197921 (length 942)
Aba1_folder/genesprediction/Aba1.predictedgenes:Aba1_1272651:1273163 (length 512)
Aba1_folder/genesprediction/Aba1.predictedgenes:Aba1_1449269:1450436 (length 1167)
Aba1_folder/genesprediction/Aba1.predictedgenes:Aba1_1470214:1471161 (length 947)
Aba1_folder/genesprediction/Aba1.predictedgenes:Aba1_1506873:1507812 (length 939)
Aba1_folder/genesprediction/Aba1.predictedgenes:Aba1_1558839:1560012 (length 1173)
Aba1_folder/genesprediction/Aba1.predictedgenes:Aba1_1698739:1701068 (length 2329)
Aba1_folder/genesprediction/Aba1.predictedgenes:Aba1_1739369:1740304 (length 935)
Aba1_folder/genesprediction/Aba1.predictedgenes:Aba1_1919734:1920574 (length 840)
Aba1_folder/genesprediction/Aba1.predictedgenes:Aba1_1932679:1933801 (length 1122)
Aba1_folder/genesprediction/Aba1.predictedgenes:Aba1_1948678:1949619 (length 941)
Aba1_folder/genesprediction/Aba1.predictedgenes:Aba1_1996957:2000682 (length 3725)
Aba1_folder/genesprediction/Aba1.predictedgenes:Aba1_2056612:2057243 (length 631)
Aba1_folder/genesprediction/Aba1.predictedgenes:Aba1_2267858:2268700 (length 842)
Aba1_folder/genesprediction/Aba1.predictedgenes:Aba1_2362374:2363312 (length 938)
Aba1_folder/genesprediction/Aba1.predictedgenes:Aba1_2450795:2451731 (length 936)
Aba1_folder/genesprediction/Aba1.predictedgenes:Aba1_2519872:2520810 (length 938)
Aba1_folder/genesprediction/Aba1.predictedgenes:Aba1_2528425:2529362 (length 937)
Aba1_folder/genesprediction/Aba1.predictedgenes:Aba1_2560170:2561114 (length 944)
Aba1_folder/genesprediction/Aba1.predictedgenes:Aba1_2575179:2576121 (length 942)
Aba1_folder/genesprediction/Aba1.predictedgenes:Aba1_2737792:2738790 (length 998)
Aba1_folder/genesprediction/Aba1.predictedgenes:Aba1_2757731:2758167 (length 436)
Aba1_folder/genesprediction/Aba1.predictedgenes:Aba1_2815156:2827005 (length 11849)
Aba1_folder/genesprediction/Aba1.predictedgenes:Aba1_2847836:2848773 (length 937)
Aba1_folder/genesprediction/Aba1.predictedgenes:Aba1_2850127:2850597 (length 470)
Aba1_folder/genesprediction/Aba1.predictedgenes:Aba1_2851018:2851954 (length 936)
Aba1_folder/genesprediction/Aba1.predictedgenes:Aba1_3032234:3044081 (length 11847)
Aba1_folder/genesprediction/Aba1.predictedgenes:Aba1_3125017:3125320 (length 303)
Aba1_folder/genesprediction/Aba1.predictedgenes:Aba1_3174198:3175250 (length 1052)
Aba1_folder/genesprediction/Aba1.predictedgenes:Aba1_3209473:3209641 (length 168)
Aba1_folder/genesprediction/Aba1.predictedgenes:Aba1_3384613:3390021 (length 5408)
Aba1_folder/genesprediction/Aba1.predictedgenes:Aba1_3475104:3475225 (length 121)
Aba1_folder/genesprediction/Aba1.predictedgenes:Aba1_3780687:3781572 (length 885)
Aba1_folder/genesprediction/Aba1.predictedgenes:Aba1_3838649:3850497 (length 11848)
Aba1_folder/genesprediction/Aba1.predictedgenes:Aba1_3882334:3888002 (length 5668)
Aba1_folder/genesprediction/Aba1.predictedgenes:Aba1_4051734:4057153 (length 5419)
Aba1_folder/genesprediction/Aba1.predictedgenes:Aba1_4059861:4061020 (length 1159)
Aba1_folder/genesprediction/Aba1.predictedgenes:Aba1_4116660:4117832 (length 1172)
Aba1_folder/genesprediction/Aba1.predictedgenes:Aba1_4142794:4143960 (length 1166)
Aba1_folder/genesprediction/Aba1.predictedgenes:Aba1_4159433:4160285 (length 852)
Aba1_folder/genesprediction/Aba1.predictedgenes:Aba1_4160420:4160558 (length 138)
Aba1_folder/genesprediction/Aba1.predictedgenes:Aba1_4161756:4162643 (length 887)
Aba1_folder/genesprediction/Aba1.predictedgenes:Aba1_4183086:4184710 (length 1624)
Aba1_folder/genesprediction/Aba1.predictedgenes:Aba1_4190690:4192392 (length 1702)

DiscRep_ALL:MISSING_PROJECT::127 sequences do not include project.
Aba1_folder/genesprediction/Aba1.predictedgenes:Aba1_17812:23446 (length 5634)
Aba1_folder/genesprediction/Aba1.predictedgenes:Aba1_34275:35216 (length 941)
Aba1_folder/genesprediction/Aba1.predictedgenes:Aba1_131048:131986 (length 938)
Aba1_folder/genesprediction/Aba1.predictedgenes:Aba1_211273:212211 (length 938)
Aba1_folder/genesprediction/Aba1.predictedgenes:Aba1_461301:461420 (length 119)
Aba1_folder/genesprediction/Aba1.predictedgenes:Aba1_464857:465791 (length 934)
Aba1_folder/genesprediction/Aba1.predictedgenes:Aba1_464857:465791_1 (length 143)
Aba1_folder/genesprediction/Aba1.predictedgenes:Aba1_464857:465791_2 (length 69)
Aba1_folder/genesprediction/Aba1.predictedgenes:Aba1_488032:493712 (length 5680)
Aba1_folder/genesprediction/Aba1.predictedgenes:Aba1_522903:528541 (length 5638)
Aba1_folder/genesprediction/Aba1.predictedgenes:Aba1_700899:701838 (length 939)
Aba1_folder/genesprediction/Aba1.predictedgenes:Aba1_704329:705576 (length 1247)
Aba1_folder/genesprediction/Aba1.predictedgenes:Aba1_711428:711552 (length 124)
Aba1_folder/genesprediction/Aba1.predictedgenes:Aba1_711696:711917 (length 221)
Aba1_folder/genesprediction/Aba1.predictedgenes:Aba1_831025:843507 (length 12482)
Aba1_folder/genesprediction/Aba1.predictedgenes:Aba1_883334:884506 (length 1172)
Aba1_folder/genesprediction/Aba1.predictedgenes:Aba1_914715:915844 (length 1129)
Aba1_folder/genesprediction/Aba1.predictedgenes:Aba1_914715:915844_1 (length 62)
Aba1_folder/genesprediction/Aba1.predictedgenes:Aba1_954745:966592 (length 11847)
Aba1_folder/genesprediction/Aba1.predictedgenes:Aba1_954745:966592_1 (length 252)
Aba1_folder/genesprediction/Aba1.predictedgenes:Aba1_954745:966592_2 (length 636)
Aba1_folder/genesprediction/Aba1.predictedgenes:Aba1_954745:966592_3 (length 306)
Aba1_folder/genesprediction/Aba1.predictedgenes:Aba1_954745:966592_4 (length 336)
Aba1_folder/genesprediction/Aba1.predictedgenes:Aba1_954745:966592_5 (length 53)
Aba1_folder/genesprediction/Aba1.predictedgenes:Aba1_954745:966592_6 (length 304)
Aba1_folder/genesprediction/Aba1.predictedgenes:Aba1_954745:966592_7 (length 123)
Aba1_folder/genesprediction/Aba1.predictedgenes:Aba1_954745:966592_8 (length 99)
Aba1_folder/genesprediction/Aba1.predictedgenes:Aba1_954745:966592_9 (length 283)
Aba1_folder/genesprediction/Aba1.predictedgenes:Aba1_954745:966592_10 (length 495)
Aba1_folder/genesprediction/Aba1.predictedgenes:Aba1_954745:966592_11 (length 598)
Aba1_folder/genesprediction/Aba1.predictedgenes:Aba1_984274:985212 (length 938)
Aba1_folder/genesprediction/Aba1.predictedgenes:Aba1_1040079:1041018 (length 939)
Aba1_folder/genesprediction/Aba1.predictedgenes:Aba1_1067298:1068240 (length 942)
Aba1_folder/genesprediction/Aba1.predictedgenes:Aba1_1193832:1194772 (length 940)
Aba1_folder/genesprediction/Aba1.predictedgenes:Aba1_1196979:1197921 (length 942)
Aba1_folder/genesprediction/Aba1.predictedgenes:Aba1_1272651:1273163 (length 512)
Aba1_folder/genesprediction/Aba1.predictedgenes:Aba1_1272651:1273163_1 (length 69)
Aba1_folder/genesprediction/Aba1.predictedgenes:Aba1_1449269:1450436 (length 1167)
Aba1_folder/genesprediction/Aba1.predictedgenes:Aba1_1470214:1471161 (length 947)
Aba1_folder/genesprediction/Aba1.predictedgenes:Aba1_1506873:1507812 (length 939)
Aba1_folder/genesprediction/Aba1.predictedgenes:Aba1_1558839:1560012 (length 1173)
Aba1_folder/genesprediction/Aba1.predictedgenes:Aba1_1698739:1701068 (length 2329)
Aba1_folder/genesprediction/Aba1.predictedgenes:Aba1_1698739:1701068_1 (length 284)
Aba1_folder/genesprediction/Aba1.predictedgenes:Aba1_1698739:1701068_2 (length 62)
Aba1_folder/genesprediction/Aba1.predictedgenes:Aba1_1739369:1740304 (length 935)
Aba1_folder/genesprediction/Aba1.predictedgenes:Aba1_1739369:1740304_1 (length 69)
Aba1_folder/genesprediction/Aba1.predictedgenes:Aba1_1739369:1740304_2 (length 143)
Aba1_folder/genesprediction/Aba1.predictedgenes:Aba1_1919734:1920574 (length 840)
Aba1_folder/genesprediction/Aba1.predictedgenes:Aba1_1932679:1933801 (length 1122)
Aba1_folder/genesprediction/Aba1.predictedgenes:Aba1_1932679:1933801_1 (length 62)
Aba1_folder/genesprediction/Aba1.predictedgenes:Aba1_1948678:1949619 (length 941)
Aba1_folder/genesprediction/Aba1.predictedgenes:Aba1_1996957:2000682 (length 3725)
Aba1_folder/genesprediction/Aba1.predictedgenes:Aba1_1996957:2000682_1 (length 405)
Aba1_folder/genesprediction/Aba1.predictedgenes:Aba1_1996957:2000682_2 (length 64)
Aba1_folder/genesprediction/Aba1.predictedgenes:Aba1_1996957:2000682_3 (length 90)
Aba1_folder/genesprediction/Aba1.predictedgenes:Aba1_1996957:2000682_4 (length 405)
Aba1_folder/genesprediction/Aba1.predictedgenes:Aba1_2056612:2057243 (length 631)
Aba1_folder/genesprediction/Aba1.predictedgenes:Aba1_2267858:2268700 (length 842)
Aba1_folder/genesprediction/Aba1.predictedgenes:Aba1_2362374:2363312 (length 938)
Aba1_folder/genesprediction/Aba1.predictedgenes:Aba1_2450795:2451731 (length 936)
Aba1_folder/genesprediction/Aba1.predictedgenes:Aba1_2519872:2520810 (length 938)
Aba1_folder/genesprediction/Aba1.predictedgenes:Aba1_2528425:2529362 (length 937)
Aba1_folder/genesprediction/Aba1.predictedgenes:Aba1_2560170:2561114 (length 944)
Aba1_folder/genesprediction/Aba1.predictedgenes:Aba1_2575179:2576121 (length 942)
Aba1_folder/genesprediction/Aba1.predictedgenes:Aba1_2737792:2738790 (length 998)
Aba1_folder/genesprediction/Aba1.predictedgenes:Aba1_2737792:2738790_1 (length 69)
Aba1_folder/genesprediction/Aba1.predictedgenes:Aba1_2757731:2758167 (length 436)
Aba1_folder/genesprediction/Aba1.predictedgenes:Aba1_2757731:2758167_1 (length 69)
Aba1_folder/genesprediction/Aba1.predictedgenes:Aba1_2815156:2827005 (length 11849)
Aba1_folder/genesprediction/Aba1.predictedgenes:Aba1_2815156:2827005_1 (length 252)
Aba1_folder/genesprediction/Aba1.predictedgenes:Aba1_2815156:2827005_2 (length 636)
Aba1_folder/genesprediction/Aba1.predictedgenes:Aba1_2815156:2827005_3 (length 306)
Aba1_folder/genesprediction/Aba1.predictedgenes:Aba1_2815156:2827005_4 (length 336)
Aba1_folder/genesprediction/Aba1.predictedgenes:Aba1_2815156:2827005_5 (length 53)
Aba1_folder/genesprediction/Aba1.predictedgenes:Aba1_2815156:2827005_6 (length 304)
Aba1_folder/genesprediction/Aba1.predictedgenes:Aba1_2815156:2827005_7 (length 123)
Aba1_folder/genesprediction/Aba1.predictedgenes:Aba1_2815156:2827005_8 (length 99)
Aba1_folder/genesprediction/Aba1.predictedgenes:Aba1_2815156:2827005_9 (length 283)
Aba1_folder/genesprediction/Aba1.predictedgenes:Aba1_2815156:2827005_10 (length 495)
Aba1_folder/genesprediction/Aba1.predictedgenes:Aba1_2815156:2827005_11 (length 598)
Aba1_folder/genesprediction/Aba1.predictedgenes:Aba1_2847836:2848773 (length 937)
Aba1_folder/genesprediction/Aba1.predictedgenes:Aba1_2850127:2850597 (length 470)
Aba1_folder/genesprediction/Aba1.predictedgenes:Aba1_2851018:2851954 (length 936)
Aba1_folder/genesprediction/Aba1.predictedgenes:Aba1_3032234:3044081 (length 11847)
Aba1_folder/genesprediction/Aba1.predictedgenes:Aba1_3032234:3044081_1 (length 598)
Aba1_folder/genesprediction/Aba1.predictedgenes:Aba1_3032234:3044081_2 (length 495)
Aba1_folder/genesprediction/Aba1.predictedgenes:Aba1_3032234:3044081_3 (length 283)
Aba1_folder/genesprediction/Aba1.predictedgenes:Aba1_3032234:3044081_4 (length 99)
Aba1_folder/genesprediction/Aba1.predictedgenes:Aba1_3032234:3044081_5 (length 123)
Aba1_folder/genesprediction/Aba1.predictedgenes:Aba1_3032234:3044081_6 (length 304)
Aba1_folder/genesprediction/Aba1.predictedgenes:Aba1_3032234:3044081_7 (length 53)
Aba1_folder/genesprediction/Aba1.predictedgenes:Aba1_3032234:3044081_8 (length 336)
Aba1_folder/genesprediction/Aba1.predictedgenes:Aba1_3032234:3044081_9 (length 306)
Aba1_folder/genesprediction/Aba1.predictedgenes:Aba1_3032234:3044081_10 (length 636)
Aba1_folder/genesprediction/Aba1.predictedgenes:Aba1_3032234:3044081_11 (length 252)
Aba1_folder/genesprediction/Aba1.predictedgenes:Aba1_3125017:3125320 (length 303)
Aba1_folder/genesprediction/Aba1.predictedgenes:Aba1_3174198:3175250 (length 1052)
Aba1_folder/genesprediction/Aba1.predictedgenes:Aba1_3209473:3209641 (length 168)
Aba1_folder/genesprediction/Aba1.predictedgenes:Aba1_3384613:3390021 (length 5408)
Aba1_folder/genesprediction/Aba1.predictedgenes:Aba1_3475104:3475225 (length 121)
Aba1_folder/genesprediction/Aba1.predictedgenes:Aba1_3780687:3781572 (length 885)
Aba1_folder/genesprediction/Aba1.predictedgenes:Aba1_3838649:3850497 (length 11848)
Aba1_folder/genesprediction/Aba1.predictedgenes:Aba1_3838649:3850497_1 (length 598)
Aba1_folder/genesprediction/Aba1.predictedgenes:Aba1_3838649:3850497_2 (length 495)
Aba1_folder/genesprediction/Aba1.predictedgenes:Aba1_3838649:3850497_3 (length 283)
Aba1_folder/genesprediction/Aba1.predictedgenes:Aba1_3838649:3850497_4 (length 99)
Aba1_folder/genesprediction/Aba1.predictedgenes:Aba1_3838649:3850497_5 (length 123)
Aba1_folder/genesprediction/Aba1.predictedgenes:Aba1_3838649:3850497_6 (length 304)
Aba1_folder/genesprediction/Aba1.predictedgenes:Aba1_3838649:3850497_7 (length 53)
Aba1_folder/genesprediction/Aba1.predictedgenes:Aba1_3838649:3850497_8 (length 336)
Aba1_folder/genesprediction/Aba1.predictedgenes:Aba1_3838649:3850497_9 (length 306)
Aba1_folder/genesprediction/Aba1.predictedgenes:Aba1_3838649:3850497_10 (length 636)
Aba1_folder/genesprediction/Aba1.predictedgenes:Aba1_3838649:3850497_11 (length 252)
Aba1_folder/genesprediction/Aba1.predictedgenes:Aba1_3882334:3888002 (length 5668)
Aba1_folder/genesprediction/Aba1.predictedgenes:Aba1_4051734:4057153 (length 5419)
Aba1_folder/genesprediction/Aba1.predictedgenes:Aba1_4059861:4061020 (length 1159)
Aba1_folder/genesprediction/Aba1.predictedgenes:Aba1_4116660:4117832 (length 1172)
Aba1_folder/genesprediction/Aba1.predictedgenes:Aba1_4142794:4143960 (length 1166)
Aba1_folder/genesprediction/Aba1.predictedgenes:Aba1_4159433:4160285 (length 852)
Aba1_folder/genesprediction/Aba1.predictedgenes:Aba1_4159433:4160285_1 (length 62)
Aba1_folder/genesprediction/Aba1.predictedgenes:Aba1_4160420:4160558 (length 138)
Aba1_folder/genesprediction/Aba1.predictedgenes:Aba1_4161756:4162643 (length 887)
Aba1_folder/genesprediction/Aba1.predictedgenes:Aba1_4183086:4184710 (length 1624)
Aba1_folder/genesprediction/Aba1.predictedgenes:Aba1_4183086:4184710_1 (length 196)
Aba1_folder/genesprediction/Aba1.predictedgenes:Aba1_4190690:4192392 (length 1702)
Aba1_folder/genesprediction/Aba1.predictedgenes:Aba1_4190690:4192392_1 (length 196)
Aba1_folder/genesprediction/Aba1.predictedgenes:Aba1_4190690:4192392_2 (length 279)

FATAL: DiscRep_ALL:RRNA_NAME_CONFLICTS::3 rRNA product names are not standard. Correct the names to the standard format, eg "16S ribosomal RNA"
Aba1_folder/genesprediction/Aba1.predictedgenes:rRNA	5S ribosomal RNA (partial)	Aba1_17812:23446:5549-5628	MAKOMOPK_00005
Aba1_folder/genesprediction/Aba1.predictedgenes:rRNA	5S ribosomal RNA (partial)	Aba1_522903:528541:5550-5630	MAKOMOPK_00018
Aba1_folder/genesprediction/Aba1.predictedgenes:rRNA	5S ribosomal RNA (partial)	Aba1_3384613:3390021:c87-8	MAKOMOPK_00066

DiscRep_ALL:DISC_INCONSISTENT_MOLINFO_TECH::Molinfo Technique Report (some missing, all same)
DiscRep_SUB:DISC_INCONSISTENT_MOLINFO_TECH::technique (all missing)
DiscRep_SUB:DISC_INCONSISTENT_MOLINFO_TECH::64 Molinfos are missing field technique
Aba1_folder/genesprediction/Aba1.predictedgenes:Aba1_17812:23446 (length 5634)
Aba1_folder/genesprediction/Aba1.predictedgenes:Aba1_34275:35216 (length 941)
Aba1_folder/genesprediction/Aba1.predictedgenes:Aba1_131048:131986 (length 938)
Aba1_folder/genesprediction/Aba1.predictedgenes:Aba1_211273:212211 (length 938)
Aba1_folder/genesprediction/Aba1.predictedgenes:Aba1_461301:461420 (length 119)
Aba1_folder/genesprediction/Aba1.predictedgenes:Aba1_464857:465791 (length 934)
Aba1_folder/genesprediction/Aba1.predictedgenes:Aba1_488032:493712 (length 5680)
Aba1_folder/genesprediction/Aba1.predictedgenes:Aba1_522903:528541 (length 5638)
Aba1_folder/genesprediction/Aba1.predictedgenes:Aba1_700899:701838 (length 939)
Aba1_folder/genesprediction/Aba1.predictedgenes:Aba1_704329:705576 (length 1247)
Aba1_folder/genesprediction/Aba1.predictedgenes:Aba1_711428:711552 (length 124)
Aba1_folder/genesprediction/Aba1.predictedgenes:Aba1_711696:711917 (length 221)
Aba1_folder/genesprediction/Aba1.predictedgenes:Aba1_831025:843507 (length 12482)
Aba1_folder/genesprediction/Aba1.predictedgenes:Aba1_883334:884506 (length 1172)
Aba1_folder/genesprediction/Aba1.predictedgenes:Aba1_914715:915844 (length 1129)
Aba1_folder/genesprediction/Aba1.predictedgenes:Aba1_954745:966592 (length 11847)
Aba1_folder/genesprediction/Aba1.predictedgenes:Aba1_984274:985212 (length 938)
Aba1_folder/genesprediction/Aba1.predictedgenes:Aba1_1040079:1041018 (length 939)
Aba1_folder/genesprediction/Aba1.predictedgenes:Aba1_1067298:1068240 (length 942)
Aba1_folder/genesprediction/Aba1.predictedgenes:Aba1_1193832:1194772 (length 940)
Aba1_folder/genesprediction/Aba1.predictedgenes:Aba1_1196979:1197921 (length 942)
Aba1_folder/genesprediction/Aba1.predictedgenes:Aba1_1272651:1273163 (length 512)
Aba1_folder/genesprediction/Aba1.predictedgenes:Aba1_1449269:1450436 (length 1167)
Aba1_folder/genesprediction/Aba1.predictedgenes:Aba1_1470214:1471161 (length 947)
Aba1_folder/genesprediction/Aba1.predictedgenes:Aba1_1506873:1507812 (length 939)
Aba1_folder/genesprediction/Aba1.predictedgenes:Aba1_1558839:1560012 (length 1173)
Aba1_folder/genesprediction/Aba1.predictedgenes:Aba1_1698739:1701068 (length 2329)
Aba1_folder/genesprediction/Aba1.predictedgenes:Aba1_1739369:1740304 (length 935)
Aba1_folder/genesprediction/Aba1.predictedgenes:Aba1_1919734:1920574 (length 840)
Aba1_folder/genesprediction/Aba1.predictedgenes:Aba1_1932679:1933801 (length 1122)
Aba1_folder/genesprediction/Aba1.predictedgenes:Aba1_1948678:1949619 (length 941)
Aba1_folder/genesprediction/Aba1.predictedgenes:Aba1_1996957:2000682 (length 3725)
Aba1_folder/genesprediction/Aba1.predictedgenes:Aba1_2056612:2057243 (length 631)
Aba1_folder/genesprediction/Aba1.predictedgenes:Aba1_2267858:2268700 (length 842)
Aba1_folder/genesprediction/Aba1.predictedgenes:Aba1_2362374:2363312 (length 938)
Aba1_folder/genesprediction/Aba1.predictedgenes:Aba1_2450795:2451731 (length 936)
Aba1_folder/genesprediction/Aba1.predictedgenes:Aba1_2519872:2520810 (length 938)
Aba1_folder/genesprediction/Aba1.predictedgenes:Aba1_2528425:2529362 (length 937)
Aba1_folder/genesprediction/Aba1.predictedgenes:Aba1_2560170:2561114 (length 944)
Aba1_folder/genesprediction/Aba1.predictedgenes:Aba1_2575179:2576121 (length 942)
Aba1_folder/genesprediction/Aba1.predictedgenes:Aba1_2737792:2738790 (length 998)
Aba1_folder/genesprediction/Aba1.predictedgenes:Aba1_2757731:2758167 (length 436)
Aba1_folder/genesprediction/Aba1.predictedgenes:Aba1_2815156:2827005 (length 11849)
Aba1_folder/genesprediction/Aba1.predictedgenes:Aba1_2847836:2848773 (length 937)
Aba1_folder/genesprediction/Aba1.predictedgenes:Aba1_2850127:2850597 (length 470)
Aba1_folder/genesprediction/Aba1.predictedgenes:Aba1_2851018:2851954 (length 936)
Aba1_folder/genesprediction/Aba1.predictedgenes:Aba1_3032234:3044081 (length 11847)
Aba1_folder/genesprediction/Aba1.predictedgenes:Aba1_3125017:3125320 (length 303)
Aba1_folder/genesprediction/Aba1.predictedgenes:Aba1_3174198:3175250 (length 1052)
Aba1_folder/genesprediction/Aba1.predictedgenes:Aba1_3209473:3209641 (length 168)
Aba1_folder/genesprediction/Aba1.predictedgenes:Aba1_3384613:3390021 (length 5408)
Aba1_folder/genesprediction/Aba1.predictedgenes:Aba1_3475104:3475225 (length 121)
Aba1_folder/genesprediction/Aba1.predictedgenes:Aba1_3780687:3781572 (length 885)
Aba1_folder/genesprediction/Aba1.predictedgenes:Aba1_3838649:3850497 (length 11848)
Aba1_folder/genesprediction/Aba1.predictedgenes:Aba1_3882334:3888002 (length 5668)
Aba1_folder/genesprediction/Aba1.predictedgenes:Aba1_4051734:4057153 (length 5419)
Aba1_folder/genesprediction/Aba1.predictedgenes:Aba1_4059861:4061020 (length 1159)
Aba1_folder/genesprediction/Aba1.predictedgenes:Aba1_4116660:4117832 (length 1172)
Aba1_folder/genesprediction/Aba1.predictedgenes:Aba1_4142794:4143960 (length 1166)
Aba1_folder/genesprediction/Aba1.predictedgenes:Aba1_4159433:4160285 (length 852)
Aba1_folder/genesprediction/Aba1.predictedgenes:Aba1_4160420:4160558 (length 138)
Aba1_folder/genesprediction/Aba1.predictedgenes:Aba1_4161756:4162643 (length 887)
Aba1_folder/genesprediction/Aba1.predictedgenes:Aba1_4183086:4184710 (length 1624)
Aba1_folder/genesprediction/Aba1.predictedgenes:Aba1_4190690:4192392 (length 1702)

