Aligning contigs to reference...
	Aligning contigs to the reference
Filtering alignments...
Parsing coords...
Loading reference...
	Loaded [1]
	Total Regions: 1
	Total Region Length: 4297393
Analyzing contigs...
CONTIG: Aba1_17812_23446 (5634bp)
Best alignment score: 5634.0 (LEN: 5634, IDY: 100.00), Total number of alignments: 6
		Skipping these alignments as insignificant (option --ambiguity-score is set to "0.99"):
			Skipping alignment 4051747 4057228 | 5634 153 | 5482 5482 | 100.0 | 1 Aba1_17812_23446
		This contig has 5 significant alignments. [An ambiguously mapped contig]
		Using only first of these alignment (option --ambiguity-usage is set to "one"):
			Alignment: 3882367 3888000 | 5634 1 | 5634 5634 | 100.0 | 1 Aba1_17812_23446
			Skipping alignment 3384615 3390248 | 5634 1 | 5634 5634 | 100.0 | 1 Aba1_17812_23446
			Skipping alignment 522904 528537 | 1 5634 | 5634 5634 | 100.0 | 1 Aba1_17812_23446
			Skipping alignment 488003 493636 | 1 5634 | 5634 5634 | 100.0 | 1 Aba1_17812_23446
			Skipping alignment 17813 23446 | 1 5634 | 5634 5634 | 100.0 | 1 Aba1_17812_23446

CONTIG: Aba1_34275_35216 (941bp)
Best alignment score: 941.0 (LEN: 941, IDY: 100.00), Total number of alignments: 26
		Skipping these alignments as insignificant (option --ambiguity-score is set to "0.99"):
			Skipping alignment 464856 465793 | 941 1 | 938 941 | 98.83 | 1 Aba1_34275_35216
			Skipping alignment 1739367 1740304 | 1 941 | 938 941 | 98.83 | 1 Aba1_34275_35216
		This contig has 24 significant alignments. [An ambiguously mapped contig]
		Using only first of these alignment (option --ambiguity-usage is set to "one"):
			Alignment: 1948679 1949619 | 941 1 | 941 941 | 100.0 | 1 Aba1_34275_35216
			Skipping alignment 1040079 1041019 | 1 941 | 941 941 | 100.0 | 1 Aba1_34275_35216
			Skipping alignment 2519872 2520812 | 941 1 | 941 941 | 100.0 | 1 Aba1_34275_35216
			Skipping alignment 2267761 2268701 | 1 941 | 941 941 | 100.0 | 1 Aba1_34275_35216
			Skipping alignment 2849661 2850601 | 941 1 | 941 941 | 100.0 | 1 Aba1_34275_35216
			Skipping alignment 1470218 1471158 | 941 1 | 941 941 | 100.0 | 1 Aba1_34275_35216
			Skipping alignment 984272 985212 | 1 941 | 941 941 | 100.0 | 1 Aba1_34275_35216
			Skipping alignment 1193830 1194770 | 1 941 | 941 941 | 100.0 | 1 Aba1_34275_35216
			Skipping alignment 2450793 2451733 | 941 1 | 941 941 | 100.0 | 1 Aba1_34275_35216
			Skipping alignment 211271 212211 | 1 941 | 941 941 | 100.0 | 1 Aba1_34275_35216
			Skipping alignment 34276 35216 | 1 941 | 941 941 | 100.0 | 1 Aba1_34275_35216
			Skipping alignment 1067299 1068239 | 1 941 | 941 941 | 100.0 | 1 Aba1_34275_35216
			Skipping alignment 700898 701838 | 941 1 | 941 941 | 100.0 | 1 Aba1_34275_35216
			Skipping alignment 2362375 2363315 | 941 1 | 941 941 | 100.0 | 1 Aba1_34275_35216
			Skipping alignment 2575183 2576123 | 941 1 | 941 941 | 100.0 | 1 Aba1_34275_35216
			Skipping alignment 131047 131987 | 941 1 | 941 941 | 100.0 | 1 Aba1_34275_35216
			Skipping alignment 2851016 2851956 | 1 941 | 941 941 | 100.0 | 1 Aba1_34275_35216
			Skipping alignment 2847834 2848774 | 941 1 | 941 941 | 99.89 | 1 Aba1_34275_35216
			Skipping alignment 2560173 2561113 | 1 941 | 941 941 | 99.89 | 1 Aba1_34275_35216
			Skipping alignment 2528424 2529364 | 941 1 | 941 941 | 99.89 | 1 Aba1_34275_35216
			Skipping alignment 1919637 1920577 | 1 941 | 941 941 | 99.89 | 1 Aba1_34275_35216
			Skipping alignment 1506874 1507814 | 941 1 | 941 941 | 99.89 | 1 Aba1_34275_35216
			Skipping alignment 704635 705575 | 941 1 | 941 941 | 99.89 | 1 Aba1_34275_35216
			Skipping alignment 1196983 1197923 | 941 1 | 941 941 | 99.89 | 1 Aba1_34275_35216

CONTIG: Aba1_131048_131986 (938bp)
Best alignment score: 938.0 (LEN: 938, IDY: 100.00), Total number of alignments: 26
		Skipping these alignments as insignificant (option --ambiguity-score is set to "0.99"):
			Skipping alignment 464858 465792 | 1 938 | 935 938 | 98.83 | 1 Aba1_131048_131986
			Skipping alignment 1739368 1740302 | 938 1 | 935 938 | 98.83 | 1 Aba1_131048_131986
		This contig has 24 significant alignments. [An ambiguously mapped contig]
		Using only first of these alignment (option --ambiguity-usage is set to "one"):
			Alignment: 2267762 2268699 | 938 1 | 938 938 | 100.0 | 1 Aba1_131048_131986
			Skipping alignment 131049 131986 | 1 938 | 938 938 | 100.0 | 1 Aba1_131048_131986
			Skipping alignment 2362377 2363314 | 1 938 | 938 938 | 100.0 | 1 Aba1_131048_131986
			Skipping alignment 2849663 2850600 | 1 938 | 938 938 | 100.0 | 1 Aba1_131048_131986
			Skipping alignment 2519874 2520811 | 1 938 | 938 938 | 100.0 | 1 Aba1_131048_131986
			Skipping alignment 34277 35214 | 938 1 | 938 938 | 100.0 | 1 Aba1_131048_131986
			Skipping alignment 1067300 1068237 | 938 1 | 938 938 | 100.0 | 1 Aba1_131048_131986
			Skipping alignment 1040080 1041017 | 938 1 | 938 938 | 100.0 | 1 Aba1_131048_131986
			Skipping alignment 211272 212209 | 938 1 | 938 938 | 100.0 | 1 Aba1_131048_131986
			Skipping alignment 700900 701837 | 1 938 | 938 938 | 100.0 | 1 Aba1_131048_131986
			Skipping alignment 2575185 2576122 | 1 938 | 938 938 | 100.0 | 1 Aba1_131048_131986
			Skipping alignment 984273 985210 | 938 1 | 938 938 | 100.0 | 1 Aba1_131048_131986
			Skipping alignment 1193831 1194768 | 938 1 | 938 938 | 100.0 | 1 Aba1_131048_131986
			Skipping alignment 1948681 1949618 | 1 938 | 938 938 | 100.0 | 1 Aba1_131048_131986
			Skipping alignment 1470220 1471157 | 1 938 | 938 938 | 100.0 | 1 Aba1_131048_131986
			Skipping alignment 2851017 2851954 | 938 1 | 938 938 | 100.0 | 1 Aba1_131048_131986
			Skipping alignment 2450795 2451732 | 1 938 | 938 938 | 100.0 | 1 Aba1_131048_131986
			Skipping alignment 2560174 2561111 | 938 1 | 938 938 | 99.89 | 1 Aba1_131048_131986
			Skipping alignment 2528426 2529363 | 1 938 | 938 938 | 99.89 | 1 Aba1_131048_131986
			Skipping alignment 704637 705574 | 1 938 | 938 938 | 99.89 | 1 Aba1_131048_131986
			Skipping alignment 1506876 1507813 | 1 938 | 938 938 | 99.89 | 1 Aba1_131048_131986
			Skipping alignment 1919638 1920575 | 938 1 | 938 938 | 99.89 | 1 Aba1_131048_131986
			Skipping alignment 2847836 2848773 | 1 938 | 938 938 | 99.89 | 1 Aba1_131048_131986
			Skipping alignment 1196985 1197922 | 1 938 | 938 938 | 99.89 | 1 Aba1_131048_131986

CONTIG: Aba1_211273_212211 (938bp)
Best alignment score: 938.0 (LEN: 938, IDY: 100.00), Total number of alignments: 26
		Skipping these alignments as insignificant (option --ambiguity-score is set to "0.99"):
			Skipping alignment 464856 465790 | 938 1 | 935 938 | 98.83 | 1 Aba1_211273_212211
			Skipping alignment 1739370 1740304 | 1 938 | 935 938 | 98.83 | 1 Aba1_211273_212211
		This contig has 24 significant alignments. [An ambiguously mapped contig]
		Using only first of these alignment (option --ambiguity-usage is set to "one"):
			Alignment: 2849661 2850598 | 938 1 | 938 938 | 100.0 | 1 Aba1_211273_212211
			Skipping alignment 2519872 2520809 | 938 1 | 938 938 | 100.0 | 1 Aba1_211273_212211
			Skipping alignment 984275 985212 | 1 938 | 938 938 | 100.0 | 1 Aba1_211273_212211
			Skipping alignment 2851019 2851956 | 1 938 | 938 938 | 100.0 | 1 Aba1_211273_212211
			Skipping alignment 34279 35216 | 1 938 | 938 938 | 100.0 | 1 Aba1_211273_212211
			Skipping alignment 2362375 2363312 | 938 1 | 938 938 | 100.0 | 1 Aba1_211273_212211
			Skipping alignment 211274 212211 | 1 938 | 938 938 | 100.0 | 1 Aba1_211273_212211
			Skipping alignment 2575183 2576120 | 938 1 | 938 938 | 100.0 | 1 Aba1_211273_212211
			Skipping alignment 1193833 1194770 | 1 938 | 938 938 | 100.0 | 1 Aba1_211273_212211
			Skipping alignment 2450793 2451730 | 938 1 | 938 938 | 100.0 | 1 Aba1_211273_212211
			Skipping alignment 131047 131984 | 938 1 | 938 938 | 100.0 | 1 Aba1_211273_212211
			Skipping alignment 1067302 1068239 | 1 938 | 938 938 | 100.0 | 1 Aba1_211273_212211
			Skipping alignment 1470218 1471155 | 938 1 | 938 938 | 100.0 | 1 Aba1_211273_212211
			Skipping alignment 2267764 2268701 | 1 938 | 938 938 | 100.0 | 1 Aba1_211273_212211
			Skipping alignment 1948679 1949616 | 938 1 | 938 938 | 100.0 | 1 Aba1_211273_212211
			Skipping alignment 700898 701835 | 938 1 | 938 938 | 100.0 | 1 Aba1_211273_212211
			Skipping alignment 1040082 1041019 | 1 938 | 938 938 | 100.0 | 1 Aba1_211273_212211
			Skipping alignment 2528424 2529361 | 938 1 | 938 938 | 99.89 | 1 Aba1_211273_212211
			Skipping alignment 1506874 1507811 | 938 1 | 938 938 | 99.89 | 1 Aba1_211273_212211
			Skipping alignment 704635 705572 | 938 1 | 938 938 | 99.89 | 1 Aba1_211273_212211
			Skipping alignment 2560176 2561113 | 1 938 | 938 938 | 99.89 | 1 Aba1_211273_212211
			Skipping alignment 1919640 1920577 | 1 938 | 938 938 | 99.89 | 1 Aba1_211273_212211
			Skipping alignment 2847834 2848771 | 938 1 | 938 938 | 99.89 | 1 Aba1_211273_212211
			Skipping alignment 1196983 1197920 | 938 1 | 938 938 | 99.89 | 1 Aba1_211273_212211

CONTIG: Aba1_464857_465791 (934bp)
Best alignment score: 934.0 (LEN: 934, IDY: 100.00), Total number of alignments: 26
		Skipping these alignments as insignificant (option --ambiguity-score is set to "0.99"):
			Skipping alignment 2528426 2529362 | 1 934 | 937 934 | 98.93 | 1 Aba1_464857_465791
			Skipping alignment 704637 705573 | 1 934 | 937 934 | 98.93 | 1 Aba1_464857_465791
			Skipping alignment 1506876 1507812 | 1 934 | 937 934 | 98.93 | 1 Aba1_464857_465791
			Skipping alignment 1919639 1920575 | 934 1 | 937 934 | 98.93 | 1 Aba1_464857_465791
			Skipping alignment 2847836 2848772 | 1 934 | 937 934 | 98.93 | 1 Aba1_464857_465791
			Skipping alignment 1196985 1197921 | 1 934 | 937 934 | 98.93 | 1 Aba1_464857_465791
			Skipping alignment 2560175 2561111 | 934 1 | 937 934 | 98.93 | 1 Aba1_464857_465791
			Skipping alignment 700900 701836 | 1 934 | 937 934 | 98.83 | 1 Aba1_464857_465791
			Skipping alignment 211273 212209 | 934 1 | 937 934 | 98.83 | 1 Aba1_464857_465791
			Skipping alignment 2849663 2850599 | 1 934 | 937 934 | 98.83 | 1 Aba1_464857_465791
			Skipping alignment 2575185 2576121 | 1 934 | 937 934 | 98.83 | 1 Aba1_464857_465791
			Skipping alignment 2450795 2451731 | 1 934 | 937 934 | 98.83 | 1 Aba1_464857_465791
			Skipping alignment 131049 131985 | 1 934 | 937 934 | 98.83 | 1 Aba1_464857_465791
			Skipping alignment 1040081 1041017 | 934 1 | 937 934 | 98.83 | 1 Aba1_464857_465791
			Skipping alignment 984274 985210 | 934 1 | 937 934 | 98.83 | 1 Aba1_464857_465791
			Skipping alignment 1470220 1471156 | 1 934 | 937 934 | 98.83 | 1 Aba1_464857_465791
			Skipping alignment 34278 35214 | 934 1 | 937 934 | 98.83 | 1 Aba1_464857_465791
			Skipping alignment 1067301 1068237 | 934 1 | 937 934 | 98.83 | 1 Aba1_464857_465791
			Skipping alignment 1193832 1194768 | 934 1 | 937 934 | 98.83 | 1 Aba1_464857_465791
			Skipping alignment 1948681 1949617 | 1 934 | 937 934 | 98.83 | 1 Aba1_464857_465791
			Skipping alignment 2362377 2363313 | 1 934 | 937 934 | 98.83 | 1 Aba1_464857_465791
			Skipping alignment 2851018 2851954 | 934 1 | 937 934 | 98.83 | 1 Aba1_464857_465791
			Skipping alignment 2267763 2268699 | 934 1 | 937 934 | 98.83 | 1 Aba1_464857_465791
			Skipping alignment 2519874 2520810 | 1 934 | 937 934 | 98.83 | 1 Aba1_464857_465791
		This contig has 2 significant alignments. [An ambiguously mapped contig]
		Using only first of these alignment (option --ambiguity-usage is set to "one"):
			Alignment: 1739369 1740302 | 934 1 | 934 934 | 100.0 | 1 Aba1_464857_465791
			Skipping alignment 464858 465791 | 1 934 | 934 934 | 100.0 | 1 Aba1_464857_465791

CONTIG: Aba1_488032_493712 (5680bp)
Best alignment score: 5680.0 (LEN: 5680, IDY: 100.00), Total number of alignments: 6
		Skipping these alignments as insignificant (option --ambiguity-score is set to "0.99"):
			Skipping alignment 4051671 4057228 | 5680 123 | 5558 5558 | 100.0 | 1 Aba1_488032_493712
		This contig has 5 significant alignments. [An ambiguously mapped contig]
		Using only first of these alignment (option --ambiguity-usage is set to "one"):
			Alignment: 17843 23522 | 1 5680 | 5680 5680 | 100.0 | 1 Aba1_488032_493712
			Skipping alignment 3882291 3887970 | 5680 1 | 5680 5680 | 100.0 | 1 Aba1_488032_493712
			Skipping alignment 488033 493712 | 1 5680 | 5680 5680 | 100.0 | 1 Aba1_488032_493712
			Skipping alignment 522934 528613 | 1 5680 | 5680 5680 | 100.0 | 1 Aba1_488032_493712
			Skipping alignment 3384539 3390218 | 5680 1 | 5680 5680 | 100.0 | 1 Aba1_488032_493712

CONTIG: Aba1_522903_528541 (5638bp)
Best alignment score: 5638.0 (LEN: 5638, IDY: 100.00), Total number of alignments: 6
		Skipping these alignments as insignificant (option --ambiguity-score is set to "0.99"):
			Skipping alignment 4051743 4057228 | 5638 153 | 5486 5486 | 100.0 | 1 Aba1_522903_528541
		This contig has 5 significant alignments. [An ambiguously mapped contig]
		Using only first of these alignment (option --ambiguity-usage is set to "one"):
			Alignment: 3384611 3390248 | 5638 1 | 5638 5638 | 100.0 | 1 Aba1_522903_528541
			Skipping alignment 3882363 3888000 | 5638 1 | 5638 5638 | 100.0 | 1 Aba1_522903_528541
			Skipping alignment 488003 493640 | 1 5638 | 5638 5638 | 100.0 | 1 Aba1_522903_528541
			Skipping alignment 17813 23450 | 1 5638 | 5638 5638 | 100.0 | 1 Aba1_522903_528541
			Skipping alignment 522904 528541 | 1 5638 | 5638 5638 | 100.0 | 1 Aba1_522903_528541

CONTIG: Aba1_700899_701838 (939bp)
Best alignment score: 939.0 (LEN: 939, IDY: 100.00), Total number of alignments: 26
		Skipping these alignments as insignificant (option --ambiguity-score is set to "0.99"):
			Skipping alignment 464858 465793 | 1 939 | 936 939 | 98.83 | 1 Aba1_700899_701838
			Skipping alignment 1739367 1740302 | 939 1 | 936 939 | 98.83 | 1 Aba1_700899_701838
		This contig has 24 significant alignments. [An ambiguously mapped contig]
		Using only first of these alignment (option --ambiguity-usage is set to "one"):
			Alignment: 211271 212209 | 939 1 | 939 939 | 100.0 | 1 Aba1_700899_701838
			Skipping alignment 1067299 1068237 | 939 1 | 939 939 | 100.0 | 1 Aba1_700899_701838
			Skipping alignment 34276 35214 | 939 1 | 939 939 | 100.0 | 1 Aba1_700899_701838
			Skipping alignment 2851016 2851954 | 939 1 | 939 939 | 100.0 | 1 Aba1_700899_701838
			Skipping alignment 2267761 2268699 | 939 1 | 939 939 | 100.0 | 1 Aba1_700899_701838
			Skipping alignment 2362377 2363315 | 1 939 | 939 939 | 100.0 | 1 Aba1_700899_701838
			Skipping alignment 1193830 1194768 | 939 1 | 939 939 | 100.0 | 1 Aba1_700899_701838
			Skipping alignment 1470220 1471158 | 1 939 | 939 939 | 100.0 | 1 Aba1_700899_701838
			Skipping alignment 984272 985210 | 939 1 | 939 939 | 100.0 | 1 Aba1_700899_701838
			Skipping alignment 2849663 2850601 | 1 939 | 939 939 | 100.0 | 1 Aba1_700899_701838
			Skipping alignment 1948681 1949619 | 1 939 | 939 939 | 100.0 | 1 Aba1_700899_701838
			Skipping alignment 2450795 2451733 | 1 939 | 939 939 | 100.0 | 1 Aba1_700899_701838
			Skipping alignment 700900 701838 | 1 939 | 939 939 | 100.0 | 1 Aba1_700899_701838
			Skipping alignment 131049 131987 | 1 939 | 939 939 | 100.0 | 1 Aba1_700899_701838
			Skipping alignment 2575185 2576123 | 1 939 | 939 939 | 100.0 | 1 Aba1_700899_701838
			Skipping alignment 1040079 1041017 | 939 1 | 939 939 | 100.0 | 1 Aba1_700899_701838
			Skipping alignment 2519874 2520812 | 1 939 | 939 939 | 100.0 | 1 Aba1_700899_701838
			Skipping alignment 2528426 2529364 | 1 939 | 939 939 | 99.89 | 1 Aba1_700899_701838
			Skipping alignment 2847836 2848774 | 1 939 | 939 939 | 99.89 | 1 Aba1_700899_701838
			Skipping alignment 704637 705575 | 1 939 | 939 939 | 99.89 | 1 Aba1_700899_701838
			Skipping alignment 2560173 2561111 | 939 1 | 939 939 | 99.89 | 1 Aba1_700899_701838
			Skipping alignment 1919637 1920575 | 939 1 | 939 939 | 99.89 | 1 Aba1_700899_701838
			Skipping alignment 1196985 1197923 | 1 939 | 939 939 | 99.89 | 1 Aba1_700899_701838
			Skipping alignment 1506876 1507814 | 1 939 | 939 939 | 99.89 | 1 Aba1_700899_701838

CONTIG: Aba1_704329_705576 (1247bp)
Best alignment score: 1247.0 (LEN: 1247, IDY: 100.00), Total number of alignments: 23
		Skipping these alignments as insignificant (option --ambiguity-score is set to "0.99"):
			Skipping alignment 984271 985288 | 1247 230 | 1018 1018 | 99.9 | 1 Aba1_704329_705576
			Skipping alignment 2528351 2529365 | 233 1247 | 1015 1015 | 100.0 | 1 Aba1_704329_705576
			Skipping alignment 2847761 2848775 | 233 1247 | 1015 1015 | 100.0 | 1 Aba1_704329_705576
			Skipping alignment 1919636 1920650 | 1247 233 | 1015 1015 | 100.0 | 1 Aba1_704329_705576
			Skipping alignment 1506801 1507815 | 233 1247 | 1015 1015 | 100.0 | 1 Aba1_704329_705576
			Skipping alignment 2560172 2561186 | 1247 233 | 1015 1015 | 100.0 | 1 Aba1_704329_705576
			Skipping alignment 1196910 1197924 | 233 1247 | 1015 1015 | 100.0 | 1 Aba1_704329_705576
			Skipping alignment 1067298 1068313 | 1247 232 | 1016 1016 | 99.9 | 1 Aba1_704329_705576
			Skipping alignment 1193829 1194844 | 1247 232 | 1016 1016 | 99.9 | 1 Aba1_704329_705576
			Skipping alignment 2450719 2451734 | 232 1247 | 1016 1016 | 99.9 | 1 Aba1_704329_705576
			Skipping alignment 1040078 1041093 | 1247 232 | 1016 1016 | 99.9 | 1 Aba1_704329_705576
			Skipping alignment 700825 701839 | 233 1247 | 1015 1015 | 99.9 | 1 Aba1_704329_705576
			Skipping alignment 1470145 1471159 | 233 1247 | 1015 1015 | 99.9 | 1 Aba1_704329_705576
			Skipping alignment 2519799 2520813 | 233 1247 | 1015 1015 | 99.9 | 1 Aba1_704329_705576
			Skipping alignment 2267760 2268774 | 1247 233 | 1015 1015 | 99.9 | 1 Aba1_704329_705576
			Skipping alignment 2362302 2363316 | 233 1247 | 1015 1015 | 99.9 | 1 Aba1_704329_705576
			Skipping alignment 2849588 2850602 | 233 1247 | 1015 1015 | 99.9 | 1 Aba1_704329_705576
			Skipping alignment 34275 35289 | 1247 233 | 1015 1015 | 99.9 | 1 Aba1_704329_705576
			Skipping alignment 130974 131988 | 233 1247 | 1015 1015 | 99.9 | 1 Aba1_704329_705576
			Skipping alignment 1948606 1949620 | 233 1247 | 1015 1015 | 99.9 | 1 Aba1_704329_705576
			Skipping alignment 2575110 2576124 | 233 1247 | 1015 1015 | 99.9 | 1 Aba1_704329_705576
			Skipping alignment 211270 212284 | 1247 233 | 1015 1015 | 99.9 | 1 Aba1_704329_705576
		One align captures most of this contig: 704330 705576 | 1 1247 | 1247 1247 | 100.0 | 1 Aba1_704329_705576

CONTIG: Aba1_831025_843507 (12482bp)
Best alignment score: 12482.0 (LEN: 12482, IDY: 100.00), Total number of alignments: 1
		One align captures most of this contig: 831026 843507 | 1 12482 | 12482 12482 | 100.0 | 1 Aba1_831025_843507

CONTIG: Aba1_883334_884506 (1172bp)
Best alignment score: 1172.0 (LEN: 1172, IDY: 100.00), Total number of alignments: 7
		This contig has 7 significant alignments. [An ambiguously mapped contig]
		Using only first of these alignment (option --ambiguity-usage is set to "one"):
			Alignment: 2056607 2057778 | 1172 1 | 1172 1172 | 100.0 | 1 Aba1_883334_884506
			Skipping alignment 4059852 4061023 | 1 1172 | 1172 1172 | 100.0 | 1 Aba1_883334_884506
			Skipping alignment 883335 884506 | 1 1172 | 1172 1172 | 100.0 | 1 Aba1_883334_884506
			Skipping alignment 1449266 1450437 | 1 1172 | 1172 1172 | 100.0 | 1 Aba1_883334_884506
			Skipping alignment 4116661 4117832 | 1 1172 | 1172 1172 | 100.0 | 1 Aba1_883334_884506
			Skipping alignment 1558845 1560016 | 1 1172 | 1172 1172 | 100.0 | 1 Aba1_883334_884506
			Skipping alignment 4142792 4143963 | 1 1172 | 1172 1172 | 99.49 | 1 Aba1_883334_884506

CONTIG: Aba1_914715_915844 (1129bp)
Best alignment score: 1129.0 (LEN: 1129, IDY: 100.00), Total number of alignments: 4
		This contig has 4 significant alignments. [An ambiguously mapped contig]
		Using only first of these alignment (option --ambiguity-usage is set to "one"):
			Alignment: 1932676 1933804 | 1129 1 | 1129 1129 | 100.0 | 1 Aba1_914715_915844
			Skipping alignment 1699940 1701068 | 1129 1 | 1129 1129 | 100.0 | 1 Aba1_914715_915844
			Skipping alignment 4159433 4160561 | 1 1129 | 1129 1129 | 100.0 | 1 Aba1_914715_915844
			Skipping alignment 914716 915844 | 1 1129 | 1129 1129 | 100.0 | 1 Aba1_914715_915844

CONTIG: Aba1_954745_966592 (11847bp)
Best alignment score: 11847.0 (LEN: 11847, IDY: 100.00), Total number of alignments: 4
		This contig has 4 significant alignments. [An ambiguously mapped contig]
		Using only first of these alignment (option --ambiguity-usage is set to "one"):
			Alignment: 3838651 3850497 | 11847 1 | 11847 11847 | 100.0 | 1 Aba1_954745_966592
			Skipping alignment 954746 966592 | 1 11847 | 11847 11847 | 100.0 | 1 Aba1_954745_966592
			Skipping alignment 3032236 3044082 | 11847 1 | 11847 11847 | 100.0 | 1 Aba1_954745_966592
			Skipping alignment 2815158 2827004 | 1 11847 | 11847 11847 | 100.0 | 1 Aba1_954745_966592

CONTIG: Aba1_984274_985212 (938bp)
Best alignment score: 938.0 (LEN: 938, IDY: 100.00), Total number of alignments: 26
		Skipping these alignments as insignificant (option --ambiguity-score is set to "0.99"):
			Skipping alignment 464856 465790 | 938 1 | 935 938 | 98.83 | 1 Aba1_984274_985212
			Skipping alignment 1739370 1740304 | 1 938 | 935 938 | 98.83 | 1 Aba1_984274_985212
		This contig has 24 significant alignments. [An ambiguously mapped contig]
		Using only first of these alignment (option --ambiguity-usage is set to "one"):
			Alignment: 1470218 1471155 | 938 1 | 938 938 | 100.0 | 1 Aba1_984274_985212
			Skipping alignment 2849661 2850598 | 938 1 | 938 938 | 100.0 | 1 Aba1_984274_985212
			Skipping alignment 2575183 2576120 | 938 1 | 938 938 | 100.0 | 1 Aba1_984274_985212
			Skipping alignment 1067302 1068239 | 1 938 | 938 938 | 100.0 | 1 Aba1_984274_985212
			Skipping alignment 700898 701835 | 938 1 | 938 938 | 100.0 | 1 Aba1_984274_985212
			Skipping alignment 1040082 1041019 | 1 938 | 938 938 | 100.0 | 1 Aba1_984274_985212
			Skipping alignment 211274 212211 | 1 938 | 938 938 | 100.0 | 1 Aba1_984274_985212
			Skipping alignment 34279 35216 | 1 938 | 938 938 | 100.0 | 1 Aba1_984274_985212
			Skipping alignment 2267764 2268701 | 1 938 | 938 938 | 100.0 | 1 Aba1_984274_985212
			Skipping alignment 131047 131984 | 938 1 | 938 938 | 100.0 | 1 Aba1_984274_985212
			Skipping alignment 984275 985212 | 1 938 | 938 938 | 100.0 | 1 Aba1_984274_985212
			Skipping alignment 2450793 2451730 | 938 1 | 938 938 | 100.0 | 1 Aba1_984274_985212
			Skipping alignment 1193833 1194770 | 1 938 | 938 938 | 100.0 | 1 Aba1_984274_985212
			Skipping alignment 2362375 2363312 | 938 1 | 938 938 | 100.0 | 1 Aba1_984274_985212
			Skipping alignment 1948679 1949616 | 938 1 | 938 938 | 100.0 | 1 Aba1_984274_985212
			Skipping alignment 2851019 2851956 | 1 938 | 938 938 | 100.0 | 1 Aba1_984274_985212
			Skipping alignment 2519872 2520809 | 938 1 | 938 938 | 100.0 | 1 Aba1_984274_985212
			Skipping alignment 1506874 1507811 | 938 1 | 938 938 | 99.89 | 1 Aba1_984274_985212
			Skipping alignment 1919640 1920577 | 1 938 | 938 938 | 99.89 | 1 Aba1_984274_985212
			Skipping alignment 2847834 2848771 | 938 1 | 938 938 | 99.89 | 1 Aba1_984274_985212
			Skipping alignment 1196983 1197920 | 938 1 | 938 938 | 99.89 | 1 Aba1_984274_985212
			Skipping alignment 2560176 2561113 | 1 938 | 938 938 | 99.89 | 1 Aba1_984274_985212
			Skipping alignment 704635 705572 | 938 1 | 938 938 | 99.89 | 1 Aba1_984274_985212
			Skipping alignment 2528424 2529361 | 938 1 | 938 938 | 99.89 | 1 Aba1_984274_985212

CONTIG: Aba1_1040079_1041018 (939bp)
Best alignment score: 939.0 (LEN: 939, IDY: 100.00), Total number of alignments: 26
		Skipping these alignments as insignificant (option --ambiguity-score is set to "0.99"):
			Skipping alignment 1739368 1740303 | 1 939 | 936 939 | 98.83 | 1 Aba1_1040079_1041018
			Skipping alignment 464857 465792 | 939 1 | 936 939 | 98.83 | 1 Aba1_1040079_1041018
		This contig has 24 significant alignments. [An ambiguously mapped contig]
		Using only first of these alignment (option --ambiguity-usage is set to "one"):
			Alignment: 1067300 1068238 | 1 939 | 939 939 | 100.0 | 1 Aba1_1040079_1041018
			Skipping alignment 1040080 1041018 | 1 939 | 939 939 | 100.0 | 1 Aba1_1040079_1041018
			Skipping alignment 1193831 1194769 | 1 939 | 939 939 | 100.0 | 1 Aba1_1040079_1041018
			Skipping alignment 2519873 2520811 | 939 1 | 939 939 | 100.0 | 1 Aba1_1040079_1041018
			Skipping alignment 2362376 2363314 | 939 1 | 939 939 | 100.0 | 1 Aba1_1040079_1041018
			Skipping alignment 2267762 2268700 | 1 939 | 939 939 | 100.0 | 1 Aba1_1040079_1041018
			Skipping alignment 1948680 1949618 | 939 1 | 939 939 | 100.0 | 1 Aba1_1040079_1041018
			Skipping alignment 1470219 1471157 | 939 1 | 939 939 | 100.0 | 1 Aba1_1040079_1041018
			Skipping alignment 2450794 2451732 | 939 1 | 939 939 | 100.0 | 1 Aba1_1040079_1041018
			Skipping alignment 131048 131986 | 939 1 | 939 939 | 100.0 | 1 Aba1_1040079_1041018
			Skipping alignment 211272 212210 | 1 939 | 939 939 | 100.0 | 1 Aba1_1040079_1041018
			Skipping alignment 700899 701837 | 939 1 | 939 939 | 100.0 | 1 Aba1_1040079_1041018
			Skipping alignment 2849662 2850600 | 939 1 | 939 939 | 100.0 | 1 Aba1_1040079_1041018
			Skipping alignment 2851017 2851955 | 1 939 | 939 939 | 100.0 | 1 Aba1_1040079_1041018
			Skipping alignment 34277 35215 | 1 939 | 939 939 | 100.0 | 1 Aba1_1040079_1041018
			Skipping alignment 984273 985211 | 1 939 | 939 939 | 100.0 | 1 Aba1_1040079_1041018
			Skipping alignment 2575184 2576122 | 939 1 | 939 939 | 100.0 | 1 Aba1_1040079_1041018
			Skipping alignment 2560174 2561112 | 1 939 | 939 939 | 99.89 | 1 Aba1_1040079_1041018
			Skipping alignment 704636 705574 | 939 1 | 939 939 | 99.89 | 1 Aba1_1040079_1041018
			Skipping alignment 1919638 1920576 | 1 939 | 939 939 | 99.89 | 1 Aba1_1040079_1041018
			Skipping alignment 1196984 1197922 | 939 1 | 939 939 | 99.89 | 1 Aba1_1040079_1041018
			Skipping alignment 2528425 2529363 | 939 1 | 939 939 | 99.89 | 1 Aba1_1040079_1041018
			Skipping alignment 1506875 1507813 | 939 1 | 939 939 | 99.89 | 1 Aba1_1040079_1041018
			Skipping alignment 2847835 2848773 | 939 1 | 939 939 | 99.89 | 1 Aba1_1040079_1041018

CONTIG: Aba1_1067298_1068240 (942bp)
Best alignment score: 942.0 (LEN: 942, IDY: 100.00), Total number of alignments: 26
		Skipping these alignments as insignificant (option --ambiguity-score is set to "0.99"):
			Skipping alignment 464855 465793 | 942 1 | 939 942 | 98.83 | 1 Aba1_1067298_1068240
			Skipping alignment 1739367 1740305 | 1 942 | 939 942 | 98.83 | 1 Aba1_1067298_1068240
		This contig has 24 significant alignments. [An ambiguously mapped contig]
		Using only first of these alignment (option --ambiguity-usage is set to "one"):
			Alignment: 211271 212212 | 1 942 | 942 942 | 100.0 | 1 Aba1_1067298_1068240
			Skipping alignment 2851016 2851957 | 1 942 | 942 942 | 100.0 | 1 Aba1_1067298_1068240
			Skipping alignment 1040079 1041020 | 1 942 | 942 942 | 100.0 | 1 Aba1_1067298_1068240
			Skipping alignment 131046 131987 | 942 1 | 942 942 | 100.0 | 1 Aba1_1067298_1068240
			Skipping alignment 2267761 2268702 | 1 942 | 942 942 | 100.0 | 1 Aba1_1067298_1068240
			Skipping alignment 1470217 1471158 | 942 1 | 942 942 | 100.0 | 1 Aba1_1067298_1068240
			Skipping alignment 1067299 1068240 | 1 942 | 942 942 | 100.0 | 1 Aba1_1067298_1068240
			Skipping alignment 34276 35217 | 1 942 | 942 942 | 100.0 | 1 Aba1_1067298_1068240
			Skipping alignment 1193830 1194771 | 1 942 | 942 942 | 100.0 | 1 Aba1_1067298_1068240
			Skipping alignment 2849660 2850601 | 942 1 | 942 942 | 100.0 | 1 Aba1_1067298_1068240
			Skipping alignment 2575182 2576123 | 942 1 | 942 942 | 100.0 | 1 Aba1_1067298_1068240
			Skipping alignment 984272 985213 | 1 942 | 942 942 | 100.0 | 1 Aba1_1067298_1068240
			Skipping alignment 2362374 2363315 | 942 1 | 942 942 | 100.0 | 1 Aba1_1067298_1068240
			Skipping alignment 1948678 1949619 | 942 1 | 942 942 | 100.0 | 1 Aba1_1067298_1068240
			Skipping alignment 700897 701838 | 942 1 | 942 942 | 100.0 | 1 Aba1_1067298_1068240
			Skipping alignment 2450792 2451733 | 942 1 | 942 942 | 100.0 | 1 Aba1_1067298_1068240
			Skipping alignment 2519871 2520812 | 942 1 | 942 942 | 100.0 | 1 Aba1_1067298_1068240
			Skipping alignment 2560173 2561114 | 1 942 | 942 942 | 99.89 | 1 Aba1_1067298_1068240
			Skipping alignment 1506873 1507814 | 942 1 | 942 942 | 99.89 | 1 Aba1_1067298_1068240
			Skipping alignment 2847833 2848774 | 942 1 | 942 942 | 99.89 | 1 Aba1_1067298_1068240
			Skipping alignment 2528423 2529364 | 942 1 | 942 942 | 99.89 | 1 Aba1_1067298_1068240
			Skipping alignment 1919637 1920578 | 1 942 | 942 942 | 99.89 | 1 Aba1_1067298_1068240
			Skipping alignment 1196982 1197923 | 942 1 | 942 942 | 99.89 | 1 Aba1_1067298_1068240
			Skipping alignment 704634 705575 | 942 1 | 942 942 | 99.89 | 1 Aba1_1067298_1068240

CONTIG: Aba1_1193832_1194772 (940bp)
Best alignment score: 940.0 (LEN: 940, IDY: 100.00), Total number of alignments: 26
		Skipping these alignments as insignificant (option --ambiguity-score is set to "0.99"):
			Skipping alignment 1739370 1740306 | 1 940 | 937 940 | 98.83 | 1 Aba1_1193832_1194772
			Skipping alignment 464854 465790 | 940 1 | 937 940 | 98.83 | 1 Aba1_1193832_1194772
		This contig has 24 significant alignments. [An ambiguously mapped contig]
		Using only first of these alignment (option --ambiguity-usage is set to "one"):
			Alignment: 34279 35218 | 1 940 | 940 940 | 100.0 | 1 Aba1_1193832_1194772
			Skipping alignment 700896 701835 | 940 1 | 940 940 | 100.0 | 1 Aba1_1193832_1194772
			Skipping alignment 984275 985214 | 1 940 | 940 940 | 100.0 | 1 Aba1_1193832_1194772
			Skipping alignment 1040082 1041021 | 1 940 | 940 940 | 100.0 | 1 Aba1_1193832_1194772
			Skipping alignment 211274 212213 | 1 940 | 940 940 | 100.0 | 1 Aba1_1193832_1194772
			Skipping alignment 2362373 2363312 | 940 1 | 940 940 | 100.0 | 1 Aba1_1193832_1194772
			Skipping alignment 131045 131984 | 940 1 | 940 940 | 100.0 | 1 Aba1_1193832_1194772
			Skipping alignment 1470216 1471155 | 940 1 | 940 940 | 100.0 | 1 Aba1_1193832_1194772
			Skipping alignment 1067302 1068241 | 1 940 | 940 940 | 100.0 | 1 Aba1_1193832_1194772
			Skipping alignment 2851019 2851958 | 1 940 | 940 940 | 100.0 | 1 Aba1_1193832_1194772
			Skipping alignment 2849659 2850598 | 940 1 | 940 940 | 100.0 | 1 Aba1_1193832_1194772
			Skipping alignment 2267764 2268703 | 1 940 | 940 940 | 100.0 | 1 Aba1_1193832_1194772
			Skipping alignment 2450791 2451730 | 940 1 | 940 940 | 100.0 | 1 Aba1_1193832_1194772
			Skipping alignment 1193833 1194772 | 1 940 | 940 940 | 100.0 | 1 Aba1_1193832_1194772
			Skipping alignment 1948677 1949616 | 940 1 | 940 940 | 100.0 | 1 Aba1_1193832_1194772
			Skipping alignment 2575181 2576120 | 940 1 | 940 940 | 100.0 | 1 Aba1_1193832_1194772
			Skipping alignment 2519870 2520809 | 940 1 | 940 940 | 100.0 | 1 Aba1_1193832_1194772
			Skipping alignment 2847832 2848771 | 940 1 | 940 940 | 99.89 | 1 Aba1_1193832_1194772
			Skipping alignment 2560176 2561115 | 1 940 | 940 940 | 99.89 | 1 Aba1_1193832_1194772
			Skipping alignment 2528422 2529361 | 940 1 | 940 940 | 99.89 | 1 Aba1_1193832_1194772
			Skipping alignment 1506872 1507811 | 940 1 | 940 940 | 99.89 | 1 Aba1_1193832_1194772
			Skipping alignment 1919640 1920579 | 1 940 | 940 940 | 99.89 | 1 Aba1_1193832_1194772
			Skipping alignment 1196981 1197920 | 940 1 | 940 940 | 99.89 | 1 Aba1_1193832_1194772
			Skipping alignment 704633 705572 | 940 1 | 940 940 | 99.89 | 1 Aba1_1193832_1194772

CONTIG: Aba1_1196979_1197921 (942bp)
Best alignment score: 942.0 (LEN: 942, IDY: 100.00), Total number of alignments: 26
		Skipping these alignments as insignificant (option --ambiguity-score is set to "0.99"):
			Skipping alignment 464853 465791 | 1 942 | 939 942 | 98.94 | 1 Aba1_1196979_1197921
			Skipping alignment 1739369 1740307 | 942 1 | 939 942 | 98.94 | 1 Aba1_1196979_1197921
		This contig has 24 significant alignments. [An ambiguously mapped contig]
		Using only first of these alignment (option --ambiguity-usage is set to "one"):
			Alignment: 2847831 2848772 | 1 942 | 942 942 | 100.0 | 1 Aba1_1196979_1197921
			Skipping alignment 1196980 1197921 | 1 942 | 942 942 | 100.0 | 1 Aba1_1196979_1197921
			Skipping alignment 2560175 2561116 | 942 1 | 942 942 | 100.0 | 1 Aba1_1196979_1197921
			Skipping alignment 1506871 1507812 | 1 942 | 942 942 | 100.0 | 1 Aba1_1196979_1197921
			Skipping alignment 704632 705573 | 1 942 | 942 942 | 100.0 | 1 Aba1_1196979_1197921
			Skipping alignment 2528421 2529362 | 1 942 | 942 942 | 100.0 | 1 Aba1_1196979_1197921
			Skipping alignment 1919639 1920580 | 942 1 | 942 942 | 100.0 | 1 Aba1_1196979_1197921
			Skipping alignment 1067301 1068242 | 942 1 | 942 942 | 99.89 | 1 Aba1_1196979_1197921
			Skipping alignment 2849658 2850599 | 1 942 | 942 942 | 99.89 | 1 Aba1_1196979_1197921
			Skipping alignment 2575180 2576121 | 1 942 | 942 942 | 99.89 | 1 Aba1_1196979_1197921
			Skipping alignment 2851018 2851959 | 942 1 | 942 942 | 99.89 | 1 Aba1_1196979_1197921
			Skipping alignment 2267763 2268704 | 942 1 | 942 942 | 99.89 | 1 Aba1_1196979_1197921
			Skipping alignment 1470215 1471156 | 1 942 | 942 942 | 99.89 | 1 Aba1_1196979_1197921
			Skipping alignment 1193832 1194773 | 942 1 | 942 942 | 99.89 | 1 Aba1_1196979_1197921
			Skipping alignment 131044 131985 | 1 942 | 942 942 | 99.89 | 1 Aba1_1196979_1197921
			Skipping alignment 2519869 2520810 | 1 942 | 942 942 | 99.89 | 1 Aba1_1196979_1197921
			Skipping alignment 700895 701836 | 1 942 | 942 942 | 99.89 | 1 Aba1_1196979_1197921
			Skipping alignment 34278 35219 | 942 1 | 942 942 | 99.89 | 1 Aba1_1196979_1197921
			Skipping alignment 1948676 1949617 | 1 942 | 942 942 | 99.89 | 1 Aba1_1196979_1197921
			Skipping alignment 2362372 2363313 | 1 942 | 942 942 | 99.89 | 1 Aba1_1196979_1197921
			Skipping alignment 1040081 1041022 | 942 1 | 942 942 | 99.89 | 1 Aba1_1196979_1197921
			Skipping alignment 2450790 2451731 | 1 942 | 942 942 | 99.89 | 1 Aba1_1196979_1197921
			Skipping alignment 984274 985215 | 942 1 | 942 942 | 99.89 | 1 Aba1_1196979_1197921
			Skipping alignment 211273 212214 | 942 1 | 942 942 | 99.89 | 1 Aba1_1196979_1197921

CONTIG: Aba1_1272651_1273163 (512bp)
Best alignment score: 512.0 (LEN: 512, IDY: 100.00), Total number of alignments: 2
		This contig has 2 significant alignments. [An ambiguously mapped contig]
		Using only first of these alignment (option --ambiguity-usage is set to "one"):
			Alignment: 1272652 1273163 | 1 512 | 512 512 | 100.0 | 1 Aba1_1272651_1273163
			Skipping alignment 2738279 2738790 | 512 1 | 512 512 | 100.0 | 1 Aba1_1272651_1273163

CONTIG: Aba1_1449269_1450436 (1167bp)
Best alignment score: 1167.0 (LEN: 1167, IDY: 100.00), Total number of alignments: 7
		This contig has 7 significant alignments. [An ambiguously mapped contig]
		Using only first of these alignment (option --ambiguity-usage is set to "one"):
			Alignment: 4059856 4061022 | 1 1167 | 1167 1167 | 100.0 | 1 Aba1_1449269_1450436
			Skipping alignment 2056608 2057774 | 1167 1 | 1167 1167 | 100.0 | 1 Aba1_1449269_1450436
			Skipping alignment 883339 884505 | 1 1167 | 1167 1167 | 100.0 | 1 Aba1_1449269_1450436
			Skipping alignment 4116665 4117831 | 1 1167 | 1167 1167 | 100.0 | 1 Aba1_1449269_1450436
			Skipping alignment 1449270 1450436 | 1 1167 | 1167 1167 | 100.0 | 1 Aba1_1449269_1450436
			Skipping alignment 1558849 1560015 | 1 1167 | 1167 1167 | 100.0 | 1 Aba1_1449269_1450436
			Skipping alignment 4142796 4143962 | 1 1167 | 1167 1167 | 99.49 | 1 Aba1_1449269_1450436

CONTIG: Aba1_1470214_1471161 (947bp)
Best alignment score: 947.0 (LEN: 947, IDY: 100.00), Total number of alignments: 26
		Skipping these alignments as insignificant (option --ambiguity-score is set to "0.99"):
			Skipping alignment 464853 465796 | 1 947 | 944 947 | 98.84 | 1 Aba1_1470214_1471161
			Skipping alignment 1739364 1740307 | 947 1 | 944 947 | 98.84 | 1 Aba1_1470214_1471161
		This contig has 24 significant alignments. [An ambiguously mapped contig]
		Using only first of these alignment (option --ambiguity-usage is set to "one"):
			Alignment: 2519869 2520815 | 1 947 | 947 947 | 100.0 | 1 Aba1_1470214_1471161
			Skipping alignment 1067296 1068242 | 947 1 | 947 947 | 100.0 | 1 Aba1_1470214_1471161
			Skipping alignment 984269 985215 | 947 1 | 947 947 | 100.0 | 1 Aba1_1470214_1471161
			Skipping alignment 2849658 2850604 | 1 947 | 947 947 | 100.0 | 1 Aba1_1470214_1471161
			Skipping alignment 2362372 2363318 | 1 947 | 947 947 | 100.0 | 1 Aba1_1470214_1471161
			Skipping alignment 2851013 2851959 | 947 1 | 947 947 | 100.0 | 1 Aba1_1470214_1471161
			Skipping alignment 34273 35219 | 947 1 | 947 947 | 100.0 | 1 Aba1_1470214_1471161
			Skipping alignment 131044 131990 | 1 947 | 947 947 | 100.0 | 1 Aba1_1470214_1471161
			Skipping alignment 211268 212214 | 947 1 | 947 947 | 100.0 | 1 Aba1_1470214_1471161
			Skipping alignment 2575180 2576126 | 1 947 | 947 947 | 100.0 | 1 Aba1_1470214_1471161
			Skipping alignment 1948676 1949622 | 1 947 | 947 947 | 100.0 | 1 Aba1_1470214_1471161
			Skipping alignment 700895 701841 | 1 947 | 947 947 | 100.0 | 1 Aba1_1470214_1471161
			Skipping alignment 1470215 1471161 | 1 947 | 947 947 | 100.0 | 1 Aba1_1470214_1471161
			Skipping alignment 2267758 2268704 | 947 1 | 947 947 | 100.0 | 1 Aba1_1470214_1471161
			Skipping alignment 1193827 1194773 | 947 1 | 947 947 | 100.0 | 1 Aba1_1470214_1471161
			Skipping alignment 2450790 2451736 | 1 947 | 947 947 | 100.0 | 1 Aba1_1470214_1471161
			Skipping alignment 1040076 1041022 | 947 1 | 947 947 | 100.0 | 1 Aba1_1470214_1471161
			Skipping alignment 1196980 1197926 | 1 947 | 947 947 | 99.89 | 1 Aba1_1470214_1471161
			Skipping alignment 1919634 1920580 | 947 1 | 947 947 | 99.89 | 1 Aba1_1470214_1471161
			Skipping alignment 2560170 2561116 | 947 1 | 947 947 | 99.89 | 1 Aba1_1470214_1471161
			Skipping alignment 2847831 2848777 | 1 947 | 947 947 | 99.89 | 1 Aba1_1470214_1471161
			Skipping alignment 704632 705578 | 1 947 | 947 947 | 99.89 | 1 Aba1_1470214_1471161
			Skipping alignment 1506871 1507817 | 1 947 | 947 947 | 99.89 | 1 Aba1_1470214_1471161
			Skipping alignment 2528421 2529367 | 1 947 | 947 947 | 99.89 | 1 Aba1_1470214_1471161

CONTIG: Aba1_1506873_1507812 (939bp)
Best alignment score: 939.0 (LEN: 939, IDY: 100.00), Total number of alignments: 26
		Skipping these alignments as insignificant (option --ambiguity-score is set to "0.99"):
			Skipping alignment 464856 465791 | 1 939 | 936 939 | 98.94 | 1 Aba1_1506873_1507812
			Skipping alignment 1739369 1740304 | 939 1 | 936 939 | 98.94 | 1 Aba1_1506873_1507812
		This contig has 24 significant alignments. [An ambiguously mapped contig]
		Using only first of these alignment (option --ambiguity-usage is set to "one"):
			Alignment: 2847834 2848772 | 1 939 | 939 939 | 100.0 | 1 Aba1_1506873_1507812
			Skipping alignment 1196983 1197921 | 1 939 | 939 939 | 100.0 | 1 Aba1_1506873_1507812
			Skipping alignment 704635 705573 | 1 939 | 939 939 | 100.0 | 1 Aba1_1506873_1507812
			Skipping alignment 1919639 1920577 | 939 1 | 939 939 | 100.0 | 1 Aba1_1506873_1507812
			Skipping alignment 2528424 2529362 | 1 939 | 939 939 | 100.0 | 1 Aba1_1506873_1507812
			Skipping alignment 2560175 2561113 | 939 1 | 939 939 | 100.0 | 1 Aba1_1506873_1507812
			Skipping alignment 1506874 1507812 | 1 939 | 939 939 | 100.0 | 1 Aba1_1506873_1507812
			Skipping alignment 1067301 1068239 | 939 1 | 939 939 | 99.89 | 1 Aba1_1506873_1507812
			Skipping alignment 2519872 2520810 | 1 939 | 939 939 | 99.89 | 1 Aba1_1506873_1507812
			Skipping alignment 700898 701836 | 1 939 | 939 939 | 99.89 | 1 Aba1_1506873_1507812
			Skipping alignment 2851018 2851956 | 939 1 | 939 939 | 99.89 | 1 Aba1_1506873_1507812
			Skipping alignment 1948679 1949617 | 1 939 | 939 939 | 99.89 | 1 Aba1_1506873_1507812
			Skipping alignment 1193832 1194770 | 939 1 | 939 939 | 99.89 | 1 Aba1_1506873_1507812
			Skipping alignment 2362375 2363313 | 1 939 | 939 939 | 99.89 | 1 Aba1_1506873_1507812
			Skipping alignment 2849661 2850599 | 1 939 | 939 939 | 99.89 | 1 Aba1_1506873_1507812
			Skipping alignment 1470218 1471156 | 1 939 | 939 939 | 99.89 | 1 Aba1_1506873_1507812
			Skipping alignment 131047 131985 | 1 939 | 939 939 | 99.89 | 1 Aba1_1506873_1507812
			Skipping alignment 1040081 1041019 | 939 1 | 939 939 | 99.89 | 1 Aba1_1506873_1507812
			Skipping alignment 984274 985212 | 939 1 | 939 939 | 99.89 | 1 Aba1_1506873_1507812
			Skipping alignment 2575183 2576121 | 1 939 | 939 939 | 99.89 | 1 Aba1_1506873_1507812
			Skipping alignment 2267763 2268701 | 939 1 | 939 939 | 99.89 | 1 Aba1_1506873_1507812
			Skipping alignment 2450793 2451731 | 1 939 | 939 939 | 99.89 | 1 Aba1_1506873_1507812
			Skipping alignment 34278 35216 | 939 1 | 939 939 | 99.89 | 1 Aba1_1506873_1507812
			Skipping alignment 211273 212211 | 939 1 | 939 939 | 99.89 | 1 Aba1_1506873_1507812

CONTIG: Aba1_1558839_1560012 (1173bp)
Best alignment score: 1173.0 (LEN: 1173, IDY: 100.00), Total number of alignments: 7
		This contig has 7 significant alignments. [An ambiguously mapped contig]
		Using only first of these alignment (option --ambiguity-usage is set to "one"):
			Alignment: 2056611 2057783 | 1173 1 | 1173 1173 | 100.0 | 1 Aba1_1558839_1560012
			Skipping alignment 1449261 1450433 | 1 1173 | 1173 1173 | 100.0 | 1 Aba1_1558839_1560012
			Skipping alignment 4116656 4117828 | 1 1173 | 1173 1173 | 100.0 | 1 Aba1_1558839_1560012
			Skipping alignment 4059847 4061019 | 1 1173 | 1173 1173 | 100.0 | 1 Aba1_1558839_1560012
			Skipping alignment 883330 884502 | 1 1173 | 1173 1173 | 100.0 | 1 Aba1_1558839_1560012
			Skipping alignment 1558840 1560012 | 1 1173 | 1173 1173 | 100.0 | 1 Aba1_1558839_1560012
			Skipping alignment 4142787 4143959 | 1 1173 | 1173 1173 | 99.49 | 1 Aba1_1558839_1560012

CONTIG: Aba1_1698739_1701068 (2329bp)
Best alignment score: 2329.0 (LEN: 2329, IDY: 100.00), Total number of alignments: 1
		One align captures most of this contig: 1698740 1701068 | 1 2329 | 2329 2329 | 100.0 | 1 Aba1_1698739_1701068

CONTIG: Aba1_1739369_1740304 (935bp)
Best alignment score: 935.0 (LEN: 935, IDY: 100.00), Total number of alignments: 26
		Skipping these alignments as insignificant (option --ambiguity-score is set to "0.99"):
			Skipping alignment 704635 705572 | 935 1 | 938 935 | 98.93 | 1 Aba1_1739369_1740304
			Skipping alignment 1506874 1507811 | 935 1 | 938 935 | 98.93 | 1 Aba1_1739369_1740304
			Skipping alignment 1919640 1920577 | 1 935 | 938 935 | 98.93 | 1 Aba1_1739369_1740304
			Skipping alignment 2528424 2529361 | 935 1 | 938 935 | 98.93 | 1 Aba1_1739369_1740304
			Skipping alignment 2847834 2848771 | 935 1 | 938 935 | 98.93 | 1 Aba1_1739369_1740304
			Skipping alignment 1196983 1197920 | 935 1 | 938 935 | 98.93 | 1 Aba1_1739369_1740304
			Skipping alignment 2560176 2561113 | 1 935 | 938 935 | 98.93 | 1 Aba1_1739369_1740304
			Skipping alignment 211274 212211 | 1 935 | 938 935 | 98.83 | 1 Aba1_1739369_1740304
			Skipping alignment 1193833 1194770 | 1 935 | 938 935 | 98.83 | 1 Aba1_1739369_1740304
			Skipping alignment 2575183 2576120 | 935 1 | 938 935 | 98.83 | 1 Aba1_1739369_1740304
			Skipping alignment 34279 35216 | 1 935 | 938 935 | 98.83 | 1 Aba1_1739369_1740304
			Skipping alignment 131047 131984 | 935 1 | 938 935 | 98.83 | 1 Aba1_1739369_1740304
			Skipping alignment 2450793 2451730 | 935 1 | 938 935 | 98.83 | 1 Aba1_1739369_1740304
			Skipping alignment 700898 701835 | 935 1 | 938 935 | 98.83 | 1 Aba1_1739369_1740304
			Skipping alignment 2519872 2520809 | 935 1 | 938 935 | 98.83 | 1 Aba1_1739369_1740304
			Skipping alignment 2267764 2268701 | 1 935 | 938 935 | 98.83 | 1 Aba1_1739369_1740304
			Skipping alignment 2362375 2363312 | 935 1 | 938 935 | 98.83 | 1 Aba1_1739369_1740304
			Skipping alignment 984275 985212 | 1 935 | 938 935 | 98.83 | 1 Aba1_1739369_1740304
			Skipping alignment 1948679 1949616 | 935 1 | 938 935 | 98.83 | 1 Aba1_1739369_1740304
			Skipping alignment 1040082 1041019 | 1 935 | 938 935 | 98.83 | 1 Aba1_1739369_1740304
			Skipping alignment 1067302 1068239 | 1 935 | 938 935 | 98.83 | 1 Aba1_1739369_1740304
			Skipping alignment 2849661 2850598 | 935 1 | 938 935 | 98.83 | 1 Aba1_1739369_1740304
			Skipping alignment 1470218 1471155 | 935 1 | 938 935 | 98.83 | 1 Aba1_1739369_1740304
			Skipping alignment 2851019 2851956 | 1 935 | 938 935 | 98.83 | 1 Aba1_1739369_1740304
		This contig has 2 significant alignments. [An ambiguously mapped contig]
		Using only first of these alignment (option --ambiguity-usage is set to "one"):
			Alignment: 1739370 1740304 | 1 935 | 935 935 | 100.0 | 1 Aba1_1739369_1740304
			Skipping alignment 464856 465790 | 935 1 | 935 935 | 100.0 | 1 Aba1_1739369_1740304

CONTIG: Aba1_1919734_1920574 (840bp)
Best alignment score: 840.0 (LEN: 840, IDY: 100.00), Total number of alignments: 26
		Skipping these alignments as insignificant (option --ambiguity-score is set to "0.99"):
			Skipping alignment 1739465 1740301 | 1 840 | 837 840 | 98.81 | 1 Aba1_1919734_1920574
			Skipping alignment 464859 465695 | 840 1 | 837 840 | 98.81 | 1 Aba1_1919734_1920574
		This contig has 24 significant alignments. [An ambiguously mapped contig]
		Using only first of these alignment (option --ambiguity-usage is set to "one"):
			Alignment: 211369 212208 | 1 840 | 840 840 | 100.0 | 1 Aba1_1919734_1920574
			Skipping alignment 131050 131889 | 840 1 | 840 840 | 100.0 | 1 Aba1_1919734_1920574
			Skipping alignment 2575186 2576025 | 840 1 | 840 840 | 100.0 | 1 Aba1_1919734_1920574
			Skipping alignment 2450796 2451635 | 840 1 | 840 840 | 100.0 | 1 Aba1_1919734_1920574
			Skipping alignment 1506877 1507716 | 840 1 | 840 840 | 100.0 | 1 Aba1_1919734_1920574
			Skipping alignment 2362378 2363217 | 840 1 | 840 840 | 100.0 | 1 Aba1_1919734_1920574
			Skipping alignment 984370 985209 | 1 840 | 840 840 | 100.0 | 1 Aba1_1919734_1920574
			Skipping alignment 2519875 2520714 | 840 1 | 840 840 | 100.0 | 1 Aba1_1919734_1920574
			Skipping alignment 34374 35213 | 1 840 | 840 840 | 100.0 | 1 Aba1_1919734_1920574
			Skipping alignment 2528427 2529266 | 840 1 | 840 840 | 100.0 | 1 Aba1_1919734_1920574
			Skipping alignment 1067397 1068236 | 1 840 | 840 840 | 100.0 | 1 Aba1_1919734_1920574
			Skipping alignment 2560271 2561110 | 1 840 | 840 840 | 100.0 | 1 Aba1_1919734_1920574
			Skipping alignment 1196986 1197825 | 840 1 | 840 840 | 100.0 | 1 Aba1_1919734_1920574
			Skipping alignment 1193928 1194767 | 1 840 | 840 840 | 100.0 | 1 Aba1_1919734_1920574
			Skipping alignment 2847837 2848676 | 840 1 | 840 840 | 100.0 | 1 Aba1_1919734_1920574
			Skipping alignment 2267859 2268698 | 1 840 | 840 840 | 100.0 | 1 Aba1_1919734_1920574
			Skipping alignment 1948682 1949521 | 840 1 | 840 840 | 100.0 | 1 Aba1_1919734_1920574
			Skipping alignment 1470221 1471060 | 840 1 | 840 840 | 100.0 | 1 Aba1_1919734_1920574
			Skipping alignment 1040177 1041016 | 1 840 | 840 840 | 100.0 | 1 Aba1_1919734_1920574
			Skipping alignment 704638 705477 | 840 1 | 840 840 | 100.0 | 1 Aba1_1919734_1920574
			Skipping alignment 2851114 2851953 | 1 840 | 840 840 | 100.0 | 1 Aba1_1919734_1920574
			Skipping alignment 1919735 1920574 | 1 840 | 840 840 | 100.0 | 1 Aba1_1919734_1920574
			Skipping alignment 2849664 2850503 | 840 1 | 840 840 | 100.0 | 1 Aba1_1919734_1920574
			Skipping alignment 700901 701740 | 840 1 | 840 840 | 100.0 | 1 Aba1_1919734_1920574

CONTIG: Aba1_1932679_1933801 (1122bp)
Best alignment score: 1122.0 (LEN: 1122, IDY: 100.00), Total number of alignments: 4
		This contig has 4 significant alignments. [An ambiguously mapped contig]
		Using only first of these alignment (option --ambiguity-usage is set to "one"):
			Alignment: 4159436 4160557 | 1122 1 | 1122 1122 | 100.0 | 1 Aba1_1932679_1933801
			Skipping alignment 914719 915840 | 1122 1 | 1122 1122 | 100.0 | 1 Aba1_1932679_1933801
			Skipping alignment 1932680 1933801 | 1 1122 | 1122 1122 | 100.0 | 1 Aba1_1932679_1933801
			Skipping alignment 1699944 1701065 | 1 1122 | 1122 1122 | 100.0 | 1 Aba1_1932679_1933801

CONTIG: Aba1_1948678_1949619 (941bp)
Best alignment score: 941.0 (LEN: 941, IDY: 100.00), Total number of alignments: 26
		Skipping these alignments as insignificant (option --ambiguity-score is set to "0.99"):
			Skipping alignment 1739367 1740304 | 941 1 | 938 941 | 98.83 | 1 Aba1_1948678_1949619
			Skipping alignment 464856 465793 | 1 941 | 938 941 | 98.83 | 1 Aba1_1948678_1949619
		This contig has 24 significant alignments. [An ambiguously mapped contig]
		Using only first of these alignment (option --ambiguity-usage is set to "one"):
			Alignment: 1948679 1949619 | 1 941 | 941 941 | 100.0 | 1 Aba1_1948678_1949619
			Skipping alignment 2851016 2851956 | 941 1 | 941 941 | 100.0 | 1 Aba1_1948678_1949619
			Skipping alignment 2267761 2268701 | 941 1 | 941 941 | 100.0 | 1 Aba1_1948678_1949619
			Skipping alignment 2519872 2520812 | 1 941 | 941 941 | 100.0 | 1 Aba1_1948678_1949619
			Skipping alignment 2575183 2576123 | 1 941 | 941 941 | 100.0 | 1 Aba1_1948678_1949619
			Skipping alignment 700898 701838 | 1 941 | 941 941 | 100.0 | 1 Aba1_1948678_1949619
			Skipping alignment 2849661 2850601 | 1 941 | 941 941 | 100.0 | 1 Aba1_1948678_1949619
			Skipping alignment 1067299 1068239 | 941 1 | 941 941 | 100.0 | 1 Aba1_1948678_1949619
			Skipping alignment 2450793 2451733 | 1 941 | 941 941 | 100.0 | 1 Aba1_1948678_1949619
			Skipping alignment 131047 131987 | 1 941 | 941 941 | 100.0 | 1 Aba1_1948678_1949619
			Skipping alignment 1470218 1471158 | 1 941 | 941 941 | 100.0 | 1 Aba1_1948678_1949619
			Skipping alignment 1193830 1194770 | 941 1 | 941 941 | 100.0 | 1 Aba1_1948678_1949619
			Skipping alignment 984272 985212 | 941 1 | 941 941 | 100.0 | 1 Aba1_1948678_1949619
			Skipping alignment 1040079 1041019 | 941 1 | 941 941 | 100.0 | 1 Aba1_1948678_1949619
			Skipping alignment 211271 212211 | 941 1 | 941 941 | 100.0 | 1 Aba1_1948678_1949619
			Skipping alignment 34276 35216 | 941 1 | 941 941 | 100.0 | 1 Aba1_1948678_1949619
			Skipping alignment 2362375 2363315 | 1 941 | 941 941 | 100.0 | 1 Aba1_1948678_1949619
			Skipping alignment 2847834 2848774 | 1 941 | 941 941 | 99.89 | 1 Aba1_1948678_1949619
			Skipping alignment 2560173 2561113 | 941 1 | 941 941 | 99.89 | 1 Aba1_1948678_1949619
			Skipping alignment 1506874 1507814 | 1 941 | 941 941 | 99.89 | 1 Aba1_1948678_1949619
			Skipping alignment 704635 705575 | 1 941 | 941 941 | 99.89 | 1 Aba1_1948678_1949619
			Skipping alignment 2528424 2529364 | 1 941 | 941 941 | 99.89 | 1 Aba1_1948678_1949619
			Skipping alignment 1196983 1197923 | 1 941 | 941 941 | 99.89 | 1 Aba1_1948678_1949619
			Skipping alignment 1919637 1920577 | 941 1 | 941 941 | 99.89 | 1 Aba1_1948678_1949619

CONTIG: Aba1_1996957_2000682 (3725bp)
Best alignment score: 3725.0 (LEN: 3725, IDY: 100.00), Total number of alignments: 1
		One align captures most of this contig: 1996958 2000682 | 1 3725 | 3725 3725 | 100.0 | 1 Aba1_1996957_2000682

CONTIG: Aba1_2056612_2057243 (631bp)
Best alignment score: 631.0 (LEN: 631, IDY: 100.00), Total number of alignments: 7
		This contig has 7 significant alignments. [An ambiguously mapped contig]
		Using only first of these alignment (option --ambiguity-usage is set to "one"):
			Alignment: 1559380 1560010 | 631 1 | 631 631 | 100.0 | 1 Aba1_2056612_2057243
			Skipping alignment 4117196 4117826 | 631 1 | 631 631 | 100.0 | 1 Aba1_2056612_2057243
			Skipping alignment 1449801 1450431 | 631 1 | 631 631 | 100.0 | 1 Aba1_2056612_2057243
			Skipping alignment 2056613 2057243 | 1 631 | 631 631 | 100.0 | 1 Aba1_2056612_2057243
			Skipping alignment 4060387 4061017 | 631 1 | 631 631 | 100.0 | 1 Aba1_2056612_2057243
			Skipping alignment 4143327 4143957 | 631 1 | 631 631 | 100.0 | 1 Aba1_2056612_2057243
			Skipping alignment 883870 884500 | 631 1 | 631 631 | 100.0 | 1 Aba1_2056612_2057243

CONTIG: Aba1_2267858_2268700 (842bp)
Best alignment score: 842.0 (LEN: 842, IDY: 100.00), Total number of alignments: 26
		Skipping these alignments as insignificant (option --ambiguity-score is set to "0.99"):
			Skipping alignment 1739465 1740303 | 1 842 | 839 842 | 98.81 | 1 Aba1_2267858_2268700
			Skipping alignment 464857 465695 | 842 1 | 839 842 | 98.81 | 1 Aba1_2267858_2268700
		This contig has 24 significant alignments. [An ambiguously mapped contig]
		Using only first of these alignment (option --ambiguity-usage is set to "one"):
			Alignment: 2267859 2268700 | 1 842 | 842 842 | 100.0 | 1 Aba1_2267858_2268700
			Skipping alignment 2849662 2850503 | 842 1 | 842 842 | 100.0 | 1 Aba1_2267858_2268700
			Skipping alignment 1193928 1194769 | 1 842 | 842 842 | 100.0 | 1 Aba1_2267858_2268700
			Skipping alignment 1919735 1920576 | 1 842 | 842 842 | 100.0 | 1 Aba1_2267858_2268700
			Skipping alignment 2528425 2529266 | 842 1 | 842 842 | 100.0 | 1 Aba1_2267858_2268700
			Skipping alignment 2851114 2851955 | 1 842 | 842 842 | 100.0 | 1 Aba1_2267858_2268700
			Skipping alignment 2519873 2520714 | 842 1 | 842 842 | 100.0 | 1 Aba1_2267858_2268700
			Skipping alignment 1948680 1949521 | 842 1 | 842 842 | 100.0 | 1 Aba1_2267858_2268700
			Skipping alignment 984370 985211 | 1 842 | 842 842 | 100.0 | 1 Aba1_2267858_2268700
			Skipping alignment 1506875 1507716 | 842 1 | 842 842 | 100.0 | 1 Aba1_2267858_2268700
			Skipping alignment 1040177 1041018 | 1 842 | 842 842 | 100.0 | 1 Aba1_2267858_2268700
			Skipping alignment 34374 35215 | 1 842 | 842 842 | 100.0 | 1 Aba1_2267858_2268700
			Skipping alignment 1196984 1197825 | 842 1 | 842 842 | 100.0 | 1 Aba1_2267858_2268700
			Skipping alignment 2362376 2363217 | 842 1 | 842 842 | 100.0 | 1 Aba1_2267858_2268700
			Skipping alignment 1067397 1068238 | 1 842 | 842 842 | 100.0 | 1 Aba1_2267858_2268700
			Skipping alignment 2450794 2451635 | 842 1 | 842 842 | 100.0 | 1 Aba1_2267858_2268700
			Skipping alignment 700899 701740 | 842 1 | 842 842 | 100.0 | 1 Aba1_2267858_2268700
			Skipping alignment 2560271 2561112 | 1 842 | 842 842 | 100.0 | 1 Aba1_2267858_2268700
			Skipping alignment 211369 212210 | 1 842 | 842 842 | 100.0 | 1 Aba1_2267858_2268700
			Skipping alignment 2575184 2576025 | 842 1 | 842 842 | 100.0 | 1 Aba1_2267858_2268700
			Skipping alignment 1470219 1471060 | 842 1 | 842 842 | 100.0 | 1 Aba1_2267858_2268700
			Skipping alignment 704636 705477 | 842 1 | 842 842 | 100.0 | 1 Aba1_2267858_2268700
			Skipping alignment 2847835 2848676 | 842 1 | 842 842 | 100.0 | 1 Aba1_2267858_2268700
			Skipping alignment 131048 131889 | 842 1 | 842 842 | 100.0 | 1 Aba1_2267858_2268700

CONTIG: Aba1_2362374_2363312 (938bp)
Best alignment score: 938.0 (LEN: 938, IDY: 100.00), Total number of alignments: 26
		Skipping these alignments as insignificant (option --ambiguity-score is set to "0.99"):
			Skipping alignment 1739370 1740304 | 938 1 | 935 938 | 98.83 | 1 Aba1_2362374_2363312
			Skipping alignment 464856 465790 | 1 938 | 935 938 | 98.83 | 1 Aba1_2362374_2363312
		This contig has 24 significant alignments. [An ambiguously mapped contig]
		Using only first of these alignment (option --ambiguity-usage is set to "one"):
			Alignment: 700898 701835 | 1 938 | 938 938 | 100.0 | 1 Aba1_2362374_2363312
			Skipping alignment 2851019 2851956 | 938 1 | 938 938 | 100.0 | 1 Aba1_2362374_2363312
			Skipping alignment 211274 212211 | 938 1 | 938 938 | 100.0 | 1 Aba1_2362374_2363312
			Skipping alignment 2849661 2850598 | 1 938 | 938 938 | 100.0 | 1 Aba1_2362374_2363312
			Skipping alignment 2575183 2576120 | 1 938 | 938 938 | 100.0 | 1 Aba1_2362374_2363312
			Skipping alignment 2450793 2451730 | 1 938 | 938 938 | 100.0 | 1 Aba1_2362374_2363312
			Skipping alignment 1040082 1041019 | 938 1 | 938 938 | 100.0 | 1 Aba1_2362374_2363312
			Skipping alignment 1067302 1068239 | 938 1 | 938 938 | 100.0 | 1 Aba1_2362374_2363312
			Skipping alignment 2519872 2520809 | 1 938 | 938 938 | 100.0 | 1 Aba1_2362374_2363312
			Skipping alignment 2267764 2268701 | 938 1 | 938 938 | 100.0 | 1 Aba1_2362374_2363312
			Skipping alignment 34279 35216 | 938 1 | 938 938 | 100.0 | 1 Aba1_2362374_2363312
			Skipping alignment 2362375 2363312 | 1 938 | 938 938 | 100.0 | 1 Aba1_2362374_2363312
			Skipping alignment 984275 985212 | 938 1 | 938 938 | 100.0 | 1 Aba1_2362374_2363312
			Skipping alignment 1193833 1194770 | 938 1 | 938 938 | 100.0 | 1 Aba1_2362374_2363312
			Skipping alignment 1470218 1471155 | 1 938 | 938 938 | 100.0 | 1 Aba1_2362374_2363312
			Skipping alignment 1948679 1949616 | 1 938 | 938 938 | 100.0 | 1 Aba1_2362374_2363312
			Skipping alignment 131047 131984 | 1 938 | 938 938 | 100.0 | 1 Aba1_2362374_2363312
			Skipping alignment 1506874 1507811 | 1 938 | 938 938 | 99.89 | 1 Aba1_2362374_2363312
			Skipping alignment 1196983 1197920 | 1 938 | 938 938 | 99.89 | 1 Aba1_2362374_2363312
			Skipping alignment 1919640 1920577 | 938 1 | 938 938 | 99.89 | 1 Aba1_2362374_2363312
			Skipping alignment 2528424 2529361 | 1 938 | 938 938 | 99.89 | 1 Aba1_2362374_2363312
			Skipping alignment 2847834 2848771 | 1 938 | 938 938 | 99.89 | 1 Aba1_2362374_2363312
			Skipping alignment 2560176 2561113 | 938 1 | 938 938 | 99.89 | 1 Aba1_2362374_2363312
			Skipping alignment 704635 705572 | 1 938 | 938 938 | 99.89 | 1 Aba1_2362374_2363312

CONTIG: Aba1_2450795_2451731 (936bp)
Best alignment score: 936.0 (LEN: 936, IDY: 100.00), Total number of alignments: 26
		Skipping these alignments as insignificant (option --ambiguity-score is set to "0.99"):
			Skipping alignment 1739369 1740301 | 936 1 | 933 936 | 98.82 | 1 Aba1_2450795_2451731
			Skipping alignment 464859 465791 | 1 936 | 933 936 | 98.82 | 1 Aba1_2450795_2451731
		This contig has 24 significant alignments. [An ambiguously mapped contig]
		Using only first of these alignment (option --ambiguity-usage is set to "one"):
			Alignment: 2849664 2850599 | 1 936 | 936 936 | 100.0 | 1 Aba1_2450795_2451731
			Skipping alignment 984274 985209 | 936 1 | 936 936 | 100.0 | 1 Aba1_2450795_2451731
			Skipping alignment 2362378 2363313 | 1 936 | 936 936 | 100.0 | 1 Aba1_2450795_2451731
			Skipping alignment 2851018 2851953 | 936 1 | 936 936 | 100.0 | 1 Aba1_2450795_2451731
			Skipping alignment 700901 701836 | 1 936 | 936 936 | 100.0 | 1 Aba1_2450795_2451731
			Skipping alignment 34278 35213 | 936 1 | 936 936 | 100.0 | 1 Aba1_2450795_2451731
			Skipping alignment 2450796 2451731 | 1 936 | 936 936 | 100.0 | 1 Aba1_2450795_2451731
			Skipping alignment 2519875 2520810 | 1 936 | 936 936 | 100.0 | 1 Aba1_2450795_2451731
			Skipping alignment 1470221 1471156 | 1 936 | 936 936 | 100.0 | 1 Aba1_2450795_2451731
			Skipping alignment 1948682 1949617 | 1 936 | 936 936 | 100.0 | 1 Aba1_2450795_2451731
			Skipping alignment 2267763 2268698 | 936 1 | 936 936 | 100.0 | 1 Aba1_2450795_2451731
			Skipping alignment 131050 131985 | 1 936 | 936 936 | 100.0 | 1 Aba1_2450795_2451731
			Skipping alignment 211273 212208 | 936 1 | 936 936 | 100.0 | 1 Aba1_2450795_2451731
			Skipping alignment 1193832 1194767 | 936 1 | 936 936 | 100.0 | 1 Aba1_2450795_2451731
			Skipping alignment 1067301 1068236 | 936 1 | 936 936 | 100.0 | 1 Aba1_2450795_2451731
			Skipping alignment 2575186 2576121 | 1 936 | 936 936 | 100.0 | 1 Aba1_2450795_2451731
			Skipping alignment 1040081 1041016 | 936 1 | 936 936 | 100.0 | 1 Aba1_2450795_2451731
			Skipping alignment 1919639 1920574 | 936 1 | 936 936 | 99.89 | 1 Aba1_2450795_2451731
			Skipping alignment 1506877 1507812 | 1 936 | 936 936 | 99.89 | 1 Aba1_2450795_2451731
			Skipping alignment 2847837 2848772 | 1 936 | 936 936 | 99.89 | 1 Aba1_2450795_2451731
			Skipping alignment 2560175 2561110 | 936 1 | 936 936 | 99.89 | 1 Aba1_2450795_2451731
			Skipping alignment 704638 705573 | 1 936 | 936 936 | 99.89 | 1 Aba1_2450795_2451731
			Skipping alignment 2528427 2529362 | 1 936 | 936 936 | 99.89 | 1 Aba1_2450795_2451731
			Skipping alignment 1196986 1197921 | 1 936 | 936 936 | 99.89 | 1 Aba1_2450795_2451731

CONTIG: Aba1_2519872_2520810 (938bp)
Best alignment score: 938.0 (LEN: 938, IDY: 100.00), Total number of alignments: 26
		Skipping these alignments as insignificant (option --ambiguity-score is set to "0.99"):
			Skipping alignment 464857 465791 | 1 938 | 935 938 | 98.83 | 1 Aba1_2519872_2520810
			Skipping alignment 1739369 1740303 | 938 1 | 935 938 | 98.83 | 1 Aba1_2519872_2520810
		This contig has 24 significant alignments. [An ambiguously mapped contig]
		Using only first of these alignment (option --ambiguity-usage is set to "one"):
			Alignment: 34278 35215 | 938 1 | 938 938 | 100.0 | 1 Aba1_2519872_2520810
			Skipping alignment 131048 131985 | 1 938 | 938 938 | 100.0 | 1 Aba1_2519872_2520810
			Skipping alignment 1193832 1194769 | 938 1 | 938 938 | 100.0 | 1 Aba1_2519872_2520810
			Skipping alignment 2519873 2520810 | 1 938 | 938 938 | 100.0 | 1 Aba1_2519872_2520810
			Skipping alignment 1470219 1471156 | 1 938 | 938 938 | 100.0 | 1 Aba1_2519872_2520810
			Skipping alignment 2362376 2363313 | 1 938 | 938 938 | 100.0 | 1 Aba1_2519872_2520810
			Skipping alignment 2849662 2850599 | 1 938 | 938 938 | 100.0 | 1 Aba1_2519872_2520810
			Skipping alignment 1067301 1068238 | 938 1 | 938 938 | 100.0 | 1 Aba1_2519872_2520810
			Skipping alignment 2267763 2268700 | 938 1 | 938 938 | 100.0 | 1 Aba1_2519872_2520810
			Skipping alignment 2851018 2851955 | 938 1 | 938 938 | 100.0 | 1 Aba1_2519872_2520810
			Skipping alignment 984274 985211 | 938 1 | 938 938 | 100.0 | 1 Aba1_2519872_2520810
			Skipping alignment 700899 701836 | 1 938 | 938 938 | 100.0 | 1 Aba1_2519872_2520810
			Skipping alignment 1040081 1041018 | 938 1 | 938 938 | 100.0 | 1 Aba1_2519872_2520810
			Skipping alignment 211273 212210 | 938 1 | 938 938 | 100.0 | 1 Aba1_2519872_2520810
			Skipping alignment 2575184 2576121 | 1 938 | 938 938 | 100.0 | 1 Aba1_2519872_2520810
			Skipping alignment 1948680 1949617 | 1 938 | 938 938 | 100.0 | 1 Aba1_2519872_2520810
			Skipping alignment 2450794 2451731 | 1 938 | 938 938 | 100.0 | 1 Aba1_2519872_2520810
			Skipping alignment 2847835 2848772 | 1 938 | 938 938 | 99.89 | 1 Aba1_2519872_2520810
			Skipping alignment 2560175 2561112 | 938 1 | 938 938 | 99.89 | 1 Aba1_2519872_2520810
			Skipping alignment 1506875 1507812 | 1 938 | 938 938 | 99.89 | 1 Aba1_2519872_2520810
			Skipping alignment 2528425 2529362 | 1 938 | 938 938 | 99.89 | 1 Aba1_2519872_2520810
			Skipping alignment 1919639 1920576 | 938 1 | 938 938 | 99.89 | 1 Aba1_2519872_2520810
			Skipping alignment 1196984 1197921 | 1 938 | 938 938 | 99.89 | 1 Aba1_2519872_2520810
			Skipping alignment 704636 705573 | 1 938 | 938 938 | 99.89 | 1 Aba1_2519872_2520810

CONTIG: Aba1_2528425_2529362 (937bp)
Best alignment score: 937.0 (LEN: 937, IDY: 100.00), Total number of alignments: 26
		Skipping these alignments as insignificant (option --ambiguity-score is set to "0.99"):
			Skipping alignment 1739369 1740302 | 937 1 | 934 937 | 98.93 | 1 Aba1_2528425_2529362
			Skipping alignment 464858 465791 | 1 937 | 934 937 | 98.93 | 1 Aba1_2528425_2529362
		This contig has 24 significant alignments. [An ambiguously mapped contig]
		Using only first of these alignment (option --ambiguity-usage is set to "one"):
			Alignment: 1196985 1197921 | 1 937 | 937 937 | 100.0 | 1 Aba1_2528425_2529362
			Skipping alignment 2560175 2561111 | 937 1 | 937 937 | 100.0 | 1 Aba1_2528425_2529362
			Skipping alignment 1919639 1920575 | 937 1 | 937 937 | 100.0 | 1 Aba1_2528425_2529362
			Skipping alignment 704637 705573 | 1 937 | 937 937 | 100.0 | 1 Aba1_2528425_2529362
			Skipping alignment 2847836 2848772 | 1 937 | 937 937 | 100.0 | 1 Aba1_2528425_2529362
			Skipping alignment 1506876 1507812 | 1 937 | 937 937 | 100.0 | 1 Aba1_2528425_2529362
			Skipping alignment 2528426 2529362 | 1 937 | 937 937 | 100.0 | 1 Aba1_2528425_2529362
			Skipping alignment 2450795 2451731 | 1 937 | 937 937 | 99.89 | 1 Aba1_2528425_2529362
			Skipping alignment 2575185 2576121 | 1 937 | 937 937 | 99.89 | 1 Aba1_2528425_2529362
			Skipping alignment 700900 701836 | 1 937 | 937 937 | 99.89 | 1 Aba1_2528425_2529362
			Skipping alignment 2362377 2363313 | 1 937 | 937 937 | 99.89 | 1 Aba1_2528425_2529362
			Skipping alignment 1470220 1471156 | 1 937 | 937 937 | 99.89 | 1 Aba1_2528425_2529362
			Skipping alignment 1040081 1041017 | 937 1 | 937 937 | 99.89 | 1 Aba1_2528425_2529362
			Skipping alignment 34278 35214 | 937 1 | 937 937 | 99.89 | 1 Aba1_2528425_2529362
			Skipping alignment 2519874 2520810 | 1 937 | 937 937 | 99.89 | 1 Aba1_2528425_2529362
			Skipping alignment 2851018 2851954 | 937 1 | 937 937 | 99.89 | 1 Aba1_2528425_2529362
			Skipping alignment 211273 212209 | 937 1 | 937 937 | 99.89 | 1 Aba1_2528425_2529362
			Skipping alignment 2849663 2850599 | 1 937 | 937 937 | 99.89 | 1 Aba1_2528425_2529362
			Skipping alignment 2267763 2268699 | 937 1 | 937 937 | 99.89 | 1 Aba1_2528425_2529362
			Skipping alignment 131049 131985 | 1 937 | 937 937 | 99.89 | 1 Aba1_2528425_2529362
			Skipping alignment 1193832 1194768 | 937 1 | 937 937 | 99.89 | 1 Aba1_2528425_2529362
			Skipping alignment 1948681 1949617 | 1 937 | 937 937 | 99.89 | 1 Aba1_2528425_2529362
			Skipping alignment 984274 985210 | 937 1 | 937 937 | 99.89 | 1 Aba1_2528425_2529362
			Skipping alignment 1067301 1068237 | 937 1 | 937 937 | 99.89 | 1 Aba1_2528425_2529362

CONTIG: Aba1_2560170_2561114 (944bp)
Best alignment score: 944.0 (LEN: 944, IDY: 100.00), Total number of alignments: 26
		Skipping these alignments as insignificant (option --ambiguity-score is set to "0.99"):
			Skipping alignment 464855 465795 | 944 1 | 941 944 | 98.94 | 1 Aba1_2560170_2561114
			Skipping alignment 1739365 1740305 | 1 944 | 941 944 | 98.94 | 1 Aba1_2560170_2561114
		This contig has 24 significant alignments. [An ambiguously mapped contig]
		Using only first of these alignment (option --ambiguity-usage is set to "one"):
			Alignment: 1196982 1197925 | 944 1 | 944 944 | 100.0 | 1 Aba1_2560170_2561114
			Skipping alignment 1919635 1920578 | 1 944 | 944 944 | 100.0 | 1 Aba1_2560170_2561114
			Skipping alignment 2560171 2561114 | 1 944 | 944 944 | 100.0 | 1 Aba1_2560170_2561114
			Skipping alignment 2528423 2529366 | 944 1 | 944 944 | 100.0 | 1 Aba1_2560170_2561114
			Skipping alignment 2847833 2848776 | 944 1 | 944 944 | 100.0 | 1 Aba1_2560170_2561114
			Skipping alignment 1506873 1507816 | 944 1 | 944 944 | 100.0 | 1 Aba1_2560170_2561114
			Skipping alignment 704634 705577 | 944 1 | 944 944 | 100.0 | 1 Aba1_2560170_2561114
			Skipping alignment 1470217 1471160 | 944 1 | 944 944 | 99.89 | 1 Aba1_2560170_2561114
			Skipping alignment 2362374 2363317 | 944 1 | 944 944 | 99.89 | 1 Aba1_2560170_2561114
			Skipping alignment 2267759 2268702 | 1 944 | 944 944 | 99.89 | 1 Aba1_2560170_2561114
			Skipping alignment 984270 985213 | 1 944 | 944 944 | 99.89 | 1 Aba1_2560170_2561114
			Skipping alignment 2575182 2576125 | 944 1 | 944 944 | 99.89 | 1 Aba1_2560170_2561114
			Skipping alignment 1040077 1041020 | 1 944 | 944 944 | 99.89 | 1 Aba1_2560170_2561114
			Skipping alignment 2851014 2851957 | 1 944 | 944 944 | 99.89 | 1 Aba1_2560170_2561114
			Skipping alignment 211269 212212 | 1 944 | 944 944 | 99.89 | 1 Aba1_2560170_2561114
			Skipping alignment 1193828 1194771 | 1 944 | 944 944 | 99.89 | 1 Aba1_2560170_2561114
			Skipping alignment 1067297 1068240 | 1 944 | 944 944 | 99.89 | 1 Aba1_2560170_2561114
			Skipping alignment 1948678 1949621 | 944 1 | 944 944 | 99.89 | 1 Aba1_2560170_2561114
			Skipping alignment 131046 131989 | 944 1 | 944 944 | 99.89 | 1 Aba1_2560170_2561114
			Skipping alignment 2849660 2850603 | 944 1 | 944 944 | 99.89 | 1 Aba1_2560170_2561114
			Skipping alignment 2450792 2451735 | 944 1 | 944 944 | 99.89 | 1 Aba1_2560170_2561114
			Skipping alignment 2519871 2520814 | 944 1 | 944 944 | 99.89 | 1 Aba1_2560170_2561114
			Skipping alignment 34274 35217 | 1 944 | 944 944 | 99.89 | 1 Aba1_2560170_2561114
			Skipping alignment 700897 701840 | 944 1 | 944 944 | 99.89 | 1 Aba1_2560170_2561114

CONTIG: Aba1_2575179_2576121 (942bp)
Best alignment score: 942.0 (LEN: 942, IDY: 100.00), Total number of alignments: 26
		Skipping these alignments as insignificant (option --ambiguity-score is set to "0.99"):
			Skipping alignment 464853 465791 | 1 942 | 939 942 | 98.83 | 1 Aba1_2575179_2576121
			Skipping alignment 1739369 1740307 | 942 1 | 939 942 | 98.83 | 1 Aba1_2575179_2576121
		This contig has 24 significant alignments. [An ambiguously mapped contig]
		Using only first of these alignment (option --ambiguity-usage is set to "one"):
			Alignment: 131044 131985 | 1 942 | 942 942 | 100.0 | 1 Aba1_2575179_2576121
			Skipping alignment 2575180 2576121 | 1 942 | 942 942 | 100.0 | 1 Aba1_2575179_2576121
			Skipping alignment 700895 701836 | 1 942 | 942 942 | 100.0 | 1 Aba1_2575179_2576121
			Skipping alignment 34278 35219 | 942 1 | 942 942 | 100.0 | 1 Aba1_2575179_2576121
			Skipping alignment 2851018 2851959 | 942 1 | 942 942 | 100.0 | 1 Aba1_2575179_2576121
			Skipping alignment 1470215 1471156 | 1 942 | 942 942 | 100.0 | 1 Aba1_2575179_2576121
			Skipping alignment 1193832 1194773 | 942 1 | 942 942 | 100.0 | 1 Aba1_2575179_2576121
			Skipping alignment 2450790 2451731 | 1 942 | 942 942 | 100.0 | 1 Aba1_2575179_2576121
			Skipping alignment 2362372 2363313 | 1 942 | 942 942 | 100.0 | 1 Aba1_2575179_2576121
			Skipping alignment 984274 985215 | 942 1 | 942 942 | 100.0 | 1 Aba1_2575179_2576121
			Skipping alignment 2519869 2520810 | 1 942 | 942 942 | 100.0 | 1 Aba1_2575179_2576121
			Skipping alignment 1067301 1068242 | 942 1 | 942 942 | 100.0 | 1 Aba1_2575179_2576121
			Skipping alignment 211273 212214 | 942 1 | 942 942 | 100.0 | 1 Aba1_2575179_2576121
			Skipping alignment 1948676 1949617 | 1 942 | 942 942 | 100.0 | 1 Aba1_2575179_2576121
			Skipping alignment 2267763 2268704 | 942 1 | 942 942 | 100.0 | 1 Aba1_2575179_2576121
			Skipping alignment 1040081 1041022 | 942 1 | 942 942 | 100.0 | 1 Aba1_2575179_2576121
			Skipping alignment 2849658 2850599 | 1 942 | 942 942 | 100.0 | 1 Aba1_2575179_2576121
			Skipping alignment 1919639 1920580 | 942 1 | 942 942 | 99.89 | 1 Aba1_2575179_2576121
			Skipping alignment 2847831 2848772 | 1 942 | 942 942 | 99.89 | 1 Aba1_2575179_2576121
			Skipping alignment 1506871 1507812 | 1 942 | 942 942 | 99.89 | 1 Aba1_2575179_2576121
			Skipping alignment 2528421 2529362 | 1 942 | 942 942 | 99.89 | 1 Aba1_2575179_2576121
			Skipping alignment 1196980 1197921 | 1 942 | 942 942 | 99.89 | 1 Aba1_2575179_2576121
			Skipping alignment 2560175 2561116 | 942 1 | 942 942 | 99.89 | 1 Aba1_2575179_2576121
			Skipping alignment 704632 705573 | 1 942 | 942 942 | 99.89 | 1 Aba1_2575179_2576121

CONTIG: Aba1_2737792_2738790 (998bp)
Best alignment score: 998.0 (LEN: 998, IDY: 100.00), Total number of alignments: 2
		This contig has 2 significant alignments. [An ambiguously mapped contig]
		Using only first of these alignment (option --ambiguity-usage is set to "one"):
			Alignment: 1272652 1273649 | 998 1 | 998 998 | 100.0 | 1 Aba1_2737792_2738790
			Skipping alignment 2737793 2738790 | 1 998 | 998 998 | 100.0 | 1 Aba1_2737792_2738790

CONTIG: Aba1_2815156_2827005 (11849bp)
Best alignment score: 11849.0 (LEN: 11849, IDY: 100.00), Total number of alignments: 4
		This contig has 4 significant alignments. [An ambiguously mapped contig]
		Using only first of these alignment (option --ambiguity-usage is set to "one"):
			Alignment: 3838650 3850498 | 11849 1 | 11849 11849 | 100.0 | 1 Aba1_2815156_2827005
			Skipping alignment 3032235 3044083 | 11849 1 | 11849 11849 | 100.0 | 1 Aba1_2815156_2827005
			Skipping alignment 2815157 2827005 | 1 11849 | 11849 11849 | 100.0 | 1 Aba1_2815156_2827005
			Skipping alignment 954745 966593 | 1 11849 | 11849 11849 | 100.0 | 1 Aba1_2815156_2827005

CONTIG: Aba1_2847836_2848773 (937bp)
Best alignment score: 937.0 (LEN: 937, IDY: 100.00), Total number of alignments: 26
		Skipping these alignments as insignificant (option --ambiguity-score is set to "0.99"):
			Skipping alignment 1739368 1740301 | 937 1 | 934 937 | 98.93 | 1 Aba1_2847836_2848773
			Skipping alignment 464859 465792 | 1 937 | 934 937 | 98.93 | 1 Aba1_2847836_2848773
		This contig has 24 significant alignments. [An ambiguously mapped contig]
		Using only first of these alignment (option --ambiguity-usage is set to "one"):
			Alignment: 2847837 2848773 | 1 937 | 937 937 | 100.0 | 1 Aba1_2847836_2848773
			Skipping alignment 1196986 1197922 | 1 937 | 937 937 | 100.0 | 1 Aba1_2847836_2848773
			Skipping alignment 1506877 1507813 | 1 937 | 937 937 | 100.0 | 1 Aba1_2847836_2848773
			Skipping alignment 1919638 1920574 | 937 1 | 937 937 | 100.0 | 1 Aba1_2847836_2848773
			Skipping alignment 2560174 2561110 | 937 1 | 937 937 | 100.0 | 1 Aba1_2847836_2848773
			Skipping alignment 704638 705574 | 1 937 | 937 937 | 100.0 | 1 Aba1_2847836_2848773
			Skipping alignment 2528427 2529363 | 1 937 | 937 937 | 100.0 | 1 Aba1_2847836_2848773
			Skipping alignment 2519875 2520811 | 1 937 | 937 937 | 99.89 | 1 Aba1_2847836_2848773
			Skipping alignment 2450796 2451732 | 1 937 | 937 937 | 99.89 | 1 Aba1_2847836_2848773
			Skipping alignment 2267762 2268698 | 937 1 | 937 937 | 99.89 | 1 Aba1_2847836_2848773
			Skipping alignment 211272 212208 | 937 1 | 937 937 | 99.89 | 1 Aba1_2847836_2848773
			Skipping alignment 1470221 1471157 | 1 937 | 937 937 | 99.89 | 1 Aba1_2847836_2848773
			Skipping alignment 2362378 2363314 | 1 937 | 937 937 | 99.89 | 1 Aba1_2847836_2848773
			Skipping alignment 1040080 1041016 | 937 1 | 937 937 | 99.89 | 1 Aba1_2847836_2848773
			Skipping alignment 700901 701837 | 1 937 | 937 937 | 99.89 | 1 Aba1_2847836_2848773
			Skipping alignment 1948682 1949618 | 1 937 | 937 937 | 99.89 | 1 Aba1_2847836_2848773
			Skipping alignment 2851017 2851953 | 937 1 | 937 937 | 99.89 | 1 Aba1_2847836_2848773
			Skipping alignment 2575186 2576122 | 1 937 | 937 937 | 99.89 | 1 Aba1_2847836_2848773
			Skipping alignment 1193831 1194767 | 937 1 | 937 937 | 99.89 | 1 Aba1_2847836_2848773
			Skipping alignment 1067300 1068236 | 937 1 | 937 937 | 99.89 | 1 Aba1_2847836_2848773
			Skipping alignment 2849664 2850600 | 1 937 | 937 937 | 99.89 | 1 Aba1_2847836_2848773
			Skipping alignment 131050 131986 | 1 937 | 937 937 | 99.89 | 1 Aba1_2847836_2848773
			Skipping alignment 34277 35213 | 937 1 | 937 937 | 99.89 | 1 Aba1_2847836_2848773
			Skipping alignment 984273 985209 | 937 1 | 937 937 | 99.89 | 1 Aba1_2847836_2848773

CONTIG: Aba1_2851018_2851954 (936bp)
Best alignment score: 936.0 (LEN: 936, IDY: 100.00), Total number of alignments: 26
		Skipping these alignments as insignificant (option --ambiguity-score is set to "0.99"):
			Skipping alignment 1739370 1740302 | 1 936 | 933 936 | 98.82 | 1 Aba1_2851018_2851954
			Skipping alignment 464858 465790 | 936 1 | 933 936 | 98.82 | 1 Aba1_2851018_2851954
		This contig has 24 significant alignments. [An ambiguously mapped contig]
		Using only first of these alignment (option --ambiguity-usage is set to "one"):
			Alignment: 1470220 1471155 | 936 1 | 936 936 | 100.0 | 1 Aba1_2851018_2851954
			Skipping alignment 2851019 2851954 | 1 936 | 936 936 | 100.0 | 1 Aba1_2851018_2851954
			Skipping alignment 984275 985210 | 1 936 | 936 936 | 100.0 | 1 Aba1_2851018_2851954
			Skipping alignment 2362377 2363312 | 936 1 | 936 936 | 100.0 | 1 Aba1_2851018_2851954
			Skipping alignment 2267764 2268699 | 1 936 | 936 936 | 100.0 | 1 Aba1_2851018_2851954
			Skipping alignment 2575185 2576120 | 936 1 | 936 936 | 100.0 | 1 Aba1_2851018_2851954
			Skipping alignment 131049 131984 | 936 1 | 936 936 | 100.0 | 1 Aba1_2851018_2851954
			Skipping alignment 1067302 1068237 | 1 936 | 936 936 | 100.0 | 1 Aba1_2851018_2851954
			Skipping alignment 211274 212209 | 1 936 | 936 936 | 100.0 | 1 Aba1_2851018_2851954
			Skipping alignment 2849663 2850598 | 936 1 | 936 936 | 100.0 | 1 Aba1_2851018_2851954
			Skipping alignment 2450795 2451730 | 936 1 | 936 936 | 100.0 | 1 Aba1_2851018_2851954
			Skipping alignment 2519874 2520809 | 936 1 | 936 936 | 100.0 | 1 Aba1_2851018_2851954
			Skipping alignment 1193833 1194768 | 1 936 | 936 936 | 100.0 | 1 Aba1_2851018_2851954
			Skipping alignment 1948681 1949616 | 936 1 | 936 936 | 100.0 | 1 Aba1_2851018_2851954
			Skipping alignment 700900 701835 | 936 1 | 936 936 | 100.0 | 1 Aba1_2851018_2851954
			Skipping alignment 34279 35214 | 1 936 | 936 936 | 100.0 | 1 Aba1_2851018_2851954
			Skipping alignment 1040082 1041017 | 1 936 | 936 936 | 100.0 | 1 Aba1_2851018_2851954
			Skipping alignment 1919640 1920575 | 1 936 | 936 936 | 99.89 | 1 Aba1_2851018_2851954
			Skipping alignment 2528426 2529361 | 936 1 | 936 936 | 99.89 | 1 Aba1_2851018_2851954
			Skipping alignment 1196985 1197920 | 936 1 | 936 936 | 99.89 | 1 Aba1_2851018_2851954
			Skipping alignment 2847836 2848771 | 936 1 | 936 936 | 99.89 | 1 Aba1_2851018_2851954
			Skipping alignment 2560176 2561111 | 1 936 | 936 936 | 99.89 | 1 Aba1_2851018_2851954
			Skipping alignment 704637 705572 | 936 1 | 936 936 | 99.89 | 1 Aba1_2851018_2851954
			Skipping alignment 1506876 1507811 | 936 1 | 936 936 | 99.89 | 1 Aba1_2851018_2851954

CONTIG: Aba1_3032234_3044081 (11847bp)
Best alignment score: 11847.0 (LEN: 11847, IDY: 100.00), Total number of alignments: 4
		This contig has 4 significant alignments. [An ambiguously mapped contig]
		Using only first of these alignment (option --ambiguity-usage is set to "one"):
			Alignment: 3838650 3850496 | 1 11847 | 11847 11847 | 100.0 | 1 Aba1_3032234_3044081
			Skipping alignment 954747 966593 | 11847 1 | 11847 11847 | 100.0 | 1 Aba1_3032234_3044081
			Skipping alignment 3032235 3044081 | 1 11847 | 11847 11847 | 100.0 | 1 Aba1_3032234_3044081
			Skipping alignment 2815159 2827005 | 11847 1 | 11847 11847 | 100.0 | 1 Aba1_3032234_3044081

CONTIG: Aba1_3174198_3175250 (1052bp)
Best alignment score: 1052.0 (LEN: 1052, IDY: 100.00), Total number of alignments: 2
		This contig has 2 significant alignments. [An ambiguously mapped contig]
		Using only first of these alignment (option --ambiguity-usage is set to "one"):
			Alignment: 3174199 3175250 | 1 1052 | 1052 1052 | 100.0 | 1 Aba1_3174198_3175250
			Skipping alignment 3780526 3781577 | 1 1052 | 1052 1052 | 100.0 | 1 Aba1_3174198_3175250

CONTIG: Aba1_3384613_3390021 (5408bp)
Best alignment score: 5408.0 (LEN: 5408, IDY: 100.00), Total number of alignments: 6
		This contig has 6 significant alignments. [An ambiguously mapped contig]
		Using only first of these alignment (option --ambiguity-usage is set to "one"):
			Alignment: 488230 493637 | 5408 1 | 5408 5408 | 100.0 | 1 Aba1_3384613_3390021
			Skipping alignment 3882366 3887773 | 1 5408 | 5408 5408 | 100.0 | 1 Aba1_3384613_3390021
			Skipping alignment 3384614 3390021 | 1 5408 | 5408 5408 | 100.0 | 1 Aba1_3384613_3390021
			Skipping alignment 18040 23447 | 5408 1 | 5408 5408 | 100.0 | 1 Aba1_3384613_3390021
			Skipping alignment 523131 528538 | 5408 1 | 5408 5408 | 100.0 | 1 Aba1_3384613_3390021
			Skipping alignment 4051746 4057153 | 1 5408 | 5408 5408 | 100.0 | 1 Aba1_3384613_3390021

CONTIG: Aba1_3780687_3781572 (885bp)
Best alignment score: 885.0 (LEN: 885, IDY: 100.00), Total number of alignments: 2
		This contig has 2 significant alignments. [An ambiguously mapped contig]
		Using only first of these alignment (option --ambiguity-usage is set to "one"):
			Alignment: 3780688 3781572 | 1 885 | 885 885 | 100.0 | 1 Aba1_3780687_3781572
			Skipping alignment 3174361 3175245 | 1 885 | 885 885 | 100.0 | 1 Aba1_3780687_3781572

CONTIG: Aba1_3838649_3850497 (11848bp)
Best alignment score: 11848.0 (LEN: 11848, IDY: 100.00), Total number of alignments: 4
		This contig has 4 significant alignments. [An ambiguously mapped contig]
		Using only first of these alignment (option --ambiguity-usage is set to "one"):
			Alignment: 2815158 2827005 | 11848 1 | 11848 11848 | 100.0 | 1 Aba1_3838649_3850497
			Skipping alignment 3032235 3044082 | 1 11848 | 11848 11848 | 100.0 | 1 Aba1_3838649_3850497
			Skipping alignment 954746 966593 | 11848 1 | 11848 11848 | 100.0 | 1 Aba1_3838649_3850497
			Skipping alignment 3838650 3850497 | 1 11848 | 11848 11848 | 100.0 | 1 Aba1_3838649_3850497

CONTIG: Aba1_3882334_3888002 (5668bp)
Best alignment score: 5668.0 (LEN: 5668, IDY: 100.00), Total number of alignments: 6
		Skipping these alignments as insignificant (option --ambiguity-score is set to "0.99"):
			Skipping alignment 4051715 4057228 | 1 5514 | 5514 5514 | 100.0 | 1 Aba1_3882334_3888002
		This contig has 5 significant alignments. [An ambiguously mapped contig]
		Using only first of these alignment (option --ambiguity-usage is set to "one"):
			Alignment: 522902 528569 | 5668 1 | 5668 5668 | 100.0 | 1 Aba1_3882334_3888002
			Skipping alignment 3384583 3390250 | 1 5668 | 5668 5668 | 100.0 | 1 Aba1_3882334_3888002
			Skipping alignment 3882335 3888002 | 1 5668 | 5668 5668 | 100.0 | 1 Aba1_3882334_3888002
			Skipping alignment 17811 23478 | 5668 1 | 5668 5668 | 100.0 | 1 Aba1_3882334_3888002
			Skipping alignment 488001 493668 | 5668 1 | 5668 5668 | 100.0 | 1 Aba1_3882334_3888002

CONTIG: Aba1_4051734_4057153 (5419bp)
Best alignment score: 5419.0 (LEN: 5419, IDY: 100.00), Total number of alignments: 6
		This contig has 6 significant alignments. [An ambiguously mapped contig]
		Using only first of these alignment (option --ambiguity-usage is set to "one"):
			Alignment: 18040 23458 | 5419 1 | 5419 5419 | 100.0 | 1 Aba1_4051734_4057153
			Skipping alignment 3882355 3887773 | 1 5419 | 5419 5419 | 100.0 | 1 Aba1_4051734_4057153
			Skipping alignment 4051735 4057153 | 1 5419 | 5419 5419 | 100.0 | 1 Aba1_4051734_4057153
			Skipping alignment 523131 528549 | 5419 1 | 5419 5419 | 100.0 | 1 Aba1_4051734_4057153
			Skipping alignment 488230 493648 | 5419 1 | 5419 5419 | 100.0 | 1 Aba1_4051734_4057153
			Skipping alignment 3384603 3390021 | 1 5419 | 5419 5419 | 100.0 | 1 Aba1_4051734_4057153

CONTIG: Aba1_4059861_4061020 (1159bp)
Best alignment score: 1159.0 (LEN: 1159, IDY: 100.00), Total number of alignments: 7
		This contig has 7 significant alignments. [An ambiguously mapped contig]
		Using only first of these alignment (option --ambiguity-usage is set to "one"):
			Alignment: 4059862 4061020 | 1 1159 | 1159 1159 | 100.0 | 1 Aba1_4059861_4061020
			Skipping alignment 1558855 1560013 | 1 1159 | 1159 1159 | 100.0 | 1 Aba1_4059861_4061020
			Skipping alignment 883345 884503 | 1 1159 | 1159 1159 | 100.0 | 1 Aba1_4059861_4061020
			Skipping alignment 1449276 1450434 | 1 1159 | 1159 1159 | 100.0 | 1 Aba1_4059861_4061020
			Skipping alignment 2056610 2057768 | 1159 1 | 1159 1159 | 100.0 | 1 Aba1_4059861_4061020
			Skipping alignment 4116671 4117829 | 1 1159 | 1159 1159 | 100.0 | 1 Aba1_4059861_4061020
			Skipping alignment 4142802 4143960 | 1 1159 | 1159 1159 | 99.48 | 1 Aba1_4059861_4061020

CONTIG: Aba1_4116660_4117832 (1172bp)
Best alignment score: 1172.0 (LEN: 1172, IDY: 100.00), Total number of alignments: 7
		This contig has 7 significant alignments. [An ambiguously mapped contig]
		Using only first of these alignment (option --ambiguity-usage is set to "one"):
			Alignment: 2056607 2057778 | 1172 1 | 1172 1172 | 100.0 | 1 Aba1_4116660_4117832
			Skipping alignment 4116661 4117832 | 1 1172 | 1172 1172 | 100.0 | 1 Aba1_4116660_4117832
			Skipping alignment 1449266 1450437 | 1 1172 | 1172 1172 | 100.0 | 1 Aba1_4116660_4117832
			Skipping alignment 1558845 1560016 | 1 1172 | 1172 1172 | 100.0 | 1 Aba1_4116660_4117832
			Skipping alignment 883335 884506 | 1 1172 | 1172 1172 | 100.0 | 1 Aba1_4116660_4117832
			Skipping alignment 4059852 4061023 | 1 1172 | 1172 1172 | 100.0 | 1 Aba1_4116660_4117832
			Skipping alignment 4142792 4143963 | 1 1172 | 1172 1172 | 99.49 | 1 Aba1_4116660_4117832

CONTIG: Aba1_4142794_4143960 (1166bp)
Best alignment score: 1166.0 (LEN: 1166, IDY: 100.00), Total number of alignments: 7
		This contig has 7 significant alignments. [An ambiguously mapped contig]
		Using only first of these alignment (option --ambiguity-usage is set to "one"):
			Alignment: 4142795 4143960 | 1 1166 | 1166 1166 | 100.0 | 1 Aba1_4142794_4143960
			Skipping alignment 883338 884503 | 1 1166 | 1166 1166 | 99.49 | 1 Aba1_4142794_4143960
			Skipping alignment 1558848 1560013 | 1 1166 | 1166 1166 | 99.49 | 1 Aba1_4142794_4143960
			Skipping alignment 4116664 4117829 | 1 1166 | 1166 1166 | 99.49 | 1 Aba1_4142794_4143960
			Skipping alignment 4059855 4061020 | 1 1166 | 1166 1166 | 99.49 | 1 Aba1_4142794_4143960
			Skipping alignment 2056610 2057775 | 1166 1 | 1166 1166 | 99.49 | 1 Aba1_4142794_4143960
			Skipping alignment 1449269 1450434 | 1 1166 | 1166 1166 | 99.49 | 1 Aba1_4142794_4143960

CONTIG: Aba1_4159433_4160285 (852bp)
Best alignment score: 852.0 (LEN: 852, IDY: 100.00), Total number of alignments: 4
		This contig has 4 significant alignments. [An ambiguously mapped contig]
		Using only first of these alignment (option --ambiguity-usage is set to "one"):
			Alignment: 1932952 1933803 | 852 1 | 852 852 | 100.0 | 1 Aba1_4159433_4160285
			Skipping alignment 1700216 1701067 | 852 1 | 852 852 | 100.0 | 1 Aba1_4159433_4160285
			Skipping alignment 914717 915568 | 1 852 | 852 852 | 100.0 | 1 Aba1_4159433_4160285
			Skipping alignment 4159434 4160285 | 1 852 | 852 852 | 100.0 | 1 Aba1_4159433_4160285

CONTIG: Aba1_4161756_4162643 (887bp)
Best alignment score: 887.0 (LEN: 887, IDY: 100.00), Total number of alignments: 3
		This contig has 3 significant alignments. [An ambiguously mapped contig]
		Using only first of these alignment (option --ambiguity-usage is set to "one"):
			Alignment: 1698741 1699627 | 1 887 | 887 887 | 100.0 | 1 Aba1_4161756_4162643
			Skipping alignment 4180604 4181490 | 1 887 | 887 887 | 100.0 | 1 Aba1_4161756_4162643
			Skipping alignment 4161757 4162643 | 1 887 | 887 887 | 100.0 | 1 Aba1_4161756_4162643

CONTIG: Aba1_4183086_4184710 (1624bp)
Best alignment score: 1624.0 (LEN: 1624, IDY: 100.00), Total number of alignments: 2
		This contig has 2 significant alignments. [An ambiguously mapped contig]
		Using only first of these alignment (option --ambiguity-usage is set to "one"):
			Alignment: 4183087 4184710 | 1 1624 | 1624 1624 | 100.0 | 1 Aba1_4183086_4184710
			Skipping alignment 4190691 4192313 | 1623 1 | 1623 1623 | 100.0 | 1 Aba1_4183086_4184710

CONTIG: Aba1_4190690_4192392 (1702bp)
Best alignment score: 1702.0 (LEN: 1702, IDY: 100.00), Total number of alignments: 2
		This contig has 2 significant alignments. [An ambiguously mapped contig]
		Using only first of these alignment (option --ambiguity-usage is set to "one"):
			Alignment: 4190691 4192392 | 1 1702 | 1702 1702 | 100.0 | 1 Aba1_4190690_4192392
			Skipping alignment 4183011 4184709 | 1699 1 | 1699 1699 | 100.0 | 1 Aba1_4190690_4192392

Analyzing coverage...
Writing SNPs into /home/alerojo/Documentos/test/Aba1_folder/quast/contigs_reports/minimap_output/Aba1_unmappedregions.used_snps.gz

Analysis is finished!
Founded SNPs were written into /home/alerojo/Documentos/test/Aba1_folder/quast/contigs_reports/minimap_output/Aba1_unmappedregions.used_snps.gz

Results:
	Local Misassemblies: 0
	Misassemblies: 0
		Relocations: 0
		Translocations: 0
		Inversions: 0
	Scaffold gap extensive misassemblies: 0
	Scaffold gap local misassemblies: 0
	Misassembled Contigs: 0
	Misassembled Contig Bases: 0
	Misassemblies Inter-Contig Overlap: 0
Unaligned Contigs: 0 + 0 part
Half Unaligned Contigs with Misassemblies: 0
Unaligned Contig Bases: 0

Ambiguously Mapped Contigs: 51
Total Bases in Ambiguously Mapped Contigs: 121584
Extra Bases in Ambiguously Mapped Contigs: 0
Note that --allow-ambiguity option was set to "one" and only first alignment per each of these contigs was used.

	Covered Bases: 96390

	SNPs: 0
	Insertions: 0
	Deletions: 0

