/home/alerojo/anaconda2/envs/Rojo_py37/lib/python3.7/site-packages/quast-5.0.2-py3.7.egg/EGG-INFO/scripts/quast.py Aba1_folder/Aba1_unmappedregions.fasta -r Aba1_assembly.fasta -o Aba1_folder/quast

Version: 5.0.2

System information:
  OS: Linux-4.17.0-041700-generic-x86_64-with-debian-buster-sid (linux_64)
  Python version: 3.7.3
  CPUs number: 4

Started: 2019-11-23 20:33:00

Logging to /home/alerojo/Documentos/test/Aba1_folder/quast/quast.log
NOTICE: Maximum number of threads is set to 1 (use --threads option to set it manually)

CWD: /home/alerojo/Documentos/test
Main parameters: 
  MODE: default, threads: 1, minimum contig length: 500, minimum alignment length: 65, \
  ambiguity: one, threshold for extensive misassembly size: 1000

Reference:
  /home/alerojo/Documentos/test/Aba1_assembly.fasta ==> Aba1_assembly

Contigs:
  Pre-processing...
  Aba1_folder/Aba1_unmappedregions.fasta ==> Aba1_unmappedregions

2019-11-23 20:33:00
Running Basic statistics processor...
  Reference genome:
    Aba1_assembly.fasta, length = 4297393, num fragments = 1, GC % = 39.42
  Contig files: 
    Aba1_unmappedregions
  Calculating N50 and L50...
    Aba1_unmappedregions, N50 = 5668, L50 = 7, Total length = 141367, GC % = 41.06, # N's per 100 kbp =  0.00
  Drawing Nx plot...
    saved to /home/alerojo/Documentos/test/Aba1_folder/quast/basic_stats/Nx_plot.pdf
  Drawing NGx plot...
    saved to /home/alerojo/Documentos/test/Aba1_folder/quast/basic_stats/NGx_plot.pdf
  Drawing cumulative plot...
    saved to /home/alerojo/Documentos/test/Aba1_folder/quast/basic_stats/cumulative_plot.pdf
  Drawing GC content plot...
    saved to /home/alerojo/Documentos/test/Aba1_folder/quast/basic_stats/GC_content_plot.pdf
  Drawing Aba1_unmappedregions GC content plot...
    saved to /home/alerojo/Documentos/test/Aba1_folder/quast/basic_stats/Aba1_unmappedregions_GC_content_plot.pdf
Done.

2019-11-23 20:33:02
Running Contig analyzer...
  Aba1_unmappedregions
  Logging to files /home/alerojo/Documentos/test/Aba1_folder/quast/contigs_reports/contigs_report_Aba1_unmappedregions.stdout and contigs_report_Aba1_unmappedregions.stderr...
  Aligning contigs to the reference
  /home/alerojo/anaconda2/envs/Rojo_py37/lib/python3.7/site-packages/quast-5.0.2-py3.7.egg/quast_libs/minimap2/minimap2 \
  -c -x asm5 -B5 -O4,16 --no-long-join -r 85 -N 50 -s 65 -z 200 --mask-level 0.9 --min-occ \
  200 -g 2500 --score-N 2 --cs -t 1 Aba1_folder/quast/quast_corrected_input/Aba1_assembly.fasta \
  Aba1_folder/quast/quast_corrected_input/Aba1_unmappedregions.fasta > Aba1_folder/quast/contigs_reports/minimap_output/Aba1_unmappedregions.coords_tmp \
  2>> Aba1_folder/quast/contigs_reports/contigs_report_Aba1_unmappedregions.stderr
  Analysis is finished.

  Creating total report...
    saved to /home/alerojo/Documentos/test/Aba1_folder/quast/contigs_reports/misassemblies_report.txt, misassemblies_report.tsv, and misassemblies_report.tex
  Transposed version of total report...
    saved to /home/alerojo/Documentos/test/Aba1_folder/quast/contigs_reports/transposed_report_misassemblies.txt, transposed_report_misassemblies.tsv, and transposed_report_misassemblies.tex
  Creating total report...
    saved to /home/alerojo/Documentos/test/Aba1_folder/quast/contigs_reports/unaligned_report.txt, unaligned_report.tsv, and unaligned_report.tex
  Drawing misassemblies by types plot...
    saved to /home/alerojo/Documentos/test/Aba1_folder/quast/contigs_reports/misassemblies_plot.pdf
  Drawing misassemblies FRCurve plot...
    saved to /home/alerojo/Documentos/test/Aba1_folder/quast/contigs_reports/misassemblies_frcurve_plot.pdf
Done.

2019-11-23 20:33:03
Running NA-NGA calculation...
  Aba1_unmappedregions, Largest alignment = 12482, NA50 = 5668, LA50 = 7
  Drawing cumulative plot...
    saved to /home/alerojo/Documentos/test/Aba1_folder/quast/aligned_stats/cumulative_plot.pdf
  Drawing NAx plot...
    saved to /home/alerojo/Documentos/test/Aba1_folder/quast/aligned_stats/NAx_plot.pdf
  Drawing NGAx plot...
    saved to /home/alerojo/Documentos/test/Aba1_folder/quast/aligned_stats/NGAx_plot.pdf
Done.

2019-11-23 20:33:04
Running Genome analyzer...
  NOTICE: No file with genomic features were provided. Use the --features option if you want to specify it.

  NOTICE: No file with operons were provided. Use the -O option if you want to specify it.
  Aba1_unmappedregions
  Analysis is finished.
  Skipping drawing Genome fraction, % histogram... (less than 2 columns histogram makes no sense)
Done.

NOTICE: Genes are not predicted by default. Use --gene-finding or --glimmer option to enable it.

2019-11-23 20:33:05
Creating large visual summaries...
This may take a while: press Ctrl-C to skip this step..
  1 of 2: Creating Icarus viewers...
  2 of 2: Creating PDF with all tables and plots...
Done

2019-11-23 20:33:06
RESULTS:
  Text versions of total report are saved to /home/alerojo/Documentos/test/Aba1_folder/quast/report.txt, report.tsv, and report.tex
  Text versions of transposed total report are saved to /home/alerojo/Documentos/test/Aba1_folder/quast/transposed_report.txt, transposed_report.tsv, and transposed_report.tex
  HTML version (interactive tables and plots) is saved to /home/alerojo/Documentos/test/Aba1_folder/quast/report.html
  PDF version (tables and plots) is saved to /home/alerojo/Documentos/test/Aba1_folder/quast/report.pdf
  Icarus (contig browser) is saved to /home/alerojo/Documentos/test/Aba1_folder/quast/icarus.html
  Log is saved to /home/alerojo/Documentos/test/Aba1_folder/quast/quast.log

Finished: 2019-11-23 20:33:06
Elapsed time: 0:00:06.277619
NOTICEs: 4; WARNINGs: 0; non-fatal ERRORs: 0

Thank you for using QUAST!
