Aligning contigs to reference...
	Aligning contigs to the reference
Filtering alignments...
Parsing coords...
Loading reference...
	Loaded [1]
	Total Regions: 1
	Total Region Length: 6654766
Analyzing contigs...
CONTIG: Pae21_21080_21868 (788bp)
Best alignment score: 788.0 (LEN: 788, IDY: 100.00), Total number of alignments: 3
		This contig has 3 significant alignments. [An ambiguously mapped contig]
		Using only first of these alignment (option --ambiguity-usage is set to "one"):
			Alignment: 21081 21868 | 1 788 | 788 788 | 100.0 | 1 Pae21_21080_21868
			Skipping alignment 4725062 4725849 | 788 1 | 788 788 | 99.87 | 1 Pae21_21080_21868
			Skipping alignment 4893742 4894529 | 788 1 | 788 788 | 99.11 | 1 Pae21_21080_21868

CONTIG: Pae21_57719_62530 (4811bp)
Best alignment score: 4811.0 (LEN: 4811, IDY: 100.00), Total number of alignments: 1
		One align captures most of this contig: 57720 62530 | 1 4811 | 4811 4811 | 100.0 | 1 Pae21_57719_62530

CONTIG: Pae21_237993_240960 (2967bp)
Best alignment score: 2967.0 (LEN: 2967, IDY: 100.00), Total number of alignments: 2
		Skipping these alignments as insignificant (option --ambiguity-score is set to "0.99"):
			Skipping alignment 4248896 4251866 | 2967 1 | 2971 2967 | 98.39 | 1 Pae21_237993_240960
		One align captures most of this contig: 237994 240960 | 1 2967 | 2967 2967 | 100.0 | 1 Pae21_237993_240960

CONTIG: Pae21_262617_264073 (1456bp)
Best alignment score: 1456.0 (LEN: 1456, IDY: 100.00), Total number of alignments: 27
		This contig has 27 significant alignments. [An ambiguously mapped contig]
		Using only first of these alignment (option --ambiguity-usage is set to "one"):
			Alignment: 1054981 1056436 | 1456 1 | 1456 1456 | 100.0 | 1 Pae21_262617_264073
			Skipping alignment 5466573 5468028 | 1456 1 | 1456 1456 | 100.0 | 1 Pae21_262617_264073
			Skipping alignment 526754 528209 | 1456 1 | 1456 1456 | 100.0 | 1 Pae21_262617_264073
			Skipping alignment 2422433 2423888 | 1 1456 | 1456 1456 | 100.0 | 1 Pae21_262617_264073
			Skipping alignment 2120966 2122421 | 1456 1 | 1456 1456 | 100.0 | 1 Pae21_262617_264073
			Skipping alignment 387778 389233 | 1 1456 | 1456 1456 | 100.0 | 1 Pae21_262617_264073
			Skipping alignment 3416284 3417739 | 1456 1 | 1456 1456 | 100.0 | 1 Pae21_262617_264073
			Skipping alignment 5455702 5457157 | 1 1456 | 1456 1456 | 100.0 | 1 Pae21_262617_264073
			Skipping alignment 2974728 2976183 | 1456 1 | 1456 1456 | 100.0 | 1 Pae21_262617_264073
			Skipping alignment 3267996 3269451 | 1 1456 | 1456 1456 | 100.0 | 1 Pae21_262617_264073
			Skipping alignment 2681822 2683277 | 1456 1 | 1456 1456 | 100.0 | 1 Pae21_262617_264073
			Skipping alignment 1235037 1236492 | 1 1456 | 1456 1456 | 100.0 | 1 Pae21_262617_264073
			Skipping alignment 5078528 5079983 | 1 1456 | 1456 1456 | 100.0 | 1 Pae21_262617_264073
			Skipping alignment 1998094 1999549 | 1456 1 | 1456 1456 | 100.0 | 1 Pae21_262617_264073
			Skipping alignment 1454074 1455529 | 1456 1 | 1456 1456 | 100.0 | 1 Pae21_262617_264073
			Skipping alignment 3746318 3747773 | 1456 1 | 1456 1456 | 100.0 | 1 Pae21_262617_264073
			Skipping alignment 297900 299355 | 1456 1 | 1456 1456 | 100.0 | 1 Pae21_262617_264073
			Skipping alignment 262618 264073 | 1 1456 | 1456 1456 | 100.0 | 1 Pae21_262617_264073
			Skipping alignment 5864952 5866407 | 1456 1 | 1456 1456 | 100.0 | 1 Pae21_262617_264073
			Skipping alignment 2706169 2707624 | 1 1456 | 1456 1456 | 100.0 | 1 Pae21_262617_264073
			Skipping alignment 5282752 5284207 | 1 1456 | 1456 1456 | 99.93 | 1 Pae21_262617_264073
			Skipping alignment 1239356 1240811 | 1 1456 | 1456 1456 | 99.93 | 1 Pae21_262617_264073
			Skipping alignment 4157610 4159065 | 1456 1 | 1456 1456 | 99.93 | 1 Pae21_262617_264073
			Skipping alignment 4852183 4853638 | 1456 1 | 1456 1456 | 99.93 | 1 Pae21_262617_264073
			Skipping alignment 2448228 2449683 | 1 1456 | 1456 1456 | 99.93 | 1 Pae21_262617_264073
			Skipping alignment 3624299 3625753 | 1456 1 | 1455 1456 | 99.79 | 1 Pae21_262617_264073
			Skipping alignment 4163073 4164525 | 1 1456 | 1453 1456 | 99.59 | 1 Pae21_262617_264073

CONTIG: Pae21_297900_299356 (1456bp)
Best alignment score: 1456.0 (LEN: 1456, IDY: 100.00), Total number of alignments: 27
		This contig has 27 significant alignments. [An ambiguously mapped contig]
		Using only first of these alignment (option --ambiguity-usage is set to "one"):
			Alignment: 5864953 5866408 | 1 1456 | 1456 1456 | 100.0 | 1 Pae21_297900_299356
			Skipping alignment 1235036 1236491 | 1456 1 | 1456 1456 | 100.0 | 1 Pae21_297900_299356
			Skipping alignment 1454075 1455530 | 1 1456 | 1456 1456 | 100.0 | 1 Pae21_297900_299356
			Skipping alignment 526755 528210 | 1 1456 | 1456 1456 | 100.0 | 1 Pae21_297900_299356
			Skipping alignment 5455701 5457156 | 1456 1 | 1456 1456 | 100.0 | 1 Pae21_297900_299356
			Skipping alignment 1998095 1999550 | 1 1456 | 1456 1456 | 100.0 | 1 Pae21_297900_299356
			Skipping alignment 262617 264072 | 1456 1 | 1456 1456 | 100.0 | 1 Pae21_297900_299356
			Skipping alignment 5466574 5468029 | 1 1456 | 1456 1456 | 100.0 | 1 Pae21_297900_299356
			Skipping alignment 3746319 3747774 | 1 1456 | 1456 1456 | 100.0 | 1 Pae21_297900_299356
			Skipping alignment 2681823 2683278 | 1 1456 | 1456 1456 | 100.0 | 1 Pae21_297900_299356
			Skipping alignment 2422432 2423887 | 1456 1 | 1456 1456 | 100.0 | 1 Pae21_297900_299356
			Skipping alignment 2120967 2122422 | 1 1456 | 1456 1456 | 100.0 | 1 Pae21_297900_299356
			Skipping alignment 3267995 3269450 | 1456 1 | 1456 1456 | 100.0 | 1 Pae21_297900_299356
			Skipping alignment 3416285 3417740 | 1 1456 | 1456 1456 | 100.0 | 1 Pae21_297900_299356
			Skipping alignment 5078527 5079982 | 1456 1 | 1456 1456 | 100.0 | 1 Pae21_297900_299356
			Skipping alignment 297901 299356 | 1 1456 | 1456 1456 | 100.0 | 1 Pae21_297900_299356
			Skipping alignment 387777 389232 | 1456 1 | 1456 1456 | 100.0 | 1 Pae21_297900_299356
			Skipping alignment 2706168 2707623 | 1456 1 | 1456 1456 | 100.0 | 1 Pae21_297900_299356
			Skipping alignment 1054982 1056437 | 1 1456 | 1456 1456 | 100.0 | 1 Pae21_297900_299356
			Skipping alignment 2974729 2976184 | 1 1456 | 1456 1456 | 100.0 | 1 Pae21_297900_299356
			Skipping alignment 4157611 4159066 | 1 1456 | 1456 1456 | 99.93 | 1 Pae21_297900_299356
			Skipping alignment 1239355 1240810 | 1456 1 | 1456 1456 | 99.93 | 1 Pae21_297900_299356
			Skipping alignment 5282751 5284206 | 1456 1 | 1456 1456 | 99.93 | 1 Pae21_297900_299356
			Skipping alignment 4852184 4853639 | 1 1456 | 1456 1456 | 99.93 | 1 Pae21_297900_299356
			Skipping alignment 2448227 2449682 | 1456 1 | 1456 1456 | 99.93 | 1 Pae21_297900_299356
			Skipping alignment 3624300 3625754 | 1 1456 | 1455 1456 | 99.79 | 1 Pae21_297900_299356
			Skipping alignment 4163072 4164524 | 1456 1 | 1453 1456 | 99.59 | 1 Pae21_297900_299356

CONTIG: Pae21_387777_389233 (1456bp)
Best alignment score: 1456.0 (LEN: 1456, IDY: 100.00), Total number of alignments: 27
		This contig has 27 significant alignments. [An ambiguously mapped contig]
		Using only first of these alignment (option --ambiguity-usage is set to "one"):
			Alignment: 297900 299355 | 1456 1 | 1456 1456 | 100.0 | 1 Pae21_387777_389233
			Skipping alignment 1235037 1236492 | 1 1456 | 1456 1456 | 100.0 | 1 Pae21_387777_389233
			Skipping alignment 5864952 5866407 | 1456 1 | 1456 1456 | 100.0 | 1 Pae21_387777_389233
			Skipping alignment 2422433 2423888 | 1 1456 | 1456 1456 | 100.0 | 1 Pae21_387777_389233
			Skipping alignment 3267996 3269451 | 1 1456 | 1456 1456 | 100.0 | 1 Pae21_387777_389233
			Skipping alignment 3746318 3747773 | 1456 1 | 1456 1456 | 100.0 | 1 Pae21_387777_389233
			Skipping alignment 1454074 1455529 | 1456 1 | 1456 1456 | 100.0 | 1 Pae21_387777_389233
			Skipping alignment 387778 389233 | 1 1456 | 1456 1456 | 100.0 | 1 Pae21_387777_389233
			Skipping alignment 5455702 5457157 | 1 1456 | 1456 1456 | 100.0 | 1 Pae21_387777_389233
			Skipping alignment 2974728 2976183 | 1456 1 | 1456 1456 | 100.0 | 1 Pae21_387777_389233
			Skipping alignment 5078528 5079983 | 1 1456 | 1456 1456 | 100.0 | 1 Pae21_387777_389233
			Skipping alignment 2120966 2122421 | 1456 1 | 1456 1456 | 100.0 | 1 Pae21_387777_389233
			Skipping alignment 2706169 2707624 | 1 1456 | 1456 1456 | 100.0 | 1 Pae21_387777_389233
			Skipping alignment 526754 528209 | 1456 1 | 1456 1456 | 100.0 | 1 Pae21_387777_389233
			Skipping alignment 3416284 3417739 | 1456 1 | 1456 1456 | 100.0 | 1 Pae21_387777_389233
			Skipping alignment 262618 264073 | 1 1456 | 1456 1456 | 100.0 | 1 Pae21_387777_389233
			Skipping alignment 5466573 5468028 | 1456 1 | 1456 1456 | 100.0 | 1 Pae21_387777_389233
			Skipping alignment 1054981 1056436 | 1456 1 | 1456 1456 | 100.0 | 1 Pae21_387777_389233
			Skipping alignment 2681822 2683277 | 1456 1 | 1456 1456 | 100.0 | 1 Pae21_387777_389233
			Skipping alignment 1998094 1999549 | 1456 1 | 1456 1456 | 100.0 | 1 Pae21_387777_389233
			Skipping alignment 5282752 5284207 | 1 1456 | 1456 1456 | 99.93 | 1 Pae21_387777_389233
			Skipping alignment 4157610 4159065 | 1456 1 | 1456 1456 | 99.93 | 1 Pae21_387777_389233
			Skipping alignment 4852183 4853638 | 1456 1 | 1456 1456 | 99.93 | 1 Pae21_387777_389233
			Skipping alignment 1239356 1240811 | 1 1456 | 1456 1456 | 99.93 | 1 Pae21_387777_389233
			Skipping alignment 2448228 2449683 | 1 1456 | 1456 1456 | 99.93 | 1 Pae21_387777_389233
			Skipping alignment 3624299 3625753 | 1456 1 | 1455 1456 | 99.79 | 1 Pae21_387777_389233
			Skipping alignment 4163073 4164525 | 1 1456 | 1453 1456 | 99.59 | 1 Pae21_387777_389233

CONTIG: Pae21_526751_528216 (1465bp)
Best alignment score: 1465.0 (LEN: 1465, IDY: 100.00), Total number of alignments: 27
		This contig has 27 significant alignments. [An ambiguously mapped contig]
		Using only first of these alignment (option --ambiguity-usage is set to "one"):
			Alignment: 262611 264075 | 1465 1 | 1465 1465 | 100.0 | 1 Pae21_526751_528216
			Skipping alignment 3267989 3269453 | 1465 1 | 1465 1465 | 100.0 | 1 Pae21_526751_528216
			Skipping alignment 5455695 5457159 | 1465 1 | 1465 1465 | 100.0 | 1 Pae21_526751_528216
			Skipping alignment 387771 389235 | 1465 1 | 1465 1465 | 100.0 | 1 Pae21_526751_528216
			Skipping alignment 5466571 5468035 | 1 1465 | 1465 1465 | 100.0 | 1 Pae21_526751_528216
			Skipping alignment 2706162 2707626 | 1465 1 | 1465 1465 | 100.0 | 1 Pae21_526751_528216
			Skipping alignment 2681820 2683284 | 1 1465 | 1465 1465 | 100.0 | 1 Pae21_526751_528216
			Skipping alignment 1054979 1056443 | 1 1465 | 1465 1465 | 100.0 | 1 Pae21_526751_528216
			Skipping alignment 526752 528216 | 1 1465 | 1465 1465 | 100.0 | 1 Pae21_526751_528216
			Skipping alignment 1235030 1236494 | 1465 1 | 1465 1465 | 100.0 | 1 Pae21_526751_528216
			Skipping alignment 2422426 2423890 | 1465 1 | 1465 1465 | 100.0 | 1 Pae21_526751_528216
			Skipping alignment 5078521 5079985 | 1465 1 | 1465 1465 | 100.0 | 1 Pae21_526751_528216
			Skipping alignment 2974726 2976190 | 1 1465 | 1465 1465 | 100.0 | 1 Pae21_526751_528216
			Skipping alignment 297898 299362 | 1 1465 | 1465 1465 | 100.0 | 1 Pae21_526751_528216
			Skipping alignment 3746316 3747780 | 1 1465 | 1465 1465 | 100.0 | 1 Pae21_526751_528216
			Skipping alignment 3416282 3417746 | 1 1465 | 1465 1465 | 100.0 | 1 Pae21_526751_528216
			Skipping alignment 5864950 5866414 | 1 1465 | 1465 1465 | 100.0 | 1 Pae21_526751_528216
			Skipping alignment 1454072 1455536 | 1 1465 | 1465 1465 | 100.0 | 1 Pae21_526751_528216
			Skipping alignment 1998092 1999556 | 1 1465 | 1465 1465 | 100.0 | 1 Pae21_526751_528216
			Skipping alignment 2120964 2122428 | 1 1465 | 1465 1465 | 100.0 | 1 Pae21_526751_528216
			Skipping alignment 4852181 4853645 | 1 1465 | 1465 1465 | 99.93 | 1 Pae21_526751_528216
			Skipping alignment 5282745 5284209 | 1465 1 | 1465 1465 | 99.93 | 1 Pae21_526751_528216
			Skipping alignment 2448221 2449685 | 1465 1 | 1465 1465 | 99.93 | 1 Pae21_526751_528216
			Skipping alignment 4157608 4159072 | 1 1465 | 1465 1465 | 99.93 | 1 Pae21_526751_528216
			Skipping alignment 1239349 1240813 | 1465 1 | 1465 1465 | 99.93 | 1 Pae21_526751_528216
			Skipping alignment 3624297 3625760 | 1 1465 | 1464 1465 | 99.8 | 1 Pae21_526751_528216
			Skipping alignment 4163066 4164527 | 1465 1 | 1462 1465 | 99.59 | 1 Pae21_526751_528216

CONTIG: Pae21_659546_664936 (5390bp)
Best alignment score: 5390.0 (LEN: 5390, IDY: 100.00), Total number of alignments: 3
		This contig has 3 significant alignments. [An ambiguously mapped contig]
		Using only first of these alignment (option --ambiguity-usage is set to "one"):
			Alignment: 5649132 5654521 | 5390 1 | 5390 5390 | 100.0 | 1 Pae21_659546_664936
			Skipping alignment 659547 664936 | 1 5390 | 5390 5390 | 100.0 | 1 Pae21_659546_664936
			Skipping alignment 6428084 6433473 | 5390 1 | 5390 5390 | 100.0 | 1 Pae21_659546_664936

CONTIG: Pae21_668133_669141 (1008bp)
Best alignment score: 1008.0 (LEN: 1008, IDY: 100.00), Total number of alignments: 2
		This contig has 2 significant alignments. [An ambiguously mapped contig]
		Using only first of these alignment (option --ambiguity-usage is set to "one"):
			Alignment: 668134 669141 | 1 1008 | 1008 1008 | 100.0 | 1 Pae21_668133_669141
			Skipping alignment 684639 685646 | 1 1008 | 1008 1008 | 99.9 | 1 Pae21_668133_669141

CONTIG: Pae21_733386_738569 (5183bp)
Best alignment score: 5183.0 (LEN: 5183, IDY: 100.00), Total number of alignments: 2
		This contig has 2 significant alignments. [An ambiguously mapped contig]
		Using only first of these alignment (option --ambiguity-usage is set to "one"):
			Alignment: 733387 738569 | 1 5183 | 5183 5183 | 100.0 | 1 Pae21_733386_738569
			Skipping alignment 3674036 3679218 | 1 5183 | 5183 5183 | 100.0 | 1 Pae21_733386_738569

CONTIG: Pae21_816147_820525 (4378bp)
Best alignment score: 4378.0 (LEN: 4378, IDY: 100.00), Total number of alignments: 2
		This contig has 2 significant alignments. [An ambiguously mapped contig]
		Using only first of these alignment (option --ambiguity-usage is set to "one"):
			Alignment: 816148 820525 | 1 4378 | 4378 4378 | 100.0 | 1 Pae21_816147_820525
			Skipping alignment 2882682 2887059 | 1 4378 | 4378 4378 | 100.0 | 1 Pae21_816147_820525

CONTIG: Pae21_1054975_1056444 (1469bp)
Best alignment score: 1469.0 (LEN: 1469, IDY: 100.00), Total number of alignments: 27
		This contig has 27 significant alignments. [An ambiguously mapped contig]
		Using only first of these alignment (option --ambiguity-usage is set to "one"):
			Alignment: 5078520 5079988 | 1469 1 | 1469 1469 | 100.0 | 1 Pae21_1054975_1056444
			Skipping alignment 297895 299363 | 1 1469 | 1469 1469 | 100.0 | 1 Pae21_1054975_1056444
			Skipping alignment 1054976 1056444 | 1 1469 | 1469 1469 | 100.0 | 1 Pae21_1054975_1056444
			Skipping alignment 5864947 5866415 | 1 1469 | 1469 1469 | 100.0 | 1 Pae21_1054975_1056444
			Skipping alignment 3267988 3269456 | 1469 1 | 1469 1469 | 100.0 | 1 Pae21_1054975_1056444
			Skipping alignment 5455694 5457162 | 1469 1 | 1469 1469 | 100.0 | 1 Pae21_1054975_1056444
			Skipping alignment 526749 528217 | 1 1469 | 1469 1469 | 100.0 | 1 Pae21_1054975_1056444
			Skipping alignment 2422425 2423893 | 1469 1 | 1469 1469 | 100.0 | 1 Pae21_1054975_1056444
			Skipping alignment 2681817 2683285 | 1 1469 | 1469 1469 | 100.0 | 1 Pae21_1054975_1056444
			Skipping alignment 1998089 1999557 | 1 1469 | 1469 1469 | 100.0 | 1 Pae21_1054975_1056444
			Skipping alignment 1454069 1455537 | 1 1469 | 1469 1469 | 100.0 | 1 Pae21_1054975_1056444
			Skipping alignment 3746313 3747781 | 1 1469 | 1469 1469 | 100.0 | 1 Pae21_1054975_1056444
			Skipping alignment 2706161 2707629 | 1469 1 | 1469 1469 | 100.0 | 1 Pae21_1054975_1056444
			Skipping alignment 5466568 5468036 | 1 1469 | 1469 1469 | 100.0 | 1 Pae21_1054975_1056444
			Skipping alignment 387770 389238 | 1469 1 | 1469 1469 | 100.0 | 1 Pae21_1054975_1056444
			Skipping alignment 2120961 2122429 | 1 1469 | 1469 1469 | 100.0 | 1 Pae21_1054975_1056444
			Skipping alignment 2974723 2976191 | 1 1469 | 1469 1469 | 100.0 | 1 Pae21_1054975_1056444
			Skipping alignment 1235029 1236497 | 1469 1 | 1469 1469 | 100.0 | 1 Pae21_1054975_1056444
			Skipping alignment 3416279 3417747 | 1 1469 | 1469 1469 | 100.0 | 1 Pae21_1054975_1056444
			Skipping alignment 262610 264078 | 1469 1 | 1469 1469 | 100.0 | 1 Pae21_1054975_1056444
			Skipping alignment 4157605 4159073 | 1 1469 | 1469 1469 | 99.93 | 1 Pae21_1054975_1056444
			Skipping alignment 2448220 2449688 | 1469 1 | 1469 1469 | 99.93 | 1 Pae21_1054975_1056444
			Skipping alignment 5282744 5284212 | 1469 1 | 1469 1469 | 99.93 | 1 Pae21_1054975_1056444
			Skipping alignment 1239348 1240816 | 1469 1 | 1469 1469 | 99.93 | 1 Pae21_1054975_1056444
			Skipping alignment 4852178 4853646 | 1 1469 | 1469 1469 | 99.93 | 1 Pae21_1054975_1056444
			Skipping alignment 3624294 3625761 | 1 1469 | 1468 1469 | 99.8 | 1 Pae21_1054975_1056444
			Skipping alignment 4163065 4164530 | 1469 1 | 1466 1469 | 99.59 | 1 Pae21_1054975_1056444

CONTIG: Pae21_1120258_1120981 (723bp)
Best alignment score: 723.0 (LEN: 723, IDY: 100.00), Total number of alignments: 2
		This contig has 2 significant alignments. [An ambiguously mapped contig]
		Using only first of these alignment (option --ambiguity-usage is set to "one"):
			Alignment: 5457649 5458371 | 1 723 | 723 723 | 100.0 | 1 Pae21_1120258_1120981
			Skipping alignment 1120259 1120981 | 1 723 | 723 723 | 100.0 | 1 Pae21_1120258_1120981

CONTIG: Pae21_1235029_1236497 (1468bp)
Best alignment score: 1468.0 (LEN: 1468, IDY: 100.00), Total number of alignments: 27
		This contig has 27 significant alignments. [An ambiguously mapped contig]
		Using only first of these alignment (option --ambiguity-usage is set to "one"):
			Alignment: 5078521 5079988 | 1 1468 | 1468 1468 | 100.0 | 1 Pae21_1235029_1236497
			Skipping alignment 526749 528216 | 1468 1 | 1468 1468 | 100.0 | 1 Pae21_1235029_1236497
			Skipping alignment 1998089 1999556 | 1468 1 | 1468 1468 | 100.0 | 1 Pae21_1235029_1236497
			Skipping alignment 5455695 5457162 | 1 1468 | 1468 1468 | 100.0 | 1 Pae21_1235029_1236497
			Skipping alignment 297895 299362 | 1468 1 | 1468 1468 | 100.0 | 1 Pae21_1235029_1236497
			Skipping alignment 1454069 1455536 | 1468 1 | 1468 1468 | 100.0 | 1 Pae21_1235029_1236497
			Skipping alignment 3416279 3417746 | 1468 1 | 1468 1468 | 100.0 | 1 Pae21_1235029_1236497
			Skipping alignment 2681817 2683284 | 1468 1 | 1468 1468 | 100.0 | 1 Pae21_1235029_1236497
			Skipping alignment 3746313 3747780 | 1468 1 | 1468 1468 | 100.0 | 1 Pae21_1235029_1236497
			Skipping alignment 5466568 5468035 | 1468 1 | 1468 1468 | 100.0 | 1 Pae21_1235029_1236497
			Skipping alignment 2422426 2423893 | 1 1468 | 1468 1468 | 100.0 | 1 Pae21_1235029_1236497
			Skipping alignment 387771 389238 | 1 1468 | 1468 1468 | 100.0 | 1 Pae21_1235029_1236497
			Skipping alignment 2706162 2707629 | 1 1468 | 1468 1468 | 100.0 | 1 Pae21_1235029_1236497
			Skipping alignment 3267989 3269456 | 1 1468 | 1468 1468 | 100.0 | 1 Pae21_1235029_1236497
			Skipping alignment 1054976 1056443 | 1468 1 | 1468 1468 | 100.0 | 1 Pae21_1235029_1236497
			Skipping alignment 2120961 2122428 | 1468 1 | 1468 1468 | 100.0 | 1 Pae21_1235029_1236497
			Skipping alignment 2974723 2976190 | 1468 1 | 1468 1468 | 100.0 | 1 Pae21_1235029_1236497
			Skipping alignment 262611 264078 | 1 1468 | 1468 1468 | 100.0 | 1 Pae21_1235029_1236497
			Skipping alignment 1235030 1236497 | 1 1468 | 1468 1468 | 100.0 | 1 Pae21_1235029_1236497
			Skipping alignment 5864947 5866414 | 1468 1 | 1468 1468 | 100.0 | 1 Pae21_1235029_1236497
			Skipping alignment 1239349 1240816 | 1 1468 | 1468 1468 | 99.93 | 1 Pae21_1235029_1236497
			Skipping alignment 4157605 4159072 | 1468 1 | 1468 1468 | 99.93 | 1 Pae21_1235029_1236497
			Skipping alignment 2448221 2449688 | 1 1468 | 1468 1468 | 99.93 | 1 Pae21_1235029_1236497
			Skipping alignment 5282745 5284212 | 1 1468 | 1468 1468 | 99.93 | 1 Pae21_1235029_1236497
			Skipping alignment 4852178 4853645 | 1468 1 | 1468 1468 | 99.93 | 1 Pae21_1235029_1236497
			Skipping alignment 3624294 3625760 | 1468 1 | 1467 1468 | 99.8 | 1 Pae21_1235029_1236497
			Skipping alignment 4163066 4164530 | 1 1468 | 1465 1468 | 99.59 | 1 Pae21_1235029_1236497

CONTIG: Pae21_1239350_1240817 (1467bp)
Best alignment score: 1467.0 (LEN: 1467, IDY: 100.00), Total number of alignments: 27
		This contig has 27 significant alignments. [An ambiguously mapped contig]
		Using only first of these alignment (option --ambiguity-usage is set to "one"):
			Alignment: 1239351 1240817 | 1 1467 | 1467 1467 | 100.0 | 1 Pae21_1239350_1240817
			Skipping alignment 4157604 4159070 | 1467 1 | 1467 1467 | 100.0 | 1 Pae21_1239350_1240817
			Skipping alignment 2448223 2449689 | 1 1467 | 1467 1467 | 100.0 | 1 Pae21_1239350_1240817
			Skipping alignment 4852177 4853643 | 1467 1 | 1467 1467 | 100.0 | 1 Pae21_1239350_1240817
			Skipping alignment 5282747 5284213 | 1 1467 | 1467 1467 | 100.0 | 1 Pae21_1239350_1240817
			Skipping alignment 387773 389239 | 1 1467 | 1467 1467 | 99.93 | 1 Pae21_1239350_1240817
			Skipping alignment 262613 264079 | 1 1467 | 1467 1467 | 99.93 | 1 Pae21_1239350_1240817
			Skipping alignment 1998088 1999554 | 1467 1 | 1467 1467 | 99.93 | 1 Pae21_1239350_1240817
			Skipping alignment 3746312 3747778 | 1467 1 | 1467 1467 | 99.93 | 1 Pae21_1239350_1240817
			Skipping alignment 1454068 1455534 | 1467 1 | 1467 1467 | 99.93 | 1 Pae21_1239350_1240817
			Skipping alignment 2422428 2423894 | 1 1467 | 1467 1467 | 99.93 | 1 Pae21_1239350_1240817
			Skipping alignment 5455697 5457163 | 1 1467 | 1467 1467 | 99.93 | 1 Pae21_1239350_1240817
			Skipping alignment 2706164 2707630 | 1 1467 | 1467 1467 | 99.93 | 1 Pae21_1239350_1240817
			Skipping alignment 526748 528214 | 1467 1 | 1467 1467 | 99.93 | 1 Pae21_1239350_1240817
			Skipping alignment 1054975 1056441 | 1467 1 | 1467 1467 | 99.93 | 1 Pae21_1239350_1240817
			Skipping alignment 5466567 5468033 | 1467 1 | 1467 1467 | 99.93 | 1 Pae21_1239350_1240817
			Skipping alignment 5864946 5866412 | 1467 1 | 1467 1467 | 99.93 | 1 Pae21_1239350_1240817
			Skipping alignment 2681816 2683282 | 1467 1 | 1467 1467 | 99.93 | 1 Pae21_1239350_1240817
			Skipping alignment 2120960 2122426 | 1467 1 | 1467 1467 | 99.93 | 1 Pae21_1239350_1240817
			Skipping alignment 297894 299360 | 1467 1 | 1467 1467 | 99.93 | 1 Pae21_1239350_1240817
			Skipping alignment 3416278 3417744 | 1467 1 | 1467 1467 | 99.93 | 1 Pae21_1239350_1240817
			Skipping alignment 3267991 3269457 | 1 1467 | 1467 1467 | 99.93 | 1 Pae21_1239350_1240817
			Skipping alignment 1235032 1236498 | 1 1467 | 1467 1467 | 99.93 | 1 Pae21_1239350_1240817
			Skipping alignment 5078523 5079989 | 1 1467 | 1467 1467 | 99.93 | 1 Pae21_1239350_1240817
			Skipping alignment 2974722 2976188 | 1467 1 | 1467 1467 | 99.93 | 1 Pae21_1239350_1240817
			Skipping alignment 3624293 3625758 | 1467 1 | 1466 1467 | 99.73 | 1 Pae21_1239350_1240817
			Skipping alignment 4163068 4164531 | 1 1467 | 1464 1467 | 99.52 | 1 Pae21_1239350_1240817

CONTIG: Pae21_1454072_1455535 (1463bp)
Best alignment score: 1463.0 (LEN: 1463, IDY: 100.00), Total number of alignments: 27
		This contig has 27 significant alignments. [An ambiguously mapped contig]
		Using only first of these alignment (option --ambiguity-usage is set to "one"):
			Alignment: 297899 299361 | 1 1463 | 1463 1463 | 100.0 | 1 Pae21_1454072_1455535
			Skipping alignment 1235031 1236493 | 1463 1 | 1463 1463 | 100.0 | 1 Pae21_1454072_1455535
			Skipping alignment 387772 389234 | 1463 1 | 1463 1463 | 100.0 | 1 Pae21_1454072_1455535
			Skipping alignment 2422427 2423889 | 1463 1 | 1463 1463 | 100.0 | 1 Pae21_1454072_1455535
			Skipping alignment 262612 264074 | 1463 1 | 1463 1463 | 100.0 | 1 Pae21_1454072_1455535
			Skipping alignment 2120965 2122427 | 1 1463 | 1463 1463 | 100.0 | 1 Pae21_1454072_1455535
			Skipping alignment 3746317 3747779 | 1 1463 | 1463 1463 | 100.0 | 1 Pae21_1454072_1455535
			Skipping alignment 526753 528215 | 1 1463 | 1463 1463 | 100.0 | 1 Pae21_1454072_1455535
			Skipping alignment 2681821 2683283 | 1 1463 | 1463 1463 | 100.0 | 1 Pae21_1454072_1455535
			Skipping alignment 5864951 5866413 | 1 1463 | 1463 1463 | 100.0 | 1 Pae21_1454072_1455535
			Skipping alignment 2706163 2707625 | 1463 1 | 1463 1463 | 100.0 | 1 Pae21_1454072_1455535
			Skipping alignment 5466572 5468034 | 1 1463 | 1463 1463 | 100.0 | 1 Pae21_1454072_1455535
			Skipping alignment 2974727 2976189 | 1 1463 | 1463 1463 | 100.0 | 1 Pae21_1454072_1455535
			Skipping alignment 5078522 5079984 | 1463 1 | 1463 1463 | 100.0 | 1 Pae21_1454072_1455535
			Skipping alignment 3267990 3269452 | 1463 1 | 1463 1463 | 100.0 | 1 Pae21_1454072_1455535
			Skipping alignment 1454073 1455535 | 1 1463 | 1463 1463 | 100.0 | 1 Pae21_1454072_1455535
			Skipping alignment 1054980 1056442 | 1 1463 | 1463 1463 | 100.0 | 1 Pae21_1454072_1455535
			Skipping alignment 3416283 3417745 | 1 1463 | 1463 1463 | 100.0 | 1 Pae21_1454072_1455535
			Skipping alignment 1998093 1999555 | 1 1463 | 1463 1463 | 100.0 | 1 Pae21_1454072_1455535
			Skipping alignment 5455696 5457158 | 1463 1 | 1463 1463 | 100.0 | 1 Pae21_1454072_1455535
			Skipping alignment 4157609 4159071 | 1 1463 | 1463 1463 | 99.93 | 1 Pae21_1454072_1455535
			Skipping alignment 1239350 1240812 | 1463 1 | 1463 1463 | 99.93 | 1 Pae21_1454072_1455535
			Skipping alignment 2448222 2449684 | 1463 1 | 1463 1463 | 99.93 | 1 Pae21_1454072_1455535
			Skipping alignment 5282746 5284208 | 1463 1 | 1463 1463 | 99.93 | 1 Pae21_1454072_1455535
			Skipping alignment 4852182 4853644 | 1 1463 | 1463 1463 | 99.93 | 1 Pae21_1454072_1455535
			Skipping alignment 3624298 3625759 | 1 1463 | 1462 1463 | 99.8 | 1 Pae21_1454072_1455535
			Skipping alignment 4163067 4164526 | 1463 1 | 1460 1463 | 99.59 | 1 Pae21_1454072_1455535

CONTIG: Pae21_1600793_1602018 (1225bp)
Best alignment score: 1225.0 (LEN: 1225, IDY: 100.00), Total number of alignments: 4
		This contig has 4 significant alignments. [An ambiguously mapped contig]
		Using only first of these alignment (option --ambiguity-usage is set to "one"):
			Alignment: 5757403 5758627 | 1225 1 | 1225 1225 | 100.0 | 1 Pae21_1600793_1602018
			Skipping alignment 1600794 1602018 | 1 1225 | 1225 1225 | 100.0 | 1 Pae21_1600793_1602018
			Skipping alignment 4828000 4829224 | 1225 1 | 1225 1225 | 99.35 | 1 Pae21_1600793_1602018
			Skipping alignment 3555566 3556790 | 1225 1 | 1225 1225 | 99.35 | 1 Pae21_1600793_1602018

CONTIG: Pae21_1699686_1700294 (608bp)
Best alignment score: 608.0 (LEN: 608, IDY: 100.00), Total number of alignments: 1
		One align captures most of this contig: 1699687 1700294 | 1 608 | 608 608 | 100.0 | 1 Pae21_1699686_1700294

CONTIG: Pae21_1998089_1999550 (1461bp)
Best alignment score: 1461.0 (LEN: 1461, IDY: 100.00), Total number of alignments: 27
		This contig has 27 significant alignments. [An ambiguously mapped contig]
		Using only first of these alignment (option --ambiguity-usage is set to "one"):
			Alignment: 2120962 2122422 | 1 1461 | 1461 1461 | 100.0 | 1 Pae21_1998089_1999550
			Skipping alignment 1235036 1236496 | 1461 1 | 1461 1461 | 100.0 | 1 Pae21_1998089_1999550
			Skipping alignment 262617 264077 | 1461 1 | 1461 1461 | 100.0 | 1 Pae21_1998089_1999550
			Skipping alignment 1454070 1455530 | 1 1461 | 1461 1461 | 100.0 | 1 Pae21_1998089_1999550
			Skipping alignment 387777 389237 | 1461 1 | 1461 1461 | 100.0 | 1 Pae21_1998089_1999550
			Skipping alignment 5455701 5457161 | 1461 1 | 1461 1461 | 100.0 | 1 Pae21_1998089_1999550
			Skipping alignment 2706168 2707628 | 1461 1 | 1461 1461 | 100.0 | 1 Pae21_1998089_1999550
			Skipping alignment 3267995 3269455 | 1461 1 | 1461 1461 | 100.0 | 1 Pae21_1998089_1999550
			Skipping alignment 3746314 3747774 | 1 1461 | 1461 1461 | 100.0 | 1 Pae21_1998089_1999550
			Skipping alignment 2681818 2683278 | 1 1461 | 1461 1461 | 100.0 | 1 Pae21_1998089_1999550
			Skipping alignment 1998090 1999550 | 1 1461 | 1461 1461 | 100.0 | 1 Pae21_1998089_1999550
			Skipping alignment 2422432 2423892 | 1461 1 | 1461 1461 | 100.0 | 1 Pae21_1998089_1999550
			Skipping alignment 1054977 1056437 | 1 1461 | 1461 1461 | 100.0 | 1 Pae21_1998089_1999550
			Skipping alignment 526750 528210 | 1 1461 | 1461 1461 | 100.0 | 1 Pae21_1998089_1999550
			Skipping alignment 5466569 5468029 | 1 1461 | 1461 1461 | 100.0 | 1 Pae21_1998089_1999550
			Skipping alignment 5864948 5866408 | 1 1461 | 1461 1461 | 100.0 | 1 Pae21_1998089_1999550
			Skipping alignment 2974724 2976184 | 1 1461 | 1461 1461 | 100.0 | 1 Pae21_1998089_1999550
			Skipping alignment 297896 299356 | 1 1461 | 1461 1461 | 100.0 | 1 Pae21_1998089_1999550
			Skipping alignment 3416280 3417740 | 1 1461 | 1461 1461 | 100.0 | 1 Pae21_1998089_1999550
			Skipping alignment 5078527 5079987 | 1461 1 | 1461 1461 | 100.0 | 1 Pae21_1998089_1999550
			Skipping alignment 2448227 2449687 | 1461 1 | 1461 1461 | 99.93 | 1 Pae21_1998089_1999550
			Skipping alignment 4852179 4853639 | 1 1461 | 1461 1461 | 99.93 | 1 Pae21_1998089_1999550
			Skipping alignment 5282751 5284211 | 1461 1 | 1461 1461 | 99.93 | 1 Pae21_1998089_1999550
			Skipping alignment 1239355 1240815 | 1461 1 | 1461 1461 | 99.93 | 1 Pae21_1998089_1999550
			Skipping alignment 4157606 4159066 | 1 1461 | 1461 1461 | 99.93 | 1 Pae21_1998089_1999550
			Skipping alignment 3624295 3625754 | 1 1461 | 1460 1461 | 99.79 | 1 Pae21_1998089_1999550
			Skipping alignment 4163072 4164529 | 1461 1 | 1458 1461 | 99.59 | 1 Pae21_1998089_1999550

CONTIG: Pae21_2120965_2122423 (1458bp)
Best alignment score: 1458.0 (LEN: 1458, IDY: 100.00), Total number of alignments: 27
		This contig has 27 significant alignments. [An ambiguously mapped contig]
		Using only first of these alignment (option --ambiguity-usage is set to "one"):
			Alignment: 3267994 3269451 | 1458 1 | 1458 1458 | 100.0 | 1 Pae21_2120965_2122423
			Skipping alignment 3416284 3417741 | 1 1458 | 1458 1458 | 100.0 | 1 Pae21_2120965_2122423
			Skipping alignment 297900 299357 | 1 1458 | 1458 1458 | 100.0 | 1 Pae21_2120965_2122423
			Skipping alignment 2974728 2976185 | 1 1458 | 1458 1458 | 100.0 | 1 Pae21_2120965_2122423
			Skipping alignment 2422431 2423888 | 1458 1 | 1458 1458 | 100.0 | 1 Pae21_2120965_2122423
			Skipping alignment 387776 389233 | 1458 1 | 1458 1458 | 100.0 | 1 Pae21_2120965_2122423
			Skipping alignment 5466573 5468030 | 1 1458 | 1458 1458 | 100.0 | 1 Pae21_2120965_2122423
			Skipping alignment 2706167 2707624 | 1458 1 | 1458 1458 | 100.0 | 1 Pae21_2120965_2122423
			Skipping alignment 1235035 1236492 | 1458 1 | 1458 1458 | 100.0 | 1 Pae21_2120965_2122423
			Skipping alignment 1054981 1056438 | 1 1458 | 1458 1458 | 100.0 | 1 Pae21_2120965_2122423
			Skipping alignment 526754 528211 | 1 1458 | 1458 1458 | 100.0 | 1 Pae21_2120965_2122423
			Skipping alignment 5864952 5866409 | 1 1458 | 1458 1458 | 100.0 | 1 Pae21_2120965_2122423
			Skipping alignment 2120966 2122423 | 1 1458 | 1458 1458 | 100.0 | 1 Pae21_2120965_2122423
			Skipping alignment 5455700 5457157 | 1458 1 | 1458 1458 | 100.0 | 1 Pae21_2120965_2122423
			Skipping alignment 5078526 5079983 | 1458 1 | 1458 1458 | 100.0 | 1 Pae21_2120965_2122423
			Skipping alignment 1998094 1999551 | 1 1458 | 1458 1458 | 100.0 | 1 Pae21_2120965_2122423
			Skipping alignment 3746318 3747775 | 1 1458 | 1458 1458 | 100.0 | 1 Pae21_2120965_2122423
			Skipping alignment 2681822 2683279 | 1 1458 | 1458 1458 | 100.0 | 1 Pae21_2120965_2122423
			Skipping alignment 1454074 1455531 | 1 1458 | 1458 1458 | 100.0 | 1 Pae21_2120965_2122423
			Skipping alignment 262616 264073 | 1458 1 | 1458 1458 | 100.0 | 1 Pae21_2120965_2122423
			Skipping alignment 1239354 1240811 | 1458 1 | 1458 1458 | 99.93 | 1 Pae21_2120965_2122423
			Skipping alignment 2448226 2449683 | 1458 1 | 1458 1458 | 99.93 | 1 Pae21_2120965_2122423
			Skipping alignment 4157610 4159067 | 1 1458 | 1458 1458 | 99.93 | 1 Pae21_2120965_2122423
			Skipping alignment 4852183 4853640 | 1 1458 | 1458 1458 | 99.93 | 1 Pae21_2120965_2122423
			Skipping alignment 5282750 5284207 | 1458 1 | 1458 1458 | 99.93 | 1 Pae21_2120965_2122423
			Skipping alignment 3624299 3625755 | 1 1458 | 1457 1458 | 99.79 | 1 Pae21_2120965_2122423
			Skipping alignment 4163071 4164525 | 1458 1 | 1455 1458 | 99.59 | 1 Pae21_2120965_2122423

CONTIG: Pae21_2422426_2423893 (1467bp)
Best alignment score: 1467.0 (LEN: 1467, IDY: 100.00), Total number of alignments: 27
		This contig has 27 significant alignments. [An ambiguously mapped contig]
		Using only first of these alignment (option --ambiguity-usage is set to "one"):
			Alignment: 2974723 2976189 | 1467 1 | 1467 1467 | 100.0 | 1 Pae21_2422426_2423893
			Skipping alignment 2706163 2707629 | 1 1467 | 1467 1467 | 100.0 | 1 Pae21_2422426_2423893
			Skipping alignment 262612 264078 | 1 1467 | 1467 1467 | 100.0 | 1 Pae21_2422426_2423893
			Skipping alignment 1054976 1056442 | 1467 1 | 1467 1467 | 100.0 | 1 Pae21_2422426_2423893
			Skipping alignment 387772 389238 | 1 1467 | 1467 1467 | 100.0 | 1 Pae21_2422426_2423893
			Skipping alignment 2681817 2683283 | 1467 1 | 1467 1467 | 100.0 | 1 Pae21_2422426_2423893
			Skipping alignment 5466568 5468034 | 1467 1 | 1467 1467 | 100.0 | 1 Pae21_2422426_2423893
			Skipping alignment 2422427 2423893 | 1 1467 | 1467 1467 | 100.0 | 1 Pae21_2422426_2423893
			Skipping alignment 3267990 3269456 | 1 1467 | 1467 1467 | 100.0 | 1 Pae21_2422426_2423893
			Skipping alignment 5864947 5866413 | 1467 1 | 1467 1467 | 100.0 | 1 Pae21_2422426_2423893
			Skipping alignment 3746313 3747779 | 1467 1 | 1467 1467 | 100.0 | 1 Pae21_2422426_2423893
			Skipping alignment 1454069 1455535 | 1467 1 | 1467 1467 | 100.0 | 1 Pae21_2422426_2423893
			Skipping alignment 297895 299361 | 1467 1 | 1467 1467 | 100.0 | 1 Pae21_2422426_2423893
			Skipping alignment 5455696 5457162 | 1 1467 | 1467 1467 | 100.0 | 1 Pae21_2422426_2423893
			Skipping alignment 1235031 1236497 | 1 1467 | 1467 1467 | 100.0 | 1 Pae21_2422426_2423893
			Skipping alignment 5078522 5079988 | 1 1467 | 1467 1467 | 100.0 | 1 Pae21_2422426_2423893
			Skipping alignment 1998089 1999555 | 1467 1 | 1467 1467 | 100.0 | 1 Pae21_2422426_2423893
			Skipping alignment 2120961 2122427 | 1467 1 | 1467 1467 | 100.0 | 1 Pae21_2422426_2423893
			Skipping alignment 526749 528215 | 1467 1 | 1467 1467 | 100.0 | 1 Pae21_2422426_2423893
			Skipping alignment 3416279 3417745 | 1467 1 | 1467 1467 | 100.0 | 1 Pae21_2422426_2423893
			Skipping alignment 4852178 4853644 | 1467 1 | 1467 1467 | 99.93 | 1 Pae21_2422426_2423893
			Skipping alignment 2448222 2449688 | 1 1467 | 1467 1467 | 99.93 | 1 Pae21_2422426_2423893
			Skipping alignment 4157605 4159071 | 1467 1 | 1467 1467 | 99.93 | 1 Pae21_2422426_2423893
			Skipping alignment 5282746 5284212 | 1 1467 | 1467 1467 | 99.93 | 1 Pae21_2422426_2423893
			Skipping alignment 1239350 1240816 | 1 1467 | 1467 1467 | 99.93 | 1 Pae21_2422426_2423893
			Skipping alignment 3624294 3625759 | 1467 1 | 1466 1467 | 99.8 | 1 Pae21_2422426_2423893
			Skipping alignment 4163067 4164530 | 1 1467 | 1464 1467 | 99.59 | 1 Pae21_2422426_2423893

CONTIG: Pae21_2448223_2449685 (1462bp)
Best alignment score: 1462.0 (LEN: 1462, IDY: 100.00), Total number of alignments: 27
		This contig has 27 significant alignments. [An ambiguously mapped contig]
		Using only first of these alignment (option --ambiguity-usage is set to "one"):
			Alignment: 5282748 5284209 | 1 1462 | 1462 1462 | 100.0 | 1 Pae21_2448223_2449685
			Skipping alignment 1239352 1240813 | 1 1462 | 1462 1462 | 100.0 | 1 Pae21_2448223_2449685
			Skipping alignment 4852181 4853642 | 1462 1 | 1462 1462 | 100.0 | 1 Pae21_2448223_2449685
			Skipping alignment 2448224 2449685 | 1 1462 | 1462 1462 | 100.0 | 1 Pae21_2448223_2449685
			Skipping alignment 4157608 4159069 | 1462 1 | 1462 1462 | 100.0 | 1 Pae21_2448223_2449685
			Skipping alignment 1235033 1236494 | 1 1462 | 1462 1462 | 99.93 | 1 Pae21_2448223_2449685
			Skipping alignment 5078524 5079985 | 1 1462 | 1462 1462 | 99.93 | 1 Pae21_2448223_2449685
			Skipping alignment 2422429 2423890 | 1 1462 | 1462 1462 | 99.93 | 1 Pae21_2448223_2449685
			Skipping alignment 526752 528213 | 1462 1 | 1462 1462 | 99.93 | 1 Pae21_2448223_2449685
			Skipping alignment 1054979 1056440 | 1462 1 | 1462 1462 | 99.93 | 1 Pae21_2448223_2449685
			Skipping alignment 5466571 5468032 | 1462 1 | 1462 1462 | 99.93 | 1 Pae21_2448223_2449685
			Skipping alignment 2120964 2122425 | 1462 1 | 1462 1462 | 99.93 | 1 Pae21_2448223_2449685
			Skipping alignment 3267992 3269453 | 1 1462 | 1462 1462 | 99.93 | 1 Pae21_2448223_2449685
			Skipping alignment 5455698 5457159 | 1 1462 | 1462 1462 | 99.93 | 1 Pae21_2448223_2449685
			Skipping alignment 2974726 2976187 | 1462 1 | 1462 1462 | 99.93 | 1 Pae21_2448223_2449685
			Skipping alignment 262614 264075 | 1 1462 | 1462 1462 | 99.93 | 1 Pae21_2448223_2449685
			Skipping alignment 297898 299359 | 1462 1 | 1462 1462 | 99.93 | 1 Pae21_2448223_2449685
			Skipping alignment 2681820 2683281 | 1462 1 | 1462 1462 | 99.93 | 1 Pae21_2448223_2449685
			Skipping alignment 387774 389235 | 1 1462 | 1462 1462 | 99.93 | 1 Pae21_2448223_2449685
			Skipping alignment 3746316 3747777 | 1462 1 | 1462 1462 | 99.93 | 1 Pae21_2448223_2449685
			Skipping alignment 1454072 1455533 | 1462 1 | 1462 1462 | 99.93 | 1 Pae21_2448223_2449685
			Skipping alignment 2706165 2707626 | 1 1462 | 1462 1462 | 99.93 | 1 Pae21_2448223_2449685
			Skipping alignment 3416282 3417743 | 1462 1 | 1462 1462 | 99.93 | 1 Pae21_2448223_2449685
			Skipping alignment 5864950 5866411 | 1462 1 | 1462 1462 | 99.93 | 1 Pae21_2448223_2449685
			Skipping alignment 1998092 1999553 | 1462 1 | 1462 1462 | 99.93 | 1 Pae21_2448223_2449685
			Skipping alignment 3624297 3625757 | 1462 1 | 1461 1462 | 99.73 | 1 Pae21_2448223_2449685
			Skipping alignment 4163069 4164527 | 1 1462 | 1459 1462 | 99.52 | 1 Pae21_2448223_2449685

CONTIG: Pae21_2681816_2683284 (1468bp)
Best alignment score: 1468.0 (LEN: 1468, IDY: 100.00), Total number of alignments: 27
		This contig has 27 significant alignments. [An ambiguously mapped contig]
		Using only first of these alignment (option --ambiguity-usage is set to "one"):
			Alignment: 262611 264078 | 1468 1 | 1468 1468 | 100.0 | 1 Pae21_2681816_2683284
			Skipping alignment 5455695 5457162 | 1468 1 | 1468 1468 | 100.0 | 1 Pae21_2681816_2683284
			Skipping alignment 2974723 2976190 | 1 1468 | 1468 1468 | 100.0 | 1 Pae21_2681816_2683284
			Skipping alignment 1054976 1056443 | 1 1468 | 1468 1468 | 100.0 | 1 Pae21_2681816_2683284
			Skipping alignment 2120961 2122428 | 1 1468 | 1468 1468 | 100.0 | 1 Pae21_2681816_2683284
			Skipping alignment 5078521 5079988 | 1468 1 | 1468 1468 | 100.0 | 1 Pae21_2681816_2683284
			Skipping alignment 3267989 3269456 | 1468 1 | 1468 1468 | 100.0 | 1 Pae21_2681816_2683284
			Skipping alignment 3746313 3747780 | 1 1468 | 1468 1468 | 100.0 | 1 Pae21_2681816_2683284
			Skipping alignment 1998089 1999556 | 1 1468 | 1468 1468 | 100.0 | 1 Pae21_2681816_2683284
			Skipping alignment 5466568 5468035 | 1 1468 | 1468 1468 | 100.0 | 1 Pae21_2681816_2683284
			Skipping alignment 297895 299362 | 1 1468 | 1468 1468 | 100.0 | 1 Pae21_2681816_2683284
			Skipping alignment 2422426 2423893 | 1468 1 | 1468 1468 | 100.0 | 1 Pae21_2681816_2683284
			Skipping alignment 1235030 1236497 | 1468 1 | 1468 1468 | 100.0 | 1 Pae21_2681816_2683284
			Skipping alignment 1454069 1455536 | 1 1468 | 1468 1468 | 100.0 | 1 Pae21_2681816_2683284
			Skipping alignment 3416279 3417746 | 1 1468 | 1468 1468 | 100.0 | 1 Pae21_2681816_2683284
			Skipping alignment 387771 389238 | 1468 1 | 1468 1468 | 100.0 | 1 Pae21_2681816_2683284
			Skipping alignment 2706162 2707629 | 1468 1 | 1468 1468 | 100.0 | 1 Pae21_2681816_2683284
			Skipping alignment 2681817 2683284 | 1 1468 | 1468 1468 | 100.0 | 1 Pae21_2681816_2683284
			Skipping alignment 5864947 5866414 | 1 1468 | 1468 1468 | 100.0 | 1 Pae21_2681816_2683284
			Skipping alignment 526749 528216 | 1 1468 | 1468 1468 | 100.0 | 1 Pae21_2681816_2683284
			Skipping alignment 1239349 1240816 | 1468 1 | 1468 1468 | 99.93 | 1 Pae21_2681816_2683284
			Skipping alignment 2448221 2449688 | 1468 1 | 1468 1468 | 99.93 | 1 Pae21_2681816_2683284
			Skipping alignment 5282745 5284212 | 1468 1 | 1468 1468 | 99.93 | 1 Pae21_2681816_2683284
			Skipping alignment 4852178 4853645 | 1 1468 | 1468 1468 | 99.93 | 1 Pae21_2681816_2683284
			Skipping alignment 4157605 4159072 | 1 1468 | 1468 1468 | 99.93 | 1 Pae21_2681816_2683284
			Skipping alignment 3624294 3625760 | 1 1468 | 1467 1468 | 99.8 | 1 Pae21_2681816_2683284
			Skipping alignment 4163066 4164530 | 1468 1 | 1465 1468 | 99.59 | 1 Pae21_2681816_2683284

CONTIG: Pae21_2706163_2707626 (1463bp)
Best alignment score: 1463.0 (LEN: 1463, IDY: 100.00), Total number of alignments: 27
		This contig has 27 significant alignments. [An ambiguously mapped contig]
		Using only first of these alignment (option --ambiguity-usage is set to "one"):
			Alignment: 297898 299360 | 1463 1 | 1463 1463 | 100.0 | 1 Pae21_2706163_2707626
			Skipping alignment 526752 528214 | 1463 1 | 1463 1463 | 100.0 | 1 Pae21_2706163_2707626
			Skipping alignment 5864950 5866412 | 1463 1 | 1463 1463 | 100.0 | 1 Pae21_2706163_2707626
			Skipping alignment 3416282 3417744 | 1463 1 | 1463 1463 | 100.0 | 1 Pae21_2706163_2707626
			Skipping alignment 1235032 1236494 | 1 1463 | 1463 1463 | 100.0 | 1 Pae21_2706163_2707626
			Skipping alignment 5466571 5468033 | 1463 1 | 1463 1463 | 100.0 | 1 Pae21_2706163_2707626
			Skipping alignment 1454072 1455534 | 1463 1 | 1463 1463 | 100.0 | 1 Pae21_2706163_2707626
			Skipping alignment 3267991 3269453 | 1 1463 | 1463 1463 | 100.0 | 1 Pae21_2706163_2707626
			Skipping alignment 2681820 2683282 | 1463 1 | 1463 1463 | 100.0 | 1 Pae21_2706163_2707626
			Skipping alignment 5078523 5079985 | 1 1463 | 1463 1463 | 100.0 | 1 Pae21_2706163_2707626
			Skipping alignment 1054979 1056441 | 1463 1 | 1463 1463 | 100.0 | 1 Pae21_2706163_2707626
			Skipping alignment 1998092 1999554 | 1463 1 | 1463 1463 | 100.0 | 1 Pae21_2706163_2707626
			Skipping alignment 2974726 2976188 | 1463 1 | 1463 1463 | 100.0 | 1 Pae21_2706163_2707626
			Skipping alignment 2706164 2707626 | 1 1463 | 1463 1463 | 100.0 | 1 Pae21_2706163_2707626
			Skipping alignment 2422428 2423890 | 1 1463 | 1463 1463 | 100.0 | 1 Pae21_2706163_2707626
			Skipping alignment 3746316 3747778 | 1463 1 | 1463 1463 | 100.0 | 1 Pae21_2706163_2707626
			Skipping alignment 262613 264075 | 1 1463 | 1463 1463 | 100.0 | 1 Pae21_2706163_2707626
			Skipping alignment 387773 389235 | 1 1463 | 1463 1463 | 100.0 | 1 Pae21_2706163_2707626
			Skipping alignment 5455697 5457159 | 1 1463 | 1463 1463 | 100.0 | 1 Pae21_2706163_2707626
			Skipping alignment 2120964 2122426 | 1463 1 | 1463 1463 | 100.0 | 1 Pae21_2706163_2707626
			Skipping alignment 1239351 1240813 | 1 1463 | 1463 1463 | 99.93 | 1 Pae21_2706163_2707626
			Skipping alignment 4157608 4159070 | 1463 1 | 1463 1463 | 99.93 | 1 Pae21_2706163_2707626
			Skipping alignment 5282747 5284209 | 1 1463 | 1463 1463 | 99.93 | 1 Pae21_2706163_2707626
			Skipping alignment 2448223 2449685 | 1 1463 | 1463 1463 | 99.93 | 1 Pae21_2706163_2707626
			Skipping alignment 4852181 4853643 | 1463 1 | 1463 1463 | 99.93 | 1 Pae21_2706163_2707626
			Skipping alignment 3624297 3625758 | 1463 1 | 1462 1463 | 99.8 | 1 Pae21_2706163_2707626
			Skipping alignment 4163068 4164527 | 1 1463 | 1460 1463 | 99.59 | 1 Pae21_2706163_2707626

CONTIG: Pae21_2882684_2887215 (4531bp)
Best alignment score: 4531.0 (LEN: 4531, IDY: 100.00), Total number of alignments: 2
		This contig has 2 significant alignments. [An ambiguously mapped contig]
		Using only first of these alignment (option --ambiguity-usage is set to "one"):
			Alignment: 816151 820681 | 1 4531 | 4531 4531 | 100.0 | 1 Pae21_2882684_2887215
			Skipping alignment 2882685 2887215 | 1 4531 | 4531 4531 | 100.0 | 1 Pae21_2882684_2887215

CONTIG: Pae21_2915764_2918739 (2975bp)
Best alignment score: 2975.0 (LEN: 2975, IDY: 100.00), Total number of alignments: 2
		This contig has 2 significant alignments. [An ambiguously mapped contig]
		Using only first of these alignment (option --ambiguity-usage is set to "one"):
			Alignment: 2915765 2918739 | 1 2975 | 2975 2975 | 100.0 | 1 Pae21_2915764_2918739
			Skipping alignment 56560 59534 | 1 2975 | 2975 2975 | 99.29 | 1 Pae21_2915764_2918739

CONTIG: Pae21_2920496_2921225 (729bp)
Best alignment score: 729.0 (LEN: 729, IDY: 100.00), Total number of alignments: 2
		This contig has 2 significant alignments. [An ambiguously mapped contig]
		Using only first of these alignment (option --ambiguity-usage is set to "one"):
			Alignment: 2920497 2921225 | 1 729 | 729 729 | 100.0 | 1 Pae21_2920496_2921225
			Skipping alignment 2919252 2919980 | 1 729 | 729 729 | 99.73 | 1 Pae21_2920496_2921225

CONTIG: Pae21_2927151_2928878 (1727bp)
Best alignment score: 1727.0 (LEN: 1727, IDY: 100.00), Total number of alignments: 2
		This contig has 2 significant alignments. [An ambiguously mapped contig]
		Using only first of these alignment (option --ambiguity-usage is set to "one"):
			Alignment: 2927152 2928878 | 1 1727 | 1727 1727 | 100.0 | 1 Pae21_2927151_2928878
			Skipping alignment 62313 64039 | 1 1727 | 1727 1727 | 99.94 | 1 Pae21_2927151_2928878

CONTIG: Pae21_2945966_2946488 (522bp)
Best alignment score: 522.0 (LEN: 522, IDY: 100.00), Total number of alignments: 2
		Skipping these alignments as insignificant (option --ambiguity-score is set to "0.99"):
			Skipping alignment 2940174 2940694 | 1 522 | 521 522 | 98.28 | 1 Pae21_2945966_2946488
		One align captures most of this contig: 2945967 2946488 | 1 522 | 522 522 | 100.0 | 1 Pae21_2945966_2946488

CONTIG: Pae21_2947044_2947717 (673bp)
Best alignment score: 673.0 (LEN: 673, IDY: 100.00), Total number of alignments: 1
		One align captures most of this contig: 2947045 2947717 | 1 673 | 673 673 | 100.0 | 1 Pae21_2947044_2947717

CONTIG: Pae21_2974721_2976190 (1469bp)
Best alignment score: 1469.0 (LEN: 1469, IDY: 100.00), Total number of alignments: 27
		This contig has 27 significant alignments. [An ambiguously mapped contig]
		Using only first of these alignment (option --ambiguity-usage is set to "one"):
			Alignment: 297894 299362 | 1 1469 | 1469 1469 | 100.0 | 1 Pae21_2974721_2976190
			Skipping alignment 3416278 3417746 | 1 1469 | 1469 1469 | 100.0 | 1 Pae21_2974721_2976190
			Skipping alignment 2422426 2423894 | 1469 1 | 1469 1469 | 100.0 | 1 Pae21_2974721_2976190
			Skipping alignment 262611 264079 | 1469 1 | 1469 1469 | 100.0 | 1 Pae21_2974721_2976190
			Skipping alignment 2681816 2683284 | 1 1469 | 1469 1469 | 100.0 | 1 Pae21_2974721_2976190
			Skipping alignment 526748 528216 | 1 1469 | 1469 1469 | 100.0 | 1 Pae21_2974721_2976190
			Skipping alignment 3746312 3747780 | 1 1469 | 1469 1469 | 100.0 | 1 Pae21_2974721_2976190
			Skipping alignment 1235030 1236498 | 1469 1 | 1469 1469 | 100.0 | 1 Pae21_2974721_2976190
			Skipping alignment 2120960 2122428 | 1 1469 | 1469 1469 | 100.0 | 1 Pae21_2974721_2976190
			Skipping alignment 5466567 5468035 | 1 1469 | 1469 1469 | 100.0 | 1 Pae21_2974721_2976190
			Skipping alignment 2974722 2976190 | 1 1469 | 1469 1469 | 100.0 | 1 Pae21_2974721_2976190
			Skipping alignment 387771 389239 | 1469 1 | 1469 1469 | 100.0 | 1 Pae21_2974721_2976190
			Skipping alignment 5455695 5457163 | 1469 1 | 1469 1469 | 100.0 | 1 Pae21_2974721_2976190
			Skipping alignment 2706162 2707630 | 1469 1 | 1469 1469 | 100.0 | 1 Pae21_2974721_2976190
			Skipping alignment 5864946 5866414 | 1 1469 | 1469 1469 | 100.0 | 1 Pae21_2974721_2976190
			Skipping alignment 1998088 1999556 | 1 1469 | 1469 1469 | 100.0 | 1 Pae21_2974721_2976190
			Skipping alignment 5078521 5079989 | 1469 1 | 1469 1469 | 100.0 | 1 Pae21_2974721_2976190
			Skipping alignment 1054975 1056443 | 1 1469 | 1469 1469 | 100.0 | 1 Pae21_2974721_2976190
			Skipping alignment 3267989 3269457 | 1469 1 | 1469 1469 | 100.0 | 1 Pae21_2974721_2976190
			Skipping alignment 1454068 1455536 | 1 1469 | 1469 1469 | 100.0 | 1 Pae21_2974721_2976190
			Skipping alignment 4852177 4853645 | 1 1469 | 1469 1469 | 99.93 | 1 Pae21_2974721_2976190
			Skipping alignment 2448221 2449689 | 1469 1 | 1469 1469 | 99.93 | 1 Pae21_2974721_2976190
			Skipping alignment 4157604 4159072 | 1 1469 | 1469 1469 | 99.93 | 1 Pae21_2974721_2976190
			Skipping alignment 5282745 5284213 | 1469 1 | 1469 1469 | 99.93 | 1 Pae21_2974721_2976190
			Skipping alignment 1239349 1240817 | 1469 1 | 1469 1469 | 99.93 | 1 Pae21_2974721_2976190
			Skipping alignment 3624293 3625760 | 1 1469 | 1468 1469 | 99.8 | 1 Pae21_2974721_2976190
			Skipping alignment 4163066 4164531 | 1469 1 | 1466 1469 | 99.59 | 1 Pae21_2974721_2976190

CONTIG: Pae21_3033146_3034156 (1010bp)
Best alignment score: 1010.0 (LEN: 1010, IDY: 100.00), Total number of alignments: 2
		This contig has 2 significant alignments. [An ambiguously mapped contig]
		Using only first of these alignment (option --ambiguity-usage is set to "one"):
			Alignment: 3039690 3040699 | 1 1010 | 1010 1010 | 100.0 | 1 Pae21_3033146_3034156
			Skipping alignment 3033147 3034156 | 1 1010 | 1010 1010 | 100.0 | 1 Pae21_3033146_3034156

CONTIG: Pae21_3039165_3040360 (1195bp)
Best alignment score: 1195.0 (LEN: 1195, IDY: 100.00), Total number of alignments: 2
		This contig has 2 significant alignments. [An ambiguously mapped contig]
		Using only first of these alignment (option --ambiguity-usage is set to "one"):
			Alignment: 3039166 3040360 | 1 1195 | 1195 1195 | 100.0 | 1 Pae21_3039165_3040360
			Skipping alignment 3032623 3033817 | 1 1195 | 1195 1195 | 100.0 | 1 Pae21_3039165_3040360

CONTIG: Pae21_3182500_3183525 (1025bp)
Best alignment score: 1025.0 (LEN: 1025, IDY: 100.00), Total number of alignments: 2
		This contig has 2 significant alignments. [An ambiguously mapped contig]
		Using only first of these alignment (option --ambiguity-usage is set to "one"):
			Alignment: 3182501 3183525 | 1 1025 | 1025 1025 | 100.0 | 1 Pae21_3182500_3183525
			Skipping alignment 1902038 1903062 | 1 1025 | 1025 1025 | 100.0 | 1 Pae21_3182500_3183525

CONTIG: Pae21_3267991_3269452 (1461bp)
Best alignment score: 1461.0 (LEN: 1461, IDY: 100.00), Total number of alignments: 27
		This contig has 27 significant alignments. [An ambiguously mapped contig]
		Using only first of these alignment (option --ambiguity-usage is set to "one"):
			Alignment: 387774 389234 | 1 1461 | 1461 1461 | 100.0 | 1 Pae21_3267991_3269452
			Skipping alignment 3746317 3747777 | 1461 1 | 1461 1461 | 100.0 | 1 Pae21_3267991_3269452
			Skipping alignment 526753 528213 | 1461 1 | 1461 1461 | 100.0 | 1 Pae21_3267991_3269452
			Skipping alignment 1054980 1056440 | 1461 1 | 1461 1461 | 100.0 | 1 Pae21_3267991_3269452
			Skipping alignment 1454073 1455533 | 1461 1 | 1461 1461 | 100.0 | 1 Pae21_3267991_3269452
			Skipping alignment 297899 299359 | 1461 1 | 1461 1461 | 100.0 | 1 Pae21_3267991_3269452
			Skipping alignment 3416283 3417743 | 1461 1 | 1461 1461 | 100.0 | 1 Pae21_3267991_3269452
			Skipping alignment 2974727 2976187 | 1461 1 | 1461 1461 | 100.0 | 1 Pae21_3267991_3269452
			Skipping alignment 2706165 2707625 | 1 1461 | 1461 1461 | 100.0 | 1 Pae21_3267991_3269452
			Skipping alignment 262614 264074 | 1 1461 | 1461 1461 | 100.0 | 1 Pae21_3267991_3269452
			Skipping alignment 1998093 1999553 | 1461 1 | 1461 1461 | 100.0 | 1 Pae21_3267991_3269452
			Skipping alignment 2681821 2683281 | 1461 1 | 1461 1461 | 100.0 | 1 Pae21_3267991_3269452
			Skipping alignment 5466572 5468032 | 1461 1 | 1461 1461 | 100.0 | 1 Pae21_3267991_3269452
			Skipping alignment 1235033 1236493 | 1 1461 | 1461 1461 | 100.0 | 1 Pae21_3267991_3269452
			Skipping alignment 2422429 2423889 | 1 1461 | 1461 1461 | 100.0 | 1 Pae21_3267991_3269452
			Skipping alignment 5078524 5079984 | 1 1461 | 1461 1461 | 100.0 | 1 Pae21_3267991_3269452
			Skipping alignment 5455698 5457158 | 1 1461 | 1461 1461 | 100.0 | 1 Pae21_3267991_3269452
			Skipping alignment 2120965 2122425 | 1461 1 | 1461 1461 | 100.0 | 1 Pae21_3267991_3269452
			Skipping alignment 3267992 3269452 | 1 1461 | 1461 1461 | 100.0 | 1 Pae21_3267991_3269452
			Skipping alignment 5864951 5866411 | 1461 1 | 1461 1461 | 100.0 | 1 Pae21_3267991_3269452
			Skipping alignment 4157609 4159069 | 1461 1 | 1461 1461 | 99.93 | 1 Pae21_3267991_3269452
			Skipping alignment 4852182 4853642 | 1461 1 | 1461 1461 | 99.93 | 1 Pae21_3267991_3269452
			Skipping alignment 2448224 2449684 | 1 1461 | 1461 1461 | 99.93 | 1 Pae21_3267991_3269452
			Skipping alignment 5282748 5284208 | 1 1461 | 1461 1461 | 99.93 | 1 Pae21_3267991_3269452
			Skipping alignment 1239352 1240812 | 1 1461 | 1461 1461 | 99.93 | 1 Pae21_3267991_3269452
			Skipping alignment 3624298 3625757 | 1461 1 | 1460 1461 | 99.79 | 1 Pae21_3267991_3269452
			Skipping alignment 4163069 4164526 | 1 1461 | 1458 1461 | 99.59 | 1 Pae21_3267991_3269452

CONTIG: Pae21_3416279_3417745 (1466bp)
Best alignment score: 1466.0 (LEN: 1466, IDY: 100.00), Total number of alignments: 27
		This contig has 27 significant alignments. [An ambiguously mapped contig]
		Using only first of these alignment (option --ambiguity-usage is set to "one"):
			Alignment: 526750 528215 | 1 1466 | 1466 1466 | 100.0 | 1 Pae21_3416279_3417745
			Skipping alignment 3267990 3269455 | 1466 1 | 1466 1466 | 100.0 | 1 Pae21_3416279_3417745
			Skipping alignment 2706163 2707628 | 1466 1 | 1466 1466 | 100.0 | 1 Pae21_3416279_3417745
			Skipping alignment 2681818 2683283 | 1 1466 | 1466 1466 | 100.0 | 1 Pae21_3416279_3417745
			Skipping alignment 1235031 1236496 | 1466 1 | 1466 1466 | 100.0 | 1 Pae21_3416279_3417745
			Skipping alignment 262612 264077 | 1466 1 | 1466 1466 | 100.0 | 1 Pae21_3416279_3417745
			Skipping alignment 2974724 2976189 | 1 1466 | 1466 1466 | 100.0 | 1 Pae21_3416279_3417745
			Skipping alignment 387772 389237 | 1466 1 | 1466 1466 | 100.0 | 1 Pae21_3416279_3417745
			Skipping alignment 1454070 1455535 | 1 1466 | 1466 1466 | 100.0 | 1 Pae21_3416279_3417745
			Skipping alignment 5455696 5457161 | 1466 1 | 1466 1466 | 100.0 | 1 Pae21_3416279_3417745
			Skipping alignment 297896 299361 | 1 1466 | 1466 1466 | 100.0 | 1 Pae21_3416279_3417745
			Skipping alignment 2120962 2122427 | 1 1466 | 1466 1466 | 100.0 | 1 Pae21_3416279_3417745
			Skipping alignment 5078522 5079987 | 1466 1 | 1466 1466 | 100.0 | 1 Pae21_3416279_3417745
			Skipping alignment 5864948 5866413 | 1 1466 | 1466 1466 | 100.0 | 1 Pae21_3416279_3417745
			Skipping alignment 3746314 3747779 | 1 1466 | 1466 1466 | 100.0 | 1 Pae21_3416279_3417745
			Skipping alignment 3416280 3417745 | 1 1466 | 1466 1466 | 100.0 | 1 Pae21_3416279_3417745
			Skipping alignment 2422427 2423892 | 1466 1 | 1466 1466 | 100.0 | 1 Pae21_3416279_3417745
			Skipping alignment 5466569 5468034 | 1 1466 | 1466 1466 | 100.0 | 1 Pae21_3416279_3417745
			Skipping alignment 1998090 1999555 | 1 1466 | 1466 1466 | 100.0 | 1 Pae21_3416279_3417745
			Skipping alignment 1054977 1056442 | 1 1466 | 1466 1466 | 100.0 | 1 Pae21_3416279_3417745
			Skipping alignment 2448222 2449687 | 1466 1 | 1466 1466 | 99.93 | 1 Pae21_3416279_3417745
			Skipping alignment 4852179 4853644 | 1 1466 | 1466 1466 | 99.93 | 1 Pae21_3416279_3417745
			Skipping alignment 4157606 4159071 | 1 1466 | 1466 1466 | 99.93 | 1 Pae21_3416279_3417745
			Skipping alignment 1239350 1240815 | 1466 1 | 1466 1466 | 99.93 | 1 Pae21_3416279_3417745
			Skipping alignment 5282746 5284211 | 1466 1 | 1466 1466 | 99.93 | 1 Pae21_3416279_3417745
			Skipping alignment 3624295 3625759 | 1 1466 | 1465 1466 | 99.8 | 1 Pae21_3416279_3417745
			Skipping alignment 4163067 4164529 | 1466 1 | 1463 1466 | 99.59 | 1 Pae21_3416279_3417745

CONTIG: Pae21_3555567_3556803 (1236bp)
Best alignment score: 1236.0 (LEN: 1236, IDY: 100.00), Total number of alignments: 4
		This contig has 4 significant alignments. [An ambiguously mapped contig]
		Using only first of these alignment (option --ambiguity-usage is set to "one"):
			Alignment: 3555568 3556803 | 1 1236 | 1236 1236 | 100.0 | 1 Pae21_3555567_3556803
			Skipping alignment 4828002 4829237 | 1 1236 | 1236 1236 | 100.0 | 1 Pae21_3555567_3556803
			Skipping alignment 1600781 1602016 | 1236 1 | 1236 1236 | 99.35 | 1 Pae21_3555567_3556803
			Skipping alignment 5757405 5758640 | 1 1236 | 1236 1236 | 99.35 | 1 Pae21_3555567_3556803

CONTIG: Pae21_3624268_3625788 (1520bp)
Best alignment score: 1520.0 (LEN: 1520, IDY: 100.00), Total number of alignments: 27
		This contig has 27 significant alignments. [An ambiguously mapped contig]
		Using only first of these alignment (option --ambiguity-usage is set to "one"):
			Alignment: 3624269 3625788 | 1 1520 | 1520 1520 | 100.0 | 1 Pae21_3624268_3625788
			Skipping alignment 5078493 5080014 | 1520 1 | 1522 1520 | 99.74 | 1 Pae21_3624268_3625788
			Skipping alignment 1235002 1236523 | 1520 1 | 1522 1520 | 99.74 | 1 Pae21_3624268_3625788
			Skipping alignment 387743 389264 | 1520 1 | 1522 1520 | 99.74 | 1 Pae21_3624268_3625788
			Skipping alignment 2974697 2976218 | 1 1520 | 1522 1520 | 99.74 | 1 Pae21_3624268_3625788
			Skipping alignment 2120935 2122456 | 1 1520 | 1522 1520 | 99.74 | 1 Pae21_3624268_3625788
			Skipping alignment 5466542 5468063 | 1 1520 | 1522 1520 | 99.74 | 1 Pae21_3624268_3625788
			Skipping alignment 3416253 3417774 | 1 1520 | 1522 1520 | 99.74 | 1 Pae21_3624268_3625788
			Skipping alignment 5864921 5866442 | 1 1520 | 1522 1520 | 99.74 | 1 Pae21_3624268_3625788
			Skipping alignment 3267961 3269482 | 1520 1 | 1522 1520 | 99.74 | 1 Pae21_3624268_3625788
			Skipping alignment 262583 264104 | 1520 1 | 1522 1520 | 99.74 | 1 Pae21_3624268_3625788
			Skipping alignment 2422398 2423919 | 1520 1 | 1522 1520 | 99.74 | 1 Pae21_3624268_3625788
			Skipping alignment 3746287 3747808 | 1 1520 | 1522 1520 | 99.74 | 1 Pae21_3624268_3625788
			Skipping alignment 2681791 2683312 | 1 1520 | 1522 1520 | 99.74 | 1 Pae21_3624268_3625788
			Skipping alignment 1054950 1056471 | 1 1520 | 1522 1520 | 99.74 | 1 Pae21_3624268_3625788
			Skipping alignment 1998063 1999584 | 1 1520 | 1522 1520 | 99.74 | 1 Pae21_3624268_3625788
			Skipping alignment 2706134 2707655 | 1520 1 | 1522 1520 | 99.74 | 1 Pae21_3624268_3625788
			Skipping alignment 5455667 5457188 | 1520 1 | 1522 1520 | 99.74 | 1 Pae21_3624268_3625788
			Skipping alignment 526723 528244 | 1 1520 | 1522 1520 | 99.74 | 1 Pae21_3624268_3625788
			Skipping alignment 297869 299390 | 1 1520 | 1522 1520 | 99.74 | 1 Pae21_3624268_3625788
			Skipping alignment 1454043 1455564 | 1 1520 | 1522 1520 | 99.74 | 1 Pae21_3624268_3625788
			Skipping alignment 2448193 2449714 | 1520 1 | 1522 1520 | 99.61 | 1 Pae21_3624268_3625788
			Skipping alignment 4157579 4159100 | 1 1520 | 1522 1520 | 99.61 | 1 Pae21_3624268_3625788
			Skipping alignment 5282717 5284238 | 1520 1 | 1522 1520 | 99.61 | 1 Pae21_3624268_3625788
			Skipping alignment 1239321 1240842 | 1520 1 | 1522 1520 | 99.61 | 1 Pae21_3624268_3625788
			Skipping alignment 4852152 4853673 | 1 1520 | 1522 1520 | 99.61 | 1 Pae21_3624268_3625788
			Skipping alignment 4163038 4164555 | 1520 1 | 1518 1520 | 99.54 | 1 Pae21_3624268_3625788

CONTIG: Pae21_3674035_3678491 (4456bp)
Best alignment score: 4456.0 (LEN: 4456, IDY: 100.00), Total number of alignments: 2
		This contig has 2 significant alignments. [An ambiguously mapped contig]
		Using only first of these alignment (option --ambiguity-usage is set to "one"):
			Alignment: 733387 737842 | 1 4456 | 4456 4456 | 100.0 | 1 Pae21_3674035_3678491
			Skipping alignment 3674036 3678491 | 1 4456 | 4456 4456 | 100.0 | 1 Pae21_3674035_3678491

CONTIG: Pae21_3746319_3747774 (1455bp)
Best alignment score: 1455.0 (LEN: 1455, IDY: 100.00), Total number of alignments: 27
		This contig has 27 significant alignments. [An ambiguously mapped contig]
		Using only first of these alignment (option --ambiguity-usage is set to "one"):
			Alignment: 3267995 3269449 | 1455 1 | 1455 1455 | 100.0 | 1 Pae21_3746319_3747774
			Skipping alignment 1454076 1455530 | 1 1455 | 1455 1455 | 100.0 | 1 Pae21_3746319_3747774
			Skipping alignment 2422432 2423886 | 1455 1 | 1455 1455 | 100.0 | 1 Pae21_3746319_3747774
			Skipping alignment 1235036 1236490 | 1455 1 | 1455 1455 | 100.0 | 1 Pae21_3746319_3747774
			Skipping alignment 526756 528210 | 1 1455 | 1455 1455 | 100.0 | 1 Pae21_3746319_3747774
			Skipping alignment 262617 264071 | 1455 1 | 1455 1455 | 100.0 | 1 Pae21_3746319_3747774
			Skipping alignment 1998096 1999550 | 1 1455 | 1455 1455 | 100.0 | 1 Pae21_3746319_3747774
			Skipping alignment 5466575 5468029 | 1 1455 | 1455 1455 | 100.0 | 1 Pae21_3746319_3747774
			Skipping alignment 1054983 1056437 | 1 1455 | 1455 1455 | 100.0 | 1 Pae21_3746319_3747774
			Skipping alignment 297902 299356 | 1 1455 | 1455 1455 | 100.0 | 1 Pae21_3746319_3747774
			Skipping alignment 2706168 2707622 | 1455 1 | 1455 1455 | 100.0 | 1 Pae21_3746319_3747774
			Skipping alignment 387777 389231 | 1455 1 | 1455 1455 | 100.0 | 1 Pae21_3746319_3747774
			Skipping alignment 5455701 5457155 | 1455 1 | 1455 1455 | 100.0 | 1 Pae21_3746319_3747774
			Skipping alignment 2681824 2683278 | 1 1455 | 1455 1455 | 100.0 | 1 Pae21_3746319_3747774
			Skipping alignment 3416286 3417740 | 1 1455 | 1455 1455 | 100.0 | 1 Pae21_3746319_3747774
			Skipping alignment 3746320 3747774 | 1 1455 | 1455 1455 | 100.0 | 1 Pae21_3746319_3747774
			Skipping alignment 5078527 5079981 | 1455 1 | 1455 1455 | 100.0 | 1 Pae21_3746319_3747774
			Skipping alignment 5864954 5866408 | 1 1455 | 1455 1455 | 100.0 | 1 Pae21_3746319_3747774
			Skipping alignment 2120968 2122422 | 1 1455 | 1455 1455 | 100.0 | 1 Pae21_3746319_3747774
			Skipping alignment 2974730 2976184 | 1 1455 | 1455 1455 | 100.0 | 1 Pae21_3746319_3747774
			Skipping alignment 2448227 2449681 | 1455 1 | 1455 1455 | 99.93 | 1 Pae21_3746319_3747774
			Skipping alignment 4157612 4159066 | 1 1455 | 1455 1455 | 99.93 | 1 Pae21_3746319_3747774
			Skipping alignment 1239355 1240809 | 1455 1 | 1455 1455 | 99.93 | 1 Pae21_3746319_3747774
			Skipping alignment 5282751 5284205 | 1455 1 | 1455 1455 | 99.93 | 1 Pae21_3746319_3747774
			Skipping alignment 4852185 4853639 | 1 1455 | 1455 1455 | 99.93 | 1 Pae21_3746319_3747774
			Skipping alignment 3624301 3625754 | 1 1455 | 1454 1455 | 99.79 | 1 Pae21_3746319_3747774
			Skipping alignment 4163072 4164523 | 1455 1 | 1452 1455 | 99.59 | 1 Pae21_3746319_3747774

CONTIG: Pae21_4157610_4159071 (1461bp)
Best alignment score: 1461.0 (LEN: 1461, IDY: 100.00), Total number of alignments: 27
		This contig has 27 significant alignments. [An ambiguously mapped contig]
		Using only first of these alignment (option --ambiguity-usage is set to "one"):
			Alignment: 5282746 5284206 | 1461 1 | 1461 1461 | 100.0 | 1 Pae21_4157610_4159071
			Skipping alignment 2448222 2449682 | 1461 1 | 1461 1461 | 100.0 | 1 Pae21_4157610_4159071
			Skipping alignment 4157611 4159071 | 1 1461 | 1461 1461 | 100.0 | 1 Pae21_4157610_4159071
			Skipping alignment 4852184 4853644 | 1 1461 | 1461 1461 | 100.0 | 1 Pae21_4157610_4159071
			Skipping alignment 1239350 1240810 | 1461 1 | 1461 1461 | 100.0 | 1 Pae21_4157610_4159071
			Skipping alignment 262612 264072 | 1461 1 | 1461 1461 | 99.93 | 1 Pae21_4157610_4159071
			Skipping alignment 1235031 1236491 | 1461 1 | 1461 1461 | 99.93 | 1 Pae21_4157610_4159071
			Skipping alignment 387772 389232 | 1461 1 | 1461 1461 | 99.93 | 1 Pae21_4157610_4159071
			Skipping alignment 297901 299361 | 1 1461 | 1461 1461 | 99.93 | 1 Pae21_4157610_4159071
			Skipping alignment 1454075 1455535 | 1 1461 | 1461 1461 | 99.93 | 1 Pae21_4157610_4159071
			Skipping alignment 2974729 2976189 | 1 1461 | 1461 1461 | 99.93 | 1 Pae21_4157610_4159071
			Skipping alignment 1998095 1999555 | 1 1461 | 1461 1461 | 99.93 | 1 Pae21_4157610_4159071
			Skipping alignment 5466574 5468034 | 1 1461 | 1461 1461 | 99.93 | 1 Pae21_4157610_4159071
			Skipping alignment 2422427 2423887 | 1461 1 | 1461 1461 | 99.93 | 1 Pae21_4157610_4159071
			Skipping alignment 2681823 2683283 | 1 1461 | 1461 1461 | 99.93 | 1 Pae21_4157610_4159071
			Skipping alignment 1054982 1056442 | 1 1461 | 1461 1461 | 99.93 | 1 Pae21_4157610_4159071
			Skipping alignment 5078522 5079982 | 1461 1 | 1461 1461 | 99.93 | 1 Pae21_4157610_4159071
			Skipping alignment 2706163 2707623 | 1461 1 | 1461 1461 | 99.93 | 1 Pae21_4157610_4159071
			Skipping alignment 2120967 2122427 | 1 1461 | 1461 1461 | 99.93 | 1 Pae21_4157610_4159071
			Skipping alignment 3416285 3417745 | 1 1461 | 1461 1461 | 99.93 | 1 Pae21_4157610_4159071
			Skipping alignment 5864953 5866413 | 1 1461 | 1461 1461 | 99.93 | 1 Pae21_4157610_4159071
			Skipping alignment 5455696 5457156 | 1461 1 | 1461 1461 | 99.93 | 1 Pae21_4157610_4159071
			Skipping alignment 3267990 3269450 | 1461 1 | 1461 1461 | 99.93 | 1 Pae21_4157610_4159071
			Skipping alignment 3746319 3747779 | 1 1461 | 1461 1461 | 99.93 | 1 Pae21_4157610_4159071
			Skipping alignment 526755 528215 | 1 1461 | 1461 1461 | 99.93 | 1 Pae21_4157610_4159071
			Skipping alignment 3624300 3625759 | 1 1461 | 1460 1461 | 99.73 | 1 Pae21_4157610_4159071
			Skipping alignment 4163067 4164524 | 1461 1 | 1458 1461 | 99.52 | 1 Pae21_4157610_4159071

CONTIG: Pae21_4163066_4164685 (1619bp)
Best alignment score: 1619.0 (LEN: 1619, IDY: 100.00), Total number of alignments: 27
		Skipping these alignments as insignificant (option --ambiguity-score is set to "0.99"):
			Skipping alignment 1054900 1056442 | 1539 1 | 1543 1539 | 99.55 | 1 Pae21_4163066_4164685
			Skipping alignment 2681742 2683283 | 1538 1 | 1542 1538 | 99.55 | 1 Pae21_4163066_4164685
			Skipping alignment 3416204 3417745 | 1538 1 | 1542 1538 | 99.55 | 1 Pae21_4163066_4164685
			Skipping alignment 526675 528215 | 1537 1 | 1541 1537 | 99.55 | 1 Pae21_4163066_4164685
			Skipping alignment 1239350 1240891 | 1 1538 | 1542 1538 | 99.48 | 1 Pae21_4163066_4164685
			Skipping alignment 1235031 1236570 | 1 1536 | 1540 1536 | 99.55 | 1 Pae21_4163066_4164685
			Skipping alignment 5466495 5468034 | 1536 1 | 1540 1536 | 99.55 | 1 Pae21_4163066_4164685
			Skipping alignment 5864874 5866413 | 1536 1 | 1540 1536 | 99.55 | 1 Pae21_4163066_4164685
			Skipping alignment 2974650 2976189 | 1536 1 | 1540 1536 | 99.55 | 1 Pae21_4163066_4164685
			Skipping alignment 2706163 2707702 | 1 1536 | 1540 1536 | 99.55 | 1 Pae21_4163066_4164685
			Skipping alignment 2422427 2423966 | 1 1536 | 1540 1536 | 99.55 | 1 Pae21_4163066_4164685
			Skipping alignment 1998016 1999555 | 1536 1 | 1540 1536 | 99.55 | 1 Pae21_4163066_4164685
			Skipping alignment 1453996 1455535 | 1536 1 | 1540 1536 | 99.55 | 1 Pae21_4163066_4164685
			Skipping alignment 3624220 3625759 | 1537 1 | 1540 1537 | 99.48 | 1 Pae21_4163066_4164685
			Skipping alignment 262612 264150 | 1 1535 | 1539 1535 | 99.55 | 1 Pae21_4163066_4164685
			Skipping alignment 2448222 2449761 | 1 1536 | 1540 1536 | 99.48 | 1 Pae21_4163066_4164685
			Skipping alignment 3746242 3747779 | 1534 1 | 1538 1534 | 99.55 | 1 Pae21_4163066_4164685
			Skipping alignment 297824 299361 | 1534 1 | 1538 1534 | 99.55 | 1 Pae21_4163066_4164685
			Skipping alignment 3267990 3269527 | 1 1534 | 1538 1534 | 99.55 | 1 Pae21_4163066_4164685
			Skipping alignment 2120890 2122427 | 1534 1 | 1538 1534 | 99.55 | 1 Pae21_4163066_4164685
			Skipping alignment 5078522 5080059 | 1 1534 | 1538 1534 | 99.55 | 1 Pae21_4163066_4164685
			Skipping alignment 387772 389308 | 1 1533 | 1537 1533 | 99.54 | 1 Pae21_4163066_4164685
			Skipping alignment 5455696 5457232 | 1 1533 | 1537 1533 | 99.54 | 1 Pae21_4163066_4164685
			Skipping alignment 4157535 4159071 | 1533 1 | 1537 1533 | 99.48 | 1 Pae21_4163066_4164685
			Skipping alignment 4852108 4853644 | 1533 1 | 1537 1533 | 99.48 | 1 Pae21_4163066_4164685
			Skipping alignment 5282746 5284281 | 1 1532 | 1536 1532 | 99.48 | 1 Pae21_4163066_4164685
		One align captures most of this contig: 4163067 4164685 | 1 1619 | 1619 1619 | 100.0 | 1 Pae21_4163066_4164685

CONTIG: Pae21_4251192_4251907 (715bp)
Best alignment score: 715.0 (LEN: 715, IDY: 100.00), Total number of alignments: 2
		This contig has 2 significant alignments. [An ambiguously mapped contig]
		Using only first of these alignment (option --ambiguity-usage is set to "one"):
			Alignment: 4251193 4251907 | 1 715 | 715 715 | 100.0 | 1 Pae21_4251192_4251907
			Skipping alignment 237953 238668 | 715 1 | 716 715 | 99.86 | 1 Pae21_4251192_4251907

CONTIG: Pae21_4718106_4719061 (955bp)
Best alignment score: 955.0 (LEN: 955, IDY: 100.00), Total number of alignments: 3
		This contig has 3 significant alignments. [An ambiguously mapped contig]
		Using only first of these alignment (option --ambiguity-usage is set to "one"):
			Alignment: 4718107 4719061 | 1 955 | 955 955 | 100.0 | 1 Pae21_4718106_4719061
			Skipping alignment 4884116 4885070 | 955 1 | 955 955 | 99.58 | 1 Pae21_4718106_4719061
			Skipping alignment 5438840 5439794 | 955 1 | 955 955 | 99.58 | 1 Pae21_4718106_4719061

CONTIG: Pae21_4725061_4726161 (1100bp)
Best alignment score: 1100.0 (LEN: 1100, IDY: 100.00), Total number of alignments: 1
		One align captures most of this contig: 4725062 4726161 | 1 1100 | 1100 1100 | 100.0 | 1 Pae21_4725061_4726161

CONTIG: Pae21_4828001_4829237 (1236bp)
Best alignment score: 1236.0 (LEN: 1236, IDY: 100.00), Total number of alignments: 4
		This contig has 4 significant alignments. [An ambiguously mapped contig]
		Using only first of these alignment (option --ambiguity-usage is set to "one"):
			Alignment: 3555568 3556803 | 1 1236 | 1236 1236 | 100.0 | 1 Pae21_4828001_4829237
			Skipping alignment 4828002 4829237 | 1 1236 | 1236 1236 | 100.0 | 1 Pae21_4828001_4829237
			Skipping alignment 1600781 1602016 | 1236 1 | 1236 1236 | 99.35 | 1 Pae21_4828001_4829237
			Skipping alignment 5757405 5758640 | 1 1236 | 1236 1236 | 99.35 | 1 Pae21_4828001_4829237

CONTIG: Pae21_4852182_4853639 (1457bp)
Best alignment score: 1457.0 (LEN: 1457, IDY: 100.00), Total number of alignments: 27
		This contig has 27 significant alignments. [An ambiguously mapped contig]
		Using only first of these alignment (option --ambiguity-usage is set to "one"):
			Alignment: 4157610 4159066 | 1 1457 | 1457 1457 | 100.0 | 1 Pae21_4852182_4853639
			Skipping alignment 5282751 5284207 | 1457 1 | 1457 1457 | 100.0 | 1 Pae21_4852182_4853639
			Skipping alignment 1239355 1240811 | 1457 1 | 1457 1457 | 100.0 | 1 Pae21_4852182_4853639
			Skipping alignment 2448227 2449683 | 1457 1 | 1457 1457 | 100.0 | 1 Pae21_4852182_4853639
			Skipping alignment 4852183 4853639 | 1 1457 | 1457 1457 | 100.0 | 1 Pae21_4852182_4853639
			Skipping alignment 1054981 1056437 | 1 1457 | 1457 1457 | 99.93 | 1 Pae21_4852182_4853639
			Skipping alignment 2974728 2976184 | 1 1457 | 1457 1457 | 99.93 | 1 Pae21_4852182_4853639
			Skipping alignment 2706168 2707624 | 1457 1 | 1457 1457 | 99.93 | 1 Pae21_4852182_4853639
			Skipping alignment 3416284 3417740 | 1 1457 | 1457 1457 | 99.93 | 1 Pae21_4852182_4853639
			Skipping alignment 5078527 5079983 | 1457 1 | 1457 1457 | 99.93 | 1 Pae21_4852182_4853639
			Skipping alignment 297900 299356 | 1 1457 | 1457 1457 | 99.93 | 1 Pae21_4852182_4853639
			Skipping alignment 3746318 3747774 | 1 1457 | 1457 1457 | 99.93 | 1 Pae21_4852182_4853639
			Skipping alignment 387777 389233 | 1457 1 | 1457 1457 | 99.93 | 1 Pae21_4852182_4853639
			Skipping alignment 2422432 2423888 | 1457 1 | 1457 1457 | 99.93 | 1 Pae21_4852182_4853639
			Skipping alignment 526754 528210 | 1 1457 | 1457 1457 | 99.93 | 1 Pae21_4852182_4853639
			Skipping alignment 262617 264073 | 1457 1 | 1457 1457 | 99.93 | 1 Pae21_4852182_4853639
			Skipping alignment 1454074 1455530 | 1 1457 | 1457 1457 | 99.93 | 1 Pae21_4852182_4853639
			Skipping alignment 1235036 1236492 | 1457 1 | 1457 1457 | 99.93 | 1 Pae21_4852182_4853639
			Skipping alignment 5466573 5468029 | 1 1457 | 1457 1457 | 99.93 | 1 Pae21_4852182_4853639
			Skipping alignment 2681822 2683278 | 1 1457 | 1457 1457 | 99.93 | 1 Pae21_4852182_4853639
			Skipping alignment 1998094 1999550 | 1 1457 | 1457 1457 | 99.93 | 1 Pae21_4852182_4853639
			Skipping alignment 5455701 5457157 | 1457 1 | 1457 1457 | 99.93 | 1 Pae21_4852182_4853639
			Skipping alignment 2120966 2122422 | 1 1457 | 1457 1457 | 99.93 | 1 Pae21_4852182_4853639
			Skipping alignment 5864952 5866408 | 1 1457 | 1457 1457 | 99.93 | 1 Pae21_4852182_4853639
			Skipping alignment 3267995 3269451 | 1457 1 | 1457 1457 | 99.93 | 1 Pae21_4852182_4853639
			Skipping alignment 3624299 3625754 | 1 1457 | 1456 1457 | 99.73 | 1 Pae21_4852182_4853639
			Skipping alignment 4163072 4164525 | 1457 1 | 1454 1457 | 99.52 | 1 Pae21_4852182_4853639

CONTIG: Pae21_4884016_4885070 (1054bp)
Best alignment score: 1054.0 (LEN: 1054, IDY: 100.00), Total number of alignments: 3
		This contig has 3 significant alignments. [An ambiguously mapped contig]
		Using only first of these alignment (option --ambiguity-usage is set to "one"):
			Alignment: 4884017 4885070 | 1 1054 | 1054 1054 | 100.0 | 1 Pae21_4884016_4885070
			Skipping alignment 5438741 5439794 | 1 1054 | 1054 1054 | 100.0 | 1 Pae21_4884016_4885070
			Skipping alignment 4718107 4719160 | 1054 1 | 1054 1054 | 99.53 | 1 Pae21_4884016_4885070

CONTIG: Pae21_5076338_5083544 (7206bp)
Best alignment score: 7206.0 (LEN: 7206, IDY: 100.00), Total number of alignments: 1
		One align captures most of this contig: 5076339 5083544 | 1 7206 | 7206 7206 | 100.0 | 1 Pae21_5076338_5083544

CONTIG: Pae21_5125842_5126380 (538bp)
Best alignment score: 538.0 (LEN: 538, IDY: 100.00), Total number of alignments: 1
		One align captures most of this contig: 5125843 5126380 | 1 538 | 538 538 | 100.0 | 1 Pae21_5125842_5126380

CONTIG: Pae21_5127698_5128470 (772bp)
Best alignment score: 772.0 (LEN: 772, IDY: 100.00), Total number of alignments: 1
		One align captures most of this contig: 5127699 5128470 | 1 772 | 772 772 | 100.0 | 1 Pae21_5127698_5128470

CONTIG: Pae21_5282877_5284197 (1320bp)
Best alignment score: 1320.0 (LEN: 1320, IDY: 100.00), Total number of alignments: 27
		This contig has 27 significant alignments. [An ambiguously mapped contig]
		Using only first of these alignment (option --ambiguity-usage is set to "one"):
			Alignment: 1239482 1240801 | 1 1320 | 1320 1320 | 100.0 | 1 Pae21_5282877_5284197
			Skipping alignment 5466583 5467902 | 1320 1 | 1320 1320 | 100.0 | 1 Pae21_5282877_5284197
			Skipping alignment 5078654 5079973 | 1 1320 | 1320 1320 | 100.0 | 1 Pae21_5282877_5284197
			Skipping alignment 387904 389223 | 1 1320 | 1320 1320 | 100.0 | 1 Pae21_5282877_5284197
			Skipping alignment 4157620 4158939 | 1320 1 | 1320 1320 | 100.0 | 1 Pae21_5282877_5284197
			Skipping alignment 4852193 4853512 | 1320 1 | 1320 1320 | 100.0 | 1 Pae21_5282877_5284197
			Skipping alignment 262744 264063 | 1 1320 | 1320 1320 | 100.0 | 1 Pae21_5282877_5284197
			Skipping alignment 3746328 3747647 | 1320 1 | 1320 1320 | 100.0 | 1 Pae21_5282877_5284197
			Skipping alignment 526764 528083 | 1320 1 | 1320 1320 | 100.0 | 1 Pae21_5282877_5284197
			Skipping alignment 2448354 2449673 | 1 1320 | 1320 1320 | 100.0 | 1 Pae21_5282877_5284197
			Skipping alignment 1054991 1056310 | 1320 1 | 1320 1320 | 100.0 | 1 Pae21_5282877_5284197
			Skipping alignment 2422559 2423878 | 1 1320 | 1320 1320 | 100.0 | 1 Pae21_5282877_5284197
			Skipping alignment 2120976 2122295 | 1320 1 | 1320 1320 | 100.0 | 1 Pae21_5282877_5284197
			Skipping alignment 5455828 5457147 | 1 1320 | 1320 1320 | 100.0 | 1 Pae21_5282877_5284197
			Skipping alignment 1235163 1236482 | 1 1320 | 1320 1320 | 100.0 | 1 Pae21_5282877_5284197
			Skipping alignment 297910 299229 | 1320 1 | 1320 1320 | 100.0 | 1 Pae21_5282877_5284197
			Skipping alignment 3416294 3417613 | 1320 1 | 1320 1320 | 100.0 | 1 Pae21_5282877_5284197
			Skipping alignment 5282878 5284197 | 1 1320 | 1320 1320 | 100.0 | 1 Pae21_5282877_5284197
			Skipping alignment 2974738 2976057 | 1320 1 | 1320 1320 | 100.0 | 1 Pae21_5282877_5284197
			Skipping alignment 1998104 1999423 | 1320 1 | 1320 1320 | 100.0 | 1 Pae21_5282877_5284197
			Skipping alignment 1454084 1455403 | 1320 1 | 1320 1320 | 100.0 | 1 Pae21_5282877_5284197
			Skipping alignment 2681832 2683151 | 1320 1 | 1320 1320 | 100.0 | 1 Pae21_5282877_5284197
			Skipping alignment 5864962 5866281 | 1320 1 | 1320 1320 | 100.0 | 1 Pae21_5282877_5284197
			Skipping alignment 2706295 2707614 | 1 1320 | 1320 1320 | 100.0 | 1 Pae21_5282877_5284197
			Skipping alignment 3268122 3269441 | 1 1320 | 1320 1320 | 100.0 | 1 Pae21_5282877_5284197
			Skipping alignment 3624309 3625628 | 1320 1 | 1320 1320 | 99.85 | 1 Pae21_5282877_5284197
			Skipping alignment 4163200 4164515 | 1 1320 | 1316 1320 | 99.62 | 1 Pae21_5282877_5284197

CONTIG: Pae21_5438792_5439756 (964bp)
Best alignment score: 964.0 (LEN: 964, IDY: 100.00), Total number of alignments: 3
		This contig has 3 significant alignments. [An ambiguously mapped contig]
		Using only first of these alignment (option --ambiguity-usage is set to "one"):
			Alignment: 4884069 4885032 | 1 964 | 964 964 | 100.0 | 1 Pae21_5438792_5439756
			Skipping alignment 5438793 5439756 | 1 964 | 964 964 | 100.0 | 1 Pae21_5438792_5439756
			Skipping alignment 4718151 4719108 | 958 1 | 958 958 | 99.69 | 1 Pae21_5438792_5439756

CONTIG: Pae21_5455698_5457160 (1462bp)
Best alignment score: 1462.0 (LEN: 1462, IDY: 100.00), Total number of alignments: 27
		This contig has 27 significant alignments. [An ambiguously mapped contig]
		Using only first of these alignment (option --ambiguity-usage is set to "one"):
			Alignment: 3267993 3269454 | 1 1462 | 1462 1462 | 100.0 | 1 Pae21_5455698_5457160
			Skipping alignment 5864949 5866410 | 1462 1 | 1462 1462 | 100.0 | 1 Pae21_5455698_5457160
			Skipping alignment 5078525 5079986 | 1 1462 | 1462 1462 | 100.0 | 1 Pae21_5455698_5457160
			Skipping alignment 526751 528212 | 1462 1 | 1462 1462 | 100.0 | 1 Pae21_5455698_5457160
			Skipping alignment 5466570 5468031 | 1462 1 | 1462 1462 | 100.0 | 1 Pae21_5455698_5457160
			Skipping alignment 2706166 2707627 | 1 1462 | 1462 1462 | 100.0 | 1 Pae21_5455698_5457160
			Skipping alignment 3746315 3747776 | 1462 1 | 1462 1462 | 100.0 | 1 Pae21_5455698_5457160
			Skipping alignment 5455699 5457160 | 1 1462 | 1462 1462 | 100.0 | 1 Pae21_5455698_5457160
			Skipping alignment 2422430 2423891 | 1 1462 | 1462 1462 | 100.0 | 1 Pae21_5455698_5457160
			Skipping alignment 1054978 1056439 | 1462 1 | 1462 1462 | 100.0 | 1 Pae21_5455698_5457160
			Skipping alignment 3416281 3417742 | 1462 1 | 1462 1462 | 100.0 | 1 Pae21_5455698_5457160
			Skipping alignment 297897 299358 | 1462 1 | 1462 1462 | 100.0 | 1 Pae21_5455698_5457160
			Skipping alignment 2681819 2683280 | 1462 1 | 1462 1462 | 100.0 | 1 Pae21_5455698_5457160
			Skipping alignment 1454071 1455532 | 1462 1 | 1462 1462 | 100.0 | 1 Pae21_5455698_5457160
			Skipping alignment 387775 389236 | 1 1462 | 1462 1462 | 100.0 | 1 Pae21_5455698_5457160
			Skipping alignment 2120963 2122424 | 1462 1 | 1462 1462 | 100.0 | 1 Pae21_5455698_5457160
			Skipping alignment 262615 264076 | 1 1462 | 1462 1462 | 100.0 | 1 Pae21_5455698_5457160
			Skipping alignment 1235034 1236495 | 1 1462 | 1462 1462 | 100.0 | 1 Pae21_5455698_5457160
			Skipping alignment 2974725 2976186 | 1462 1 | 1462 1462 | 100.0 | 1 Pae21_5455698_5457160
			Skipping alignment 1998091 1999552 | 1462 1 | 1462 1462 | 100.0 | 1 Pae21_5455698_5457160
			Skipping alignment 1239353 1240814 | 1 1462 | 1462 1462 | 99.93 | 1 Pae21_5455698_5457160
			Skipping alignment 5282749 5284210 | 1 1462 | 1462 1462 | 99.93 | 1 Pae21_5455698_5457160
			Skipping alignment 2448225 2449686 | 1 1462 | 1462 1462 | 99.93 | 1 Pae21_5455698_5457160
			Skipping alignment 4852180 4853641 | 1462 1 | 1462 1462 | 99.93 | 1 Pae21_5455698_5457160
			Skipping alignment 4157607 4159068 | 1462 1 | 1462 1462 | 99.93 | 1 Pae21_5455698_5457160
			Skipping alignment 3624296 3625756 | 1462 1 | 1461 1462 | 99.79 | 1 Pae21_5455698_5457160
			Skipping alignment 4163070 4164528 | 1 1462 | 1459 1462 | 99.59 | 1 Pae21_5455698_5457160

CONTIG: Pae21_5457648_5458372 (724bp)
Best alignment score: 724.0 (LEN: 724, IDY: 100.00), Total number of alignments: 2
		This contig has 2 significant alignments. [An ambiguously mapped contig]
		Using only first of these alignment (option --ambiguity-usage is set to "one"):
			Alignment: 5457649 5458372 | 1 724 | 724 724 | 100.0 | 1 Pae21_5457648_5458372
			Skipping alignment 1120259 1120982 | 1 724 | 724 724 | 100.0 | 1 Pae21_5457648_5458372

CONTIG: Pae21_5466566_5468036 (1470bp)
Best alignment score: 1470.0 (LEN: 1470, IDY: 100.00), Total number of alignments: 27
		This contig has 27 significant alignments. [An ambiguously mapped contig]
		Using only first of these alignment (option --ambiguity-usage is set to "one"):
			Alignment: 3267988 3269457 | 1470 1 | 1470 1470 | 100.0 | 1 Pae21_5466566_5468036
			Skipping alignment 3416278 3417747 | 1 1470 | 1470 1470 | 100.0 | 1 Pae21_5466566_5468036
			Skipping alignment 526748 528217 | 1 1470 | 1470 1470 | 100.0 | 1 Pae21_5466566_5468036
			Skipping alignment 2681816 2683285 | 1 1470 | 1470 1470 | 100.0 | 1 Pae21_5466566_5468036
			Skipping alignment 2120960 2122429 | 1 1470 | 1470 1470 | 100.0 | 1 Pae21_5466566_5468036
			Skipping alignment 5864946 5866415 | 1 1470 | 1470 1470 | 100.0 | 1 Pae21_5466566_5468036
			Skipping alignment 1998088 1999557 | 1 1470 | 1470 1470 | 100.0 | 1 Pae21_5466566_5468036
			Skipping alignment 5455694 5457163 | 1470 1 | 1470 1470 | 100.0 | 1 Pae21_5466566_5468036
			Skipping alignment 2422425 2423894 | 1470 1 | 1470 1470 | 100.0 | 1 Pae21_5466566_5468036
			Skipping alignment 262610 264079 | 1470 1 | 1470 1470 | 100.0 | 1 Pae21_5466566_5468036
			Skipping alignment 2706161 2707630 | 1470 1 | 1470 1470 | 100.0 | 1 Pae21_5466566_5468036
			Skipping alignment 2974722 2976191 | 1 1470 | 1470 1470 | 100.0 | 1 Pae21_5466566_5468036
			Skipping alignment 1235029 1236498 | 1470 1 | 1470 1470 | 100.0 | 1 Pae21_5466566_5468036
			Skipping alignment 297894 299363 | 1 1470 | 1470 1470 | 100.0 | 1 Pae21_5466566_5468036
			Skipping alignment 5078520 5079989 | 1470 1 | 1470 1470 | 100.0 | 1 Pae21_5466566_5468036
			Skipping alignment 5466567 5468036 | 1 1470 | 1470 1470 | 100.0 | 1 Pae21_5466566_5468036
			Skipping alignment 1054975 1056444 | 1 1470 | 1470 1470 | 100.0 | 1 Pae21_5466566_5468036
			Skipping alignment 1454068 1455537 | 1 1470 | 1470 1470 | 100.0 | 1 Pae21_5466566_5468036
			Skipping alignment 387770 389239 | 1470 1 | 1470 1470 | 100.0 | 1 Pae21_5466566_5468036
			Skipping alignment 3746312 3747781 | 1 1470 | 1470 1470 | 100.0 | 1 Pae21_5466566_5468036
			Skipping alignment 4852177 4853646 | 1 1470 | 1470 1470 | 99.93 | 1 Pae21_5466566_5468036
			Skipping alignment 1239348 1240817 | 1470 1 | 1470 1470 | 99.93 | 1 Pae21_5466566_5468036
			Skipping alignment 4157604 4159073 | 1 1470 | 1470 1470 | 99.93 | 1 Pae21_5466566_5468036
			Skipping alignment 2448220 2449689 | 1470 1 | 1470 1470 | 99.93 | 1 Pae21_5466566_5468036
			Skipping alignment 5282744 5284213 | 1470 1 | 1470 1470 | 99.93 | 1 Pae21_5466566_5468036
			Skipping alignment 3624293 3625761 | 1 1470 | 1469 1470 | 99.8 | 1 Pae21_5466566_5468036
			Skipping alignment 4163065 4164531 | 1470 1 | 1467 1470 | 99.59 | 1 Pae21_5466566_5468036

CONTIG: Pae21_5572912_5574627 (1715bp)
Best alignment score: 1715.0 (LEN: 1715, IDY: 100.00), Total number of alignments: 1
		One align captures most of this contig: 5572913 5574627 | 1 1715 | 1715 1715 | 100.0 | 1 Pae21_5572912_5574627

CONTIG: Pae21_5645471_5647163 (1692bp)
Best alignment score: 1692.0 (LEN: 1692, IDY: 100.00), Total number of alignments: 2
		This contig has 2 significant alignments. [An ambiguously mapped contig]
		Using only first of these alignment (option --ambiguity-usage is set to "one"):
			Alignment: 5645472 5647163 | 1 1692 | 1692 1692 | 100.0 | 1 Pae21_5645471_5647163
			Skipping alignment 3306285 3307976 | 1 1692 | 1692 1692 | 99.94 | 1 Pae21_5645471_5647163

CONTIG: Pae21_5649124_5654751 (5627bp)
Best alignment score: 5627.0 (LEN: 5627, IDY: 100.00), Total number of alignments: 3
		This contig has 3 significant alignments. [An ambiguously mapped contig]
		Using only first of these alignment (option --ambiguity-usage is set to "one"):
			Alignment: 5649125 5654751 | 1 5627 | 5627 5627 | 100.0 | 1 Pae21_5649124_5654751
			Skipping alignment 659317 664943 | 5627 1 | 5627 5627 | 99.89 | 1 Pae21_5649124_5654751
			Skipping alignment 6428077 6433703 | 1 5627 | 5627 5627 | 99.86 | 1 Pae21_5649124_5654751

CONTIG: Pae21_5757402_5758628 (1226bp)
Best alignment score: 1226.0 (LEN: 1226, IDY: 100.00), Total number of alignments: 4
		This contig has 4 significant alignments. [An ambiguously mapped contig]
		Using only first of these alignment (option --ambiguity-usage is set to "one"):
			Alignment: 5757403 5758628 | 1 1226 | 1226 1226 | 100.0 | 1 Pae21_5757402_5758628
			Skipping alignment 1600793 1602018 | 1226 1 | 1226 1226 | 100.0 | 1 Pae21_5757402_5758628
			Skipping alignment 4828000 4829225 | 1 1226 | 1226 1226 | 99.35 | 1 Pae21_5757402_5758628
			Skipping alignment 3555566 3556791 | 1 1226 | 1226 1226 | 99.35 | 1 Pae21_5757402_5758628

CONTIG: Pae21_5864947_5866280 (1333bp)
Best alignment score: 1333.0 (LEN: 1333, IDY: 100.00), Total number of alignments: 27
		This contig has 27 significant alignments. [An ambiguously mapped contig]
		Using only first of these alignment (option --ambiguity-usage is set to "one"):
			Alignment: 1454070 1455402 | 1 1333 | 1333 1333 | 100.0 | 1 Pae21_5864947_5866280
			Skipping alignment 1239483 1240815 | 1333 1 | 1333 1333 | 100.0 | 1 Pae21_5864947_5866280
			Skipping alignment 2681818 2683150 | 1 1333 | 1333 1333 | 100.0 | 1 Pae21_5864947_5866280
			Skipping alignment 297896 299228 | 1 1333 | 1333 1333 | 100.0 | 1 Pae21_5864947_5866280
			Skipping alignment 1054977 1056309 | 1 1333 | 1333 1333 | 100.0 | 1 Pae21_5864947_5866280
			Skipping alignment 4157606 4158938 | 1 1333 | 1333 1333 | 100.0 | 1 Pae21_5864947_5866280
			Skipping alignment 526750 528082 | 1 1333 | 1333 1333 | 100.0 | 1 Pae21_5864947_5866280
			Skipping alignment 2974724 2976056 | 1 1333 | 1333 1333 | 100.0 | 1 Pae21_5864947_5866280
			Skipping alignment 3746314 3747646 | 1 1333 | 1333 1333 | 100.0 | 1 Pae21_5864947_5866280
			Skipping alignment 1998090 1999422 | 1 1333 | 1333 1333 | 100.0 | 1 Pae21_5864947_5866280
			Skipping alignment 5078655 5079987 | 1333 1 | 1333 1333 | 100.0 | 1 Pae21_5864947_5866280
			Skipping alignment 387905 389237 | 1333 1 | 1333 1333 | 100.0 | 1 Pae21_5864947_5866280
			Skipping alignment 2706296 2707628 | 1333 1 | 1333 1333 | 100.0 | 1 Pae21_5864947_5866280
			Skipping alignment 2120962 2122294 | 1 1333 | 1333 1333 | 100.0 | 1 Pae21_5864947_5866280
			Skipping alignment 3268123 3269455 | 1333 1 | 1333 1333 | 100.0 | 1 Pae21_5864947_5866280
			Skipping alignment 2422560 2423892 | 1333 1 | 1333 1333 | 100.0 | 1 Pae21_5864947_5866280
			Skipping alignment 1235164 1236496 | 1333 1 | 1333 1333 | 100.0 | 1 Pae21_5864947_5866280
			Skipping alignment 5864948 5866280 | 1 1333 | 1333 1333 | 100.0 | 1 Pae21_5864947_5866280
			Skipping alignment 2448355 2449687 | 1333 1 | 1333 1333 | 100.0 | 1 Pae21_5864947_5866280
			Skipping alignment 5466569 5467901 | 1 1333 | 1333 1333 | 100.0 | 1 Pae21_5864947_5866280
			Skipping alignment 3416280 3417612 | 1 1333 | 1333 1333 | 100.0 | 1 Pae21_5864947_5866280
			Skipping alignment 5455829 5457161 | 1333 1 | 1333 1333 | 100.0 | 1 Pae21_5864947_5866280
			Skipping alignment 5282879 5284211 | 1333 1 | 1333 1333 | 100.0 | 1 Pae21_5864947_5866280
			Skipping alignment 262745 264077 | 1333 1 | 1333 1333 | 100.0 | 1 Pae21_5864947_5866280
			Skipping alignment 4852179 4853511 | 1 1333 | 1333 1333 | 100.0 | 1 Pae21_5864947_5866280
			Skipping alignment 3624295 3625627 | 1 1333 | 1333 1333 | 99.85 | 1 Pae21_5864947_5866280
			Skipping alignment 4163201 4164529 | 1333 1 | 1329 1333 | 99.62 | 1 Pae21_5864947_5866280

CONTIG: Pae21_6428102_6433473 (5371bp)
Best alignment score: 5371.0 (LEN: 5371, IDY: 100.00), Total number of alignments: 3
		This contig has 3 significant alignments. [An ambiguously mapped contig]
		Using only first of these alignment (option --ambiguity-usage is set to "one"):
			Alignment: 5649151 5654521 | 1 5371 | 5371 5371 | 100.0 | 1 Pae21_6428102_6433473
			Skipping alignment 6428103 6433473 | 1 5371 | 5371 5371 | 100.0 | 1 Pae21_6428102_6433473
			Skipping alignment 659547 664917 | 5371 1 | 5371 5371 | 100.0 | 1 Pae21_6428102_6433473

Analyzing coverage...
Writing SNPs into /home/alerojo/Documentos/test/Pae21_results/quast/contigs_reports/minimap_output/Pae21_unmappedregions.used_snps.gz

Analysis is finished!
Founded SNPs were written into /home/alerojo/Documentos/test/Pae21_results/quast/contigs_reports/minimap_output/Pae21_unmappedregions.used_snps.gz

Results:
	Local Misassemblies: 0
	Misassemblies: 0
		Relocations: 0
		Translocations: 0
		Inversions: 0
	Scaffold gap extensive misassemblies: 0
	Scaffold gap local misassemblies: 0
	Misassembled Contigs: 0
	Misassembled Contig Bases: 0
	Misassemblies Inter-Contig Overlap: 0
Unaligned Contigs: 0 + 0 part
Half Unaligned Contigs with Misassemblies: 0
Unaligned Contig Bases: 0

Ambiguously Mapped Contigs: 51
Total Bases in Ambiguously Mapped Contigs: 93496
Extra Bases in Ambiguously Mapped Contigs: 0
Note that --allow-ambiguity option was set to "one" and only first alignment per each of these contigs was used.

	Covered Bases: 75678

	SNPs: 0
	Insertions: 0
	Deletions: 0

